[+] Containers:
 |- [+] Container: /Game/ThirdPerson/Maps/Chimp_Jumper_1
 |   |- [+] ActorDescs:
 |   |   |- Guid:124ED6B14966A31840D54A9246D9A70A BaseClass: NativeClass:/Script/Engine.StaticMeshActor Name:StaticMeshActor_UAID_A85E45CD68D9A1C701_1550808688 Label:SM_Log_Platform8 SpatiallyLoaded:1 Bounds:IsValid=true, Min=(X=1395.000 Y=-375.000 Z=3130.000), Max=(X=1725.000 Y=375.000 Z=3160.000) RuntimeGrid:None EditorOnly:0 RuntimeOnly:0 HLODRelevant:1 ListedInSceneOutliner:1 IsMainWorldOnly:0
 |   |   |- Guid:136A7CD042ABD1F5A0FAE7824CC65E3E BaseClass: NativeClass:/Script/Engine.StaticMeshActor Name:StaticMeshActor_UAID_A85E45CD68D9A1C701_1474029681 Label:SM_Log_Platform3 SpatiallyLoaded:1 Bounds:IsValid=true, Min=(X=2995.000 Y=-375.000 Z=3130.000), Max=(X=3325.000 Y=375.000 Z=3160.000) RuntimeGrid:None EditorOnly:0 RuntimeOnly:0 HLODRelevant:1 ListedInSceneOutliner:1 IsMainWorldOnly:0
 |   |   |- Guid:164FE8CD496F0B86A99E0C88B44B4E09 BaseClass: NativeClass:/Script/Engine.StaticMeshActor Name:StaticMeshActor_UAID_A85E45CD68D9A1C701_1484394683 Label:SM_Log_Platform5 SpatiallyLoaded:1 Bounds:IsValid=true, Min=(X=2355.000 Y=-375.000 Z=3130.000), Max=(X=2685.000 Y=375.000 Z=3160.000) RuntimeGrid:None EditorOnly:0 RuntimeOnly:0 HLODRelevant:1 ListedInSceneOutliner:1 IsMainWorldOnly:0
 |   |   |- Guid:1BC8744248B6A272491C72A46C88DE3D BaseClass: NativeClass:/Script/Engine.StaticMeshActor Name:StaticMeshActor_UAID_A85E45CD68D9A0C701_1968016497 Label:Shape_Cube2 SpatiallyLoaded:1 Bounds:IsValid=true, Min=(X=3540.000 Y=-325.000 Z=2240.000), Max=(X=3640.000 Y=325.000 Z=3140.000) RuntimeGrid:None EditorOnly:0 RuntimeOnly:0 HLODRelevant:1 ListedInSceneOutliner:1 IsMainWorldOnly:0
 |   |   |- Guid:1CC764C1461B4795A7D1F2A0370735BB BaseClass: NativeClass:/Script/Engine.StaticMeshActor Name:StaticMeshActor_UAID_A85E45CD68D9A0C701_2134891501 Label:SM_Log_Platform2 SpatiallyLoaded:1 Bounds:IsValid=true, Min=(X=3315.000 Y=-375.000 Z=3130.000), Max=(X=3645.000 Y=375.000 Z=3160.000) RuntimeGrid:None EditorOnly:0 RuntimeOnly:0 HLODRelevant:1 ListedInSceneOutliner:1 IsMainWorldOnly:0
 |   |   |- Guid:203D52E04A56E88F8FB3459AE537B85D BaseClass: NativeClass:/Script/Engine.WorldDataLayers Name:WorldDataLayers Label:WorldDataLayers SpatiallyLoaded:0 Bounds:Invalid RuntimeGrid:None EditorOnly:0 RuntimeOnly:0 HLODRelevant:0 ListedInSceneOutliner:1 IsMainWorldOnly:1
 |   |   |- Guid:213279834EE3845B8533D88B53FBF9B9 BaseClass: NativeClass:/Script/Engine.StaticMeshActor Name:StaticMeshActor_UAID_A85E45CD68D99FC701_1137728287 Label:Cube SpatiallyLoaded:1 Bounds:IsValid=true, Min=(X=-6900.000 Y=-250.000 Z=-360.000), Max=(X=6900.000 Y=250.000 Z=340.000) RuntimeGrid:None EditorOnly:0 RuntimeOnly:0 HLODRelevant:1 ListedInSceneOutliner:1 IsMainWorldOnly:0
 |   |   |- Guid:2150C6304271CB24993E98A16B20D4E6 BaseClass:/Game/LevelPrototyping/Chimp_Game/Meshes/BP_Animation_Shift_Platform.BP_Animation_Shift_Platform_C NativeClass:/Script/Engine.Actor Name:BP_Animation_Shift_Platform_C_UAID_A85E45CD68D9A0C701_1891770493 Label:BP_Animation_Shift_Platform4 SpatiallyLoaded:1 Bounds:IsValid=true, Min=(X=2680.000 Y=-75.000 Z=1000.000), Max=(X=2980.000 Y=175.000 Z=1010.000) RuntimeGrid:None EditorOnly:0 RuntimeOnly:0 HLODRelevant:0 ListedInSceneOutliner:1 IsMainWorldOnly:0
 |   |   |- Guid:21CFA1D944F7A09A26011B8FCA54F21F BaseClass: NativeClass:/Script/Engine.StaticMeshActor Name:StaticMeshActor_UAID_A85E45CD68D9A1C701_1686277696 Label:Shape_Pipe4 SpatiallyLoaded:1 Bounds:IsValid=true, Min=(X=2635.000 Y=-450.000 Z=3640.000), Max=(X=2665.000 Y=450.000 Z=3670.000) RuntimeGrid:None EditorOnly:0 RuntimeOnly:0 HLODRelevant:1 ListedInSceneOutliner:1 IsMainWorldOnly:0
 |   |   |- Guid:287D49CB44AE1162EB85CCA51E00EC09 BaseClass: NativeClass:/Script/Engine.PostProcessVolume Name:PostProcessVolume_0 Label:PostProcessVolume SpatiallyLoaded:0 Bounds:IsValid=true, Min=(X=0.000 Y=0.000 Z=400.000), Max=(X=200.000 Y=200.000 Z=600.000) RuntimeGrid:None EditorOnly:0 RuntimeOnly:0 HLODRelevant:0 ListedInSceneOutliner:1 IsMainWorldOnly:0 FolderPath:Lighting FolderGuid:963EC3EB4002CCE9759E2EBA541A873A
 |   |   |- Guid:2910D9E14A44FB103445F492BAC74891 BaseClass: NativeClass:/Script/Engine.StaticMeshActor Name:StaticMeshActor_UAID_A4AE111137DC5EFB00_1110535423 Label:SM_SkySphere SpatiallyLoaded:0 Bounds:IsValid=true, Min=(X=-1638400.000 Y=-1638400.000 Z=-1638400.000), Max=(X=1638400.000 Y=1638400.000 Z=1638400.000) RuntimeGrid:None EditorOnly:0 RuntimeOnly:0 HLODRelevant:1 ListedInSceneOutliner:1 IsMainWorldOnly:0 FolderPath:Lighting FolderGuid:963EC3EB4002CCE9759E2EBA541A873A
 |   |   |- Guid:2A6A27E5471DAAADB08587A71678B1EB BaseClass: NativeClass:/Script/Engine.SkyLight Name:SkyLight_1 Label:SkyLight SpatiallyLoaded:0 Bounds:IsValid=true, Min=(X=0.000 Y=0.000 Z=690.000), Max=(X=0.000 Y=0.000 Z=690.000) RuntimeGrid:None EditorOnly:0 RuntimeOnly:0 HLODRelevant:0 ListedInSceneOutliner:1 IsMainWorldOnly:0 FolderPath:Lighting FolderGuid:963EC3EB4002CCE9759E2EBA541A873A
 |   |   |- Guid:3049DC3442CFB99413AA7DBCB0C57854 BaseClass: NativeClass:/Script/Engine.StaticMeshActor Name:StaticMeshActor_UAID_A85E45CD68D9A1C701_1523720686 Label:Shape_Pipe3 SpatiallyLoaded:1 Bounds:IsValid=true, Min=(X=3865.000 Y=-450.000 Z=3130.000), Max=(X=3895.000 Y=450.000 Z=3160.000) RuntimeGrid:None EditorOnly:0 RuntimeOnly:0 HLODRelevant:1 ListedInSceneOutliner:1 IsMainWorldOnly:0
 |   |   |- Guid:433726D14CCD1471C724E092EBA86391 BaseClass: NativeClass:/Script/Engine.StaticMeshActor Name:StaticMeshActor_UAID_A85E45CD68D9A1C701_1812906706 Label:Shape_Pipe10 SpatiallyLoaded:1 Bounds:IsValid=true, Min=(X=-935.000 Y=-450.000 Z=410.000), Max=(X=-905.000 Y=450.000 Z=440.000) RuntimeGrid:None EditorOnly:0 RuntimeOnly:0 HLODRelevant:1 ListedInSceneOutliner:1 IsMainWorldOnly:0
 |   |   |- Guid:450472544024B34F2F6403AAB3EA2687 BaseClass: NativeClass:/Script/Engine.SkyAtmosphere Name:SkyAtmosphere_0 Label:SkyAtmosphere SpatiallyLoaded:0 Bounds:IsValid=true, Min=(X=0.000 Y=0.000 Z=1020.000), Max=(X=0.000 Y=0.000 Z=1020.000) RuntimeGrid:None EditorOnly:0 RuntimeOnly:0 HLODRelevant:0 ListedInSceneOutliner:1 IsMainWorldOnly:0 FolderPath:Lighting FolderGuid:963EC3EB4002CCE9759E2EBA541A873A
 |   |   |- Guid:4532C9FF4FD466E0097BD08D2091760C BaseClass: NativeClass:/Script/Engine.StaticMeshActor Name:StaticMeshActor_UAID_A85E45CD68D9A1C701_1550810690 Label:SM_Log_Platform10 SpatiallyLoaded:1 Bounds:IsValid=true, Min=(X=755.000 Y=-375.000 Z=3130.000), Max=(X=1085.000 Y=375.000 Z=3160.000) RuntimeGrid:None EditorOnly:0 RuntimeOnly:0 HLODRelevant:1 ListedInSceneOutliner:1 IsMainWorldOnly:0
 |   |   |- Guid:475C4FA94168953B5A105896DCFA12CE BaseClass: NativeClass:/Script/Engine.StaticMeshActor Name:StaticMeshActor_UAID_A85E45CD68D9A1C701_1800519705 Label:Shape_Pipe9 SpatiallyLoaded:1 Bounds:IsValid=true, Min=(X=1645.000 Y=-450.000 Z=3830.000), Max=(X=1675.000 Y=450.000 Z=3860.000) RuntimeGrid:None EditorOnly:0 RuntimeOnly:0 HLODRelevant:1 ListedInSceneOutliner:1 IsMainWorldOnly:0
 |   |   |- Guid:551550894F0C9AF6153ADAB7BB9240C6 BaseClass: NativeClass:/Script/Engine.StaticMeshActor Name:StaticMeshActor_UAID_A85E45CD68D9A1C701_1550806687 Label:SM_Log_Platform7 SpatiallyLoaded:1 Bounds:IsValid=true, Min=(X=1715.000 Y=-375.000 Z=3130.000), Max=(X=2045.000 Y=375.000 Z=3160.000) RuntimeGrid:None EditorOnly:0 RuntimeOnly:0 HLODRelevant:1 ListedInSceneOutliner:1 IsMainWorldOnly:0
 |   |   |- Guid:5C292C024DAADC733DB52591FBC442B3 BaseClass: NativeClass:/Script/Engine.BlockingVolume Name:BlockingVolume_UAID_A85E45CD68D99FC701_1481524291 Label:BlockingVolume SpatiallyLoaded:1 Bounds:IsValid=true, Min=(X=-10350.000 Y=90.000 Z=-425.000), Max=(X=10350.000 Y=110.000 Z=10425.000) RuntimeGrid:None EditorOnly:0 RuntimeOnly:0 HLODRelevant:0 ListedInSceneOutliner:1 IsMainWorldOnly:0
 |   |   |- Guid:5FD8FB2645917D54C2E3C39866B48EE0 BaseClass: NativeClass:/Script/Engine.StaticMeshActor Name:StaticMeshActor_UAID_A85E45CD68D9A1C701_1562017692 Label:Shape_Cube4 SpatiallyLoaded:1 Bounds:IsValid=true, Min=(X=400.000 Y=-325.000 Z=1500.000), Max=(X=500.000 Y=325.000 Z=3125.000) RuntimeGrid:None EditorOnly:0 RuntimeOnly:0 HLODRelevant:1 ListedInSceneOutliner:1 IsMainWorldOnly:0
 |   |   |- Guid:61AFE2AC427C0B7A4C0FCDA5836941F4 BaseClass: NativeClass:/Script/Engine.DirectionalLight Name:DirectionalLight_0 Label:DirectionalLight SpatiallyLoaded:0 Bounds:IsValid=true, Min=(X=-4398046511104.000 Y=-4398046511104.000 Z=-4398046511104.000), Max=(X=4398046511104.000 Y=4398046511104.000 Z=4398046511104.000) RuntimeGrid:None EditorOnly:0 RuntimeOnly:0 HLODRelevant:0 ListedInSceneOutliner:1 IsMainWorldOnly:0 FolderPath:Lighting FolderGuid:963EC3EB4002CCE9759E2EBA541A873A
 |   |   |- Guid:65997BDA4183C6418FFF93BF0DAC6B59 BaseClass: NativeClass:/Script/Engine.StaticMeshActor Name:StaticMeshActor_UAID_A85E45CD68D9A1C701_1480958682 Label:SM_Log_Platform4 SpatiallyLoaded:1 Bounds:IsValid=true, Min=(X=2675.000 Y=-375.000 Z=3130.000), Max=(X=3005.000 Y=375.000 Z=3160.000) RuntimeGrid:None EditorOnly:0 RuntimeOnly:0 HLODRelevant:1 ListedInSceneOutliner:1 IsMainWorldOnly:0
 |   |   |- Guid:681A42C24B22BDCBEB9963B43008D0F8 BaseClass:/Game/LevelPrototyping/Chimp_Game/Meshes/BP_Animation_Shift_Platform.BP_Animation_Shift_Platform_C NativeClass:/Script/Engine.Actor Name:BP_Animation_Shift_Platform_C_UAID_A85E45CD68D9A1C701_1747884701 Label:BP_Animation_Shift_Platform11 SpatiallyLoaded:1 Bounds:IsValid=true, Min=(X=2030.000 Y=-125.000 Z=4270.000), Max=(X=2230.000 Y=125.000 Z=4280.000) RuntimeGrid:None EditorOnly:0 RuntimeOnly:0 HLODRelevant:0 ListedInSceneOutliner:1 IsMainWorldOnly:0
 |   |   |- Guid:6927209542F871FC36E850B9A6E1D454 BaseClass:/Game/LevelPrototyping/Chimp_Game/Meshes/BP_Animation_Shift_Platform.BP_Animation_Shift_Platform_C NativeClass:/Script/Engine.Actor Name:BP_Animation_Shift_Platform_C_UAID_A85E45CD68D9A0C701_1925507495 Label:BP_Animation_Shift_Platform6 SpatiallyLoaded:1 Bounds:IsValid=true, Min=(X=3500.000 Y=-75.000 Z=1430.000), Max=(X=3800.000 Y=175.000 Z=1440.000) RuntimeGrid:None EditorOnly:0 RuntimeOnly:0 HLODRelevant:0 ListedInSceneOutliner:1 IsMainWorldOnly:0
 |   |   |- Guid:6D85A59B4BBE0787BD55C8ADA186FF00 BaseClass: NativeClass:/Script/Engine.StaticMeshActor Name:StaticMeshActor_UAID_A85E45CD68D9A1C701_1301250680 Label:Plane SpatiallyLoaded:1 Bounds:IsValid=true, Min=(X=-6975.000 Y=-500.000 Z=-3035.000), Max=(X=7975.000 Y=-500.000 Z=10615.000) RuntimeGrid:None EditorOnly:0 RuntimeOnly:0 HLODRelevant:1 ListedInSceneOutliner:1 IsMainWorldOnly:0
 |   |   |- Guid:71C524404A6350C968FA68861CF53750 BaseClass: NativeClass:/Script/Engine.StaticMeshActor Name:StaticMeshActor_UAID_A85E45CD68D99FC701_1281707288 Label:Cube2 SpatiallyLoaded:1 Bounds:IsValid=true, Min=(X=-6900.000 Y=-250.000 Z=-0.000), Max=(X=-5100.000 Y=250.000 Z=10000.000) RuntimeGrid:None EditorOnly:0 RuntimeOnly:0 HLODRelevant:1 ListedInSceneOutliner:1 IsMainWorldOnly:0
 |   |   |- Guid:71FD4962495E483D53028EB91E60C3AE BaseClass: NativeClass:/Script/Engine.StaticMeshActor Name:StaticMeshActor_UAID_A85E45CD68D9A1C701_1613354694 Label:Shape_Cube6 SpatiallyLoaded:1 Bounds:IsValid=true, Min=(X=400.000 Y=-325.000 Z=3120.000), Max=(X=500.000 Y=325.000 Z=5020.000) RuntimeGrid:None EditorOnly:0 RuntimeOnly:0 HLODRelevant:1 ListedInSceneOutliner:1 IsMainWorldOnly:0
 |   |   |- Guid:725721FE43398EE7451959A1262B3666 BaseClass:/Game/LevelPrototyping/Chimp_Game/Meshes/BP_Animation_Shift_Platform.BP_Animation_Shift_Platform_C NativeClass:/Script/Engine.Actor Name:BP_Animation_Shift_Platform_C_UAID_A85E45CD68D9A1C701_1719572699 Label:BP_Animation_Shift_Platform10 SpatiallyLoaded:1 Bounds:IsValid=true, Min=(X=2470.000 Y=-75.000 Z=4270.000), Max=(X=2770.000 Y=175.000 Z=4280.000) RuntimeGrid:None EditorOnly:0 RuntimeOnly:0 HLODRelevant:0 ListedInSceneOutliner:1 IsMainWorldOnly:0
 |   |   |- Guid:762F9D1949E4861676021B993A3320DA BaseClass: NativeClass:/Script/Engine.StaticMeshActor Name:StaticMeshActor_UAID_A85E45CD68D9A1C701_1550809689 Label:SM_Log_Platform9 SpatiallyLoaded:1 Bounds:IsValid=true, Min=(X=1075.000 Y=-375.000 Z=3130.000), Max=(X=1405.000 Y=375.000 Z=3160.000) RuntimeGrid:None EditorOnly:0 RuntimeOnly:0 HLODRelevant:1 ListedInSceneOutliner:1 IsMainWorldOnly:0
 |   |   |- Guid:7BB2A6124D5A060EDC634085CC3B691A BaseClass: NativeClass:/Script/Engine.StaticMeshActor Name:StaticMeshActor_UAID_A85E45CD68D9A0C701_1395630486 Label:SM_Log_Platform SpatiallyLoaded:1 Bounds:IsValid=true, Min=(X=-5121.250 Y=-312.500 Z=840.000), Max=(X=-1903.750 Y=312.500 Z=870.000) RuntimeGrid:None EditorOnly:0 RuntimeOnly:0 HLODRelevant:1 ListedInSceneOutliner:1 IsMainWorldOnly:0
 |   |   |- Guid:887921304033C1B7B79BA08DBCC4E8DB BaseClass: NativeClass:/Script/Engine.PlayerStart Name:PlayerStart_0 Label:PlayerStart SpatiallyLoaded:0 Bounds:IsValid=true, Min=(X=-4890.000 Y=10.000 Z=408.000), Max=(X=-4810.000 Y=90.000 Z=592.000) RuntimeGrid:None EditorOnly:0 RuntimeOnly:0 HLODRelevant:0 ListedInSceneOutliner:1 IsMainWorldOnly:0
 |   |   |- Guid:88BA5F2C45047A530729C49C2297D714 BaseClass: NativeClass:/Script/Engine.StaticMeshActor Name:StaticMeshActor_UAID_A85E45CD68D9A0C701_1977636498 Label:Shape_Cube3 SpatiallyLoaded:1 Bounds:IsValid=true, Min=(X=3540.000 Y=-325.000 Z=2190.000), Max=(X=4440.000 Y=325.000 Z=2290.000) RuntimeGrid:None EditorOnly:0 RuntimeOnly:0 HLODRelevant:1 ListedInSceneOutliner:1 IsMainWorldOnly:0
 |   |   |- Guid:9697FC2347FB4B733DAB9C91DDF8F90C BaseClass: NativeClass:/Script/Engine.VolumetricCloud Name:VolumetricCloud_0 Label:VolumetricCloud SpatiallyLoaded:0 Bounds:IsValid=true, Min=(X=0.000 Y=0.000 Z=820.000), Max=(X=0.000 Y=0.000 Z=820.000) RuntimeGrid:None EditorOnly:0 RuntimeOnly:0 HLODRelevant:0 ListedInSceneOutliner:1 IsMainWorldOnly:0 FolderPath:Lighting FolderGuid:963EC3EB4002CCE9759E2EBA541A873A
 |   |   |- Guid:9EEE4D6C420A4B54FEA312B572D1C67F BaseClass:/Game/LevelPrototyping/Chimp_Game/Meshes/BP_Animation_Shift_Platform.BP_Animation_Shift_Platform_C NativeClass:/Script/Engine.Actor Name:BP_Animation_Shift_Platform_C_UAID_A85E45CD68D9A0C701_1932605496 Label:BP_Animation_Shift_Platform7 SpatiallyLoaded:1 Bounds:IsValid=true, Min=(X=4450.000 Y=-75.000 Z=1800.000), Max=(X=4750.000 Y=175.000 Z=1810.000) RuntimeGrid:None EditorOnly:0 RuntimeOnly:0 HLODRelevant:0 ListedInSceneOutliner:1 IsMainWorldOnly:0
 |   |   |- Guid:A1FE6F6946FADF2D74A42EA8A4946008 BaseClass:/Game/LevelPrototyping/Chimp_Game/Meshes/BP_Animation_Shift_Platform.BP_Animation_Shift_Platform_C NativeClass:/Script/Engine.Actor Name:BP_Animation_Shift_Platform_C_UAID_A85E45CD68D9A1C701_1639141695 Label:BP_Animation_Shift_Platform9 SpatiallyLoaded:1 Bounds:IsValid=true, Min=(X=2920.000 Y=-75.000 Z=3400.000), Max=(X=3220.000 Y=175.000 Z=3410.000) RuntimeGrid:None EditorOnly:0 RuntimeOnly:0 HLODRelevant:0 ListedInSceneOutliner:1 IsMainWorldOnly:0
 |   |   |- Guid:A2544CB24BCC8D7312176992632132D8 BaseClass: NativeClass:/Script/Engine.StaticMeshActor Name:StaticMeshActor_UAID_A85E45CD68D99FC701_1454369290 Label:Cube3 SpatiallyLoaded:1 Bounds:IsValid=true, Min=(X=5100.000 Y=-250.000 Z=-0.000), Max=(X=6900.000 Y=250.000 Z=10000.000) RuntimeGrid:None EditorOnly:0 RuntimeOnly:0 HLODRelevant:1 ListedInSceneOutliner:1 IsMainWorldOnly:0
 |   |   |- Guid:AAEF6C4B448DCB13336B33BFC525EF4C BaseClass: NativeClass:/Script/Engine.StaticMeshActor Name:StaticMeshActor_UAID_A85E45CD68D9A1C701_1505667685 Label:Shape_Pipe2 SpatiallyLoaded:1 Bounds:IsValid=true, Min=(X=4235.000 Y=-450.000 Z=2800.000), Max=(X=4265.000 Y=450.000 Z=2830.000) RuntimeGrid:None EditorOnly:0 RuntimeOnly:0 HLODRelevant:1 ListedInSceneOutliner:1 IsMainWorldOnly:0
 |   |   |- Guid:B6EC7CB14676205C8DA2A482A395BA2F BaseClass: NativeClass:/Script/Engine.StaticMeshActor Name:StaticMeshActor_UAID_A85E45CD68D9A1C701_1550812691 Label:SM_Log_Platform11 SpatiallyLoaded:1 Bounds:IsValid=true, Min=(X=435.000 Y=-375.000 Z=3130.000), Max=(X=765.000 Y=375.000 Z=3160.000) RuntimeGrid:None EditorOnly:0 RuntimeOnly:0 HLODRelevant:1 ListedInSceneOutliner:1 IsMainWorldOnly:0
 |   |   |- Guid:B99896764DFF447449682EB8D5472D9B BaseClass: NativeClass:/Script/Engine.StaticMeshActor Name:StaticMeshActor_UAID_A85E45CD68D9A1C701_1486934684 Label:SM_Log_Platform6 SpatiallyLoaded:1 Bounds:IsValid=true, Min=(X=2035.000 Y=-375.000 Z=3130.000), Max=(X=2365.000 Y=375.000 Z=3160.000) RuntimeGrid:None EditorOnly:0 RuntimeOnly:0 HLODRelevant:1 ListedInSceneOutliner:1 IsMainWorldOnly:0
 |   |   |- Guid:BFAB60884E5B2C8083095A84ACA2B59D BaseClass: NativeClass:/Script/Engine.StaticMeshActor Name:StaticMeshActor_UAID_A85E45CD68D9A1C701_1116089678 Label:Shape_Pipe SpatiallyLoaded:1 Bounds:IsValid=true, Min=(X=3865.000 Y=-450.000 Z=2450.000), Max=(X=3895.000 Y=450.000 Z=2480.000) RuntimeGrid:None EditorOnly:0 RuntimeOnly:0 HLODRelevant:1 ListedInSceneOutliner:1 IsMainWorldOnly:0
 |   |   |- Guid:C3225E724BE623C6759496B27B7F3A3D BaseClass: NativeClass:/Script/Engine.BlockingVolume Name:BlockingVolume_UAID_A85E45CD68D99FC701_1661478292 Label:BlockingVolume2 SpatiallyLoaded:1 Bounds:IsValid=true, Min=(X=-10350.000 Y=-10.000 Z=-425.000), Max=(X=10350.000 Y=10.000 Z=10425.000) RuntimeGrid:None EditorOnly:0 RuntimeOnly:0 HLODRelevant:0 ListedInSceneOutliner:1 IsMainWorldOnly:0
 |   |   |- Guid:C804B4844D202B0DE200EBA9F0051A2E BaseClass:/Game/LevelPrototyping/Chimp_Game/Meshes/BP_Animation_Shift_Platform.BP_Animation_Shift_Platform_C NativeClass:/Script/Engine.Actor Name:BP_Animation_Shift_Platform_C_UAID_A85E45CD68D9A0C701_1912618494 Label:BP_Animation_Shift_Platform5 SpatiallyLoaded:1 Bounds:IsValid=true, Min=(X=3500.000 Y=-75.000 Z=800.000), Max=(X=3800.000 Y=175.000 Z=810.000) RuntimeGrid:None EditorOnly:0 RuntimeOnly:0 HLODRelevant:0 ListedInSceneOutliner:1 IsMainWorldOnly:0
 |   |   |- Guid:C866C77B43AAB9AB145E36A82FB49C69 BaseClass: NativeClass:/Script/Engine.ExponentialHeightFog Name:ExponentialHeightFog_0 Label:ExponentialHeightFog SpatiallyLoaded:0 Bounds:IsValid=true, Min=(X=-5600.000 Y=-50.000 Z=-6850.000), Max=(X=-5600.000 Y=-50.000 Z=-6850.000) RuntimeGrid:None EditorOnly:0 RuntimeOnly:0 HLODRelevant:0 ListedInSceneOutliner:1 IsMainWorldOnly:0 FolderPath:Lighting FolderGuid:963EC3EB4002CCE9759E2EBA541A873A
 |   |   |- Guid:C8F5EF6547967F2511721E84E689246A BaseClass:/Game/LevelPrototyping/Chimp_Game/Meshes/BP_Animation_Shift_Platform.BP_Animation_Shift_Platform_C NativeClass:/Script/Engine.Actor Name:BP_Animation_Shift_Platform_C_UAID_A85E45CD68D9A0C701_1628409488 Label:BP_Animation_Shift_Platform SpatiallyLoaded:1 Bounds:IsValid=true, Min=(X=-1420.000 Y=-75.000 Z=650.000), Max=(X=-1120.000 Y=175.000 Z=660.000) RuntimeGrid:None EditorOnly:0 RuntimeOnly:0 HLODRelevant:0 ListedInSceneOutliner:1 IsMainWorldOnly:0
 |   |   |- Guid:CCBFC5E6404763DF8775ED882DE4B774 BaseClass: NativeClass:/Script/Engine.StaticMeshActor Name:StaticMeshActor_UAID_A85E45CD68D9A1C701_1764727702 Label:Shape_Pipe7 SpatiallyLoaded:1 Bounds:IsValid=true, Min=(X=1635.000 Y=-450.000 Z=4690.000), Max=(X=1665.000 Y=450.000 Z=4720.000) RuntimeGrid:None EditorOnly:0 RuntimeOnly:0 HLODRelevant:1 ListedInSceneOutliner:1 IsMainWorldOnly:0
 |   |   |- Guid:CF9C2D90490EF3E60656D8AB98A7B967 BaseClass: NativeClass:/Script/Engine.StaticMeshActor Name:StaticMeshActor_UAID_A85E45CD68D9A1C701_1785506703 Label:Shape_Pipe8 SpatiallyLoaded:1 Bounds:IsValid=true, Min=(X=1355.000 Y=-450.000 Z=4310.000), Max=(X=1385.000 Y=450.000 Z=4340.000) RuntimeGrid:None EditorOnly:0 RuntimeOnly:0 HLODRelevant:1 ListedInSceneOutliner:1 IsMainWorldOnly:0
 |   |   |- Guid:D54C63EB440EF9684B4F82B24335B569 BaseClass: NativeClass:/Script/Engine.StaticMeshActor Name:StaticMeshActor_UAID_A85E45CD68D9A1C701_1698057698 Label:Shape_Pipe6 SpatiallyLoaded:1 Bounds:IsValid=true, Min=(X=3025.000 Y=-450.000 Z=3900.000), Max=(X=3055.000 Y=450.000 Z=3930.000) RuntimeGrid:None EditorOnly:0 RuntimeOnly:0 HLODRelevant:1 ListedInSceneOutliner:1 IsMainWorldOnly:0
 |   |   |- Guid:DF010A3A470B7AFB76410EAD8E075C06 BaseClass:/Game/LevelPrototyping/Chimp_Game/Meshes/BP_Animation_Shift_Platform.BP_Animation_Shift_Platform_C NativeClass:/Script/Engine.Actor Name:BP_Animation_Shift_Platform_C_UAID_A85E45CD68D9A0C701_1840501490 Label:BP_Animation_Shift_Platform3 SpatiallyLoaded:1 Bounds:IsValid=true, Min=(X=1130.000 Y=-75.000 Z=1350.000), Max=(X=1430.000 Y=175.000 Z=1360.000) RuntimeGrid:None EditorOnly:0 RuntimeOnly:0 HLODRelevant:0 ListedInSceneOutliner:1 IsMainWorldOnly:0
 |   |   |- Guid:EA323E2A41F823DC9EC90C88F813CF46 BaseClass: NativeClass:/Script/Engine.StaticMeshActor Name:StaticMeshActor_UAID_A85E45CD68D9A0C701_1463571487 Label:Shape_Cube SpatiallyLoaded:1 Bounds:IsValid=true, Min=(X=-2010.000 Y=-325.000 Z=870.000), Max=(X=-1910.000 Y=325.000 Z=2545.000) RuntimeGrid:None EditorOnly:0 RuntimeOnly:0 HLODRelevant:1 ListedInSceneOutliner:1 IsMainWorldOnly:0
 |   |   |- Guid:EBA6BE8C4BA3BBA640ADF9AA7F40BC9F BaseClass: NativeClass:/Script/Engine.StaticMeshActor Name:StaticMeshActor_UAID_A85E45CD68D9A1C701_1791835704 Label:Shape_Cube7 SpatiallyLoaded:1 Bounds:IsValid=true, Min=(X=1180.000 Y=-325.000 Z=3970.000), Max=(X=1280.000 Y=325.000 Z=5870.000) RuntimeGrid:None EditorOnly:0 RuntimeOnly:0 HLODRelevant:1 ListedInSceneOutliner:1 IsMainWorldOnly:0
 |   |   |- Guid:ECB9C99F45BF4C93E1EAE08CA736BBD5 BaseClass:/Game/LevelPrototyping/Chimp_Game/Meshes/BP_Animation_Shift_Platform.BP_Animation_Shift_Platform_C NativeClass:/Script/Engine.Actor Name:BP_Animation_Shift_Platform_C_UAID_A85E45CD68D9A0C701_1999904500 Label:BP_Animation_Shift_Platform8 SpatiallyLoaded:1 Bounds:IsValid=true, Min=(X=4910.000 Y=-125.000 Z=2540.000), Max=(X=5110.000 Y=125.000 Z=2550.000) RuntimeGrid:None EditorOnly:0 RuntimeOnly:0 HLODRelevant:0 ListedInSceneOutliner:1 IsMainWorldOnly:0
 |   |   |- Guid:FA44C10A4DB8C8B6C531328DE41102B2 BaseClass:/Game/LevelPrototyping/Chimp_Game/Meshes/BP_Animation_Shift_Platform.BP_Animation_Shift_Platform_C NativeClass:/Script/Engine.Actor Name:BP_Animation_Shift_Platform_C_UAID_A85E45CD68D9A0C701_1694621489 Label:BP_Animation_Shift_Platform2 SpatiallyLoaded:1 Bounds:IsValid=true, Min=(X=790.000 Y=-75.000 Z=1000.000), Max=(X=1090.000 Y=175.000 Z=1010.000) RuntimeGrid:None EditorOnly:0 RuntimeOnly:0 HLODRelevant:0 ListedInSceneOutliner:1 IsMainWorldOnly:0
 |   |   |- Guid:FF1548344245586633FD628B320C789B BaseClass: NativeClass:/Script/Engine.StaticMeshActor Name:StaticMeshActor_UAID_A85E45CD68D9A1C701_1600017693 Label:Shape_Cube5 SpatiallyLoaded:1 Bounds:IsValid=true, Min=(X=-2630.000 Y=-325.000 Z=2210.000), Max=(X=-2530.000 Y=325.000 Z=3885.000) RuntimeGrid:None EditorOnly:0 RuntimeOnly:0 HLODRelevant:1 ListedInSceneOutliner:1 IsMainWorldOnly:0
 |   |- [+] Clusters:
 |   |   |- [+] [  0]
 |   |   |   |- Guid:124ED6B14966A31840D54A9246D9A70A BaseClass: NativeClass:/Script/Engine.StaticMeshActor Name:StaticMeshActor_UAID_A85E45CD68D9A1C701_1550808688 Label:SM_Log_Platform8 SpatiallyLoaded:1 Bounds:IsValid=true, Min=(X=1395.000 Y=-375.000 Z=3130.000), Max=(X=1725.000 Y=375.000 Z=3160.000) RuntimeGrid:None EditorOnly:0 RuntimeOnly:0 HLODRelevant:1 ListedInSceneOutliner:1 IsMainWorldOnly:0
 |   |   |- [+] [  1]
 |   |   |   |- Guid:136A7CD042ABD1F5A0FAE7824CC65E3E BaseClass: NativeClass:/Script/Engine.StaticMeshActor Name:StaticMeshActor_UAID_A85E45CD68D9A1C701_1474029681 Label:SM_Log_Platform3 SpatiallyLoaded:1 Bounds:IsValid=true, Min=(X=2995.000 Y=-375.000 Z=3130.000), Max=(X=3325.000 Y=375.000 Z=3160.000) RuntimeGrid:None EditorOnly:0 RuntimeOnly:0 HLODRelevant:1 ListedInSceneOutliner:1 IsMainWorldOnly:0
 |   |   |- [+] [  2]
 |   |   |   |- Guid:164FE8CD496F0B86A99E0C88B44B4E09 BaseClass: NativeClass:/Script/Engine.StaticMeshActor Name:StaticMeshActor_UAID_A85E45CD68D9A1C701_1484394683 Label:SM_Log_Platform5 SpatiallyLoaded:1 Bounds:IsValid=true, Min=(X=2355.000 Y=-375.000 Z=3130.000), Max=(X=2685.000 Y=375.000 Z=3160.000) RuntimeGrid:None EditorOnly:0 RuntimeOnly:0 HLODRelevant:1 ListedInSceneOutliner:1 IsMainWorldOnly:0
 |   |   |- [+] [  3]
 |   |   |   |- Guid:1BC8744248B6A272491C72A46C88DE3D BaseClass: NativeClass:/Script/Engine.StaticMeshActor Name:StaticMeshActor_UAID_A85E45CD68D9A0C701_1968016497 Label:Shape_Cube2 SpatiallyLoaded:1 Bounds:IsValid=true, Min=(X=3540.000 Y=-325.000 Z=2240.000), Max=(X=3640.000 Y=325.000 Z=3140.000) RuntimeGrid:None EditorOnly:0 RuntimeOnly:0 HLODRelevant:1 ListedInSceneOutliner:1 IsMainWorldOnly:0
 |   |   |- [+] [  4]
 |   |   |   |- Guid:1CC764C1461B4795A7D1F2A0370735BB BaseClass: NativeClass:/Script/Engine.StaticMeshActor Name:StaticMeshActor_UAID_A85E45CD68D9A0C701_2134891501 Label:SM_Log_Platform2 SpatiallyLoaded:1 Bounds:IsValid=true, Min=(X=3315.000 Y=-375.000 Z=3130.000), Max=(X=3645.000 Y=375.000 Z=3160.000) RuntimeGrid:None EditorOnly:0 RuntimeOnly:0 HLODRelevant:1 ListedInSceneOutliner:1 IsMainWorldOnly:0
 |   |   |- [+] [  5]
 |   |   |   |- Guid:203D52E04A56E88F8FB3459AE537B85D BaseClass: NativeClass:/Script/Engine.WorldDataLayers Name:WorldDataLayers Label:WorldDataLayers SpatiallyLoaded:0 Bounds:Invalid RuntimeGrid:None EditorOnly:0 RuntimeOnly:0 HLODRelevant:0 ListedInSceneOutliner:1 IsMainWorldOnly:1
 |   |   |- [+] [  6]
 |   |   |   |- Guid:213279834EE3845B8533D88B53FBF9B9 BaseClass: NativeClass:/Script/Engine.StaticMeshActor Name:StaticMeshActor_UAID_A85E45CD68D99FC701_1137728287 Label:Cube SpatiallyLoaded:1 Bounds:IsValid=true, Min=(X=-6900.000 Y=-250.000 Z=-360.000), Max=(X=6900.000 Y=250.000 Z=340.000) RuntimeGrid:None EditorOnly:0 RuntimeOnly:0 HLODRelevant:1 ListedInSceneOutliner:1 IsMainWorldOnly:0
 |   |   |- [+] [  7]
 |   |   |   |- Guid:2150C6304271CB24993E98A16B20D4E6 BaseClass:/Game/LevelPrototyping/Chimp_Game/Meshes/BP_Animation_Shift_Platform.BP_Animation_Shift_Platform_C NativeClass:/Script/Engine.Actor Name:BP_Animation_Shift_Platform_C_UAID_A85E45CD68D9A0C701_1891770493 Label:BP_Animation_Shift_Platform4 SpatiallyLoaded:1 Bounds:IsValid=true, Min=(X=2680.000 Y=-75.000 Z=1000.000), Max=(X=2980.000 Y=175.000 Z=1010.000) RuntimeGrid:None EditorOnly:0 RuntimeOnly:0 HLODRelevant:0 ListedInSceneOutliner:1 IsMainWorldOnly:0
 |   |   |- [+] [  8]
 |   |   |   |- Guid:21CFA1D944F7A09A26011B8FCA54F21F BaseClass: NativeClass:/Script/Engine.StaticMeshActor Name:StaticMeshActor_UAID_A85E45CD68D9A1C701_1686277696 Label:Shape_Pipe4 SpatiallyLoaded:1 Bounds:IsValid=true, Min=(X=2635.000 Y=-450.000 Z=3640.000), Max=(X=2665.000 Y=450.000 Z=3670.000) RuntimeGrid:None EditorOnly:0 RuntimeOnly:0 HLODRelevant:1 ListedInSceneOutliner:1 IsMainWorldOnly:0
 |   |   |- [+] [  9]
 |   |   |   |- Guid:287D49CB44AE1162EB85CCA51E00EC09 BaseClass: NativeClass:/Script/Engine.PostProcessVolume Name:PostProcessVolume_0 Label:PostProcessVolume SpatiallyLoaded:0 Bounds:IsValid=true, Min=(X=0.000 Y=0.000 Z=400.000), Max=(X=200.000 Y=200.000 Z=600.000) RuntimeGrid:None EditorOnly:0 RuntimeOnly:0 HLODRelevant:0 ListedInSceneOutliner:1 IsMainWorldOnly:0 FolderPath:Lighting FolderGuid:963EC3EB4002CCE9759E2EBA541A873A
 |   |   |- [+] [ 10]
 |   |   |   |- Guid:2910D9E14A44FB103445F492BAC74891 BaseClass: NativeClass:/Script/Engine.StaticMeshActor Name:StaticMeshActor_UAID_A4AE111137DC5EFB00_1110535423 Label:SM_SkySphere SpatiallyLoaded:0 Bounds:IsValid=true, Min=(X=-1638400.000 Y=-1638400.000 Z=-1638400.000), Max=(X=1638400.000 Y=1638400.000 Z=1638400.000) RuntimeGrid:None EditorOnly:0 RuntimeOnly:0 HLODRelevant:1 ListedInSceneOutliner:1 IsMainWorldOnly:0 FolderPath:Lighting FolderGuid:963EC3EB4002CCE9759E2EBA541A873A
 |   |   |- [+] [ 11]
 |   |   |   |- Guid:2A6A27E5471DAAADB08587A71678B1EB BaseClass: NativeClass:/Script/Engine.SkyLight Name:SkyLight_1 Label:SkyLight SpatiallyLoaded:0 Bounds:IsValid=true, Min=(X=0.000 Y=0.000 Z=690.000), Max=(X=0.000 Y=0.000 Z=690.000) RuntimeGrid:None EditorOnly:0 RuntimeOnly:0 HLODRelevant:0 ListedInSceneOutliner:1 IsMainWorldOnly:0 FolderPath:Lighting FolderGuid:963EC3EB4002CCE9759E2EBA541A873A
 |   |   |- [+] [ 12]
 |   |   |   |- Guid:3049DC3442CFB99413AA7DBCB0C57854 BaseClass: NativeClass:/Script/Engine.StaticMeshActor Name:StaticMeshActor_UAID_A85E45CD68D9A1C701_1523720686 Label:Shape_Pipe3 SpatiallyLoaded:1 Bounds:IsValid=true, Min=(X=3865.000 Y=-450.000 Z=3130.000), Max=(X=3895.000 Y=450.000 Z=3160.000) RuntimeGrid:None EditorOnly:0 RuntimeOnly:0 HLODRelevant:1 ListedInSceneOutliner:1 IsMainWorldOnly:0
 |   |   |- [+] [ 13]
 |   |   |   |- Guid:433726D14CCD1471C724E092EBA86391 BaseClass: NativeClass:/Script/Engine.StaticMeshActor Name:StaticMeshActor_UAID_A85E45CD68D9A1C701_1812906706 Label:Shape_Pipe10 SpatiallyLoaded:1 Bounds:IsValid=true, Min=(X=-935.000 Y=-450.000 Z=410.000), Max=(X=-905.000 Y=450.000 Z=440.000) RuntimeGrid:None EditorOnly:0 RuntimeOnly:0 HLODRelevant:1 ListedInSceneOutliner:1 IsMainWorldOnly:0
 |   |   |- [+] [ 14]
 |   |   |   |- Guid:450472544024B34F2F6403AAB3EA2687 BaseClass: NativeClass:/Script/Engine.SkyAtmosphere Name:SkyAtmosphere_0 Label:SkyAtmosphere SpatiallyLoaded:0 Bounds:IsValid=true, Min=(X=0.000 Y=0.000 Z=1020.000), Max=(X=0.000 Y=0.000 Z=1020.000) RuntimeGrid:None EditorOnly:0 RuntimeOnly:0 HLODRelevant:0 ListedInSceneOutliner:1 IsMainWorldOnly:0 FolderPath:Lighting FolderGuid:963EC3EB4002CCE9759E2EBA541A873A
 |   |   |- [+] [ 15]
 |   |   |   |- Guid:4532C9FF4FD466E0097BD08D2091760C BaseClass: NativeClass:/Script/Engine.StaticMeshActor Name:StaticMeshActor_UAID_A85E45CD68D9A1C701_1550810690 Label:SM_Log_Platform10 SpatiallyLoaded:1 Bounds:IsValid=true, Min=(X=755.000 Y=-375.000 Z=3130.000), Max=(X=1085.000 Y=375.000 Z=3160.000) RuntimeGrid:None EditorOnly:0 RuntimeOnly:0 HLODRelevant:1 ListedInSceneOutliner:1 IsMainWorldOnly:0
 |   |   |- [+] [ 16]
 |   |   |   |- Guid:475C4FA94168953B5A105896DCFA12CE BaseClass: NativeClass:/Script/Engine.StaticMeshActor Name:StaticMeshActor_UAID_A85E45CD68D9A1C701_1800519705 Label:Shape_Pipe9 SpatiallyLoaded:1 Bounds:IsValid=true, Min=(X=1645.000 Y=-450.000 Z=3830.000), Max=(X=1675.000 Y=450.000 Z=3860.000) RuntimeGrid:None EditorOnly:0 RuntimeOnly:0 HLODRelevant:1 ListedInSceneOutliner:1 IsMainWorldOnly:0
 |   |   |- [+] [ 17]
 |   |   |   |- Guid:551550894F0C9AF6153ADAB7BB9240C6 BaseClass: NativeClass:/Script/Engine.StaticMeshActor Name:StaticMeshActor_UAID_A85E45CD68D9A1C701_1550806687 Label:SM_Log_Platform7 SpatiallyLoaded:1 Bounds:IsValid=true, Min=(X=1715.000 Y=-375.000 Z=3130.000), Max=(X=2045.000 Y=375.000 Z=3160.000) RuntimeGrid:None EditorOnly:0 RuntimeOnly:0 HLODRelevant:1 ListedInSceneOutliner:1 IsMainWorldOnly:0
 |   |   |- [+] [ 18]
 |   |   |   |- Guid:5C292C024DAADC733DB52591FBC442B3 BaseClass: NativeClass:/Script/Engine.BlockingVolume Name:BlockingVolume_UAID_A85E45CD68D99FC701_1481524291 Label:BlockingVolume SpatiallyLoaded:1 Bounds:IsValid=true, Min=(X=-10350.000 Y=90.000 Z=-425.000), Max=(X=10350.000 Y=110.000 Z=10425.000) RuntimeGrid:None EditorOnly:0 RuntimeOnly:0 HLODRelevant:0 ListedInSceneOutliner:1 IsMainWorldOnly:0
 |   |   |- [+] [ 19]
 |   |   |   |- Guid:5FD8FB2645917D54C2E3C39866B48EE0 BaseClass: NativeClass:/Script/Engine.StaticMeshActor Name:StaticMeshActor_UAID_A85E45CD68D9A1C701_1562017692 Label:Shape_Cube4 SpatiallyLoaded:1 Bounds:IsValid=true, Min=(X=400.000 Y=-325.000 Z=1500.000), Max=(X=500.000 Y=325.000 Z=3125.000) RuntimeGrid:None EditorOnly:0 RuntimeOnly:0 HLODRelevant:1 ListedInSceneOutliner:1 IsMainWorldOnly:0
 |   |   |- [+] [ 20]
 |   |   |   |- Guid:61AFE2AC427C0B7A4C0FCDA5836941F4 BaseClass: NativeClass:/Script/Engine.DirectionalLight Name:DirectionalLight_0 Label:DirectionalLight SpatiallyLoaded:0 Bounds:IsValid=true, Min=(X=-4398046511104.000 Y=-4398046511104.000 Z=-4398046511104.000), Max=(X=4398046511104.000 Y=4398046511104.000 Z=4398046511104.000) RuntimeGrid:None EditorOnly:0 RuntimeOnly:0 HLODRelevant:0 ListedInSceneOutliner:1 IsMainWorldOnly:0 FolderPath:Lighting FolderGuid:963EC3EB4002CCE9759E2EBA541A873A
 |   |   |- [+] [ 21]
 |   |   |   |- Guid:65997BDA4183C6418FFF93BF0DAC6B59 BaseClass: NativeClass:/Script/Engine.StaticMeshActor Name:StaticMeshActor_UAID_A85E45CD68D9A1C701_1480958682 Label:SM_Log_Platform4 SpatiallyLoaded:1 Bounds:IsValid=true, Min=(X=2675.000 Y=-375.000 Z=3130.000), Max=(X=3005.000 Y=375.000 Z=3160.000) RuntimeGrid:None EditorOnly:0 RuntimeOnly:0 HLODRelevant:1 ListedInSceneOutliner:1 IsMainWorldOnly:0
 |   |   |- [+] [ 22]
 |   |   |   |- Guid:681A42C24B22BDCBEB9963B43008D0F8 BaseClass:/Game/LevelPrototyping/Chimp_Game/Meshes/BP_Animation_Shift_Platform.BP_Animation_Shift_Platform_C NativeClass:/Script/Engine.Actor Name:BP_Animation_Shift_Platform_C_UAID_A85E45CD68D9A1C701_1747884701 Label:BP_Animation_Shift_Platform11 SpatiallyLoaded:1 Bounds:IsValid=true, Min=(X=2030.000 Y=-125.000 Z=4270.000), Max=(X=2230.000 Y=125.000 Z=4280.000) RuntimeGrid:None EditorOnly:0 RuntimeOnly:0 HLODRelevant:0 ListedInSceneOutliner:1 IsMainWorldOnly:0
 |   |   |- [+] [ 23]
 |   |   |   |- Guid:6927209542F871FC36E850B9A6E1D454 BaseClass:/Game/LevelPrototyping/Chimp_Game/Meshes/BP_Animation_Shift_Platform.BP_Animation_Shift_Platform_C NativeClass:/Script/Engine.Actor Name:BP_Animation_Shift_Platform_C_UAID_A85E45CD68D9A0C701_1925507495 Label:BP_Animation_Shift_Platform6 SpatiallyLoaded:1 Bounds:IsValid=true, Min=(X=3500.000 Y=-75.000 Z=1430.000), Max=(X=3800.000 Y=175.000 Z=1440.000) RuntimeGrid:None EditorOnly:0 RuntimeOnly:0 HLODRelevant:0 ListedInSceneOutliner:1 IsMainWorldOnly:0
 |   |   |- [+] [ 24]
 |   |   |   |- Guid:6D85A59B4BBE0787BD55C8ADA186FF00 BaseClass: NativeClass:/Script/Engine.StaticMeshActor Name:StaticMeshActor_UAID_A85E45CD68D9A1C701_1301250680 Label:Plane SpatiallyLoaded:1 Bounds:IsValid=true, Min=(X=-6975.000 Y=-500.000 Z=-3035.000), Max=(X=7975.000 Y=-500.000 Z=10615.000) RuntimeGrid:None EditorOnly:0 RuntimeOnly:0 HLODRelevant:1 ListedInSceneOutliner:1 IsMainWorldOnly:0
 |   |   |- [+] [ 25]
 |   |   |   |- Guid:71C524404A6350C968FA68861CF53750 BaseClass: NativeClass:/Script/Engine.StaticMeshActor Name:StaticMeshActor_UAID_A85E45CD68D99FC701_1281707288 Label:Cube2 SpatiallyLoaded:1 Bounds:IsValid=true, Min=(X=-6900.000 Y=-250.000 Z=-0.000), Max=(X=-5100.000 Y=250.000 Z=10000.000) RuntimeGrid:None EditorOnly:0 RuntimeOnly:0 HLODRelevant:1 ListedInSceneOutliner:1 IsMainWorldOnly:0
 |   |   |- [+] [ 26]
 |   |   |   |- Guid:71FD4962495E483D53028EB91E60C3AE BaseClass: NativeClass:/Script/Engine.StaticMeshActor Name:StaticMeshActor_UAID_A85E45CD68D9A1C701_1613354694 Label:Shape_Cube6 SpatiallyLoaded:1 Bounds:IsValid=true, Min=(X=400.000 Y=-325.000 Z=3120.000), Max=(X=500.000 Y=325.000 Z=5020.000) RuntimeGrid:None EditorOnly:0 RuntimeOnly:0 HLODRelevant:1 ListedInSceneOutliner:1 IsMainWorldOnly:0
 |   |   |- [+] [ 27]
 |   |   |   |- Guid:725721FE43398EE7451959A1262B3666 BaseClass:/Game/LevelPrototyping/Chimp_Game/Meshes/BP_Animation_Shift_Platform.BP_Animation_Shift_Platform_C NativeClass:/Script/Engine.Actor Name:BP_Animation_Shift_Platform_C_UAID_A85E45CD68D9A1C701_1719572699 Label:BP_Animation_Shift_Platform10 SpatiallyLoaded:1 Bounds:IsValid=true, Min=(X=2470.000 Y=-75.000 Z=4270.000), Max=(X=2770.000 Y=175.000 Z=4280.000) RuntimeGrid:None EditorOnly:0 RuntimeOnly:0 HLODRelevant:0 ListedInSceneOutliner:1 IsMainWorldOnly:0
 |   |   |- [+] [ 28]
 |   |   |   |- Guid:762F9D1949E4861676021B993A3320DA BaseClass: NativeClass:/Script/Engine.StaticMeshActor Name:StaticMeshActor_UAID_A85E45CD68D9A1C701_1550809689 Label:SM_Log_Platform9 SpatiallyLoaded:1 Bounds:IsValid=true, Min=(X=1075.000 Y=-375.000 Z=3130.000), Max=(X=1405.000 Y=375.000 Z=3160.000) RuntimeGrid:None EditorOnly:0 RuntimeOnly:0 HLODRelevant:1 ListedInSceneOutliner:1 IsMainWorldOnly:0
 |   |   |- [+] [ 29]
 |   |   |   |- Guid:7BB2A6124D5A060EDC634085CC3B691A BaseClass: NativeClass:/Script/Engine.StaticMeshActor Name:StaticMeshActor_UAID_A85E45CD68D9A0C701_1395630486 Label:SM_Log_Platform SpatiallyLoaded:1 Bounds:IsValid=true, Min=(X=-5121.250 Y=-312.500 Z=840.000), Max=(X=-1903.750 Y=312.500 Z=870.000) RuntimeGrid:None EditorOnly:0 RuntimeOnly:0 HLODRelevant:1 ListedInSceneOutliner:1 IsMainWorldOnly:0
 |   |   |- [+] [ 30]
 |   |   |   |- Guid:887921304033C1B7B79BA08DBCC4E8DB BaseClass: NativeClass:/Script/Engine.PlayerStart Name:PlayerStart_0 Label:PlayerStart SpatiallyLoaded:0 Bounds:IsValid=true, Min=(X=-4890.000 Y=10.000 Z=408.000), Max=(X=-4810.000 Y=90.000 Z=592.000) RuntimeGrid:None EditorOnly:0 RuntimeOnly:0 HLODRelevant:0 ListedInSceneOutliner:1 IsMainWorldOnly:0
 |   |   |- [+] [ 31]
 |   |   |   |- Guid:88BA5F2C45047A530729C49C2297D714 BaseClass: NativeClass:/Script/Engine.StaticMeshActor Name:StaticMeshActor_UAID_A85E45CD68D9A0C701_1977636498 Label:Shape_Cube3 SpatiallyLoaded:1 Bounds:IsValid=true, Min=(X=3540.000 Y=-325.000 Z=2190.000), Max=(X=4440.000 Y=325.000 Z=2290.000) RuntimeGrid:None EditorOnly:0 RuntimeOnly:0 HLODRelevant:1 ListedInSceneOutliner:1 IsMainWorldOnly:0
 |   |   |- [+] [ 32]
 |   |   |   |- Guid:9697FC2347FB4B733DAB9C91DDF8F90C BaseClass: NativeClass:/Script/Engine.VolumetricCloud Name:VolumetricCloud_0 Label:VolumetricCloud SpatiallyLoaded:0 Bounds:IsValid=true, Min=(X=0.000 Y=0.000 Z=820.000), Max=(X=0.000 Y=0.000 Z=820.000) RuntimeGrid:None EditorOnly:0 RuntimeOnly:0 HLODRelevant:0 ListedInSceneOutliner:1 IsMainWorldOnly:0 FolderPath:Lighting FolderGuid:963EC3EB4002CCE9759E2EBA541A873A
 |   |   |- [+] [ 33]
 |   |   |   |- Guid:9EEE4D6C420A4B54FEA312B572D1C67F BaseClass:/Game/LevelPrototyping/Chimp_Game/Meshes/BP_Animation_Shift_Platform.BP_Animation_Shift_Platform_C NativeClass:/Script/Engine.Actor Name:BP_Animation_Shift_Platform_C_UAID_A85E45CD68D9A0C701_1932605496 Label:BP_Animation_Shift_Platform7 SpatiallyLoaded:1 Bounds:IsValid=true, Min=(X=4450.000 Y=-75.000 Z=1800.000), Max=(X=4750.000 Y=175.000 Z=1810.000) RuntimeGrid:None EditorOnly:0 RuntimeOnly:0 HLODRelevant:0 ListedInSceneOutliner:1 IsMainWorldOnly:0
 |   |   |- [+] [ 34]
 |   |   |   |- Guid:A1FE6F6946FADF2D74A42EA8A4946008 BaseClass:/Game/LevelPrototyping/Chimp_Game/Meshes/BP_Animation_Shift_Platform.BP_Animation_Shift_Platform_C NativeClass:/Script/Engine.Actor Name:BP_Animation_Shift_Platform_C_UAID_A85E45CD68D9A1C701_1639141695 Label:BP_Animation_Shift_Platform9 SpatiallyLoaded:1 Bounds:IsValid=true, Min=(X=2920.000 Y=-75.000 Z=3400.000), Max=(X=3220.000 Y=175.000 Z=3410.000) RuntimeGrid:None EditorOnly:0 RuntimeOnly:0 HLODRelevant:0 ListedInSceneOutliner:1 IsMainWorldOnly:0
 |   |   |- [+] [ 35]
 |   |   |   |- Guid:A2544CB24BCC8D7312176992632132D8 BaseClass: NativeClass:/Script/Engine.StaticMeshActor Name:StaticMeshActor_UAID_A85E45CD68D99FC701_1454369290 Label:Cube3 SpatiallyLoaded:1 Bounds:IsValid=true, Min=(X=5100.000 Y=-250.000 Z=-0.000), Max=(X=6900.000 Y=250.000 Z=10000.000) RuntimeGrid:None EditorOnly:0 RuntimeOnly:0 HLODRelevant:1 ListedInSceneOutliner:1 IsMainWorldOnly:0
 |   |   |- [+] [ 36]
 |   |   |   |- Guid:AAEF6C4B448DCB13336B33BFC525EF4C BaseClass: NativeClass:/Script/Engine.StaticMeshActor Name:StaticMeshActor_UAID_A85E45CD68D9A1C701_1505667685 Label:Shape_Pipe2 SpatiallyLoaded:1 Bounds:IsValid=true, Min=(X=4235.000 Y=-450.000 Z=2800.000), Max=(X=4265.000 Y=450.000 Z=2830.000) RuntimeGrid:None EditorOnly:0 RuntimeOnly:0 HLODRelevant:1 ListedInSceneOutliner:1 IsMainWorldOnly:0
 |   |   |- [+] [ 37]
 |   |   |   |- Guid:B6EC7CB14676205C8DA2A482A395BA2F BaseClass: NativeClass:/Script/Engine.StaticMeshActor Name:StaticMeshActor_UAID_A85E45CD68D9A1C701_1550812691 Label:SM_Log_Platform11 SpatiallyLoaded:1 Bounds:IsValid=true, Min=(X=435.000 Y=-375.000 Z=3130.000), Max=(X=765.000 Y=375.000 Z=3160.000) RuntimeGrid:None EditorOnly:0 RuntimeOnly:0 HLODRelevant:1 ListedInSceneOutliner:1 IsMainWorldOnly:0
 |   |   |- [+] [ 38]
 |   |   |   |- Guid:B99896764DFF447449682EB8D5472D9B BaseClass: NativeClass:/Script/Engine.StaticMeshActor Name:StaticMeshActor_UAID_A85E45CD68D9A1C701_1486934684 Label:SM_Log_Platform6 SpatiallyLoaded:1 Bounds:IsValid=true, Min=(X=2035.000 Y=-375.000 Z=3130.000), Max=(X=2365.000 Y=375.000 Z=3160.000) RuntimeGrid:None EditorOnly:0 RuntimeOnly:0 HLODRelevant:1 ListedInSceneOutliner:1 IsMainWorldOnly:0
 |   |   |- [+] [ 39]
 |   |   |   |- Guid:BFAB60884E5B2C8083095A84ACA2B59D BaseClass: NativeClass:/Script/Engine.StaticMeshActor Name:StaticMeshActor_UAID_A85E45CD68D9A1C701_1116089678 Label:Shape_Pipe SpatiallyLoaded:1 Bounds:IsValid=true, Min=(X=3865.000 Y=-450.000 Z=2450.000), Max=(X=3895.000 Y=450.000 Z=2480.000) RuntimeGrid:None EditorOnly:0 RuntimeOnly:0 HLODRelevant:1 ListedInSceneOutliner:1 IsMainWorldOnly:0
 |   |   |- [+] [ 40]
 |   |   |   |- Guid:C3225E724BE623C6759496B27B7F3A3D BaseClass: NativeClass:/Script/Engine.BlockingVolume Name:BlockingVolume_UAID_A85E45CD68D99FC701_1661478292 Label:BlockingVolume2 SpatiallyLoaded:1 Bounds:IsValid=true, Min=(X=-10350.000 Y=-10.000 Z=-425.000), Max=(X=10350.000 Y=10.000 Z=10425.000) RuntimeGrid:None EditorOnly:0 RuntimeOnly:0 HLODRelevant:0 ListedInSceneOutliner:1 IsMainWorldOnly:0
 |   |   |- [+] [ 41]
 |   |   |   |- Guid:C804B4844D202B0DE200EBA9F0051A2E BaseClass:/Game/LevelPrototyping/Chimp_Game/Meshes/BP_Animation_Shift_Platform.BP_Animation_Shift_Platform_C NativeClass:/Script/Engine.Actor Name:BP_Animation_Shift_Platform_C_UAID_A85E45CD68D9A0C701_1912618494 Label:BP_Animation_Shift_Platform5 SpatiallyLoaded:1 Bounds:IsValid=true, Min=(X=3500.000 Y=-75.000 Z=800.000), Max=(X=3800.000 Y=175.000 Z=810.000) RuntimeGrid:None EditorOnly:0 RuntimeOnly:0 HLODRelevant:0 ListedInSceneOutliner:1 IsMainWorldOnly:0
 |   |   |- [+] [ 42]
 |   |   |   |- Guid:C866C77B43AAB9AB145E36A82FB49C69 BaseClass: NativeClass:/Script/Engine.ExponentialHeightFog Name:ExponentialHeightFog_0 Label:ExponentialHeightFog SpatiallyLoaded:0 Bounds:IsValid=true, Min=(X=-5600.000 Y=-50.000 Z=-6850.000), Max=(X=-5600.000 Y=-50.000 Z=-6850.000) RuntimeGrid:None EditorOnly:0 RuntimeOnly:0 HLODRelevant:0 ListedInSceneOutliner:1 IsMainWorldOnly:0 FolderPath:Lighting FolderGuid:963EC3EB4002CCE9759E2EBA541A873A
 |   |   |- [+] [ 43]
 |   |   |   |- Guid:C8F5EF6547967F2511721E84E689246A BaseClass:/Game/LevelPrototyping/Chimp_Game/Meshes/BP_Animation_Shift_Platform.BP_Animation_Shift_Platform_C NativeClass:/Script/Engine.Actor Name:BP_Animation_Shift_Platform_C_UAID_A85E45CD68D9A0C701_1628409488 Label:BP_Animation_Shift_Platform SpatiallyLoaded:1 Bounds:IsValid=true, Min=(X=-1420.000 Y=-75.000 Z=650.000), Max=(X=-1120.000 Y=175.000 Z=660.000) RuntimeGrid:None EditorOnly:0 RuntimeOnly:0 HLODRelevant:0 ListedInSceneOutliner:1 IsMainWorldOnly:0
 |   |   |- [+] [ 44]
 |   |   |   |- Guid:CCBFC5E6404763DF8775ED882DE4B774 BaseClass: NativeClass:/Script/Engine.StaticMeshActor Name:StaticMeshActor_UAID_A85E45CD68D9A1C701_1764727702 Label:Shape_Pipe7 SpatiallyLoaded:1 Bounds:IsValid=true, Min=(X=1635.000 Y=-450.000 Z=4690.000), Max=(X=1665.000 Y=450.000 Z=4720.000) RuntimeGrid:None EditorOnly:0 RuntimeOnly:0 HLODRelevant:1 ListedInSceneOutliner:1 IsMainWorldOnly:0
 |   |   |- [+] [ 45]
 |   |   |   |- Guid:CF9C2D90490EF3E60656D8AB98A7B967 BaseClass: NativeClass:/Script/Engine.StaticMeshActor Name:StaticMeshActor_UAID_A85E45CD68D9A1C701_1785506703 Label:Shape_Pipe8 SpatiallyLoaded:1 Bounds:IsValid=true, Min=(X=1355.000 Y=-450.000 Z=4310.000), Max=(X=1385.000 Y=450.000 Z=4340.000) RuntimeGrid:None EditorOnly:0 RuntimeOnly:0 HLODRelevant:1 ListedInSceneOutliner:1 IsMainWorldOnly:0
 |   |   |- [+] [ 46]
 |   |   |   |- Guid:D54C63EB440EF9684B4F82B24335B569 BaseClass: NativeClass:/Script/Engine.StaticMeshActor Name:StaticMeshActor_UAID_A85E45CD68D9A1C701_1698057698 Label:Shape_Pipe6 SpatiallyLoaded:1 Bounds:IsValid=true, Min=(X=3025.000 Y=-450.000 Z=3900.000), Max=(X=3055.000 Y=450.000 Z=3930.000) RuntimeGrid:None EditorOnly:0 RuntimeOnly:0 HLODRelevant:1 ListedInSceneOutliner:1 IsMainWorldOnly:0
 |   |   |- [+] [ 47]
 |   |   |   |- Guid:DF010A3A470B7AFB76410EAD8E075C06 BaseClass:/Game/LevelPrototyping/Chimp_Game/Meshes/BP_Animation_Shift_Platform.BP_Animation_Shift_Platform_C NativeClass:/Script/Engine.Actor Name:BP_Animation_Shift_Platform_C_UAID_A85E45CD68D9A0C701_1840501490 Label:BP_Animation_Shift_Platform3 SpatiallyLoaded:1 Bounds:IsValid=true, Min=(X=1130.000 Y=-75.000 Z=1350.000), Max=(X=1430.000 Y=175.000 Z=1360.000) RuntimeGrid:None EditorOnly:0 RuntimeOnly:0 HLODRelevant:0 ListedInSceneOutliner:1 IsMainWorldOnly:0
 |   |   |- [+] [ 48]
 |   |   |   |- Guid:EA323E2A41F823DC9EC90C88F813CF46 BaseClass: NativeClass:/Script/Engine.StaticMeshActor Name:StaticMeshActor_UAID_A85E45CD68D9A0C701_1463571487 Label:Shape_Cube SpatiallyLoaded:1 Bounds:IsValid=true, Min=(X=-2010.000 Y=-325.000 Z=870.000), Max=(X=-1910.000 Y=325.000 Z=2545.000) RuntimeGrid:None EditorOnly:0 RuntimeOnly:0 HLODRelevant:1 ListedInSceneOutliner:1 IsMainWorldOnly:0
 |   |   |- [+] [ 49]
 |   |   |   |- Guid:EBA6BE8C4BA3BBA640ADF9AA7F40BC9F BaseClass: NativeClass:/Script/Engine.StaticMeshActor Name:StaticMeshActor_UAID_A85E45CD68D9A1C701_1791835704 Label:Shape_Cube7 SpatiallyLoaded:1 Bounds:IsValid=true, Min=(X=1180.000 Y=-325.000 Z=3970.000), Max=(X=1280.000 Y=325.000 Z=5870.000) RuntimeGrid:None EditorOnly:0 RuntimeOnly:0 HLODRelevant:1 ListedInSceneOutliner:1 IsMainWorldOnly:0
 |   |   |- [+] [ 50]
 |   |   |   |- Guid:ECB9C99F45BF4C93E1EAE08CA736BBD5 BaseClass:/Game/LevelPrototyping/Chimp_Game/Meshes/BP_Animation_Shift_Platform.BP_Animation_Shift_Platform_C NativeClass:/Script/Engine.Actor Name:BP_Animation_Shift_Platform_C_UAID_A85E45CD68D9A0C701_1999904500 Label:BP_Animation_Shift_Platform8 SpatiallyLoaded:1 Bounds:IsValid=true, Min=(X=4910.000 Y=-125.000 Z=2540.000), Max=(X=5110.000 Y=125.000 Z=2550.000) RuntimeGrid:None EditorOnly:0 RuntimeOnly:0 HLODRelevant:0 ListedInSceneOutliner:1 IsMainWorldOnly:0
 |   |   |- [+] [ 51]
 |   |   |   |- Guid:FA44C10A4DB8C8B6C531328DE41102B2 BaseClass:/Game/LevelPrototyping/Chimp_Game/Meshes/BP_Animation_Shift_Platform.BP_Animation_Shift_Platform_C NativeClass:/Script/Engine.Actor Name:BP_Animation_Shift_Platform_C_UAID_A85E45CD68D9A0C701_1694621489 Label:BP_Animation_Shift_Platform2 SpatiallyLoaded:1 Bounds:IsValid=true, Min=(X=790.000 Y=-75.000 Z=1000.000), Max=(X=1090.000 Y=175.000 Z=1010.000) RuntimeGrid:None EditorOnly:0 RuntimeOnly:0 HLODRelevant:0 ListedInSceneOutliner:1 IsMainWorldOnly:0
 |   |   |- [+] [ 52]
 |   |   |   |- Guid:FF1548344245586633FD628B320C789B BaseClass: NativeClass:/Script/Engine.StaticMeshActor Name:StaticMeshActor_UAID_A85E45CD68D9A1C701_1600017693 Label:Shape_Cube5 SpatiallyLoaded:1 Bounds:IsValid=true, Min=(X=-2630.000 Y=-325.000 Z=2210.000), Max=(X=-2530.000 Y=325.000 Z=3885.000) RuntimeGrid:None EditorOnly:0 RuntimeOnly:0 HLODRelevant:1 ListedInSceneOutliner:1 IsMainWorldOnly:0
 |- ContainerInstances:
 |- [+] MainContainer:
 |   |-        ID: 00000000000000000000000000000000
 |   |-  ParentID: 00000000000000000000000000000000
 |   |-    Bounds: IsValid=false, Min=(X=0.000 Y=0.000 Z=0.000), Max=(X=0.000 Y=0.000 Z=0.000)
 |   |- Transform: 0.000000,0.000000,0.000000|0.000000,0.000000,-0.000000|1.000000,1.000000,1.000000
 |   |- Container: /Game/ThirdPerson/Maps/Chimp_Jumper_1
----------------------------------------------------------------------------------------------------------------
Chimp_Jumper_1 - Persistent Level
----------------------------------------------------------------------------------------------------------------
[+] Content of Chimp_Jumper_1 Persistent Level
 |- Always loaded Actor Count: 60 
 |- Actor Path: /Game/ThirdPerson/Maps/Chimp_Jumper_1.Chimp_Jumper_1:PersistentLevel.AbstractNavData-Default
 |- Actor Package: /Game/ThirdPerson/Maps/Chimp_Jumper_1
 |- Actor Path: /Game/ThirdPerson/Maps/Chimp_Jumper_1.Chimp_Jumper_1:PersistentLevel.BlockingVolume_UAID_A85E45CD68D99FC701_1481524291
 |- Actor Package: /Game/__ExternalActors__/ThirdPerson/Maps/Chimp_Jumper_1/9/N8/WXOQDHOSBZL6ULTSR0VWU4
 |- Actor Path: /Game/ThirdPerson/Maps/Chimp_Jumper_1.Chimp_Jumper_1:PersistentLevel.BlockingVolume_UAID_A85E45CD68D99FC701_1661478292
 |- Actor Package: /Game/__ExternalActors__/ThirdPerson/Maps/Chimp_Jumper_1/3/PF/32LV4A5M4X8MNZISCOHSZ7
 |- Actor Path: /Game/ThirdPerson/Maps/Chimp_Jumper_1.Chimp_Jumper_1:PersistentLevel.BP_Animation_Shift_Platform_C_UAID_A85E45CD68D9A0C701_1628409488
 |- Actor Package: /Game/__ExternalActors__/ThirdPerson/Maps/Chimp_Jumper_1/8/CJ/Q3CU975WWUXK7GAXG3R3U8
 |- Actor Path: /Game/ThirdPerson/Maps/Chimp_Jumper_1.Chimp_Jumper_1:PersistentLevel.BP_Animation_Shift_Platform_C_UAID_A85E45CD68D9A0C701_1694621489
 |- Actor Package: /Game/__ExternalActors__/ThirdPerson/Maps/Chimp_Jumper_1/6/Y2/XNIJ5KAR4SSPF8I7E6ZGI4
 |- Actor Path: /Game/ThirdPerson/Maps/Chimp_Jumper_1.Chimp_Jumper_1:PersistentLevel.BP_Animation_Shift_Platform_C_UAID_A85E45CD68D9A0C701_1840501490
 |- Actor Package: /Game/__ExternalActors__/ThirdPerson/Maps/Chimp_Jumper_1/9/2B/H6MLL3VNTN3M3YJ8FLGXJQ
 |- Actor Path: /Game/ThirdPerson/Maps/Chimp_Jumper_1.Chimp_Jumper_1:PersistentLevel.BP_Animation_Shift_Platform_C_UAID_A85E45CD68D9A0C701_1891770493
 |- Actor Package: /Game/__ExternalActors__/ThirdPerson/Maps/Chimp_Jumper_1/B/O2/1WBXRJCY4XLXXCRRE92MK0
 |- Actor Path: /Game/ThirdPerson/Maps/Chimp_Jumper_1.Chimp_Jumper_1:PersistentLevel.BP_Animation_Shift_Platform_C_UAID_A85E45CD68D9A0C701_1912618494
 |- Actor Package: /Game/__ExternalActors__/ThirdPerson/Maps/Chimp_Jumper_1/9/F0/OOPIEZS5XSZKZTWB8XP7U1
 |- Actor Path: /Game/ThirdPerson/Maps/Chimp_Jumper_1.Chimp_Jumper_1:PersistentLevel.BP_Animation_Shift_Platform_C_UAID_A85E45CD68D9A0C701_1925507495
 |- Actor Package: /Game/__ExternalActors__/ThirdPerson/Maps/Chimp_Jumper_1/E/5I/J38JUZJP4T3NQI1EXTUZMI
 |- Actor Path: /Game/ThirdPerson/Maps/Chimp_Jumper_1.Chimp_Jumper_1:PersistentLevel.BP_Animation_Shift_Platform_C_UAID_A85E45CD68D9A0C701_1932605496
 |- Actor Package: /Game/__ExternalActors__/ThirdPerson/Maps/Chimp_Jumper_1/8/UV/DTI5AC3FAUQA4Y702J8QVC
 |- Actor Path: /Game/ThirdPerson/Maps/Chimp_Jumper_1.Chimp_Jumper_1:PersistentLevel.BP_Animation_Shift_Platform_C_UAID_A85E45CD68D9A0C701_1999904500
 |- Actor Package: /Game/__ExternalActors__/ThirdPerson/Maps/Chimp_Jumper_1/9/OZ/5PQ66YPZHL8OA5WV63IO68
 |- Actor Path: /Game/ThirdPerson/Maps/Chimp_Jumper_1.Chimp_Jumper_1:PersistentLevel.BP_Animation_Shift_Platform_C_UAID_A85E45CD68D9A1C701_1639141695
 |- Actor Package: /Game/__ExternalActors__/ThirdPerson/Maps/Chimp_Jumper_1/C/PG/DJ7QK97E5IKRQJO0HNDBN8
 |- Actor Path: /Game/ThirdPerson/Maps/Chimp_Jumper_1.Chimp_Jumper_1:PersistentLevel.BP_Animation_Shift_Platform_C_UAID_A85E45CD68D9A1C701_1719572699
 |- Actor Package: /Game/__ExternalActors__/ThirdPerson/Maps/Chimp_Jumper_1/D/M7/0QVZETVLNXGLLSYIQJEZQQ
 |- Actor Path: /Game/ThirdPerson/Maps/Chimp_Jumper_1.Chimp_Jumper_1:PersistentLevel.BP_Animation_Shift_Platform_C_UAID_A85E45CD68D9A1C701_1747884701
 |- Actor Package: /Game/__ExternalActors__/ThirdPerson/Maps/Chimp_Jumper_1/B/5G/DW3ATA4YBPYP9NSZPTGT8H
 |- Actor Path: /Game/ThirdPerson/Maps/Chimp_Jumper_1.Chimp_Jumper_1:PersistentLevel.Brush_0
 |- Actor Package: /Game/ThirdPerson/Maps/Chimp_Jumper_1
 |- Actor Path: /Game/ThirdPerson/Maps/Chimp_Jumper_1.Chimp_Jumper_1:PersistentLevel.DefaultPhysicsVolume_0
 |- Actor Package: /Game/ThirdPerson/Maps/Chimp_Jumper_1
 |- Actor Path: /Game/ThirdPerson/Maps/Chimp_Jumper_1.Chimp_Jumper_1:PersistentLevel.DirectionalLight_0
 |- Actor Package: /Game/__ExternalActors__/ThirdPerson/Maps/Chimp_Jumper_1/F/4I/DXE27T0SF5D3CNTYEUN7ZI
 |- Actor Path: /Game/ThirdPerson/Maps/Chimp_Jumper_1.Chimp_Jumper_1:PersistentLevel.ExponentialHeightFog_0
 |- Actor Package: /Game/__ExternalActors__/ThirdPerson/Maps/Chimp_Jumper_1/9/Q3/6X44LBWPQZVY8J7NASXYOY
 |- Actor Path: /Game/ThirdPerson/Maps/Chimp_Jumper_1.Chimp_Jumper_1:PersistentLevel.GameplayDebuggerPlayerManager_0
 |- Actor Package: /Game/ThirdPerson/Maps/Chimp_Jumper_1
 |- Actor Path: /Game/ThirdPerson/Maps/Chimp_Jumper_1.Chimp_Jumper_1:PersistentLevel.PlayerStart_0
 |- Actor Package: /Game/__ExternalActors__/ThirdPerson/Maps/Chimp_Jumper_1/E/0O/JY29YU4KBNOA0BGD5GG9ON
 |- Actor Path: /Game/ThirdPerson/Maps/Chimp_Jumper_1.Chimp_Jumper_1:PersistentLevel.PostProcessVolume_0
 |- Actor Package: /Game/__ExternalActors__/ThirdPerson/Maps/Chimp_Jumper_1/A/YE/JLORQUKR37HQZYQ12T0HZT
 |- Actor Path: /Game/ThirdPerson/Maps/Chimp_Jumper_1.Chimp_Jumper_1:PersistentLevel.SkyAtmosphere_0
 |- Actor Package: /Game/__ExternalActors__/ThirdPerson/Maps/Chimp_Jumper_1/C/ID/WL9Z5BCAFSBCG184URORAP
 |- Actor Path: /Game/ThirdPerson/Maps/Chimp_Jumper_1.Chimp_Jumper_1:PersistentLevel.SkyLight_1
 |- Actor Package: /Game/__ExternalActors__/ThirdPerson/Maps/Chimp_Jumper_1/0/PE/ECP1F5B137UP3RRYPPLF0X
 |- Actor Path: /Game/ThirdPerson/Maps/Chimp_Jumper_1.Chimp_Jumper_1:PersistentLevel.StaticMeshActor_UAID_A4AE111137DC5EFB00_1110535423
 |- Actor Package: /Game/__ExternalActors__/ThirdPerson/Maps/Chimp_Jumper_1/8/OK/1WR6G2YNCKBBRLPAD8RH2Y
 |- Actor Path: /Game/ThirdPerson/Maps/Chimp_Jumper_1.Chimp_Jumper_1:PersistentLevel.StaticMeshActor_UAID_A85E45CD68D99FC701_1137728287
 |- Actor Package: /Game/__ExternalActors__/ThirdPerson/Maps/Chimp_Jumper_1/E/M0/FR8RWR7JXKKYE3DKMQVY42
 |- Actor Path: /Game/ThirdPerson/Maps/Chimp_Jumper_1.Chimp_Jumper_1:PersistentLevel.StaticMeshActor_UAID_A85E45CD68D99FC701_1281707288
 |- Actor Package: /Game/__ExternalActors__/ThirdPerson/Maps/Chimp_Jumper_1/E/OD/D78LB09WANC0Y6KQ37W1FW
 |- Actor Path: /Game/ThirdPerson/Maps/Chimp_Jumper_1.Chimp_Jumper_1:PersistentLevel.StaticMeshActor_UAID_A85E45CD68D99FC701_1454369290
 |- Actor Package: /Game/__ExternalActors__/ThirdPerson/Maps/Chimp_Jumper_1/1/4I/A0VSAYUEN9URD7FIXTKUBC
 |- Actor Path: /Game/ThirdPerson/Maps/Chimp_Jumper_1.Chimp_Jumper_1:PersistentLevel.StaticMeshActor_UAID_A85E45CD68D9A0C701_1395630486
 |- Actor Package: /Game/__ExternalActors__/ThirdPerson/Maps/Chimp_Jumper_1/6/K5/0PXVWZQKEBEOKNGP8CL06Q
 |- Actor Path: /Game/ThirdPerson/Maps/Chimp_Jumper_1.Chimp_Jumper_1:PersistentLevel.StaticMeshActor_UAID_A85E45CD68D9A0C701_1463571487
 |- Actor Package: /Game/__ExternalActors__/ThirdPerson/Maps/Chimp_Jumper_1/9/LC/PZ4Q6D0USQRJIYG9KXHO3B
 |- Actor Path: /Game/ThirdPerson/Maps/Chimp_Jumper_1.Chimp_Jumper_1:PersistentLevel.StaticMeshActor_UAID_A85E45CD68D9A0C701_1968016497
 |- Actor Package: /Game/__ExternalActors__/ThirdPerson/Maps/Chimp_Jumper_1/2/YF/ZW5IEUBZGH5ZHFN220825T
 |- Actor Path: /Game/ThirdPerson/Maps/Chimp_Jumper_1.Chimp_Jumper_1:PersistentLevel.StaticMeshActor_UAID_A85E45CD68D9A0C701_1977636498
 |- Actor Package: /Game/__ExternalActors__/ThirdPerson/Maps/Chimp_Jumper_1/7/5H/8QHJMKTAOCL38CWACV5A00
 |- Actor Path: /Game/ThirdPerson/Maps/Chimp_Jumper_1.Chimp_Jumper_1:PersistentLevel.StaticMeshActor_UAID_A85E45CD68D9A0C701_2134891501
 |- Actor Package: /Game/__ExternalActors__/ThirdPerson/Maps/Chimp_Jumper_1/D/1J/2DZ5VPN9HE34OJAJD47X6I
 |- Actor Path: /Game/ThirdPerson/Maps/Chimp_Jumper_1.Chimp_Jumper_1:PersistentLevel.StaticMeshActor_UAID_A85E45CD68D9A1C701_1116089678
 |- Actor Package: /Game/__ExternalActors__/ThirdPerson/Maps/Chimp_Jumper_1/C/4A/NXS5ADJTTX8ZNX8PSGLITP
 |- Actor Path: /Game/ThirdPerson/Maps/Chimp_Jumper_1.Chimp_Jumper_1:PersistentLevel.StaticMeshActor_UAID_A85E45CD68D9A1C701_1301250680
 |- Actor Package: /Game/__ExternalActors__/ThirdPerson/Maps/Chimp_Jumper_1/9/FK/PX5YI58IOLY0Z8WCA4PA6L
 |- Actor Path: /Game/ThirdPerson/Maps/Chimp_Jumper_1.Chimp_Jumper_1:PersistentLevel.StaticMeshActor_UAID_A85E45CD68D9A1C701_1474029681
 |- Actor Package: /Game/__ExternalActors__/ThirdPerson/Maps/Chimp_Jumper_1/3/K0/EKWRZF837OX90F5ULKYOHZ
 |- Actor Path: /Game/ThirdPerson/Maps/Chimp_Jumper_1.Chimp_Jumper_1:PersistentLevel.StaticMeshActor_UAID_A85E45CD68D9A1C701_1480958682
 |- Actor Package: /Game/__ExternalActors__/ThirdPerson/Maps/Chimp_Jumper_1/9/3Q/ZPQIXOCRSDAJ14E8B97JAM
 |- Actor Path: /Game/ThirdPerson/Maps/Chimp_Jumper_1.Chimp_Jumper_1:PersistentLevel.StaticMeshActor_UAID_A85E45CD68D9A1C701_1484394683
 |- Actor Package: /Game/__ExternalActors__/ThirdPerson/Maps/Chimp_Jumper_1/0/PS/6AK3TTO7PONJCHO098O7SB
 |- Actor Path: /Game/ThirdPerson/Maps/Chimp_Jumper_1.Chimp_Jumper_1:PersistentLevel.StaticMeshActor_UAID_A85E45CD68D9A1C701_1486934684
 |- Actor Package: /Game/__ExternalActors__/ThirdPerson/Maps/Chimp_Jumper_1/8/05/B2EU17693BTSOF9RQXKRHM
 |- Actor Path: /Game/ThirdPerson/Maps/Chimp_Jumper_1.Chimp_Jumper_1:PersistentLevel.StaticMeshActor_UAID_A85E45CD68D9A1C701_1505667685
 |- Actor Package: /Game/__ExternalActors__/ThirdPerson/Maps/Chimp_Jumper_1/2/64/XPSVRQ2E4LK1FKU6YDN1B9
 |- Actor Path: /Game/ThirdPerson/Maps/Chimp_Jumper_1.Chimp_Jumper_1:PersistentLevel.StaticMeshActor_UAID_A85E45CD68D9A1C701_1523720686
 |- Actor Package: /Game/__ExternalActors__/ThirdPerson/Maps/Chimp_Jumper_1/0/62/PTOQUA821CCJLF0FELHO8K
 |- Actor Path: /Game/ThirdPerson/Maps/Chimp_Jumper_1.Chimp_Jumper_1:PersistentLevel.StaticMeshActor_UAID_A85E45CD68D9A1C701_1550806687
 |- Actor Package: /Game/__ExternalActors__/ThirdPerson/Maps/Chimp_Jumper_1/8/MQ/SY8CSTPE4QWAU5U8JXLUS3
 |- Actor Path: /Game/ThirdPerson/Maps/Chimp_Jumper_1.Chimp_Jumper_1:PersistentLevel.StaticMeshActor_UAID_A85E45CD68D9A1C701_1550808688
 |- Actor Package: /Game/__ExternalActors__/ThirdPerson/Maps/Chimp_Jumper_1/2/H0/YGE0EVBX2OSQTTJ1BJ95GW
 |- Actor Path: /Game/ThirdPerson/Maps/Chimp_Jumper_1.Chimp_Jumper_1:PersistentLevel.StaticMeshActor_UAID_A85E45CD68D9A1C701_1550809689
 |- Actor Package: /Game/__ExternalActors__/ThirdPerson/Maps/Chimp_Jumper_1/1/ZD/ADA8KM0363NVWOUZ7ZFYTC
 |- Actor Path: /Game/ThirdPerson/Maps/Chimp_Jumper_1.Chimp_Jumper_1:PersistentLevel.StaticMeshActor_UAID_A85E45CD68D9A1C701_1550810690
 |- Actor Package: /Game/__ExternalActors__/ThirdPerson/Maps/Chimp_Jumper_1/8/W4/NI7PVYV27N3QTMTAVZ88YF
 |- Actor Path: /Game/ThirdPerson/Maps/Chimp_Jumper_1.Chimp_Jumper_1:PersistentLevel.StaticMeshActor_UAID_A85E45CD68D9A1C701_1550812691
 |- Actor Package: /Game/__ExternalActors__/ThirdPerson/Maps/Chimp_Jumper_1/A/QD/GQJRVBMSA9932NGFB1EUAV
 |- Actor Path: /Game/ThirdPerson/Maps/Chimp_Jumper_1.Chimp_Jumper_1:PersistentLevel.StaticMeshActor_UAID_A85E45CD68D9A1C701_1562017692
 |- Actor Package: /Game/__ExternalActors__/ThirdPerson/Maps/Chimp_Jumper_1/A/E8/ZOTOUF02M4NO6V6FQTX555
 |- Actor Path: /Game/ThirdPerson/Maps/Chimp_Jumper_1.Chimp_Jumper_1:PersistentLevel.StaticMeshActor_UAID_A85E45CD68D9A1C701_1600017693
 |- Actor Package: /Game/__ExternalActors__/ThirdPerson/Maps/Chimp_Jumper_1/1/AO/4IBUV5KIMQOS37SCSJSAI0
 |- Actor Path: /Game/ThirdPerson/Maps/Chimp_Jumper_1.Chimp_Jumper_1:PersistentLevel.StaticMeshActor_UAID_A85E45CD68D9A1C701_1613354694
 |- Actor Package: /Game/__ExternalActors__/ThirdPerson/Maps/Chimp_Jumper_1/4/D0/Q4Z98URS25U6F9JF0PM3GH
 |- Actor Path: /Game/ThirdPerson/Maps/Chimp_Jumper_1.Chimp_Jumper_1:PersistentLevel.StaticMeshActor_UAID_A85E45CD68D9A1C701_1686277696
 |- Actor Package: /Game/__ExternalActors__/ThirdPerson/Maps/Chimp_Jumper_1/6/1M/O45JS5UQL249C50EPW6UPX
 |- Actor Path: /Game/ThirdPerson/Maps/Chimp_Jumper_1.Chimp_Jumper_1:PersistentLevel.StaticMeshActor_UAID_A85E45CD68D9A1C701_1698057698
 |- Actor Package: /Game/__ExternalActors__/ThirdPerson/Maps/Chimp_Jumper_1/D/2D/SK15E5SLGOUTD4RFHXSJG0
 |- Actor Path: /Game/ThirdPerson/Maps/Chimp_Jumper_1.Chimp_Jumper_1:PersistentLevel.StaticMeshActor_UAID_A85E45CD68D9A1C701_1764727702
 |- Actor Package: /Game/__ExternalActors__/ThirdPerson/Maps/Chimp_Jumper_1/B/NY/N5DFCY05BSFJ8UHXY8GJ4H
 |- Actor Path: /Game/ThirdPerson/Maps/Chimp_Jumper_1.Chimp_Jumper_1:PersistentLevel.StaticMeshActor_UAID_A85E45CD68D9A1C701_1785506703
 |- Actor Package: /Game/__ExternalActors__/ThirdPerson/Maps/Chimp_Jumper_1/8/N5/7L8R8XNGABDW07QU9HDABR
 |- Actor Path: /Game/ThirdPerson/Maps/Chimp_Jumper_1.Chimp_Jumper_1:PersistentLevel.StaticMeshActor_UAID_A85E45CD68D9A1C701_1791835704
 |- Actor Package: /Game/__ExternalActors__/ThirdPerson/Maps/Chimp_Jumper_1/5/IV/CDNO51882E5PBT4X99CPHG
 |- Actor Path: /Game/ThirdPerson/Maps/Chimp_Jumper_1.Chimp_Jumper_1:PersistentLevel.StaticMeshActor_UAID_A85E45CD68D9A1C701_1800519705
 |- Actor Package: /Game/__ExternalActors__/ThirdPerson/Maps/Chimp_Jumper_1/4/8V/HD5SCYNZ6MSFMSK80BBSS6
 |- Actor Path: /Game/ThirdPerson/Maps/Chimp_Jumper_1.Chimp_Jumper_1:PersistentLevel.StaticMeshActor_UAID_A85E45CD68D9A1C701_1812906706
 |- Actor Package: /Game/__ExternalActors__/ThirdPerson/Maps/Chimp_Jumper_1/9/S5/2QL066O13SI8WRVP0X100V
 |- Actor Path: /Game/ThirdPerson/Maps/Chimp_Jumper_1.Chimp_Jumper_1:PersistentLevel.ThirdPersonMap1_C_1
 |- Actor Package: /Game/ThirdPerson/Maps/Chimp_Jumper_1
 |- Actor Path: /Game/ThirdPerson/Maps/Chimp_Jumper_1.Chimp_Jumper_1:PersistentLevel.VolumetricCloud_0
 |- Actor Package: /Game/__ExternalActors__/ThirdPerson/Maps/Chimp_Jumper_1/9/4A/L2147YFKLTLX7ZVC63C27X
 |- Actor Path: /Game/ThirdPerson/Maps/Chimp_Jumper_1.Chimp_Jumper_1:PersistentLevel.WorldDataLayers
 |- Actor Package: /Game/__ExternalActors__/ThirdPerson/Maps/Chimp_Jumper_1/3/DU/IY5WAUDRDKPIUHK41KAMUJ
 |- Actor Path: /Game/ThirdPerson/Maps/Chimp_Jumper_1.Chimp_Jumper_1:PersistentLevel.WorldInfo_0
 |- Actor Package: /Game/ThirdPerson/Maps/Chimp_Jumper_1
 |- Actor Path: /Game/ThirdPerson/Maps/Chimp_Jumper_1.Chimp_Jumper_1:PersistentLevel.WorldPartitionMiniMap_0
 |- Actor Package: /Game/__ExternalActors__/ThirdPerson/Maps/Chimp_Jumper_1/9/KC/1F1MXV4VO7KAJBER1OBOX4

----------------------------------------------------------------------------------------------------------------
Chimp_Jumper_1 - Runtime Spatial Hash - Streaming Grid - MainGrid
----------------------------------------------------------------------------------------------------------------
            Origin: X=0.000 Y=0.000 Z=0.000
         Cell Size: 12800
      World Bounds: IsValid=false, Min=(X=0.000 Y=0.000 Z=0.000), Max=(X=0.000 Y=0.000 Z=0.000)
     Loading Range: 25600.00
Block Slow Loading: No
 ClientOnlyVisible: No
            Origin: X=0.000 Y=0.000 Z=0.000

[+] Grid Levels: 1
 |- Level  0: Cell Count    0 | Cell Size   12800 | Actor Count    0 (0.0%)

[+] Content of Grid Level 0

