[+] Containers:
 |- [+] Container: /Game/ThirdPerson/Maps/Chimp_Jumper_1
 |   |- [+] ActorDescs:
 |   |   |- Guid:203D52E04A56E88F8FB3459AE537B85D BaseClass: NativeClass:/Script/Engine.WorldDataLayers Name:WorldDataLayers Label:WorldDataLayers SpatiallyLoaded:0 Bounds:Invalid RuntimeGrid:None EditorOnly:0 RuntimeOnly:0 HLODRelevant:0 ListedInSceneOutliner:1 IsMainWorldOnly:1
 |   |   |- Guid:213279834EE3845B8533D88B53FBF9B9 BaseClass: NativeClass:/Script/Engine.StaticMeshActor Name:StaticMeshActor_UAID_A85E45CD68D99FC701_1137728287 Label:Cube SpatiallyLoaded:1 Bounds:IsValid=true, Min=(X=-6900.000 Y=-250.000 Z=-360.000), Max=(X=6900.000 Y=250.000 Z=340.000) RuntimeGrid:None EditorOnly:0 RuntimeOnly:0 HLODRelevant:1 ListedInSceneOutliner:1 IsMainWorldOnly:0
 |   |   |- Guid:287D49CB44AE1162EB85CCA51E00EC09 BaseClass: NativeClass:/Script/Engine.PostProcessVolume Name:PostProcessVolume_0 Label:PostProcessVolume SpatiallyLoaded:0 Bounds:IsValid=true, Min=(X=0.000 Y=0.000 Z=400.000), Max=(X=200.000 Y=200.000 Z=600.000) RuntimeGrid:None EditorOnly:0 RuntimeOnly:0 HLODRelevant:0 ListedInSceneOutliner:1 IsMainWorldOnly:0 FolderPath:Lighting FolderGuid:963EC3EB4002CCE9759E2EBA541A873A
 |   |   |- Guid:2910D9E14A44FB103445F492BAC74891 BaseClass: NativeClass:/Script/Engine.StaticMeshActor Name:StaticMeshActor_UAID_A4AE111137DC5EFB00_1110535423 Label:SM_SkySphere SpatiallyLoaded:0 Bounds:IsValid=true, Min=(X=-1638400.000 Y=-1638400.000 Z=-1638400.000), Max=(X=1638400.000 Y=1638400.000 Z=1638400.000) RuntimeGrid:None EditorOnly:0 RuntimeOnly:0 HLODRelevant:1 ListedInSceneOutliner:1 IsMainWorldOnly:0 FolderPath:Lighting FolderGuid:963EC3EB4002CCE9759E2EBA541A873A
 |   |   |- Guid:2A6A27E5471DAAADB08587A71678B1EB BaseClass: NativeClass:/Script/Engine.SkyLight Name:SkyLight_1 Label:SkyLight SpatiallyLoaded:0 Bounds:IsValid=true, Min=(X=0.000 Y=0.000 Z=690.000), Max=(X=0.000 Y=0.000 Z=690.000) RuntimeGrid:None EditorOnly:0 RuntimeOnly:0 HLODRelevant:0 ListedInSceneOutliner:1 IsMainWorldOnly:0 FolderPath:Lighting FolderGuid:963EC3EB4002CCE9759E2EBA541A873A
 |   |   |- Guid:450472544024B34F2F6403AAB3EA2687 BaseClass: NativeClass:/Script/Engine.SkyAtmosphere Name:SkyAtmosphere_0 Label:SkyAtmosphere SpatiallyLoaded:0 Bounds:IsValid=true, Min=(X=0.000 Y=0.000 Z=1020.000), Max=(X=0.000 Y=0.000 Z=1020.000) RuntimeGrid:None EditorOnly:0 RuntimeOnly:0 HLODRelevant:0 ListedInSceneOutliner:1 IsMainWorldOnly:0 FolderPath:Lighting FolderGuid:963EC3EB4002CCE9759E2EBA541A873A
 |   |   |- Guid:5C292C024DAADC733DB52591FBC442B3 BaseClass: NativeClass:/Script/Engine.BlockingVolume Name:BlockingVolume_UAID_A85E45CD68D99FC701_1481524291 Label:BlockingVolume SpatiallyLoaded:1 Bounds:IsValid=true, Min=(X=-10350.000 Y=90.000 Z=-425.000), Max=(X=10350.000 Y=110.000 Z=10425.000) RuntimeGrid:None EditorOnly:0 RuntimeOnly:0 HLODRelevant:0 ListedInSceneOutliner:1 IsMainWorldOnly:0
 |   |   |- Guid:61AFE2AC427C0B7A4C0FCDA5836941F4 BaseClass: NativeClass:/Script/Engine.DirectionalLight Name:DirectionalLight_0 Label:DirectionalLight SpatiallyLoaded:0 Bounds:IsValid=true, Min=(X=-4398046511104.000 Y=-4398046511104.000 Z=-4398046511104.000), Max=(X=4398046511104.000 Y=4398046511104.000 Z=4398046511104.000) RuntimeGrid:None EditorOnly:0 RuntimeOnly:0 HLODRelevant:0 ListedInSceneOutliner:1 IsMainWorldOnly:0 FolderPath:Lighting FolderGuid:963EC3EB4002CCE9759E2EBA541A873A
 |   |   |- Guid:71C524404A6350C968FA68861CF53750 BaseClass: NativeClass:/Script/Engine.StaticMeshActor Name:StaticMeshActor_UAID_A85E45CD68D99FC701_1281707288 Label:Cube2 SpatiallyLoaded:1 Bounds:IsValid=true, Min=(X=-6900.000 Y=-250.000 Z=-0.000), Max=(X=-5100.000 Y=250.000 Z=10000.000) RuntimeGrid:None EditorOnly:0 RuntimeOnly:0 HLODRelevant:1 ListedInSceneOutliner:1 IsMainWorldOnly:0
 |   |   |- Guid:7BB2A6124D5A060EDC634085CC3B691A BaseClass: NativeClass:/Script/Engine.StaticMeshActor Name:StaticMeshActor_UAID_A85E45CD68D9A0C701_1395630486 Label:SM_Log_Platform SpatiallyLoaded:1 Bounds:IsValid=true, Min=(X=-5121.250 Y=-312.500 Z=840.000), Max=(X=-1903.750 Y=312.500 Z=870.000) RuntimeGrid:None EditorOnly:0 RuntimeOnly:0 HLODRelevant:1 ListedInSceneOutliner:1 IsMainWorldOnly:0
 |   |   |- Guid:887921304033C1B7B79BA08DBCC4E8DB BaseClass: NativeClass:/Script/Engine.PlayerStart Name:PlayerStart_0 Label:PlayerStart SpatiallyLoaded:0 Bounds:IsValid=true, Min=(X=-4890.000 Y=10.000 Z=408.000), Max=(X=-4810.000 Y=90.000 Z=592.000) RuntimeGrid:None EditorOnly:0 RuntimeOnly:0 HLODRelevant:0 ListedInSceneOutliner:1 IsMainWorldOnly:0
 |   |   |- Guid:9697FC2347FB4B733DAB9C91DDF8F90C BaseClass: NativeClass:/Script/Engine.VolumetricCloud Name:VolumetricCloud_0 Label:VolumetricCloud SpatiallyLoaded:0 Bounds:IsValid=true, Min=(X=0.000 Y=0.000 Z=820.000), Max=(X=0.000 Y=0.000 Z=820.000) RuntimeGrid:None EditorOnly:0 RuntimeOnly:0 HLODRelevant:0 ListedInSceneOutliner:1 IsMainWorldOnly:0 FolderPath:Lighting FolderGuid:963EC3EB4002CCE9759E2EBA541A873A
 |   |   |- Guid:A2544CB24BCC8D7312176992632132D8 BaseClass: NativeClass:/Script/Engine.StaticMeshActor Name:StaticMeshActor_UAID_A85E45CD68D99FC701_1454369290 Label:Cube3 SpatiallyLoaded:1 Bounds:IsValid=true, Min=(X=5100.000 Y=-250.000 Z=-0.000), Max=(X=6900.000 Y=250.000 Z=10000.000) RuntimeGrid:None EditorOnly:0 RuntimeOnly:0 HLODRelevant:1 ListedInSceneOutliner:1 IsMainWorldOnly:0
 |   |   |- Guid:C3225E724BE623C6759496B27B7F3A3D BaseClass: NativeClass:/Script/Engine.BlockingVolume Name:BlockingVolume_UAID_A85E45CD68D99FC701_1661478292 Label:BlockingVolume2 SpatiallyLoaded:1 Bounds:IsValid=true, Min=(X=-10350.000 Y=-10.000 Z=-425.000), Max=(X=10350.000 Y=10.000 Z=10425.000) RuntimeGrid:None EditorOnly:0 RuntimeOnly:0 HLODRelevant:0 ListedInSceneOutliner:1 IsMainWorldOnly:0
 |   |   |- Guid:C866C77B43AAB9AB145E36A82FB49C69 BaseClass: NativeClass:/Script/Engine.ExponentialHeightFog Name:ExponentialHeightFog_0 Label:ExponentialHeightFog SpatiallyLoaded:0 Bounds:IsValid=true, Min=(X=-5600.000 Y=-50.000 Z=-6850.000), Max=(X=-5600.000 Y=-50.000 Z=-6850.000) RuntimeGrid:None EditorOnly:0 RuntimeOnly:0 HLODRelevant:0 ListedInSceneOutliner:1 IsMainWorldOnly:0 FolderPath:Lighting FolderGuid:963EC3EB4002CCE9759E2EBA541A873A
 |   |   |- Guid:C8F5EF6547967F2511721E84E689246A BaseClass:/Game/LevelPrototyping/Chimp_Game/Meshes/BP_Animation_Shift_Platform.BP_Animation_Shift_Platform_C NativeClass:/Script/Engine.Actor Name:BP_Animation_Shift_Platform_C_UAID_A85E45CD68D9A0C701_1628409488 Label:BP_Animation_Shift_Platform SpatiallyLoaded:1 Bounds:IsValid=true, Min=(X=-1380.000 Y=-75.000 Z=650.000), Max=(X=-1180.000 Y=175.000 Z=660.000) RuntimeGrid:None EditorOnly:0 RuntimeOnly:0 HLODRelevant:0 ListedInSceneOutliner:1 IsMainWorldOnly:0
 |   |   |- Guid:EA323E2A41F823DC9EC90C88F813CF46 BaseClass: NativeClass:/Script/Engine.StaticMeshActor Name:StaticMeshActor_UAID_A85E45CD68D9A0C701_1463571487 Label:Shape_Cube SpatiallyLoaded:1 Bounds:IsValid=true, Min=(X=-2010.000 Y=-325.000 Z=870.000), Max=(X=-1910.000 Y=325.000 Z=1770.000) RuntimeGrid:None EditorOnly:0 RuntimeOnly:0 HLODRelevant:1 ListedInSceneOutliner:1 IsMainWorldOnly:0
 |   |- [+] Clusters:
 |   |   |- [+] [  0]
 |   |   |   |- Guid:203D52E04A56E88F8FB3459AE537B85D BaseClass: NativeClass:/Script/Engine.WorldDataLayers Name:WorldDataLayers Label:WorldDataLayers SpatiallyLoaded:0 Bounds:Invalid RuntimeGrid:None EditorOnly:0 RuntimeOnly:0 HLODRelevant:0 ListedInSceneOutliner:1 IsMainWorldOnly:1
 |   |   |- [+] [  1]
 |   |   |   |- Guid:213279834EE3845B8533D88B53FBF9B9 BaseClass: NativeClass:/Script/Engine.StaticMeshActor Name:StaticMeshActor_UAID_A85E45CD68D99FC701_1137728287 Label:Cube SpatiallyLoaded:1 Bounds:IsValid=true, Min=(X=-6900.000 Y=-250.000 Z=-360.000), Max=(X=6900.000 Y=250.000 Z=340.000) RuntimeGrid:None EditorOnly:0 RuntimeOnly:0 HLODRelevant:1 ListedInSceneOutliner:1 IsMainWorldOnly:0
 |   |   |- [+] [  2]
 |   |   |   |- Guid:287D49CB44AE1162EB85CCA51E00EC09 BaseClass: NativeClass:/Script/Engine.PostProcessVolume Name:PostProcessVolume_0 Label:PostProcessVolume SpatiallyLoaded:0 Bounds:IsValid=true, Min=(X=0.000 Y=0.000 Z=400.000), Max=(X=200.000 Y=200.000 Z=600.000) RuntimeGrid:None EditorOnly:0 RuntimeOnly:0 HLODRelevant:0 ListedInSceneOutliner:1 IsMainWorldOnly:0 FolderPath:Lighting FolderGuid:963EC3EB4002CCE9759E2EBA541A873A
 |   |   |- [+] [  3]
 |   |   |   |- Guid:2910D9E14A44FB103445F492BAC74891 BaseClass: NativeClass:/Script/Engine.StaticMeshActor Name:StaticMeshActor_UAID_A4AE111137DC5EFB00_1110535423 Label:SM_SkySphere SpatiallyLoaded:0 Bounds:IsValid=true, Min=(X=-1638400.000 Y=-1638400.000 Z=-1638400.000), Max=(X=1638400.000 Y=1638400.000 Z=1638400.000) RuntimeGrid:None EditorOnly:0 RuntimeOnly:0 HLODRelevant:1 ListedInSceneOutliner:1 IsMainWorldOnly:0 FolderPath:Lighting FolderGuid:963EC3EB4002CCE9759E2EBA541A873A
 |   |   |- [+] [  4]
 |   |   |   |- Guid:2A6A27E5471DAAADB08587A71678B1EB BaseClass: NativeClass:/Script/Engine.SkyLight Name:SkyLight_1 Label:SkyLight SpatiallyLoaded:0 Bounds:IsValid=true, Min=(X=0.000 Y=0.000 Z=690.000), Max=(X=0.000 Y=0.000 Z=690.000) RuntimeGrid:None EditorOnly:0 RuntimeOnly:0 HLODRelevant:0 ListedInSceneOutliner:1 IsMainWorldOnly:0 FolderPath:Lighting FolderGuid:963EC3EB4002CCE9759E2EBA541A873A
 |   |   |- [+] [  5]
 |   |   |   |- Guid:450472544024B34F2F6403AAB3EA2687 BaseClass: NativeClass:/Script/Engine.SkyAtmosphere Name:SkyAtmosphere_0 Label:SkyAtmosphere SpatiallyLoaded:0 Bounds:IsValid=true, Min=(X=0.000 Y=0.000 Z=1020.000), Max=(X=0.000 Y=0.000 Z=1020.000) RuntimeGrid:None EditorOnly:0 RuntimeOnly:0 HLODRelevant:0 ListedInSceneOutliner:1 IsMainWorldOnly:0 FolderPath:Lighting FolderGuid:963EC3EB4002CCE9759E2EBA541A873A
 |   |   |- [+] [  6]
 |   |   |   |- Guid:5C292C024DAADC733DB52591FBC442B3 BaseClass: NativeClass:/Script/Engine.BlockingVolume Name:BlockingVolume_UAID_A85E45CD68D99FC701_1481524291 Label:BlockingVolume SpatiallyLoaded:1 Bounds:IsValid=true, Min=(X=-10350.000 Y=90.000 Z=-425.000), Max=(X=10350.000 Y=110.000 Z=10425.000) RuntimeGrid:None EditorOnly:0 RuntimeOnly:0 HLODRelevant:0 ListedInSceneOutliner:1 IsMainWorldOnly:0
 |   |   |- [+] [  7]
 |   |   |   |- Guid:61AFE2AC427C0B7A4C0FCDA5836941F4 BaseClass: NativeClass:/Script/Engine.DirectionalLight Name:DirectionalLight_0 Label:DirectionalLight SpatiallyLoaded:0 Bounds:IsValid=true, Min=(X=-4398046511104.000 Y=-4398046511104.000 Z=-4398046511104.000), Max=(X=4398046511104.000 Y=4398046511104.000 Z=4398046511104.000) RuntimeGrid:None EditorOnly:0 RuntimeOnly:0 HLODRelevant:0 ListedInSceneOutliner:1 IsMainWorldOnly:0 FolderPath:Lighting FolderGuid:963EC3EB4002CCE9759E2EBA541A873A
 |   |   |- [+] [  8]
 |   |   |   |- Guid:71C524404A6350C968FA68861CF53750 BaseClass: NativeClass:/Script/Engine.StaticMeshActor Name:StaticMeshActor_UAID_A85E45CD68D99FC701_1281707288 Label:Cube2 SpatiallyLoaded:1 Bounds:IsValid=true, Min=(X=-6900.000 Y=-250.000 Z=-0.000), Max=(X=-5100.000 Y=250.000 Z=10000.000) RuntimeGrid:None EditorOnly:0 RuntimeOnly:0 HLODRelevant:1 ListedInSceneOutliner:1 IsMainWorldOnly:0
 |   |   |- [+] [  9]
 |   |   |   |- Guid:7BB2A6124D5A060EDC634085CC3B691A BaseClass: NativeClass:/Script/Engine.StaticMeshActor Name:StaticMeshActor_UAID_A85E45CD68D9A0C701_1395630486 Label:SM_Log_Platform SpatiallyLoaded:1 Bounds:IsValid=true, Min=(X=-5121.250 Y=-312.500 Z=840.000), Max=(X=-1903.750 Y=312.500 Z=870.000) RuntimeGrid:None EditorOnly:0 RuntimeOnly:0 HLODRelevant:1 ListedInSceneOutliner:1 IsMainWorldOnly:0
 |   |   |- [+] [ 10]
 |   |   |   |- Guid:887921304033C1B7B79BA08DBCC4E8DB BaseClass: NativeClass:/Script/Engine.PlayerStart Name:PlayerStart_0 Label:PlayerStart SpatiallyLoaded:0 Bounds:IsValid=true, Min=(X=-4890.000 Y=10.000 Z=408.000), Max=(X=-4810.000 Y=90.000 Z=592.000) RuntimeGrid:None EditorOnly:0 RuntimeOnly:0 HLODRelevant:0 ListedInSceneOutliner:1 IsMainWorldOnly:0
 |   |   |- [+] [ 11]
 |   |   |   |- Guid:9697FC2347FB4B733DAB9C91DDF8F90C BaseClass: NativeClass:/Script/Engine.VolumetricCloud Name:VolumetricCloud_0 Label:VolumetricCloud SpatiallyLoaded:0 Bounds:IsValid=true, Min=(X=0.000 Y=0.000 Z=820.000), Max=(X=0.000 Y=0.000 Z=820.000) RuntimeGrid:None EditorOnly:0 RuntimeOnly:0 HLODRelevant:0 ListedInSceneOutliner:1 IsMainWorldOnly:0 FolderPath:Lighting FolderGuid:963EC3EB4002CCE9759E2EBA541A873A
 |   |   |- [+] [ 12]
 |   |   |   |- Guid:A2544CB24BCC8D7312176992632132D8 BaseClass: NativeClass:/Script/Engine.StaticMeshActor Name:StaticMeshActor_UAID_A85E45CD68D99FC701_1454369290 Label:Cube3 SpatiallyLoaded:1 Bounds:IsValid=true, Min=(X=5100.000 Y=-250.000 Z=-0.000), Max=(X=6900.000 Y=250.000 Z=10000.000) RuntimeGrid:None EditorOnly:0 RuntimeOnly:0 HLODRelevant:1 ListedInSceneOutliner:1 IsMainWorldOnly:0
 |   |   |- [+] [ 13]
 |   |   |   |- Guid:C3225E724BE623C6759496B27B7F3A3D BaseClass: NativeClass:/Script/Engine.BlockingVolume Name:BlockingVolume_UAID_A85E45CD68D99FC701_1661478292 Label:BlockingVolume2 SpatiallyLoaded:1 Bounds:IsValid=true, Min=(X=-10350.000 Y=-10.000 Z=-425.000), Max=(X=10350.000 Y=10.000 Z=10425.000) RuntimeGrid:None EditorOnly:0 RuntimeOnly:0 HLODRelevant:0 ListedInSceneOutliner:1 IsMainWorldOnly:0
 |   |   |- [+] [ 14]
 |   |   |   |- Guid:C866C77B43AAB9AB145E36A82FB49C69 BaseClass: NativeClass:/Script/Engine.ExponentialHeightFog Name:ExponentialHeightFog_0 Label:ExponentialHeightFog SpatiallyLoaded:0 Bounds:IsValid=true, Min=(X=-5600.000 Y=-50.000 Z=-6850.000), Max=(X=-5600.000 Y=-50.000 Z=-6850.000) RuntimeGrid:None EditorOnly:0 RuntimeOnly:0 HLODRelevant:0 ListedInSceneOutliner:1 IsMainWorldOnly:0 FolderPath:Lighting FolderGuid:963EC3EB4002CCE9759E2EBA541A873A
 |   |   |- [+] [ 15]
 |   |   |   |- Guid:C8F5EF6547967F2511721E84E689246A BaseClass:/Game/LevelPrototyping/Chimp_Game/Meshes/BP_Animation_Shift_Platform.BP_Animation_Shift_Platform_C NativeClass:/Script/Engine.Actor Name:BP_Animation_Shift_Platform_C_UAID_A85E45CD68D9A0C701_1628409488 Label:BP_Animation_Shift_Platform SpatiallyLoaded:1 Bounds:IsValid=true, Min=(X=-1380.000 Y=-75.000 Z=650.000), Max=(X=-1180.000 Y=175.000 Z=660.000) RuntimeGrid:None EditorOnly:0 RuntimeOnly:0 HLODRelevant:0 ListedInSceneOutliner:1 IsMainWorldOnly:0
 |   |   |- [+] [ 16]
 |   |   |   |- Guid:EA323E2A41F823DC9EC90C88F813CF46 BaseClass: NativeClass:/Script/Engine.StaticMeshActor Name:StaticMeshActor_UAID_A85E45CD68D9A0C701_1463571487 Label:Shape_Cube SpatiallyLoaded:1 Bounds:IsValid=true, Min=(X=-2010.000 Y=-325.000 Z=870.000), Max=(X=-1910.000 Y=325.000 Z=1770.000) RuntimeGrid:None EditorOnly:0 RuntimeOnly:0 HLODRelevant:1 ListedInSceneOutliner:1 IsMainWorldOnly:0
 |- ContainerInstances:
 |- [+] MainContainer:
 |   |-        ID: 00000000000000000000000000000000
 |   |-  ParentID: 00000000000000000000000000000000
 |   |-    Bounds: IsValid=false, Min=(X=0.000 Y=0.000 Z=0.000), Max=(X=0.000 Y=0.000 Z=0.000)
 |   |- Transform: 0.000000,0.000000,0.000000|0.000000,0.000000,-0.000000|1.000000,1.000000,1.000000
 |   |- Container: /Game/ThirdPerson/Maps/Chimp_Jumper_1
----------------------------------------------------------------------------------------------------------------
Chimp_Jumper_1 - Persistent Level
----------------------------------------------------------------------------------------------------------------
[+] Content of Chimp_Jumper_1 Persistent Level
 |- Always loaded Actor Count: 24 
 |- Actor Path: /Game/ThirdPerson/Maps/Chimp_Jumper_1.Chimp_Jumper_1:PersistentLevel.AbstractNavData-Default
 |- Actor Package: /Game/ThirdPerson/Maps/Chimp_Jumper_1
 |- Actor Path: /Game/ThirdPerson/Maps/Chimp_Jumper_1.Chimp_Jumper_1:PersistentLevel.BlockingVolume_UAID_A85E45CD68D99FC701_1481524291
 |- Actor Package: /Game/__ExternalActors__/ThirdPerson/Maps/Chimp_Jumper_1/9/N8/WXOQDHOSBZL6ULTSR0VWU4
 |- Actor Path: /Game/ThirdPerson/Maps/Chimp_Jumper_1.Chimp_Jumper_1:PersistentLevel.BlockingVolume_UAID_A85E45CD68D99FC701_1661478292
 |- Actor Package: /Game/__ExternalActors__/ThirdPerson/Maps/Chimp_Jumper_1/3/PF/32LV4A5M4X8MNZISCOHSZ7
 |- Actor Path: /Game/ThirdPerson/Maps/Chimp_Jumper_1.Chimp_Jumper_1:PersistentLevel.BP_Animation_Shift_Platform_C_UAID_A85E45CD68D9A0C701_1628409488
 |- Actor Package: /Game/__ExternalActors__/ThirdPerson/Maps/Chimp_Jumper_1/8/CJ/Q3CU975WWUXK7GAXG3R3U8
 |- Actor Path: /Game/ThirdPerson/Maps/Chimp_Jumper_1.Chimp_Jumper_1:PersistentLevel.Brush_0
 |- Actor Package: /Game/ThirdPerson/Maps/Chimp_Jumper_1
 |- Actor Path: /Game/ThirdPerson/Maps/Chimp_Jumper_1.Chimp_Jumper_1:PersistentLevel.DefaultPhysicsVolume_0
 |- Actor Package: /Game/ThirdPerson/Maps/Chimp_Jumper_1
 |- Actor Path: /Game/ThirdPerson/Maps/Chimp_Jumper_1.Chimp_Jumper_1:PersistentLevel.DirectionalLight_0
 |- Actor Package: /Game/__ExternalActors__/ThirdPerson/Maps/Chimp_Jumper_1/F/4I/DXE27T0SF5D3CNTYEUN7ZI
 |- Actor Path: /Game/ThirdPerson/Maps/Chimp_Jumper_1.Chimp_Jumper_1:PersistentLevel.ExponentialHeightFog_0
 |- Actor Package: /Game/__ExternalActors__/ThirdPerson/Maps/Chimp_Jumper_1/9/Q3/6X44LBWPQZVY8J7NASXYOY
 |- Actor Path: /Game/ThirdPerson/Maps/Chimp_Jumper_1.Chimp_Jumper_1:PersistentLevel.GameplayDebuggerPlayerManager_0
 |- Actor Package: /Game/ThirdPerson/Maps/Chimp_Jumper_1
 |- Actor Path: /Game/ThirdPerson/Maps/Chimp_Jumper_1.Chimp_Jumper_1:PersistentLevel.PlayerStart_0
 |- Actor Package: /Game/__ExternalActors__/ThirdPerson/Maps/Chimp_Jumper_1/E/0O/JY29YU4KBNOA0BGD5GG9ON
 |- Actor Path: /Game/ThirdPerson/Maps/Chimp_Jumper_1.Chimp_Jumper_1:PersistentLevel.PostProcessVolume_0
 |- Actor Package: /Game/__ExternalActors__/ThirdPerson/Maps/Chimp_Jumper_1/A/YE/JLORQUKR37HQZYQ12T0HZT
 |- Actor Path: /Game/ThirdPerson/Maps/Chimp_Jumper_1.Chimp_Jumper_1:PersistentLevel.SkyAtmosphere_0
 |- Actor Package: /Game/__ExternalActors__/ThirdPerson/Maps/Chimp_Jumper_1/C/ID/WL9Z5BCAFSBCG184URORAP
 |- Actor Path: /Game/ThirdPerson/Maps/Chimp_Jumper_1.Chimp_Jumper_1:PersistentLevel.SkyLight_1
 |- Actor Package: /Game/__ExternalActors__/ThirdPerson/Maps/Chimp_Jumper_1/0/PE/ECP1F5B137UP3RRYPPLF0X
 |- Actor Path: /Game/ThirdPerson/Maps/Chimp_Jumper_1.Chimp_Jumper_1:PersistentLevel.StaticMeshActor_UAID_A4AE111137DC5EFB00_1110535423
 |- Actor Package: /Game/__ExternalActors__/ThirdPerson/Maps/Chimp_Jumper_1/8/OK/1WR6G2YNCKBBRLPAD8RH2Y
 |- Actor Path: /Game/ThirdPerson/Maps/Chimp_Jumper_1.Chimp_Jumper_1:PersistentLevel.StaticMeshActor_UAID_A85E45CD68D99FC701_1137728287
 |- Actor Package: /Game/__ExternalActors__/ThirdPerson/Maps/Chimp_Jumper_1/E/M0/FR8RWR7JXKKYE3DKMQVY42
 |- Actor Path: /Game/ThirdPerson/Maps/Chimp_Jumper_1.Chimp_Jumper_1:PersistentLevel.StaticMeshActor_UAID_A85E45CD68D99FC701_1281707288
 |- Actor Package: /Game/__ExternalActors__/ThirdPerson/Maps/Chimp_Jumper_1/E/OD/D78LB09WANC0Y6KQ37W1FW
 |- Actor Path: /Game/ThirdPerson/Maps/Chimp_Jumper_1.Chimp_Jumper_1:PersistentLevel.StaticMeshActor_UAID_A85E45CD68D99FC701_1454369290
 |- Actor Package: /Game/__ExternalActors__/ThirdPerson/Maps/Chimp_Jumper_1/1/4I/A0VSAYUEN9URD7FIXTKUBC
 |- Actor Path: /Game/ThirdPerson/Maps/Chimp_Jumper_1.Chimp_Jumper_1:PersistentLevel.StaticMeshActor_UAID_A85E45CD68D9A0C701_1395630486
 |- Actor Package: /Game/__ExternalActors__/ThirdPerson/Maps/Chimp_Jumper_1/6/K5/0PXVWZQKEBEOKNGP8CL06Q
 |- Actor Path: /Game/ThirdPerson/Maps/Chimp_Jumper_1.Chimp_Jumper_1:PersistentLevel.StaticMeshActor_UAID_A85E45CD68D9A0C701_1463571487
 |- Actor Package: /Game/__ExternalActors__/ThirdPerson/Maps/Chimp_Jumper_1/9/LC/PZ4Q6D0USQRJIYG9KXHO3B
 |- Actor Path: /Game/ThirdPerson/Maps/Chimp_Jumper_1.Chimp_Jumper_1:PersistentLevel.ThirdPersonMap1_C_1
 |- Actor Package: /Game/ThirdPerson/Maps/Chimp_Jumper_1
 |- Actor Path: /Game/ThirdPerson/Maps/Chimp_Jumper_1.Chimp_Jumper_1:PersistentLevel.VolumetricCloud_0
 |- Actor Package: /Game/__ExternalActors__/ThirdPerson/Maps/Chimp_Jumper_1/9/4A/L2147YFKLTLX7ZVC63C27X
 |- Actor Path: /Game/ThirdPerson/Maps/Chimp_Jumper_1.Chimp_Jumper_1:PersistentLevel.WorldDataLayers
 |- Actor Package: /Game/__ExternalActors__/ThirdPerson/Maps/Chimp_Jumper_1/3/DU/IY5WAUDRDKPIUHK41KAMUJ
 |- Actor Path: /Game/ThirdPerson/Maps/Chimp_Jumper_1.Chimp_Jumper_1:PersistentLevel.WorldInfo_0
 |- Actor Package: /Game/ThirdPerson/Maps/Chimp_Jumper_1
 |- Actor Path: /Game/ThirdPerson/Maps/Chimp_Jumper_1.Chimp_Jumper_1:PersistentLevel.WorldPartitionMiniMap_0
 |- Actor Package: /Game/__ExternalActors__/ThirdPerson/Maps/Chimp_Jumper_1/9/KC/1F1MXV4VO7KAJBER1OBOX4

----------------------------------------------------------------------------------------------------------------
Chimp_Jumper_1 - Runtime Spatial Hash - Streaming Grid - MainGrid
----------------------------------------------------------------------------------------------------------------
            Origin: X=0.000 Y=0.000 Z=0.000
         Cell Size: 12800
      World Bounds: IsValid=false, Min=(X=0.000 Y=0.000 Z=0.000), Max=(X=0.000 Y=0.000 Z=0.000)
     Loading Range: 25600.00
Block Slow Loading: No
 ClientOnlyVisible: No
            Origin: X=0.000 Y=0.000 Z=0.000

[+] Grid Levels: 1
 |- Level  0: Cell Count    0 | Cell Size   12800 | Actor Count    0 (0.0%)

[+] Content of Grid Level 0

