[+] Containers:
 |- [+] Container: /Game/ThirdPerson/Maps/ThirdPersonMap
 |   |- [+] ActorDescs:
 |   |   |- Guid:0C1C21BB4F9D5A4E96534587D86C7435 BaseClass: NativeClass:/Script/Engine.BlockingVolume Name:BlockingVolume_UAID_A85E45CD68D92BC501_1170193759 Label:BlockingVolume SpatiallyLoaded:1 Bounds:IsValid=true, Min=(X=-31000.000 Y=1100.000 Z=-75.000), Max=(X=31000.000 Y=1100.000 Z=5075.000) RuntimeGrid:None EditorOnly:0 RuntimeOnly:0 HLODRelevant:0 ListedInSceneOutliner:1 IsMainWorldOnly:0
 |   |   |- Guid:1D21AB2548C08D6FD4D1A4BF7716174D BaseClass: NativeClass:/Script/Engine.BlockingVolume Name:BlockingVolume_UAID_A85E45CD68D92BC501_1204643760 Label:BlockingVolume2 SpatiallyLoaded:1 Bounds:IsValid=true, Min=(X=-31000.000 Y=1000.000 Z=-75.000), Max=(X=31000.000 Y=1000.000 Z=5075.000) RuntimeGrid:None EditorOnly:0 RuntimeOnly:0 HLODRelevant:0 ListedInSceneOutliner:1 IsMainWorldOnly:0
 |   |   |- Guid:1E01196843BB7163F6FFC0AC52E88B25 BaseClass: NativeClass:/Script/Engine.StaticMeshActor Name:StaticMeshActor_UAID_A85E45CD68D94DC401_1242958695 Label:Finish_Line_Pole_R SpatiallyLoaded:1 Bounds:IsValid=true, Min=(X=569.691 Y=1786.790 Z=4620.000), Max=(X=594.691 Y=1811.790 Z=5220.000) RuntimeGrid:None EditorOnly:0 RuntimeOnly:0 HLODRelevant:0 ListedInSceneOutliner:1 IsMainWorldOnly:0 FolderPath:Playground/FinishLine FolderGuid:C0151C334B8D011FCFFB4CB56240D47D
 |   |   |- Guid:2882F9954D30EE16EF64D3B06B4A0B7D BaseClass: NativeClass:/Script/Engine.StaticMeshActor Name:StaticMeshActor_UAID_A85E45CD68D9CEC501_1132149458 Label:Start_Platform3 SpatiallyLoaded:1 Bounds:IsValid=true, Min=(X=-20000.000 Y=1000.000 Z=-400.000), Max=(X=-17500.000 Y=1125.000 Z=-50.000) RuntimeGrid:None EditorOnly:0 RuntimeOnly:0 HLODRelevant:1 ListedInSceneOutliner:1 IsMainWorldOnly:0 FolderPath:Playground FolderGuid:C73F09FC4215536B1DCE2A9E0A830C70
 |   |   |- Guid:2FB58999456391D349DC0F86DAC136ED BaseClass: NativeClass:/Script/Engine.SkyLight Name:SkyLight_1 Label:SkyLight SpatiallyLoaded:0 Bounds:IsValid=true, Min=(X=0.000 Y=0.000 Z=690.000), Max=(X=0.000 Y=0.000 Z=690.000) RuntimeGrid:None EditorOnly:0 RuntimeOnly:0 HLODRelevant:0 ListedInSceneOutliner:1 IsMainWorldOnly:0 FolderPath:Lighting FolderGuid:963EC3EB4002CCE9759E2EBA541A873A
 |   |   |- Guid:316CF2A6494ACA4C0E4180A87D36AB8F BaseClass: NativeClass:/Script/Engine.ExponentialHeightFog Name:ExponentialHeightFog_0 Label:ExponentialHeightFog SpatiallyLoaded:0 Bounds:IsValid=true, Min=(X=-5600.000 Y=-50.000 Z=-6850.000), Max=(X=-5600.000 Y=-50.000 Z=-6850.000) RuntimeGrid:None EditorOnly:0 RuntimeOnly:0 HLODRelevant:0 ListedInSceneOutliner:1 IsMainWorldOnly:0 FolderPath:Lighting FolderGuid:963EC3EB4002CCE9759E2EBA541A873A
 |   |   |- Guid:3492005C48D697B39A32EAB198E77766 BaseClass: NativeClass:/Script/Engine.StaticMeshActor Name:StaticMeshActor_UAID_A85E45CD68D973C401_1568276381 Label:Start_Platform SpatiallyLoaded:1 Bounds:IsValid=true, Min=(X=-25000.000 Y=1000.000 Z=-400.000), Max=(X=-22500.000 Y=1125.000 Z=-50.000) RuntimeGrid:None EditorOnly:0 RuntimeOnly:0 HLODRelevant:1 ListedInSceneOutliner:1 IsMainWorldOnly:0 FolderPath:Playground FolderGuid:C73F09FC4215536B1DCE2A9E0A830C70
 |   |   |- Guid:3683D16F4EC43B1E18A06BA856D2CD18 BaseClass: NativeClass:/Script/Engine.StaticMeshActor Name:StaticMeshActor_UAID_A85E45CD68D94EC401_1719815875 Label:Finish_Line_Banner SpatiallyLoaded:1 Bounds:IsValid=true, Min=(X=562.191 Y=964.290 Z=5017.500), Max=(X=562.191 Y=1814.290 Z=5242.500) RuntimeGrid:None EditorOnly:0 RuntimeOnly:0 HLODRelevant:1 ListedInSceneOutliner:1 IsMainWorldOnly:0 FolderPath:Playground/FinishLine FolderGuid:C0151C334B8D011FCFFB4CB56240D47D
 |   |   |- Guid:4D3BE93F4146AAAC8BBE79999D96D57F BaseClass: NativeClass:/Script/Engine.VolumetricCloud Name:VolumetricCloud_0 Label:VolumetricCloud SpatiallyLoaded:0 Bounds:IsValid=true, Min=(X=0.000 Y=0.000 Z=820.000), Max=(X=0.000 Y=0.000 Z=820.000) RuntimeGrid:None EditorOnly:0 RuntimeOnly:0 HLODRelevant:0 ListedInSceneOutliner:1 IsMainWorldOnly:0 FolderPath:Lighting FolderGuid:963EC3EB4002CCE9759E2EBA541A873A
 |   |   |- Guid:5A03042E4069743B57C3A582B4ABBAD7 BaseClass: NativeClass:/Script/Engine.StaticMeshActor Name:StaticMeshActor_UAID_A85E45CD68D94EC401_1640638874 Label:Finish_Line_Floor SpatiallyLoaded:1 Bounds:IsValid=true, Min=(X=479.691 Y=964.290 Z=4620.000), Max=(X=704.691 Y=1814.290 Z=4620.000) RuntimeGrid:None EditorOnly:0 RuntimeOnly:0 HLODRelevant:1 ListedInSceneOutliner:1 IsMainWorldOnly:0 FolderPath:Playground/FinishLine FolderGuid:C0151C334B8D011FCFFB4CB56240D47D
 |   |   |- Guid:6BAF4DDD444C60371492D3919DB42C97 BaseClass: NativeClass:/Script/Engine.WorldDataLayers Name:WorldDataLayers Label:WorldDataLayers SpatiallyLoaded:0 Bounds:IsValid=true, Min=(X=0.000 Y=0.000 Z=0.000), Max=(X=0.000 Y=0.000 Z=0.000) RuntimeGrid:None EditorOnly:0 RuntimeOnly:0 HLODRelevant:0 ListedInSceneOutliner:1 IsMainWorldOnly:1 FolderPath:World FolderGuid:8C3ED81C4036AB0E86233D92BA4F0FDD
 |   |   |- Guid:80932FD64934A64F845ECABFA8C899C4 BaseClass: NativeClass:/Script/Engine.StaticMeshActor Name:StaticMeshActor_UAID_A85E45CD68D94DC401_1292510696 Label:Finish_Line_Pole_L SpatiallyLoaded:1 Bounds:IsValid=true, Min=(X=569.691 Y=966.790 Z=4620.000), Max=(X=594.691 Y=991.790 Z=5220.000) RuntimeGrid:None EditorOnly:0 RuntimeOnly:0 HLODRelevant:0 ListedInSceneOutliner:1 IsMainWorldOnly:0 FolderPath:Playground/FinishLine FolderGuid:C0151C334B8D011FCFFB4CB56240D47D
 |   |   |- Guid:825900D44153B3DF5DCBCC930CF1AF89 BaseClass: NativeClass:/Script/Engine.StaticMeshActor Name:StaticMeshActor_UAID_A85E45CD68D9CDC501_1551830277 Label:Shape_Wedge_B2 SpatiallyLoaded:1 Bounds:IsValid=true, Min=(X=-21090.000 Y=875.000 Z=-50.000), Max=(X=-20740.000 Y=1125.000 Z=250.000) RuntimeGrid:None EditorOnly:0 RuntimeOnly:0 HLODRelevant:1 ListedInSceneOutliner:1 IsMainWorldOnly:0
 |   |   |- Guid:925348E54E6B07CB209E73A7CABA1BF0 BaseClass: NativeClass:/Script/Engine.StaticMeshActor Name:StaticMeshActor_UAID_A85E45CD68D9EDC401_1144923903 Label:StaticMeshActor SpatiallyLoaded:1 Bounds:IsValid=true, Min=(X=8120.000 Y=1530.000 Z=910.000), Max=(X=8120.000 Y=1530.000 Z=910.000) RuntimeGrid:None EditorOnly:0 RuntimeOnly:0 HLODRelevant:0 ListedInSceneOutliner:1 IsMainWorldOnly:0
 |   |   |- Guid:9F66D2E944C7C0A4D746F4A445AD5F09 BaseClass: NativeClass:/Script/Engine.StaticMeshActor Name:StaticMeshActor_UAID_A85E45CD68D933C501_1901795172 Label:Shape_Pipe SpatiallyLoaded:1 Bounds:IsValid=true, Min=(X=-25090.000 Y=1010.000 Z=-457.500), Max=(X=-24910.000 Y=1190.000 Z=5017.500) RuntimeGrid:None EditorOnly:0 RuntimeOnly:0 HLODRelevant:1 ListedInSceneOutliner:1 IsMainWorldOnly:0
 |   |   |- Guid:A70EB41045E96114EA3DA992E4CD89F1 BaseClass: NativeClass:/Script/Engine.StaticMeshActor Name:StaticMeshActor_UAID_A85E45CD68D9CDC501_1330249274 Label:Shape_Cube SpatiallyLoaded:1 Bounds:IsValid=true, Min=(X=-22990.000 Y=875.000 Z=-55.000), Max=(X=-22515.000 Y=1125.000 Z=195.000) RuntimeGrid:None EditorOnly:0 RuntimeOnly:0 HLODRelevant:1 ListedInSceneOutliner:1 IsMainWorldOnly:0
 |   |   |- Guid:ABE018C244B07713A25187AB180ED908 BaseClass: NativeClass:/Script/Engine.StaticMeshActor Name:StaticMeshActor_UAID_A85E45CD68D9CDC501_1321413273 Label:Shape_Wedge_B SpatiallyLoaded:1 Bounds:IsValid=true, Min=(X=-23465.000 Y=875.000 Z=-55.000), Max=(X=-22990.000 Y=1125.000 Z=195.000) RuntimeGrid:None EditorOnly:0 RuntimeOnly:0 HLODRelevant:1 ListedInSceneOutliner:1 IsMainWorldOnly:0
 |   |   |- Guid:B785ED2844B84CFB91E7F39FE661CD99 BaseClass: NativeClass:/Script/Engine.DirectionalLight Name:DirectionalLight_0 Label:DirectionalLight SpatiallyLoaded:0 Bounds:IsValid=true, Min=(X=-4398046511104.000 Y=-4398046511104.000 Z=-4398046511104.000), Max=(X=4398046511104.000 Y=4398046511104.000 Z=4398046511104.000) RuntimeGrid:None EditorOnly:0 RuntimeOnly:0 HLODRelevant:0 ListedInSceneOutliner:1 IsMainWorldOnly:0 FolderPath:Lighting FolderGuid:963EC3EB4002CCE9759E2EBA541A873A
 |   |   |- Guid:C91B0D1F46BEEEF9479359BD6047DBFB BaseClass: NativeClass:/Script/Engine.StaticMeshActor Name:StaticMeshActor_UAID_A85E45CD68D9CEC501_1282210459 Label:Shape_QuadPyramid SpatiallyLoaded:1 Bounds:IsValid=true, Min=(X=-21050.000 Y=875.000 Z=449.995), Max=(X=-20950.000 Y=1125.000 Z=549.995) RuntimeGrid:None EditorOnly:0 RuntimeOnly:0 HLODRelevant:1 ListedInSceneOutliner:1 IsMainWorldOnly:0
 |   |   |- Guid:CAE88A07442716EA6204C1A9E961A157 BaseClass: NativeClass:/Script/Engine.StaticMeshActor Name:StaticMeshActor_UAID_A85E45CD68D9CDC501_1551835279 Label:Shape_Cube2 SpatiallyLoaded:1 Bounds:IsValid=true, Min=(X=-21440.000 Y=875.000 Z=-50.000), Max=(X=-21090.000 Y=1125.000 Z=250.000) RuntimeGrid:None EditorOnly:0 RuntimeOnly:0 HLODRelevant:1 ListedInSceneOutliner:1 IsMainWorldOnly:0
 |   |   |- Guid:CCFF262C46EEFFDF319E7F9539CE697E BaseClass: NativeClass:/Script/Engine.SkyAtmosphere Name:SkyAtmosphere_0 Label:SkyAtmosphere SpatiallyLoaded:0 Bounds:IsValid=true, Min=(X=0.000 Y=0.000 Z=1020.000), Max=(X=0.000 Y=0.000 Z=1020.000) RuntimeGrid:None EditorOnly:0 RuntimeOnly:0 HLODRelevant:0 ListedInSceneOutliner:1 IsMainWorldOnly:0 FolderPath:Lighting FolderGuid:963EC3EB4002CCE9759E2EBA541A873A
 |   |   |- Guid:D44463DE490F321F96CB25B35CA27E09 BaseClass: NativeClass:/Script/Engine.StaticMeshActor Name:StaticMeshActor_UAID_A85E45CD68D9CEC501_1119211457 Label:Start_Platform2 SpatiallyLoaded:1 Bounds:IsValid=true, Min=(X=-22500.000 Y=1000.000 Z=-400.000), Max=(X=-20000.000 Y=1125.000 Z=-50.000) RuntimeGrid:None EditorOnly:0 RuntimeOnly:0 HLODRelevant:1 ListedInSceneOutliner:1 IsMainWorldOnly:0 FolderPath:Playground FolderGuid:C73F09FC4215536B1DCE2A9E0A830C70
 |   |   |- Guid:F57F3A764921434CA9A2BB837CE4D0CC BaseClass: NativeClass:/Script/Engine.PlayerStart Name:PlayerStart_UAID_A85E45CD68D97AC501_1482265663 Label:PlayerStart SpatiallyLoaded:0 Bounds:IsValid=true, Min=(X=-24720.000 Y=1006.569 Z=-42.000), Max=(X=-24640.000 Y=1086.569 Z=142.000) RuntimeGrid:None EditorOnly:0 RuntimeOnly:0 HLODRelevant:0 ListedInSceneOutliner:1 IsMainWorldOnly:0 FolderPath:Lighting FolderGuid:963EC3EB4002CCE9759E2EBA541A873A
 |   |   |- Guid:F5E3FEB3450C49844FD93DA8E083C8AD BaseClass: NativeClass:/Script/Engine.PostProcessVolume Name:PostProcessVolume_0 Label:PostProcessVolume SpatiallyLoaded:0 Bounds:IsValid=true, Min=(X=-24600.000 Y=0.000 Z=400.000), Max=(X=-24400.000 Y=200.000 Z=600.000) RuntimeGrid:None EditorOnly:0 RuntimeOnly:0 HLODRelevant:0 ListedInSceneOutliner:1 IsMainWorldOnly:0 FolderPath:Lighting FolderGuid:963EC3EB4002CCE9759E2EBA541A873A
 |   |- [+] Clusters:
 |   |   |- [+] [  0]
 |   |   |   |- Guid:0C1C21BB4F9D5A4E96534587D86C7435 BaseClass: NativeClass:/Script/Engine.BlockingVolume Name:BlockingVolume_UAID_A85E45CD68D92BC501_1170193759 Label:BlockingVolume SpatiallyLoaded:1 Bounds:IsValid=true, Min=(X=-31000.000 Y=1100.000 Z=-75.000), Max=(X=31000.000 Y=1100.000 Z=5075.000) RuntimeGrid:None EditorOnly:0 RuntimeOnly:0 HLODRelevant:0 ListedInSceneOutliner:1 IsMainWorldOnly:0
 |   |   |- [+] [  1]
 |   |   |   |- Guid:1D21AB2548C08D6FD4D1A4BF7716174D BaseClass: NativeClass:/Script/Engine.BlockingVolume Name:BlockingVolume_UAID_A85E45CD68D92BC501_1204643760 Label:BlockingVolume2 SpatiallyLoaded:1 Bounds:IsValid=true, Min=(X=-31000.000 Y=1000.000 Z=-75.000), Max=(X=31000.000 Y=1000.000 Z=5075.000) RuntimeGrid:None EditorOnly:0 RuntimeOnly:0 HLODRelevant:0 ListedInSceneOutliner:1 IsMainWorldOnly:0
 |   |   |- [+] [  2]
 |   |   |   |- Guid:1E01196843BB7163F6FFC0AC52E88B25 BaseClass: NativeClass:/Script/Engine.StaticMeshActor Name:StaticMeshActor_UAID_A85E45CD68D94DC401_1242958695 Label:Finish_Line_Pole_R SpatiallyLoaded:1 Bounds:IsValid=true, Min=(X=569.691 Y=1786.790 Z=4620.000), Max=(X=594.691 Y=1811.790 Z=5220.000) RuntimeGrid:None EditorOnly:0 RuntimeOnly:0 HLODRelevant:0 ListedInSceneOutliner:1 IsMainWorldOnly:0 FolderPath:Playground/FinishLine FolderGuid:C0151C334B8D011FCFFB4CB56240D47D
 |   |   |- [+] [  3]
 |   |   |   |- Guid:2882F9954D30EE16EF64D3B06B4A0B7D BaseClass: NativeClass:/Script/Engine.StaticMeshActor Name:StaticMeshActor_UAID_A85E45CD68D9CEC501_1132149458 Label:Start_Platform3 SpatiallyLoaded:1 Bounds:IsValid=true, Min=(X=-20000.000 Y=1000.000 Z=-400.000), Max=(X=-17500.000 Y=1125.000 Z=-50.000) RuntimeGrid:None EditorOnly:0 RuntimeOnly:0 HLODRelevant:1 ListedInSceneOutliner:1 IsMainWorldOnly:0 FolderPath:Playground FolderGuid:C73F09FC4215536B1DCE2A9E0A830C70
 |   |   |- [+] [  4]
 |   |   |   |- Guid:2FB58999456391D349DC0F86DAC136ED BaseClass: NativeClass:/Script/Engine.SkyLight Name:SkyLight_1 Label:SkyLight SpatiallyLoaded:0 Bounds:IsValid=true, Min=(X=0.000 Y=0.000 Z=690.000), Max=(X=0.000 Y=0.000 Z=690.000) RuntimeGrid:None EditorOnly:0 RuntimeOnly:0 HLODRelevant:0 ListedInSceneOutliner:1 IsMainWorldOnly:0 FolderPath:Lighting FolderGuid:963EC3EB4002CCE9759E2EBA541A873A
 |   |   |- [+] [  5]
 |   |   |   |- Guid:316CF2A6494ACA4C0E4180A87D36AB8F BaseClass: NativeClass:/Script/Engine.ExponentialHeightFog Name:ExponentialHeightFog_0 Label:ExponentialHeightFog SpatiallyLoaded:0 Bounds:IsValid=true, Min=(X=-5600.000 Y=-50.000 Z=-6850.000), Max=(X=-5600.000 Y=-50.000 Z=-6850.000) RuntimeGrid:None EditorOnly:0 RuntimeOnly:0 HLODRelevant:0 ListedInSceneOutliner:1 IsMainWorldOnly:0 FolderPath:Lighting FolderGuid:963EC3EB4002CCE9759E2EBA541A873A
 |   |   |- [+] [  6]
 |   |   |   |- Guid:3492005C48D697B39A32EAB198E77766 BaseClass: NativeClass:/Script/Engine.StaticMeshActor Name:StaticMeshActor_UAID_A85E45CD68D973C401_1568276381 Label:Start_Platform SpatiallyLoaded:1 Bounds:IsValid=true, Min=(X=-25000.000 Y=1000.000 Z=-400.000), Max=(X=-22500.000 Y=1125.000 Z=-50.000) RuntimeGrid:None EditorOnly:0 RuntimeOnly:0 HLODRelevant:1 ListedInSceneOutliner:1 IsMainWorldOnly:0 FolderPath:Playground FolderGuid:C73F09FC4215536B1DCE2A9E0A830C70
 |   |   |- [+] [  7]
 |   |   |   |- Guid:3683D16F4EC43B1E18A06BA856D2CD18 BaseClass: NativeClass:/Script/Engine.StaticMeshActor Name:StaticMeshActor_UAID_A85E45CD68D94EC401_1719815875 Label:Finish_Line_Banner SpatiallyLoaded:1 Bounds:IsValid=true, Min=(X=562.191 Y=964.290 Z=5017.500), Max=(X=562.191 Y=1814.290 Z=5242.500) RuntimeGrid:None EditorOnly:0 RuntimeOnly:0 HLODRelevant:1 ListedInSceneOutliner:1 IsMainWorldOnly:0 FolderPath:Playground/FinishLine FolderGuid:C0151C334B8D011FCFFB4CB56240D47D
 |   |   |- [+] [  8]
 |   |   |   |- Guid:4D3BE93F4146AAAC8BBE79999D96D57F BaseClass: NativeClass:/Script/Engine.VolumetricCloud Name:VolumetricCloud_0 Label:VolumetricCloud SpatiallyLoaded:0 Bounds:IsValid=true, Min=(X=0.000 Y=0.000 Z=820.000), Max=(X=0.000 Y=0.000 Z=820.000) RuntimeGrid:None EditorOnly:0 RuntimeOnly:0 HLODRelevant:0 ListedInSceneOutliner:1 IsMainWorldOnly:0 FolderPath:Lighting FolderGuid:963EC3EB4002CCE9759E2EBA541A873A
 |   |   |- [+] [  9]
 |   |   |   |- Guid:5A03042E4069743B57C3A582B4ABBAD7 BaseClass: NativeClass:/Script/Engine.StaticMeshActor Name:StaticMeshActor_UAID_A85E45CD68D94EC401_1640638874 Label:Finish_Line_Floor SpatiallyLoaded:1 Bounds:IsValid=true, Min=(X=479.691 Y=964.290 Z=4620.000), Max=(X=704.691 Y=1814.290 Z=4620.000) RuntimeGrid:None EditorOnly:0 RuntimeOnly:0 HLODRelevant:1 ListedInSceneOutliner:1 IsMainWorldOnly:0 FolderPath:Playground/FinishLine FolderGuid:C0151C334B8D011FCFFB4CB56240D47D
 |   |   |- [+] [ 10]
 |   |   |   |- Guid:6BAF4DDD444C60371492D3919DB42C97 BaseClass: NativeClass:/Script/Engine.WorldDataLayers Name:WorldDataLayers Label:WorldDataLayers SpatiallyLoaded:0 Bounds:IsValid=true, Min=(X=0.000 Y=0.000 Z=0.000), Max=(X=0.000 Y=0.000 Z=0.000) RuntimeGrid:None EditorOnly:0 RuntimeOnly:0 HLODRelevant:0 ListedInSceneOutliner:1 IsMainWorldOnly:1 FolderPath:World FolderGuid:8C3ED81C4036AB0E86233D92BA4F0FDD
 |   |   |- [+] [ 11]
 |   |   |   |- Guid:80932FD64934A64F845ECABFA8C899C4 BaseClass: NativeClass:/Script/Engine.StaticMeshActor Name:StaticMeshActor_UAID_A85E45CD68D94DC401_1292510696 Label:Finish_Line_Pole_L SpatiallyLoaded:1 Bounds:IsValid=true, Min=(X=569.691 Y=966.790 Z=4620.000), Max=(X=594.691 Y=991.790 Z=5220.000) RuntimeGrid:None EditorOnly:0 RuntimeOnly:0 HLODRelevant:0 ListedInSceneOutliner:1 IsMainWorldOnly:0 FolderPath:Playground/FinishLine FolderGuid:C0151C334B8D011FCFFB4CB56240D47D
 |   |   |- [+] [ 12]
 |   |   |   |- Guid:825900D44153B3DF5DCBCC930CF1AF89 BaseClass: NativeClass:/Script/Engine.StaticMeshActor Name:StaticMeshActor_UAID_A85E45CD68D9CDC501_1551830277 Label:Shape_Wedge_B2 SpatiallyLoaded:1 Bounds:IsValid=true, Min=(X=-21090.000 Y=875.000 Z=-50.000), Max=(X=-20740.000 Y=1125.000 Z=250.000) RuntimeGrid:None EditorOnly:0 RuntimeOnly:0 HLODRelevant:1 ListedInSceneOutliner:1 IsMainWorldOnly:0
 |   |   |- [+] [ 13]
 |   |   |   |- Guid:925348E54E6B07CB209E73A7CABA1BF0 BaseClass: NativeClass:/Script/Engine.StaticMeshActor Name:StaticMeshActor_UAID_A85E45CD68D9EDC401_1144923903 Label:StaticMeshActor SpatiallyLoaded:1 Bounds:IsValid=true, Min=(X=8120.000 Y=1530.000 Z=910.000), Max=(X=8120.000 Y=1530.000 Z=910.000) RuntimeGrid:None EditorOnly:0 RuntimeOnly:0 HLODRelevant:0 ListedInSceneOutliner:1 IsMainWorldOnly:0
 |   |   |- [+] [ 14]
 |   |   |   |- Guid:9F66D2E944C7C0A4D746F4A445AD5F09 BaseClass: NativeClass:/Script/Engine.StaticMeshActor Name:StaticMeshActor_UAID_A85E45CD68D933C501_1901795172 Label:Shape_Pipe SpatiallyLoaded:1 Bounds:IsValid=true, Min=(X=-25090.000 Y=1010.000 Z=-457.500), Max=(X=-24910.000 Y=1190.000 Z=5017.500) RuntimeGrid:None EditorOnly:0 RuntimeOnly:0 HLODRelevant:1 ListedInSceneOutliner:1 IsMainWorldOnly:0
 |   |   |- [+] [ 15]
 |   |   |   |- Guid:A70EB41045E96114EA3DA992E4CD89F1 BaseClass: NativeClass:/Script/Engine.StaticMeshActor Name:StaticMeshActor_UAID_A85E45CD68D9CDC501_1330249274 Label:Shape_Cube SpatiallyLoaded:1 Bounds:IsValid=true, Min=(X=-22990.000 Y=875.000 Z=-55.000), Max=(X=-22515.000 Y=1125.000 Z=195.000) RuntimeGrid:None EditorOnly:0 RuntimeOnly:0 HLODRelevant:1 ListedInSceneOutliner:1 IsMainWorldOnly:0
 |   |   |- [+] [ 16]
 |   |   |   |- Guid:ABE018C244B07713A25187AB180ED908 BaseClass: NativeClass:/Script/Engine.StaticMeshActor Name:StaticMeshActor_UAID_A85E45CD68D9CDC501_1321413273 Label:Shape_Wedge_B SpatiallyLoaded:1 Bounds:IsValid=true, Min=(X=-23465.000 Y=875.000 Z=-55.000), Max=(X=-22990.000 Y=1125.000 Z=195.000) RuntimeGrid:None EditorOnly:0 RuntimeOnly:0 HLODRelevant:1 ListedInSceneOutliner:1 IsMainWorldOnly:0
 |   |   |- [+] [ 17]
 |   |   |   |- Guid:B785ED2844B84CFB91E7F39FE661CD99 BaseClass: NativeClass:/Script/Engine.DirectionalLight Name:DirectionalLight_0 Label:DirectionalLight SpatiallyLoaded:0 Bounds:IsValid=true, Min=(X=-4398046511104.000 Y=-4398046511104.000 Z=-4398046511104.000), Max=(X=4398046511104.000 Y=4398046511104.000 Z=4398046511104.000) RuntimeGrid:None EditorOnly:0 RuntimeOnly:0 HLODRelevant:0 ListedInSceneOutliner:1 IsMainWorldOnly:0 FolderPath:Lighting FolderGuid:963EC3EB4002CCE9759E2EBA541A873A
 |   |   |- [+] [ 18]
 |   |   |   |- Guid:C91B0D1F46BEEEF9479359BD6047DBFB BaseClass: NativeClass:/Script/Engine.StaticMeshActor Name:StaticMeshActor_UAID_A85E45CD68D9CEC501_1282210459 Label:Shape_QuadPyramid SpatiallyLoaded:1 Bounds:IsValid=true, Min=(X=-21050.000 Y=875.000 Z=449.995), Max=(X=-20950.000 Y=1125.000 Z=549.995) RuntimeGrid:None EditorOnly:0 RuntimeOnly:0 HLODRelevant:1 ListedInSceneOutliner:1 IsMainWorldOnly:0
 |   |   |- [+] [ 19]
 |   |   |   |- Guid:CAE88A07442716EA6204C1A9E961A157 BaseClass: NativeClass:/Script/Engine.StaticMeshActor Name:StaticMeshActor_UAID_A85E45CD68D9CDC501_1551835279 Label:Shape_Cube2 SpatiallyLoaded:1 Bounds:IsValid=true, Min=(X=-21440.000 Y=875.000 Z=-50.000), Max=(X=-21090.000 Y=1125.000 Z=250.000) RuntimeGrid:None EditorOnly:0 RuntimeOnly:0 HLODRelevant:1 ListedInSceneOutliner:1 IsMainWorldOnly:0
 |   |   |- [+] [ 20]
 |   |   |   |- Guid:CCFF262C46EEFFDF319E7F9539CE697E BaseClass: NativeClass:/Script/Engine.SkyAtmosphere Name:SkyAtmosphere_0 Label:SkyAtmosphere SpatiallyLoaded:0 Bounds:IsValid=true, Min=(X=0.000 Y=0.000 Z=1020.000), Max=(X=0.000 Y=0.000 Z=1020.000) RuntimeGrid:None EditorOnly:0 RuntimeOnly:0 HLODRelevant:0 ListedInSceneOutliner:1 IsMainWorldOnly:0 FolderPath:Lighting FolderGuid:963EC3EB4002CCE9759E2EBA541A873A
 |   |   |- [+] [ 21]
 |   |   |   |- Guid:D44463DE490F321F96CB25B35CA27E09 BaseClass: NativeClass:/Script/Engine.StaticMeshActor Name:StaticMeshActor_UAID_A85E45CD68D9CEC501_1119211457 Label:Start_Platform2 SpatiallyLoaded:1 Bounds:IsValid=true, Min=(X=-22500.000 Y=1000.000 Z=-400.000), Max=(X=-20000.000 Y=1125.000 Z=-50.000) RuntimeGrid:None EditorOnly:0 RuntimeOnly:0 HLODRelevant:1 ListedInSceneOutliner:1 IsMainWorldOnly:0 FolderPath:Playground FolderGuid:C73F09FC4215536B1DCE2A9E0A830C70
 |   |   |- [+] [ 22]
 |   |   |   |- Guid:F57F3A764921434CA9A2BB837CE4D0CC BaseClass: NativeClass:/Script/Engine.PlayerStart Name:PlayerStart_UAID_A85E45CD68D97AC501_1482265663 Label:PlayerStart SpatiallyLoaded:0 Bounds:IsValid=true, Min=(X=-24720.000 Y=1006.569 Z=-42.000), Max=(X=-24640.000 Y=1086.569 Z=142.000) RuntimeGrid:None EditorOnly:0 RuntimeOnly:0 HLODRelevant:0 ListedInSceneOutliner:1 IsMainWorldOnly:0 FolderPath:Lighting FolderGuid:963EC3EB4002CCE9759E2EBA541A873A
 |   |   |- [+] [ 23]
 |   |   |   |- Guid:F5E3FEB3450C49844FD93DA8E083C8AD BaseClass: NativeClass:/Script/Engine.PostProcessVolume Name:PostProcessVolume_0 Label:PostProcessVolume SpatiallyLoaded:0 Bounds:IsValid=true, Min=(X=-24600.000 Y=0.000 Z=400.000), Max=(X=-24400.000 Y=200.000 Z=600.000) RuntimeGrid:None EditorOnly:0 RuntimeOnly:0 HLODRelevant:0 ListedInSceneOutliner:1 IsMainWorldOnly:0 FolderPath:Lighting FolderGuid:963EC3EB4002CCE9759E2EBA541A873A
 |- ContainerInstances:
 |- [+] MainContainer:
 |   |-        ID: 00000000000000000000000000000000
 |   |-  ParentID: 00000000000000000000000000000000
 |   |-    Bounds: IsValid=false, Min=(X=0.000 Y=0.000 Z=0.000), Max=(X=0.000 Y=0.000 Z=0.000)
 |   |- Transform: 0.000000,0.000000,0.000000|0.000000,0.000000,-0.000000|1.000000,1.000000,1.000000
 |   |- Container: /Game/ThirdPerson/Maps/ThirdPersonMap
----------------------------------------------------------------------------------------------------------------
ThirdPersonMap - Persistent Level
----------------------------------------------------------------------------------------------------------------
[+] Content of ThirdPersonMap Persistent Level
 |- Always loaded Actor Count: 34 
 |- Actor Path: /Game/ThirdPerson/Maps/ThirdPersonMap.ThirdPersonMap:PersistentLevel.AbstractNavData-Default
 |- Actor Package: /Game/ThirdPerson/Maps/ThirdPersonMap
 |- Actor Path: /Game/ThirdPerson/Maps/ThirdPersonMap.ThirdPersonMap:PersistentLevel.BlockingVolume_UAID_A85E45CD68D92BC501_1170193759
 |- Actor Package: /Game/__ExternalActors__/ThirdPerson/Maps/ThirdPersonMap/3/41/E1U46YAR4Y6S15KR4YVLQH
 |- Actor Path: /Game/ThirdPerson/Maps/ThirdPersonMap.ThirdPersonMap:PersistentLevel.BlockingVolume_UAID_A85E45CD68D92BC501_1204643760
 |- Actor Package: /Game/__ExternalActors__/ThirdPerson/Maps/ThirdPersonMap/2/CQ/U82385TIHHSYXWKBOA1UJT
 |- Actor Path: /Game/ThirdPerson/Maps/ThirdPersonMap.ThirdPersonMap:PersistentLevel.Brush_0
 |- Actor Package: /Game/ThirdPerson/Maps/ThirdPersonMap
 |- Actor Path: /Game/ThirdPerson/Maps/ThirdPersonMap.ThirdPersonMap:PersistentLevel.DefaultPhysicsVolume_0
 |- Actor Package: /Game/ThirdPerson/Maps/ThirdPersonMap
 |- Actor Path: /Game/ThirdPerson/Maps/ThirdPersonMap.ThirdPersonMap:PersistentLevel.DirectionalLight_0
 |- Actor Package: /Game/__ExternalActors__/ThirdPerson/Maps/ThirdPersonMap/5/R1/TS5OQ5CRUWFZYL1ZQ7I416
 |- Actor Path: /Game/ThirdPerson/Maps/ThirdPersonMap.ThirdPersonMap:PersistentLevel.ExponentialHeightFog_0
 |- Actor Package: /Game/__ExternalActors__/ThirdPerson/Maps/ThirdPersonMap/6/J7/N10XDC9G27EMLS5AGZ6AVV
 |- Actor Path: /Game/ThirdPerson/Maps/ThirdPersonMap.ThirdPersonMap:PersistentLevel.GameplayDebuggerPlayerManager_0
 |- Actor Package: /Game/ThirdPerson/Maps/ThirdPersonMap
 |- Actor Path: /Game/ThirdPerson/Maps/ThirdPersonMap.ThirdPersonMap:PersistentLevel.GroupActor_UAID_A85E45CD68D969C501_1451761820
 |- Actor Package: /Game/__ExternalActors__/ThirdPerson/Maps/ThirdPersonMap/C/U8/UYQVRD5LF5SV57FOYW84WP
 |- Actor Path: /Game/ThirdPerson/Maps/ThirdPersonMap.ThirdPersonMap:PersistentLevel.GroupActor_UAID_A85E45CD68D9CDC501_1402326275
 |- Actor Package: /Game/__ExternalActors__/ThirdPerson/Maps/ThirdPersonMap/E/UR/9Z5MVKGSXXU7310DQO5EQ1
 |- Actor Path: /Game/ThirdPerson/Maps/ThirdPersonMap.ThirdPersonMap:PersistentLevel.GroupActor_UAID_A85E45CD68D9CDC501_1551833278
 |- Actor Package: /Game/__ExternalActors__/ThirdPerson/Maps/ThirdPersonMap/E/G2/B6WRJIB4IQPXL0FO2D1FYG
 |- Actor Path: /Game/ThirdPerson/Maps/ThirdPersonMap.ThirdPersonMap:PersistentLevel.PlayerStart_UAID_A85E45CD68D97AC501_1482265663
 |- Actor Package: /Game/__ExternalActors__/ThirdPerson/Maps/ThirdPersonMap/7/QW/94ND78YNJNABP3JLDP07TZ
 |- Actor Path: /Game/ThirdPerson/Maps/ThirdPersonMap.ThirdPersonMap:PersistentLevel.PostProcessVolume_0
 |- Actor Package: /Game/__ExternalActors__/ThirdPerson/Maps/ThirdPersonMap/1/AZ/A7GPT109Y6ZTTJD4A7TXER
 |- Actor Path: /Game/ThirdPerson/Maps/ThirdPersonMap.ThirdPersonMap:PersistentLevel.SkyAtmosphere_0
 |- Actor Package: /Game/__ExternalActors__/ThirdPerson/Maps/ThirdPersonMap/4/LN/30UBDLYFFA5ZR7U4W4L4GG
 |- Actor Path: /Game/ThirdPerson/Maps/ThirdPersonMap.ThirdPersonMap:PersistentLevel.SkyLight_1
 |- Actor Package: /Game/__ExternalActors__/ThirdPerson/Maps/ThirdPersonMap/8/S1/DXUWD12MD3HRWVVXX076BY
 |- Actor Path: /Game/ThirdPerson/Maps/ThirdPersonMap.ThirdPersonMap:PersistentLevel.StaticMeshActor_UAID_A85E45CD68D933C501_1901795172
 |- Actor Package: /Game/__ExternalActors__/ThirdPerson/Maps/ThirdPersonMap/3/N9/KJFEZ1B2TTLOGO4K19O3V3
 |- Actor Path: /Game/ThirdPerson/Maps/ThirdPersonMap.ThirdPersonMap:PersistentLevel.StaticMeshActor_UAID_A85E45CD68D94DC401_1242958695
 |- Actor Package: /Game/__ExternalActors__/ThirdPerson/Maps/ThirdPersonMap/5/QQ/DJJ95KN7ED988LS2AI4BRO
 |- Actor Path: /Game/ThirdPerson/Maps/ThirdPersonMap.ThirdPersonMap:PersistentLevel.StaticMeshActor_UAID_A85E45CD68D94DC401_1292510696
 |- Actor Package: /Game/__ExternalActors__/ThirdPerson/Maps/ThirdPersonMap/B/U5/7HCZNOU6LJAOA4URAA5UDM
 |- Actor Path: /Game/ThirdPerson/Maps/ThirdPersonMap.ThirdPersonMap:PersistentLevel.StaticMeshActor_UAID_A85E45CD68D94EC401_1640638874
 |- Actor Package: /Game/__ExternalActors__/ThirdPerson/Maps/ThirdPersonMap/9/2V/3HUM9VLH2D3RA7ZWGEFXSZ
 |- Actor Path: /Game/ThirdPerson/Maps/ThirdPersonMap.ThirdPersonMap:PersistentLevel.StaticMeshActor_UAID_A85E45CD68D94EC401_1719815875
 |- Actor Package: /Game/__ExternalActors__/ThirdPerson/Maps/ThirdPersonMap/8/K5/SNR276KQM5DQPMESHYQGBY
 |- Actor Path: /Game/ThirdPerson/Maps/ThirdPersonMap.ThirdPersonMap:PersistentLevel.StaticMeshActor_UAID_A85E45CD68D973C401_1568276381
 |- Actor Package: /Game/__ExternalActors__/ThirdPerson/Maps/ThirdPersonMap/D/1G/FJY9MHHN3WAFYVYDQRPBCE
 |- Actor Path: /Game/ThirdPerson/Maps/ThirdPersonMap.ThirdPersonMap:PersistentLevel.StaticMeshActor_UAID_A85E45CD68D9CDC501_1321413273
 |- Actor Package: /Game/__ExternalActors__/ThirdPerson/Maps/ThirdPersonMap/1/H3/CJXZNGYQVYD9CIEJOXFDRT
 |- Actor Path: /Game/ThirdPerson/Maps/ThirdPersonMap.ThirdPersonMap:PersistentLevel.StaticMeshActor_UAID_A85E45CD68D9CDC501_1330249274
 |- Actor Package: /Game/__ExternalActors__/ThirdPerson/Maps/ThirdPersonMap/8/A0/T7OL5GVSOCZPZFR02WD55Z
 |- Actor Path: /Game/ThirdPerson/Maps/ThirdPersonMap.ThirdPersonMap:PersistentLevel.StaticMeshActor_UAID_A85E45CD68D9CDC501_1551830277
 |- Actor Package: /Game/__ExternalActors__/ThirdPerson/Maps/ThirdPersonMap/4/YR/46AZI4M5SSLBF1FGGIX2P0
 |- Actor Path: /Game/ThirdPerson/Maps/ThirdPersonMap.ThirdPersonMap:PersistentLevel.StaticMeshActor_UAID_A85E45CD68D9CDC501_1551835279
 |- Actor Package: /Game/__ExternalActors__/ThirdPerson/Maps/ThirdPersonMap/0/FG/GVPMTX4GUM8ST37EHC353F
 |- Actor Path: /Game/ThirdPerson/Maps/ThirdPersonMap.ThirdPersonMap:PersistentLevel.StaticMeshActor_UAID_A85E45CD68D9CEC501_1119211457
 |- Actor Package: /Game/__ExternalActors__/ThirdPerson/Maps/ThirdPersonMap/B/3T/V1RJO0CNU58UDVFO11E7HP
 |- Actor Path: /Game/ThirdPerson/Maps/ThirdPersonMap.ThirdPersonMap:PersistentLevel.StaticMeshActor_UAID_A85E45CD68D9CEC501_1132149458
 |- Actor Package: /Game/__ExternalActors__/ThirdPerson/Maps/ThirdPersonMap/6/98/GD8DGU30KSF0V5WYUOPBJ9
 |- Actor Path: /Game/ThirdPerson/Maps/ThirdPersonMap.ThirdPersonMap:PersistentLevel.StaticMeshActor_UAID_A85E45CD68D9CEC501_1282210459
 |- Actor Package: /Game/__ExternalActors__/ThirdPerson/Maps/ThirdPersonMap/1/R2/KP6LCQQYWOGCN4XB2DJANT
 |- Actor Path: /Game/ThirdPerson/Maps/ThirdPersonMap.ThirdPersonMap:PersistentLevel.StaticMeshActor_UAID_A85E45CD68D9EDC401_1144923903
 |- Actor Package: /Game/__ExternalActors__/ThirdPerson/Maps/ThirdPersonMap/8/O3/Z9MOIB85N5097WQKSBXPUC
 |- Actor Path: /Game/ThirdPerson/Maps/ThirdPersonMap.ThirdPersonMap:PersistentLevel.ThirdPersonMap_C_1
 |- Actor Package: /Game/ThirdPerson/Maps/ThirdPersonMap
 |- Actor Path: /Game/ThirdPerson/Maps/ThirdPersonMap.ThirdPersonMap:PersistentLevel.VolumetricCloud_0
 |- Actor Package: /Game/__ExternalActors__/ThirdPerson/Maps/ThirdPersonMap/3/EY/87SHEJN5UBEAN2K5OV1G6R
 |- Actor Path: /Game/ThirdPerson/Maps/ThirdPersonMap.ThirdPersonMap:PersistentLevel.WorldDataLayers
 |- Actor Package: /Game/__ExternalActors__/ThirdPerson/Maps/ThirdPersonMap/0/43/HYQWORMY4JDQ5X3OKZXFLC
 |- Actor Path: /Game/ThirdPerson/Maps/ThirdPersonMap.ThirdPersonMap:PersistentLevel.WorldInfo_0
 |- Actor Package: /Game/ThirdPerson/Maps/ThirdPersonMap
 |- Actor Path: /Game/ThirdPerson/Maps/ThirdPersonMap.ThirdPersonMap:PersistentLevel.WorldPartitionMiniMap_0
 |- Actor Package: /Game/__ExternalActors__/ThirdPerson/Maps/ThirdPersonMap/E/FR/LBG6LPN5JCL3FMVSI2CK6R

----------------------------------------------------------------------------------------------------------------
ThirdPersonMap - Runtime Spatial Hash - Streaming Grid - MainGrid
----------------------------------------------------------------------------------------------------------------
            Origin: X=0.000 Y=0.000 Z=0.000
         Cell Size: 12800
      World Bounds: IsValid=false, Min=(X=0.000 Y=0.000 Z=0.000), Max=(X=0.000 Y=0.000 Z=0.000)
     Loading Range: 25600.00
Block Slow Loading: No
 ClientOnlyVisible: No
            Origin: X=0.000 Y=0.000 Z=0.000

[+] Grid Levels: 1
 |- Level  0: Cell Count    0 | Cell Size   12800 | Actor Count    0 (0.0%)

[+] Content of Grid Level 0

