[+] Containers:
 |- [+] Container: /Game/ThirdPerson/Maps/ThirdPersonMap
 |   |- [+] ActorDescs:
 |   |   |- Guid:06B1786048A0CDD3E0DBC3A9AF907127 BaseClass: NativeClass:/Script/Engine.StaticMeshActor Name:StaticMeshActor_UAID_A85E45CD68D9EAC401_2063496324 Label:Shape_Cube4 SpatiallyLoaded:1 Bounds:IsValid=true, Min=(X=2582.500 Y=1770.000 Z=-630.000), Max=(X=3257.500 Y=1870.000 Z=20.000) RuntimeGrid:None EditorOnly:0 RuntimeOnly:0 HLODRelevant:1 ListedInSceneOutliner:1 IsMainWorldOnly:0
 |   |   |- Guid:0E1C043D42B3CBFCB7E34A81E579A2C0 BaseClass: NativeClass:/Script/Engine.StaticMeshActor Name:StaticMeshActor_UAID_A85E45CD68D94DC401_1093585691 Label:Finish_Line_base SpatiallyLoaded:1 Bounds:IsValid=true, Min=(X=-43.519 Y=2396.050 Z=-83.739), Max=(X=806.481 Y=2621.050 Z=-33.739) RuntimeGrid:None EditorOnly:0 RuntimeOnly:0 HLODRelevant:0 ListedInSceneOutliner:1 IsMainWorldOnly:0 FolderPath:Playground/FinishLine FolderGuid:C0151C334B8D011FCFFB4CB56240D47D
 |   |   |- Guid:18E606F54355EFD353707BB081F1E920 BaseClass:/Game/LevelPrototyping/Animations/BP_Animations/BP_Animation_Rotate_Arm_Counter_Clockwise.BP_Animation_Rotate_Arm_Counter_Clockwise_C NativeClass:/Script/Engine.Actor Name:BP_Animation_Rotate_Arm_Counter_Clockwise_C_UAID_A85E45CD68D9EBC401_1854802526 Label:BP_Animation_Rotate_Arm_Counter_Clockwise3 SpatiallyLoaded:1 Bounds:IsValid=true, Min=(X=6480.000 Y=3000.000 Z=10.000), Max=(X=6580.000 Y=3650.000 Z=310.000) RuntimeGrid:None EditorOnly:0 RuntimeOnly:0 HLODRelevant:0 ListedInSceneOutliner:1 IsMainWorldOnly:0
 |   |   |- Guid:1E01196843BB7163F6FFC0AC52E88B25 BaseClass: NativeClass:/Script/Engine.StaticMeshActor Name:StaticMeshActor_UAID_A85E45CD68D94DC401_1242958695 Label:Finish_Line_Pole_R SpatiallyLoaded:1 Bounds:IsValid=true, Min=(X=-42.500 Y=2487.500 Z=-30.000), Max=(X=-17.500 Y=2512.500 Z=570.000) RuntimeGrid:None EditorOnly:0 RuntimeOnly:0 HLODRelevant:0 ListedInSceneOutliner:1 IsMainWorldOnly:0 FolderPath:Playground/FinishLine FolderGuid:C0151C334B8D011FCFFB4CB56240D47D
 |   |   |- Guid:2FB58999456391D349DC0F86DAC136ED BaseClass: NativeClass:/Script/Engine.SkyLight Name:SkyLight_1 Label:SkyLight SpatiallyLoaded:0 Bounds:IsValid=true, Min=(X=0.000 Y=0.000 Z=690.000), Max=(X=0.000 Y=0.000 Z=690.000) RuntimeGrid:None EditorOnly:0 RuntimeOnly:0 HLODRelevant:0 ListedInSceneOutliner:1 IsMainWorldOnly:0 FolderPath:Lighting FolderGuid:963EC3EB4002CCE9759E2EBA541A873A
 |   |   |- Guid:2FDDC07E4C62700D045E4AAB463A561C BaseClass:/Game/LevelPrototyping/Animations/BP_Animations/BP_Animation_Rotate_Counter_Clockwise.BP_Animation_Rotate_Counter_Clockwise_C NativeClass:/Script/Engine.Actor Name:BP_Animation_Rotate_Counter_Clockwise_C_UAID_A85E45CD68D9EBC401_1777090519 Label:BP_Animation_Rotate_Counter_Clockwise SpatiallyLoaded:1 Bounds:IsValid=true, Min=(X=4885.000 Y=-14.999 Z=-80.000), Max=(X=6035.000 Y=1135.000 Z=20.000) RuntimeGrid:None EditorOnly:0 RuntimeOnly:0 HLODRelevant:0 ListedInSceneOutliner:1 IsMainWorldOnly:0
 |   |   |- Guid:316CF2A6494ACA4C0E4180A87D36AB8F BaseClass: NativeClass:/Script/Engine.ExponentialHeightFog Name:ExponentialHeightFog_0 Label:ExponentialHeightFog SpatiallyLoaded:0 Bounds:IsValid=true, Min=(X=-5600.000 Y=-50.000 Z=-6850.000), Max=(X=-5600.000 Y=-50.000 Z=-6850.000) RuntimeGrid:None EditorOnly:0 RuntimeOnly:0 HLODRelevant:0 ListedInSceneOutliner:1 IsMainWorldOnly:0 FolderPath:Lighting FolderGuid:963EC3EB4002CCE9759E2EBA541A873A
 |   |   |- Guid:3492005C48D697B39A32EAB198E77766 BaseClass: NativeClass:/Script/Engine.StaticMeshActor Name:StaticMeshActor_UAID_A85E45CD68D973C401_1568276381 Label:Start_Platform SpatiallyLoaded:1 Bounds:IsValid=true, Min=(X=-55.122 Y=1019.457 Z=-58.406), Max=(X=894.878 Y=1969.457 Z=-33.406) RuntimeGrid:None EditorOnly:0 RuntimeOnly:0 HLODRelevant:1 ListedInSceneOutliner:1 IsMainWorldOnly:0 FolderPath:Playground FolderGuid:C73F09FC4215536B1DCE2A9E0A830C70
 |   |   |- Guid:3683D16F4EC43B1E18A06BA856D2CD18 BaseClass: NativeClass:/Script/Engine.StaticMeshActor Name:StaticMeshActor_UAID_A85E45CD68D94EC401_1719815875 Label:Finish_Line_Banner SpatiallyLoaded:1 Bounds:IsValid=true, Min=(X=-45.000 Y=2480.000 Z=367.500), Max=(X=805.000 Y=2480.000 Z=592.500) RuntimeGrid:None EditorOnly:0 RuntimeOnly:0 HLODRelevant:1 ListedInSceneOutliner:1 IsMainWorldOnly:0 FolderPath:Playground/FinishLine FolderGuid:C0151C334B8D011FCFFB4CB56240D47D
 |   |   |- Guid:3A00AA1C422CE54C0BDB60BAF471BFBB BaseClass: NativeClass:/Script/Engine.PlayerStart Name:PlayerStart_0 Label:PlayerStart SpatiallyLoaded:0 Bounds:IsValid=true, Min=(X=3173.126 Y=1328.634 Z=-55.993), Max=(X=3333.126 Y=1488.634 Z=312.007) RuntimeGrid:None EditorOnly:0 RuntimeOnly:0 HLODRelevant:0 ListedInSceneOutliner:1 IsMainWorldOnly:0 FolderPath:Playground/Game_Mechanics FolderGuid:3575484D48692121665E68B078F41F18
 |   |   |- Guid:3C1E2A164DA302631512C989C6C11C9B BaseClass: NativeClass:/Script/Engine.StaticMeshActor Name:StaticMeshActor_UAID_A85E45CD68D9EAC401_2086453325 Label:Shape_Cube5 SpatiallyLoaded:1 Bounds:IsValid=true, Min=(X=3205.000 Y=1392.500 Z=-630.000), Max=(X=3255.000 Y=1867.500 Z=20.000) RuntimeGrid:None EditorOnly:0 RuntimeOnly:0 HLODRelevant:1 ListedInSceneOutliner:1 IsMainWorldOnly:0
 |   |   |- Guid:40BB45E447FB02FE04BC3ABA552ADD0F BaseClass:/Game/LevelPrototyping/Animations/BP_Animations/BP_Animation_Rotate_Arm_Counter_Clockwise.BP_Animation_Rotate_Arm_Counter_Clockwise_C NativeClass:/Script/Engine.Actor Name:BP_Animation_Rotate_Arm_Counter_Clockwise_C_UAID_A85E45CD68D9EBC401_1524310511 Label:BP_Animation_Rotate_Arm_Counter_Clockwise2 SpatiallyLoaded:1 Bounds:IsValid=true, Min=(X=6480.000 Y=-140.000 Z=10.000), Max=(X=6580.000 Y=510.000 Z=310.000) RuntimeGrid:None EditorOnly:0 RuntimeOnly:0 HLODRelevant:0 ListedInSceneOutliner:1 IsMainWorldOnly:0
 |   |   |- Guid:40FB060A4A1A1C5C8D76568D2C37CF31 BaseClass:/Game/LevelPrototyping/Animations/BP_Animations/BP_Animation_Shift.BP_Animation_Shift_C NativeClass:/Script/Engine.Actor Name:BP_Animation_Shift_C_UAID_A85E45CD68D9EBC401_1930754532 Label:BP_Animation_Shift6 SpatiallyLoaded:1 Bounds:IsValid=true, Min=(X=7185.000 Y=-527.500 Z=-40.000), Max=(X=7535.000 Y=-352.500 Z=60.000) RuntimeGrid:None EditorOnly:0 RuntimeOnly:0 HLODRelevant:0 ListedInSceneOutliner:1 IsMainWorldOnly:0
 |   |   |- Guid:46F15A0A49BD4188A6C44E89A7B0BBBA BaseClass:/Game/LevelPrototyping/Animations/BP_Animations/BP_Animation_Shift.BP_Animation_Shift_C NativeClass:/Script/Engine.Actor Name:BP_Animation_Shift_C_UAID_A85E45CD68D9ECC401_1196648712 Label:BP_Animation_Shift7 SpatiallyLoaded:1 Bounds:IsValid=true, Min=(X=7185.000 Y=2672.500 Z=-40.000), Max=(X=7535.000 Y=2847.500 Z=60.000) RuntimeGrid:None EditorOnly:0 RuntimeOnly:0 HLODRelevant:0 ListedInSceneOutliner:1 IsMainWorldOnly:0
 |   |   |- Guid:4D3BE93F4146AAAC8BBE79999D96D57F BaseClass: NativeClass:/Script/Engine.VolumetricCloud Name:VolumetricCloud_0 Label:VolumetricCloud SpatiallyLoaded:0 Bounds:IsValid=true, Min=(X=0.000 Y=0.000 Z=820.000), Max=(X=0.000 Y=0.000 Z=820.000) RuntimeGrid:None EditorOnly:0 RuntimeOnly:0 HLODRelevant:0 ListedInSceneOutliner:1 IsMainWorldOnly:0 FolderPath:Lighting FolderGuid:963EC3EB4002CCE9759E2EBA541A873A
 |   |   |- Guid:57405AF24F97F0F3A69ACDA519FA7F31 BaseClass:/Game/LevelPrototyping/Animations/BP_Animations/BP_Animation_Shift_Fast.BP_Animation_Shift_Fast_C NativeClass:/Script/Engine.Actor Name:BP_Animation_Shift_Fast_C_UAID_A85E45CD68D9ECC401_1123142711 Label:BP_Animation_Shift_Fast SpatiallyLoaded:1 Bounds:IsValid=true, Min=(X=7185.000 Y=62.500 Z=-40.000), Max=(X=7535.000 Y=237.500 Z=60.000) RuntimeGrid:None EditorOnly:0 RuntimeOnly:0 HLODRelevant:0 ListedInSceneOutliner:1 IsMainWorldOnly:0
 |   |   |- Guid:580F8ACC456895FD6FED009239EB6B2B BaseClass:/Game/LevelPrototyping/Animations/BP_Animations/BP_Animation_Rotate_Clockwise.BP_Animation_Rotate_Clockwise_C NativeClass:/Script/Engine.Actor Name:BP_Animation_Rotate_Clockwise_C_UAID_A85E45CD68D9EBC401_1854797524 Label:BP_Animation_Rotate_Clockwise3 SpatiallyLoaded:1 Bounds:IsValid=true, Min=(X=5955.000 Y=2475.001 Z=-90.000), Max=(X=7105.000 Y=3625.000 Z=10.000) RuntimeGrid:None EditorOnly:0 RuntimeOnly:0 HLODRelevant:0 ListedInSceneOutliner:1 IsMainWorldOnly:0
 |   |   |- Guid:5A03042E4069743B57C3A582B4ABBAD7 BaseClass: NativeClass:/Script/Engine.StaticMeshActor Name:StaticMeshActor_UAID_A85E45CD68D94EC401_1640638874 Label:Finish_Line_Floor SpatiallyLoaded:1 Bounds:IsValid=true, Min=(X=-45.000 Y=2397.500 Z=-30.000), Max=(X=805.000 Y=2622.500 Z=-30.000) RuntimeGrid:None EditorOnly:0 RuntimeOnly:0 HLODRelevant:1 ListedInSceneOutliner:1 IsMainWorldOnly:0 FolderPath:Playground/FinishLine FolderGuid:C0151C334B8D011FCFFB4CB56240D47D
 |   |   |- Guid:5C73525347611A8A36E58695E118E5A9 BaseClass:/Game/LevelPrototyping/Animations/BP_Animations/BP_Animation_Shift_Fast.BP_Animation_Shift_Fast_C NativeClass:/Script/Engine.Actor Name:BP_Animation_Shift_Fast_C_UAID_A85E45CD68D9ECC401_1196658713 Label:BP_Animation_Shift_Fast2 SpatiallyLoaded:1 Bounds:IsValid=true, Min=(X=7185.000 Y=3262.500 Z=-40.000), Max=(X=7535.000 Y=3437.500 Z=60.000) RuntimeGrid:None EditorOnly:0 RuntimeOnly:0 HLODRelevant:0 ListedInSceneOutliner:1 IsMainWorldOnly:0
 |   |   |- Guid:6BAF4DDD444C60371492D3919DB42C97 BaseClass: NativeClass:/Script/Engine.WorldDataLayers Name:WorldDataLayers Label:WorldDataLayers SpatiallyLoaded:0 Bounds:IsValid=true, Min=(X=0.000 Y=0.000 Z=0.000), Max=(X=0.000 Y=0.000 Z=0.000) RuntimeGrid:None EditorOnly:0 RuntimeOnly:0 HLODRelevant:0 ListedInSceneOutliner:1 IsMainWorldOnly:1 FolderPath:World FolderGuid:8C3ED81C4036AB0E86233D92BA4F0FDD
 |   |   |- Guid:6CF0E5A74EF4CF54521504BBFAD5439A BaseClass:/Game/LevelPrototyping/Animations/BP_Animations/BP_Animation_Rotate_Arm_Counter_Clockwise.BP_Animation_Rotate_Arm_Counter_Clockwise_C NativeClass:/Script/Engine.Actor Name:BP_Animation_Rotate_Arm_Counter_Clockwise_C_UAID_A85E45CD68D9EBC401_1431248506 Label:BP_Animation_Rotate_Arm_Counter_Clockwise SpatiallyLoaded:1 Bounds:IsValid=true, Min=(X=4510.000 Y=1340.000 Z=10.000), Max=(X=4610.000 Y=1990.000 Z=310.000) RuntimeGrid:None EditorOnly:0 RuntimeOnly:0 HLODRelevant:0 ListedInSceneOutliner:1 IsMainWorldOnly:0
 |   |   |- Guid:6D2B7933499D7D9778C4B094382D72C7 BaseClass: NativeClass:/Script/Engine.StaticMeshActor Name:StaticMeshActor_UAID_A85E45CD68D94DC401_1112331692 Label:Finish_Line_End SpatiallyLoaded:1 Bounds:IsValid=true, Min=(X=-43.519 Y=2616.050 Z=-83.739), Max=(X=806.481 Y=3941.050 Z=-33.739) RuntimeGrid:None EditorOnly:0 RuntimeOnly:0 HLODRelevant:0 ListedInSceneOutliner:1 IsMainWorldOnly:0 FolderPath:Playground/FinishLine FolderGuid:C0151C334B8D011FCFFB4CB56240D47D
 |   |   |- Guid:6E70B7C24D63A03F236C5EB8F629E8F3 BaseClass: NativeClass:/Script/Engine.StaticMeshActor Name:StaticMeshActor_UAID_A85E45CD68D9EAC401_1999629322 Label:Shape_Cube2 SpatiallyLoaded:1 Bounds:IsValid=true, Min=(X=2575.000 Y=1392.500 Z=-630.000), Max=(X=2625.000 Y=1867.500 Z=20.000) RuntimeGrid:None EditorOnly:0 RuntimeOnly:0 HLODRelevant:1 ListedInSceneOutliner:1 IsMainWorldOnly:0
 |   |   |- Guid:80932FD64934A64F845ECABFA8C899C4 BaseClass: NativeClass:/Script/Engine.StaticMeshActor Name:StaticMeshActor_UAID_A85E45CD68D94DC401_1292510696 Label:Finish_Line_Pole_L SpatiallyLoaded:1 Bounds:IsValid=true, Min=(X=777.500 Y=2487.500 Z=-30.000), Max=(X=802.500 Y=2512.500 Z=570.000) RuntimeGrid:None EditorOnly:0 RuntimeOnly:0 HLODRelevant:0 ListedInSceneOutliner:1 IsMainWorldOnly:0 FolderPath:Playground/FinishLine FolderGuid:C0151C334B8D011FCFFB4CB56240D47D
 |   |   |- Guid:8A3983A04E771FB1B44BC397B3F04A23 BaseClass:/Game/LevelPrototyping/Animations/BP_Animations/BP_Animation_Shift_Slow.BP_Animation_Shift_Slow_C NativeClass:/Script/Engine.Actor Name:BP_Animation_Shift_Slow_C_UAID_A85E45CD68D9ECC401_1196661714 Label:BP_Animation_Shift_Slow2 SpatiallyLoaded:1 Bounds:IsValid=true, Min=(X=7187.500 Y=2972.500 Z=-40.000), Max=(X=7512.500 Y=3147.500 Z=60.000) RuntimeGrid:None EditorOnly:0 RuntimeOnly:0 HLODRelevant:0 ListedInSceneOutliner:1 IsMainWorldOnly:0
 |   |   |- Guid:93C546DA43122BA2CF4D84948EDB2392 BaseClass:/Game/LevelPrototyping/Animations/BP_Animations/BP_Animation_Rotate_Arm_Clockwise.BP_Animation_Rotate_Arm_Clockwise_C NativeClass:/Script/Engine.Actor Name:BP_Animation_Rotate_Arm_Clockwise_C_UAID_A85E45CD68D9EBC401_1850983521 Label:BP_Animation_Rotate_Arm_Clockwise2 SpatiallyLoaded:1 Bounds:IsValid=true, Min=(X=5410.000 Y=2230.000 Z=20.000), Max=(X=5510.000 Y=2880.000 Z=320.000) RuntimeGrid:None EditorOnly:0 RuntimeOnly:0 HLODRelevant:0 ListedInSceneOutliner:1 IsMainWorldOnly:0
 |   |   |- Guid:AC6C39F7486604C4FC27FD8001DFED15 BaseClass: NativeClass:/Script/Engine.StaticMeshActor Name:StaticMeshActor_UAID_A85E45CD68D9EAC401_2060938323 Label:Shape_Cube3 SpatiallyLoaded:1 Bounds:IsValid=true, Min=(X=3202.500 Y=1387.500 Z=-630.000), Max=(X=3877.500 Y=1412.500 Z=20.000) RuntimeGrid:None EditorOnly:0 RuntimeOnly:0 HLODRelevant:1 ListedInSceneOutliner:1 IsMainWorldOnly:0
 |   |   |- Guid:B2547A074ADF692C72DE6F8E1D0C8849 BaseClass:/Game/LevelPrototyping/Animations/BP_Animations/BP_Animation_Shift_Slow.BP_Animation_Shift_Slow_C NativeClass:/Script/Engine.Actor Name:BP_Animation_Shift_Slow_C_UAID_A85E45CD68D9EBC401_2091219534 Label:BP_Animation_Shift_Slow SpatiallyLoaded:1 Bounds:IsValid=true, Min=(X=7187.500 Y=-227.500 Z=-40.000), Max=(X=7512.500 Y=-52.500 Z=60.000) RuntimeGrid:None EditorOnly:0 RuntimeOnly:0 HLODRelevant:0 ListedInSceneOutliner:1 IsMainWorldOnly:0
 |   |   |- Guid:B785ED2844B84CFB91E7F39FE661CD99 BaseClass: NativeClass:/Script/Engine.DirectionalLight Name:DirectionalLight_0 Label:DirectionalLight SpatiallyLoaded:0 Bounds:IsValid=true, Min=(X=-1048576.000 Y=-1048576.000 Z=-1048576.000), Max=(X=1048576.000 Y=1048576.000 Z=1048576.000) RuntimeGrid:None EditorOnly:0 RuntimeOnly:0 HLODRelevant:0 ListedInSceneOutliner:1 IsMainWorldOnly:0 FolderPath:Lighting FolderGuid:963EC3EB4002CCE9759E2EBA541A873A
 |   |   |- Guid:BB3024C849CC134D95F0248E422D21CB BaseClass:/Game/LevelPrototyping/Animations/BP_Animations/BP_Animation_Rotate_Arm_Clockwise.BP_Animation_Rotate_Arm_Clockwise_C NativeClass:/Script/Engine.Actor Name:BP_Animation_Rotate_Arm_Clockwise_C_UAID_A85E45CD68D9EBC401_1679003517 Label:BP_Animation_Rotate_Arm_Clockwise SpatiallyLoaded:1 Bounds:IsValid=true, Min=(X=5410.000 Y=510.000 Z=20.000), Max=(X=5510.000 Y=1160.000 Z=320.000) RuntimeGrid:None EditorOnly:0 RuntimeOnly:0 HLODRelevant:0 ListedInSceneOutliner:1 IsMainWorldOnly:0
 |   |   |- Guid:CCFF262C46EEFFDF319E7F9539CE697E BaseClass: NativeClass:/Script/Engine.SkyAtmosphere Name:SkyAtmosphere_0 Label:SkyAtmosphere SpatiallyLoaded:0 Bounds:IsValid=true, Min=(X=0.000 Y=0.000 Z=1020.000), Max=(X=0.000 Y=0.000 Z=1020.000) RuntimeGrid:None EditorOnly:0 RuntimeOnly:0 HLODRelevant:0 ListedInSceneOutliner:1 IsMainWorldOnly:0 FolderPath:Lighting FolderGuid:963EC3EB4002CCE9759E2EBA541A873A
 |   |   |- Guid:CF4D42D84FC7BDD3C03A4391813B0DA3 BaseClass:/Game/LevelPrototyping/Animations/BP_Animations/BP_Animation_Rotate_Clockwise.BP_Animation_Rotate_Clockwise_C NativeClass:/Script/Engine.Actor Name:BP_Animation_Rotate_Clockwise_C_UAID_A85E45CD68D9EBC401_1415909505 Label:BP_Animation_Rotate_Clockwise SpatiallyLoaded:1 Bounds:IsValid=true, Min=(X=3985.000 Y=815.001 Z=-90.000), Max=(X=5135.000 Y=1965.000 Z=10.000) RuntimeGrid:None EditorOnly:0 RuntimeOnly:0 HLODRelevant:0 ListedInSceneOutliner:1 IsMainWorldOnly:0
 |   |   |- Guid:D087007A49243F66BEC3A9BADC8A954A BaseClass:/Game/LevelPrototyping/Animations/BP_Animations/BP_Animation_Rotate_carousel.BP_Animation_Rotate_carousel_C NativeClass:/Script/Engine.Actor Name:BP_Animation_Rotate_carousel_C_UAID_A85E45CD68D9EAC401_1752384319 Label:BP_Animation_Rotate_carousel SpatiallyLoaded:1 Bounds:IsValid=true, Min=(X=990.000 Y=1020.000 Z=-80.000), Max=(X=1830.000 Y=1860.000 Z=20.000) RuntimeGrid:None EditorOnly:0 RuntimeOnly:0 HLODRelevant:0 ListedInSceneOutliner:1 IsMainWorldOnly:0
 |   |   |- Guid:D271CB3649FCAC0E1AD453B873232AD6 BaseClass: NativeClass:/Script/Engine.StaticMeshActor Name:StaticMeshActor_UAID_A85E45CD68D9EBC401_1992716533 Label:Shape_Cube6 SpatiallyLoaded:1 Bounds:IsValid=true, Min=(X=7500.000 Y=-727.500 Z=10.000), Max=(X=7600.000 Y=3647.500 Z=835.000) RuntimeGrid:None EditorOnly:0 RuntimeOnly:0 HLODRelevant:1 ListedInSceneOutliner:1 IsMainWorldOnly:0
 |   |   |- Guid:DC01833242E9F568EF28A39292B13055 BaseClass:/Game/LevelPrototyping/Animations/BP_Animations/BP_Animation_Rotate_Clockwise.BP_Animation_Rotate_Clockwise_C NativeClass:/Script/Engine.Actor Name:BP_Animation_Rotate_Clockwise_C_UAID_A85E45CD68D9EBC401_1524306509 Label:BP_Animation_Rotate_Clockwise2 SpatiallyLoaded:1 Bounds:IsValid=true, Min=(X=5955.000 Y=-664.999 Z=-90.000), Max=(X=7105.000 Y=485.000 Z=10.000) RuntimeGrid:None EditorOnly:0 RuntimeOnly:0 HLODRelevant:0 ListedInSceneOutliner:1 IsMainWorldOnly:0
 |   |   |- Guid:DCC6417F4383AEB69E6241B01621A2B1 BaseClass:/Game/LevelPrototyping/Animations/BP_Animations/BP_Animation_Fan.BP_Animation_Fan_C NativeClass:/Script/Engine.Actor Name:BP_Animation_Fan_C_UAID_A85E45CD68D9EBC401_1141020502 Label:BP_Animation_Fan SpatiallyLoaded:1 Bounds:IsValid=true, Min=(X=2870.000 Y=1400.000 Z=30.000), Max=(X=3045.000 Y=2400.000 Z=1030.000) RuntimeGrid:None EditorOnly:0 RuntimeOnly:0 HLODRelevant:0 ListedInSceneOutliner:1 IsMainWorldOnly:0
 |   |   |- Guid:E789C06D41C094C2D9258BAA60F3DB05 BaseClass:/Game/LevelPrototyping/Animations/BP_Animations/BP_Animation_Rotate_Counter_Clockwise.BP_Animation_Rotate_Counter_Clockwise_C NativeClass:/Script/Engine.Actor Name:BP_Animation_Rotate_Counter_Clockwise_C_UAID_A85E45CD68D9EBC401_1850988523 Label:BP_Animation_Rotate_Counter_Clockwise2 SpatiallyLoaded:1 Bounds:IsValid=true, Min=(X=4885.000 Y=1705.001 Z=-80.000), Max=(X=6035.000 Y=2855.000 Z=20.000) RuntimeGrid:None EditorOnly:0 RuntimeOnly:0 HLODRelevant:0 ListedInSceneOutliner:1 IsMainWorldOnly:0
 |   |   |- Guid:F3CE3EF3433B9C930AF8749CC6F73B4E BaseClass: NativeClass:/Script/Engine.StaticMeshActor Name:StaticMeshActor_UAID_A85E45CD68D9EAC401_1955258321 Label:Shape_Cube SpatiallyLoaded:1 Bounds:IsValid=true, Min=(X=1952.500 Y=1385.000 Z=-630.000), Max=(X=2627.500 Y=1435.000 Z=20.000) RuntimeGrid:None EditorOnly:0 RuntimeOnly:0 HLODRelevant:1 ListedInSceneOutliner:1 IsMainWorldOnly:0
 |   |   |- Guid:F5E3FEB3450C49844FD93DA8E083C8AD BaseClass: NativeClass:/Script/Engine.PostProcessVolume Name:PostProcessVolume_0 Label:PostProcessVolume SpatiallyLoaded:0 Bounds:IsValid=true, Min=(X=0.000 Y=0.000 Z=400.000), Max=(X=200.000 Y=200.000 Z=600.000) RuntimeGrid:None EditorOnly:0 RuntimeOnly:0 HLODRelevant:0 ListedInSceneOutliner:1 IsMainWorldOnly:0 FolderPath:Lighting FolderGuid:963EC3EB4002CCE9759E2EBA541A873A
 |   |- [+] Clusters:
 |   |   |- [+] [  0]
 |   |   |   |- Guid:06B1786048A0CDD3E0DBC3A9AF907127 BaseClass: NativeClass:/Script/Engine.StaticMeshActor Name:StaticMeshActor_UAID_A85E45CD68D9EAC401_2063496324 Label:Shape_Cube4 SpatiallyLoaded:1 Bounds:IsValid=true, Min=(X=2582.500 Y=1770.000 Z=-630.000), Max=(X=3257.500 Y=1870.000 Z=20.000) RuntimeGrid:None EditorOnly:0 RuntimeOnly:0 HLODRelevant:1 ListedInSceneOutliner:1 IsMainWorldOnly:0
 |   |   |- [+] [  1]
 |   |   |   |- Guid:0E1C043D42B3CBFCB7E34A81E579A2C0 BaseClass: NativeClass:/Script/Engine.StaticMeshActor Name:StaticMeshActor_UAID_A85E45CD68D94DC401_1093585691 Label:Finish_Line_base SpatiallyLoaded:1 Bounds:IsValid=true, Min=(X=-43.519 Y=2396.050 Z=-83.739), Max=(X=806.481 Y=2621.050 Z=-33.739) RuntimeGrid:None EditorOnly:0 RuntimeOnly:0 HLODRelevant:0 ListedInSceneOutliner:1 IsMainWorldOnly:0 FolderPath:Playground/FinishLine FolderGuid:C0151C334B8D011FCFFB4CB56240D47D
 |   |   |- [+] [  2]
 |   |   |   |- Guid:18E606F54355EFD353707BB081F1E920 BaseClass:/Game/LevelPrototyping/Animations/BP_Animations/BP_Animation_Rotate_Arm_Counter_Clockwise.BP_Animation_Rotate_Arm_Counter_Clockwise_C NativeClass:/Script/Engine.Actor Name:BP_Animation_Rotate_Arm_Counter_Clockwise_C_UAID_A85E45CD68D9EBC401_1854802526 Label:BP_Animation_Rotate_Arm_Counter_Clockwise3 SpatiallyLoaded:1 Bounds:IsValid=true, Min=(X=6480.000 Y=3000.000 Z=10.000), Max=(X=6580.000 Y=3650.000 Z=310.000) RuntimeGrid:None EditorOnly:0 RuntimeOnly:0 HLODRelevant:0 ListedInSceneOutliner:1 IsMainWorldOnly:0
 |   |   |- [+] [  3]
 |   |   |   |- Guid:1E01196843BB7163F6FFC0AC52E88B25 BaseClass: NativeClass:/Script/Engine.StaticMeshActor Name:StaticMeshActor_UAID_A85E45CD68D94DC401_1242958695 Label:Finish_Line_Pole_R SpatiallyLoaded:1 Bounds:IsValid=true, Min=(X=-42.500 Y=2487.500 Z=-30.000), Max=(X=-17.500 Y=2512.500 Z=570.000) RuntimeGrid:None EditorOnly:0 RuntimeOnly:0 HLODRelevant:0 ListedInSceneOutliner:1 IsMainWorldOnly:0 FolderPath:Playground/FinishLine FolderGuid:C0151C334B8D011FCFFB4CB56240D47D
 |   |   |- [+] [  4]
 |   |   |   |- Guid:2FB58999456391D349DC0F86DAC136ED BaseClass: NativeClass:/Script/Engine.SkyLight Name:SkyLight_1 Label:SkyLight SpatiallyLoaded:0 Bounds:IsValid=true, Min=(X=0.000 Y=0.000 Z=690.000), Max=(X=0.000 Y=0.000 Z=690.000) RuntimeGrid:None EditorOnly:0 RuntimeOnly:0 HLODRelevant:0 ListedInSceneOutliner:1 IsMainWorldOnly:0 FolderPath:Lighting FolderGuid:963EC3EB4002CCE9759E2EBA541A873A
 |   |   |- [+] [  5]
 |   |   |   |- Guid:2FDDC07E4C62700D045E4AAB463A561C BaseClass:/Game/LevelPrototyping/Animations/BP_Animations/BP_Animation_Rotate_Counter_Clockwise.BP_Animation_Rotate_Counter_Clockwise_C NativeClass:/Script/Engine.Actor Name:BP_Animation_Rotate_Counter_Clockwise_C_UAID_A85E45CD68D9EBC401_1777090519 Label:BP_Animation_Rotate_Counter_Clockwise SpatiallyLoaded:1 Bounds:IsValid=true, Min=(X=4885.000 Y=-14.999 Z=-80.000), Max=(X=6035.000 Y=1135.000 Z=20.000) RuntimeGrid:None EditorOnly:0 RuntimeOnly:0 HLODRelevant:0 ListedInSceneOutliner:1 IsMainWorldOnly:0
 |   |   |- [+] [  6]
 |   |   |   |- Guid:316CF2A6494ACA4C0E4180A87D36AB8F BaseClass: NativeClass:/Script/Engine.ExponentialHeightFog Name:ExponentialHeightFog_0 Label:ExponentialHeightFog SpatiallyLoaded:0 Bounds:IsValid=true, Min=(X=-5600.000 Y=-50.000 Z=-6850.000), Max=(X=-5600.000 Y=-50.000 Z=-6850.000) RuntimeGrid:None EditorOnly:0 RuntimeOnly:0 HLODRelevant:0 ListedInSceneOutliner:1 IsMainWorldOnly:0 FolderPath:Lighting FolderGuid:963EC3EB4002CCE9759E2EBA541A873A
 |   |   |- [+] [  7]
 |   |   |   |- Guid:3492005C48D697B39A32EAB198E77766 BaseClass: NativeClass:/Script/Engine.StaticMeshActor Name:StaticMeshActor_UAID_A85E45CD68D973C401_1568276381 Label:Start_Platform SpatiallyLoaded:1 Bounds:IsValid=true, Min=(X=-55.122 Y=1019.457 Z=-58.406), Max=(X=894.878 Y=1969.457 Z=-33.406) RuntimeGrid:None EditorOnly:0 RuntimeOnly:0 HLODRelevant:1 ListedInSceneOutliner:1 IsMainWorldOnly:0 FolderPath:Playground FolderGuid:C73F09FC4215536B1DCE2A9E0A830C70
 |   |   |- [+] [  8]
 |   |   |   |- Guid:3683D16F4EC43B1E18A06BA856D2CD18 BaseClass: NativeClass:/Script/Engine.StaticMeshActor Name:StaticMeshActor_UAID_A85E45CD68D94EC401_1719815875 Label:Finish_Line_Banner SpatiallyLoaded:1 Bounds:IsValid=true, Min=(X=-45.000 Y=2480.000 Z=367.500), Max=(X=805.000 Y=2480.000 Z=592.500) RuntimeGrid:None EditorOnly:0 RuntimeOnly:0 HLODRelevant:1 ListedInSceneOutliner:1 IsMainWorldOnly:0 FolderPath:Playground/FinishLine FolderGuid:C0151C334B8D011FCFFB4CB56240D47D
 |   |   |- [+] [  9]
 |   |   |   |- Guid:3A00AA1C422CE54C0BDB60BAF471BFBB BaseClass: NativeClass:/Script/Engine.PlayerStart Name:PlayerStart_0 Label:PlayerStart SpatiallyLoaded:0 Bounds:IsValid=true, Min=(X=3173.126 Y=1328.634 Z=-55.993), Max=(X=3333.126 Y=1488.634 Z=312.007) RuntimeGrid:None EditorOnly:0 RuntimeOnly:0 HLODRelevant:0 ListedInSceneOutliner:1 IsMainWorldOnly:0 FolderPath:Playground/Game_Mechanics FolderGuid:3575484D48692121665E68B078F41F18
 |   |   |- [+] [ 10]
 |   |   |   |- Guid:3C1E2A164DA302631512C989C6C11C9B BaseClass: NativeClass:/Script/Engine.StaticMeshActor Name:StaticMeshActor_UAID_A85E45CD68D9EAC401_2086453325 Label:Shape_Cube5 SpatiallyLoaded:1 Bounds:IsValid=true, Min=(X=3205.000 Y=1392.500 Z=-630.000), Max=(X=3255.000 Y=1867.500 Z=20.000) RuntimeGrid:None EditorOnly:0 RuntimeOnly:0 HLODRelevant:1 ListedInSceneOutliner:1 IsMainWorldOnly:0
 |   |   |- [+] [ 11]
 |   |   |   |- Guid:40BB45E447FB02FE04BC3ABA552ADD0F BaseClass:/Game/LevelPrototyping/Animations/BP_Animations/BP_Animation_Rotate_Arm_Counter_Clockwise.BP_Animation_Rotate_Arm_Counter_Clockwise_C NativeClass:/Script/Engine.Actor Name:BP_Animation_Rotate_Arm_Counter_Clockwise_C_UAID_A85E45CD68D9EBC401_1524310511 Label:BP_Animation_Rotate_Arm_Counter_Clockwise2 SpatiallyLoaded:1 Bounds:IsValid=true, Min=(X=6480.000 Y=-140.000 Z=10.000), Max=(X=6580.000 Y=510.000 Z=310.000) RuntimeGrid:None EditorOnly:0 RuntimeOnly:0 HLODRelevant:0 ListedInSceneOutliner:1 IsMainWorldOnly:0
 |   |   |- [+] [ 12]
 |   |   |   |- Guid:40FB060A4A1A1C5C8D76568D2C37CF31 BaseClass:/Game/LevelPrototyping/Animations/BP_Animations/BP_Animation_Shift.BP_Animation_Shift_C NativeClass:/Script/Engine.Actor Name:BP_Animation_Shift_C_UAID_A85E45CD68D9EBC401_1930754532 Label:BP_Animation_Shift6 SpatiallyLoaded:1 Bounds:IsValid=true, Min=(X=7185.000 Y=-527.500 Z=-40.000), Max=(X=7535.000 Y=-352.500 Z=60.000) RuntimeGrid:None EditorOnly:0 RuntimeOnly:0 HLODRelevant:0 ListedInSceneOutliner:1 IsMainWorldOnly:0
 |   |   |- [+] [ 13]
 |   |   |   |- Guid:46F15A0A49BD4188A6C44E89A7B0BBBA BaseClass:/Game/LevelPrototyping/Animations/BP_Animations/BP_Animation_Shift.BP_Animation_Shift_C NativeClass:/Script/Engine.Actor Name:BP_Animation_Shift_C_UAID_A85E45CD68D9ECC401_1196648712 Label:BP_Animation_Shift7 SpatiallyLoaded:1 Bounds:IsValid=true, Min=(X=7185.000 Y=2672.500 Z=-40.000), Max=(X=7535.000 Y=2847.500 Z=60.000) RuntimeGrid:None EditorOnly:0 RuntimeOnly:0 HLODRelevant:0 ListedInSceneOutliner:1 IsMainWorldOnly:0
 |   |   |- [+] [ 14]
 |   |   |   |- Guid:4D3BE93F4146AAAC8BBE79999D96D57F BaseClass: NativeClass:/Script/Engine.VolumetricCloud Name:VolumetricCloud_0 Label:VolumetricCloud SpatiallyLoaded:0 Bounds:IsValid=true, Min=(X=0.000 Y=0.000 Z=820.000), Max=(X=0.000 Y=0.000 Z=820.000) RuntimeGrid:None EditorOnly:0 RuntimeOnly:0 HLODRelevant:0 ListedInSceneOutliner:1 IsMainWorldOnly:0 FolderPath:Lighting FolderGuid:963EC3EB4002CCE9759E2EBA541A873A
 |   |   |- [+] [ 15]
 |   |   |   |- Guid:57405AF24F97F0F3A69ACDA519FA7F31 BaseClass:/Game/LevelPrototyping/Animations/BP_Animations/BP_Animation_Shift_Fast.BP_Animation_Shift_Fast_C NativeClass:/Script/Engine.Actor Name:BP_Animation_Shift_Fast_C_UAID_A85E45CD68D9ECC401_1123142711 Label:BP_Animation_Shift_Fast SpatiallyLoaded:1 Bounds:IsValid=true, Min=(X=7185.000 Y=62.500 Z=-40.000), Max=(X=7535.000 Y=237.500 Z=60.000) RuntimeGrid:None EditorOnly:0 RuntimeOnly:0 HLODRelevant:0 ListedInSceneOutliner:1 IsMainWorldOnly:0
 |   |   |- [+] [ 16]
 |   |   |   |- Guid:580F8ACC456895FD6FED009239EB6B2B BaseClass:/Game/LevelPrototyping/Animations/BP_Animations/BP_Animation_Rotate_Clockwise.BP_Animation_Rotate_Clockwise_C NativeClass:/Script/Engine.Actor Name:BP_Animation_Rotate_Clockwise_C_UAID_A85E45CD68D9EBC401_1854797524 Label:BP_Animation_Rotate_Clockwise3 SpatiallyLoaded:1 Bounds:IsValid=true, Min=(X=5955.000 Y=2475.001 Z=-90.000), Max=(X=7105.000 Y=3625.000 Z=10.000) RuntimeGrid:None EditorOnly:0 RuntimeOnly:0 HLODRelevant:0 ListedInSceneOutliner:1 IsMainWorldOnly:0
 |   |   |- [+] [ 17]
 |   |   |   |- Guid:5A03042E4069743B57C3A582B4ABBAD7 BaseClass: NativeClass:/Script/Engine.StaticMeshActor Name:StaticMeshActor_UAID_A85E45CD68D94EC401_1640638874 Label:Finish_Line_Floor SpatiallyLoaded:1 Bounds:IsValid=true, Min=(X=-45.000 Y=2397.500 Z=-30.000), Max=(X=805.000 Y=2622.500 Z=-30.000) RuntimeGrid:None EditorOnly:0 RuntimeOnly:0 HLODRelevant:1 ListedInSceneOutliner:1 IsMainWorldOnly:0 FolderPath:Playground/FinishLine FolderGuid:C0151C334B8D011FCFFB4CB56240D47D
 |   |   |- [+] [ 18]
 |   |   |   |- Guid:5C73525347611A8A36E58695E118E5A9 BaseClass:/Game/LevelPrototyping/Animations/BP_Animations/BP_Animation_Shift_Fast.BP_Animation_Shift_Fast_C NativeClass:/Script/Engine.Actor Name:BP_Animation_Shift_Fast_C_UAID_A85E45CD68D9ECC401_1196658713 Label:BP_Animation_Shift_Fast2 SpatiallyLoaded:1 Bounds:IsValid=true, Min=(X=7185.000 Y=3262.500 Z=-40.000), Max=(X=7535.000 Y=3437.500 Z=60.000) RuntimeGrid:None EditorOnly:0 RuntimeOnly:0 HLODRelevant:0 ListedInSceneOutliner:1 IsMainWorldOnly:0
 |   |   |- [+] [ 19]
 |   |   |   |- Guid:6BAF4DDD444C60371492D3919DB42C97 BaseClass: NativeClass:/Script/Engine.WorldDataLayers Name:WorldDataLayers Label:WorldDataLayers SpatiallyLoaded:0 Bounds:IsValid=true, Min=(X=0.000 Y=0.000 Z=0.000), Max=(X=0.000 Y=0.000 Z=0.000) RuntimeGrid:None EditorOnly:0 RuntimeOnly:0 HLODRelevant:0 ListedInSceneOutliner:1 IsMainWorldOnly:1 FolderPath:World FolderGuid:8C3ED81C4036AB0E86233D92BA4F0FDD
 |   |   |- [+] [ 20]
 |   |   |   |- Guid:6CF0E5A74EF4CF54521504BBFAD5439A BaseClass:/Game/LevelPrototyping/Animations/BP_Animations/BP_Animation_Rotate_Arm_Counter_Clockwise.BP_Animation_Rotate_Arm_Counter_Clockwise_C NativeClass:/Script/Engine.Actor Name:BP_Animation_Rotate_Arm_Counter_Clockwise_C_UAID_A85E45CD68D9EBC401_1431248506 Label:BP_Animation_Rotate_Arm_Counter_Clockwise SpatiallyLoaded:1 Bounds:IsValid=true, Min=(X=4510.000 Y=1340.000 Z=10.000), Max=(X=4610.000 Y=1990.000 Z=310.000) RuntimeGrid:None EditorOnly:0 RuntimeOnly:0 HLODRelevant:0 ListedInSceneOutliner:1 IsMainWorldOnly:0
 |   |   |- [+] [ 21]
 |   |   |   |- Guid:6D2B7933499D7D9778C4B094382D72C7 BaseClass: NativeClass:/Script/Engine.StaticMeshActor Name:StaticMeshActor_UAID_A85E45CD68D94DC401_1112331692 Label:Finish_Line_End SpatiallyLoaded:1 Bounds:IsValid=true, Min=(X=-43.519 Y=2616.050 Z=-83.739), Max=(X=806.481 Y=3941.050 Z=-33.739) RuntimeGrid:None EditorOnly:0 RuntimeOnly:0 HLODRelevant:0 ListedInSceneOutliner:1 IsMainWorldOnly:0 FolderPath:Playground/FinishLine FolderGuid:C0151C334B8D011FCFFB4CB56240D47D
 |   |   |- [+] [ 22]
 |   |   |   |- Guid:6E70B7C24D63A03F236C5EB8F629E8F3 BaseClass: NativeClass:/Script/Engine.StaticMeshActor Name:StaticMeshActor_UAID_A85E45CD68D9EAC401_1999629322 Label:Shape_Cube2 SpatiallyLoaded:1 Bounds:IsValid=true, Min=(X=2575.000 Y=1392.500 Z=-630.000), Max=(X=2625.000 Y=1867.500 Z=20.000) RuntimeGrid:None EditorOnly:0 RuntimeOnly:0 HLODRelevant:1 ListedInSceneOutliner:1 IsMainWorldOnly:0
 |   |   |- [+] [ 23]
 |   |   |   |- Guid:80932FD64934A64F845ECABFA8C899C4 BaseClass: NativeClass:/Script/Engine.StaticMeshActor Name:StaticMeshActor_UAID_A85E45CD68D94DC401_1292510696 Label:Finish_Line_Pole_L SpatiallyLoaded:1 Bounds:IsValid=true, Min=(X=777.500 Y=2487.500 Z=-30.000), Max=(X=802.500 Y=2512.500 Z=570.000) RuntimeGrid:None EditorOnly:0 RuntimeOnly:0 HLODRelevant:0 ListedInSceneOutliner:1 IsMainWorldOnly:0 FolderPath:Playground/FinishLine FolderGuid:C0151C334B8D011FCFFB4CB56240D47D
 |   |   |- [+] [ 24]
 |   |   |   |- Guid:8A3983A04E771FB1B44BC397B3F04A23 BaseClass:/Game/LevelPrototyping/Animations/BP_Animations/BP_Animation_Shift_Slow.BP_Animation_Shift_Slow_C NativeClass:/Script/Engine.Actor Name:BP_Animation_Shift_Slow_C_UAID_A85E45CD68D9ECC401_1196661714 Label:BP_Animation_Shift_Slow2 SpatiallyLoaded:1 Bounds:IsValid=true, Min=(X=7187.500 Y=2972.500 Z=-40.000), Max=(X=7512.500 Y=3147.500 Z=60.000) RuntimeGrid:None EditorOnly:0 RuntimeOnly:0 HLODRelevant:0 ListedInSceneOutliner:1 IsMainWorldOnly:0
 |   |   |- [+] [ 25]
 |   |   |   |- Guid:93C546DA43122BA2CF4D84948EDB2392 BaseClass:/Game/LevelPrototyping/Animations/BP_Animations/BP_Animation_Rotate_Arm_Clockwise.BP_Animation_Rotate_Arm_Clockwise_C NativeClass:/Script/Engine.Actor Name:BP_Animation_Rotate_Arm_Clockwise_C_UAID_A85E45CD68D9EBC401_1850983521 Label:BP_Animation_Rotate_Arm_Clockwise2 SpatiallyLoaded:1 Bounds:IsValid=true, Min=(X=5410.000 Y=2230.000 Z=20.000), Max=(X=5510.000 Y=2880.000 Z=320.000) RuntimeGrid:None EditorOnly:0 RuntimeOnly:0 HLODRelevant:0 ListedInSceneOutliner:1 IsMainWorldOnly:0
 |   |   |- [+] [ 26]
 |   |   |   |- Guid:AC6C39F7486604C4FC27FD8001DFED15 BaseClass: NativeClass:/Script/Engine.StaticMeshActor Name:StaticMeshActor_UAID_A85E45CD68D9EAC401_2060938323 Label:Shape_Cube3 SpatiallyLoaded:1 Bounds:IsValid=true, Min=(X=3202.500 Y=1387.500 Z=-630.000), Max=(X=3877.500 Y=1412.500 Z=20.000) RuntimeGrid:None EditorOnly:0 RuntimeOnly:0 HLODRelevant:1 ListedInSceneOutliner:1 IsMainWorldOnly:0
 |   |   |- [+] [ 27]
 |   |   |   |- Guid:B2547A074ADF692C72DE6F8E1D0C8849 BaseClass:/Game/LevelPrototyping/Animations/BP_Animations/BP_Animation_Shift_Slow.BP_Animation_Shift_Slow_C NativeClass:/Script/Engine.Actor Name:BP_Animation_Shift_Slow_C_UAID_A85E45CD68D9EBC401_2091219534 Label:BP_Animation_Shift_Slow SpatiallyLoaded:1 Bounds:IsValid=true, Min=(X=7187.500 Y=-227.500 Z=-40.000), Max=(X=7512.500 Y=-52.500 Z=60.000) RuntimeGrid:None EditorOnly:0 RuntimeOnly:0 HLODRelevant:0 ListedInSceneOutliner:1 IsMainWorldOnly:0
 |   |   |- [+] [ 28]
 |   |   |   |- Guid:B785ED2844B84CFB91E7F39FE661CD99 BaseClass: NativeClass:/Script/Engine.DirectionalLight Name:DirectionalLight_0 Label:DirectionalLight SpatiallyLoaded:0 Bounds:IsValid=true, Min=(X=-1048576.000 Y=-1048576.000 Z=-1048576.000), Max=(X=1048576.000 Y=1048576.000 Z=1048576.000) RuntimeGrid:None EditorOnly:0 RuntimeOnly:0 HLODRelevant:0 ListedInSceneOutliner:1 IsMainWorldOnly:0 FolderPath:Lighting FolderGuid:963EC3EB4002CCE9759E2EBA541A873A
 |   |   |- [+] [ 29]
 |   |   |   |- Guid:BB3024C849CC134D95F0248E422D21CB BaseClass:/Game/LevelPrototyping/Animations/BP_Animations/BP_Animation_Rotate_Arm_Clockwise.BP_Animation_Rotate_Arm_Clockwise_C NativeClass:/Script/Engine.Actor Name:BP_Animation_Rotate_Arm_Clockwise_C_UAID_A85E45CD68D9EBC401_1679003517 Label:BP_Animation_Rotate_Arm_Clockwise SpatiallyLoaded:1 Bounds:IsValid=true, Min=(X=5410.000 Y=510.000 Z=20.000), Max=(X=5510.000 Y=1160.000 Z=320.000) RuntimeGrid:None EditorOnly:0 RuntimeOnly:0 HLODRelevant:0 ListedInSceneOutliner:1 IsMainWorldOnly:0
 |   |   |- [+] [ 30]
 |   |   |   |- Guid:CCFF262C46EEFFDF319E7F9539CE697E BaseClass: NativeClass:/Script/Engine.SkyAtmosphere Name:SkyAtmosphere_0 Label:SkyAtmosphere SpatiallyLoaded:0 Bounds:IsValid=true, Min=(X=0.000 Y=0.000 Z=1020.000), Max=(X=0.000 Y=0.000 Z=1020.000) RuntimeGrid:None EditorOnly:0 RuntimeOnly:0 HLODRelevant:0 ListedInSceneOutliner:1 IsMainWorldOnly:0 FolderPath:Lighting FolderGuid:963EC3EB4002CCE9759E2EBA541A873A
 |   |   |- [+] [ 31]
 |   |   |   |- Guid:CF4D42D84FC7BDD3C03A4391813B0DA3 BaseClass:/Game/LevelPrototyping/Animations/BP_Animations/BP_Animation_Rotate_Clockwise.BP_Animation_Rotate_Clockwise_C NativeClass:/Script/Engine.Actor Name:BP_Animation_Rotate_Clockwise_C_UAID_A85E45CD68D9EBC401_1415909505 Label:BP_Animation_Rotate_Clockwise SpatiallyLoaded:1 Bounds:IsValid=true, Min=(X=3985.000 Y=815.001 Z=-90.000), Max=(X=5135.000 Y=1965.000 Z=10.000) RuntimeGrid:None EditorOnly:0 RuntimeOnly:0 HLODRelevant:0 ListedInSceneOutliner:1 IsMainWorldOnly:0
 |   |   |- [+] [ 32]
 |   |   |   |- Guid:D087007A49243F66BEC3A9BADC8A954A BaseClass:/Game/LevelPrototyping/Animations/BP_Animations/BP_Animation_Rotate_carousel.BP_Animation_Rotate_carousel_C NativeClass:/Script/Engine.Actor Name:BP_Animation_Rotate_carousel_C_UAID_A85E45CD68D9EAC401_1752384319 Label:BP_Animation_Rotate_carousel SpatiallyLoaded:1 Bounds:IsValid=true, Min=(X=990.000 Y=1020.000 Z=-80.000), Max=(X=1830.000 Y=1860.000 Z=20.000) RuntimeGrid:None EditorOnly:0 RuntimeOnly:0 HLODRelevant:0 ListedInSceneOutliner:1 IsMainWorldOnly:0
 |   |   |- [+] [ 33]
 |   |   |   |- Guid:D271CB3649FCAC0E1AD453B873232AD6 BaseClass: NativeClass:/Script/Engine.StaticMeshActor Name:StaticMeshActor_UAID_A85E45CD68D9EBC401_1992716533 Label:Shape_Cube6 SpatiallyLoaded:1 Bounds:IsValid=true, Min=(X=7500.000 Y=-727.500 Z=10.000), Max=(X=7600.000 Y=3647.500 Z=835.000) RuntimeGrid:None EditorOnly:0 RuntimeOnly:0 HLODRelevant:1 ListedInSceneOutliner:1 IsMainWorldOnly:0
 |   |   |- [+] [ 34]
 |   |   |   |- Guid:DC01833242E9F568EF28A39292B13055 BaseClass:/Game/LevelPrototyping/Animations/BP_Animations/BP_Animation_Rotate_Clockwise.BP_Animation_Rotate_Clockwise_C NativeClass:/Script/Engine.Actor Name:BP_Animation_Rotate_Clockwise_C_UAID_A85E45CD68D9EBC401_1524306509 Label:BP_Animation_Rotate_Clockwise2 SpatiallyLoaded:1 Bounds:IsValid=true, Min=(X=5955.000 Y=-664.999 Z=-90.000), Max=(X=7105.000 Y=485.000 Z=10.000) RuntimeGrid:None EditorOnly:0 RuntimeOnly:0 HLODRelevant:0 ListedInSceneOutliner:1 IsMainWorldOnly:0
 |   |   |- [+] [ 35]
 |   |   |   |- Guid:DCC6417F4383AEB69E6241B01621A2B1 BaseClass:/Game/LevelPrototyping/Animations/BP_Animations/BP_Animation_Fan.BP_Animation_Fan_C NativeClass:/Script/Engine.Actor Name:BP_Animation_Fan_C_UAID_A85E45CD68D9EBC401_1141020502 Label:BP_Animation_Fan SpatiallyLoaded:1 Bounds:IsValid=true, Min=(X=2870.000 Y=1400.000 Z=30.000), Max=(X=3045.000 Y=2400.000 Z=1030.000) RuntimeGrid:None EditorOnly:0 RuntimeOnly:0 HLODRelevant:0 ListedInSceneOutliner:1 IsMainWorldOnly:0
 |   |   |- [+] [ 36]
 |   |   |   |- Guid:E789C06D41C094C2D9258BAA60F3DB05 BaseClass:/Game/LevelPrototyping/Animations/BP_Animations/BP_Animation_Rotate_Counter_Clockwise.BP_Animation_Rotate_Counter_Clockwise_C NativeClass:/Script/Engine.Actor Name:BP_Animation_Rotate_Counter_Clockwise_C_UAID_A85E45CD68D9EBC401_1850988523 Label:BP_Animation_Rotate_Counter_Clockwise2 SpatiallyLoaded:1 Bounds:IsValid=true, Min=(X=4885.000 Y=1705.001 Z=-80.000), Max=(X=6035.000 Y=2855.000 Z=20.000) RuntimeGrid:None EditorOnly:0 RuntimeOnly:0 HLODRelevant:0 ListedInSceneOutliner:1 IsMainWorldOnly:0
 |   |   |- [+] [ 37]
 |   |   |   |- Guid:F3CE3EF3433B9C930AF8749CC6F73B4E BaseClass: NativeClass:/Script/Engine.StaticMeshActor Name:StaticMeshActor_UAID_A85E45CD68D9EAC401_1955258321 Label:Shape_Cube SpatiallyLoaded:1 Bounds:IsValid=true, Min=(X=1952.500 Y=1385.000 Z=-630.000), Max=(X=2627.500 Y=1435.000 Z=20.000) RuntimeGrid:None EditorOnly:0 RuntimeOnly:0 HLODRelevant:1 ListedInSceneOutliner:1 IsMainWorldOnly:0
 |   |   |- [+] [ 38]
 |   |   |   |- Guid:F5E3FEB3450C49844FD93DA8E083C8AD BaseClass: NativeClass:/Script/Engine.PostProcessVolume Name:PostProcessVolume_0 Label:PostProcessVolume SpatiallyLoaded:0 Bounds:IsValid=true, Min=(X=0.000 Y=0.000 Z=400.000), Max=(X=200.000 Y=200.000 Z=600.000) RuntimeGrid:None EditorOnly:0 RuntimeOnly:0 HLODRelevant:0 ListedInSceneOutliner:1 IsMainWorldOnly:0 FolderPath:Lighting FolderGuid:963EC3EB4002CCE9759E2EBA541A873A
 |- ContainerInstances:
 |- [+] MainContainer:
 |   |-        ID: 00000000000000000000000000000000
 |   |-  ParentID: 00000000000000000000000000000000
 |   |-    Bounds: IsValid=false, Min=(X=0.000 Y=0.000 Z=0.000), Max=(X=0.000 Y=0.000 Z=0.000)
 |   |- Transform: 0.000000,0.000000,0.000000|0.000000,0.000000,-0.000000|1.000000,1.000000,1.000000
 |   |- Container: /Game/ThirdPerson/Maps/ThirdPersonMap
----------------------------------------------------------------------------------------------------------------
ThirdPersonMap - Persistent Level
----------------------------------------------------------------------------------------------------------------
[+] Content of ThirdPersonMap Persistent Level
 |- Always loaded Actor Count: 52 
 |- Actor Path: /Game/ThirdPerson/Maps/ThirdPersonMap.ThirdPersonMap:PersistentLevel.AbstractNavData-Default
 |- Actor Package: /Game/ThirdPerson/Maps/ThirdPersonMap
 |- Actor Path: /Game/ThirdPerson/Maps/ThirdPersonMap.ThirdPersonMap:PersistentLevel.BP_Animation_Fan_C_UAID_A85E45CD68D9EBC401_1141020502
 |- Actor Package: /Game/__ExternalActors__/ThirdPerson/Maps/ThirdPersonMap/1/MD/Y1V5REC2GCHMUSTSOSD42R
 |- Actor Path: /Game/ThirdPerson/Maps/ThirdPersonMap.ThirdPersonMap:PersistentLevel.BP_Animation_Rotate_Arm_Clockwise_C_UAID_A85E45CD68D9EBC401_1679003517
 |- Actor Package: /Game/__ExternalActors__/ThirdPerson/Maps/ThirdPersonMap/7/SJ/FYNM0HW5HEMK5EHWSWRLSF
 |- Actor Path: /Game/ThirdPerson/Maps/ThirdPersonMap.ThirdPersonMap:PersistentLevel.BP_Animation_Rotate_Arm_Clockwise_C_UAID_A85E45CD68D9EBC401_1850983521
 |- Actor Package: /Game/__ExternalActors__/ThirdPerson/Maps/ThirdPersonMap/4/JB/PI1FSVHJ3DVICF9HGPHBCX
 |- Actor Path: /Game/ThirdPerson/Maps/ThirdPersonMap.ThirdPersonMap:PersistentLevel.BP_Animation_Rotate_Arm_Counter_Clockwise_C_UAID_A85E45CD68D9EBC401_1431248506
 |- Actor Package: /Game/__ExternalActors__/ThirdPerson/Maps/ThirdPersonMap/2/ZE/9XWTAQ3SGKFS5GGCPA2Z9W
 |- Actor Path: /Game/ThirdPerson/Maps/ThirdPersonMap.ThirdPersonMap:PersistentLevel.BP_Animation_Rotate_Arm_Counter_Clockwise_C_UAID_A85E45CD68D9EBC401_1524310511
 |- Actor Package: /Game/__ExternalActors__/ThirdPerson/Maps/ThirdPersonMap/C/FX/VV0WLUHV7HS551VJ7AUHOT
 |- Actor Path: /Game/ThirdPerson/Maps/ThirdPersonMap.ThirdPersonMap:PersistentLevel.BP_Animation_Rotate_Arm_Counter_Clockwise_C_UAID_A85E45CD68D9EBC401_1854802526
 |- Actor Package: /Game/__ExternalActors__/ThirdPerson/Maps/ThirdPersonMap/A/Q5/ECKUC2XCU6TNTMU33IQK4L
 |- Actor Path: /Game/ThirdPerson/Maps/ThirdPersonMap.ThirdPersonMap:PersistentLevel.BP_Animation_Rotate_carousel_C_UAID_A85E45CD68D9EAC401_1752384319
 |- Actor Package: /Game/__ExternalActors__/ThirdPerson/Maps/ThirdPersonMap/B/OY/5W6RJDI0UTEBMTZSJFUKDQ
 |- Actor Path: /Game/ThirdPerson/Maps/ThirdPersonMap.ThirdPersonMap:PersistentLevel.BP_Animation_Rotate_Clockwise_C_UAID_A85E45CD68D9EBC401_1415909505
 |- Actor Package: /Game/__ExternalActors__/ThirdPerson/Maps/ThirdPersonMap/E/CB/WQL8JUY999CMP02MXHHV86
 |- Actor Path: /Game/ThirdPerson/Maps/ThirdPersonMap.ThirdPersonMap:PersistentLevel.BP_Animation_Rotate_Clockwise_C_UAID_A85E45CD68D9EBC401_1524306509
 |- Actor Package: /Game/__ExternalActors__/ThirdPerson/Maps/ThirdPersonMap/2/IH/ZLA6XWKM6NYW6Z28AJKCKN
 |- Actor Path: /Game/ThirdPerson/Maps/ThirdPersonMap.ThirdPersonMap:PersistentLevel.BP_Animation_Rotate_Clockwise_C_UAID_A85E45CD68D9EBC401_1854797524
 |- Actor Package: /Game/__ExternalActors__/ThirdPerson/Maps/ThirdPersonMap/F/1L/AC9F5BVVAR10QTKQW5LWZ3
 |- Actor Path: /Game/ThirdPerson/Maps/ThirdPersonMap.ThirdPersonMap:PersistentLevel.BP_Animation_Rotate_Counter_Clockwise_C_UAID_A85E45CD68D9EBC401_1777090519
 |- Actor Package: /Game/__ExternalActors__/ThirdPerson/Maps/ThirdPersonMap/2/YG/T0ERU0GQ9YCNTVGL92QF8T
 |- Actor Path: /Game/ThirdPerson/Maps/ThirdPersonMap.ThirdPersonMap:PersistentLevel.BP_Animation_Rotate_Counter_Clockwise_C_UAID_A85E45CD68D9EBC401_1850988523
 |- Actor Package: /Game/__ExternalActors__/ThirdPerson/Maps/ThirdPersonMap/1/UN/7ROG67EOJU1OHLSU0WHOZW
 |- Actor Path: /Game/ThirdPerson/Maps/ThirdPersonMap.ThirdPersonMap:PersistentLevel.BP_Animation_Shift_C_UAID_A85E45CD68D9EBC401_1930754532
 |- Actor Package: /Game/__ExternalActors__/ThirdPerson/Maps/ThirdPersonMap/7/IE/7RA64MBJTO98JAIG1IELCV
 |- Actor Path: /Game/ThirdPerson/Maps/ThirdPersonMap.ThirdPersonMap:PersistentLevel.BP_Animation_Shift_C_UAID_A85E45CD68D9ECC401_1196648712
 |- Actor Package: /Game/__ExternalActors__/ThirdPerson/Maps/ThirdPersonMap/4/WM/JID9P3I1XBFUIE9P0BKGO6
 |- Actor Path: /Game/ThirdPerson/Maps/ThirdPersonMap.ThirdPersonMap:PersistentLevel.BP_Animation_Shift_Fast_C_UAID_A85E45CD68D9ECC401_1123142711
 |- Actor Package: /Game/__ExternalActors__/ThirdPerson/Maps/ThirdPersonMap/5/RK/OPDL0NPA5DBA4E582SSJX5
 |- Actor Path: /Game/ThirdPerson/Maps/ThirdPersonMap.ThirdPersonMap:PersistentLevel.BP_Animation_Shift_Fast_C_UAID_A85E45CD68D9ECC401_1196658713
 |- Actor Package: /Game/__ExternalActors__/ThirdPerson/Maps/ThirdPersonMap/3/XJ/588YR6JALXFNDKZFV0HKNB
 |- Actor Path: /Game/ThirdPerson/Maps/ThirdPersonMap.ThirdPersonMap:PersistentLevel.BP_Animation_Shift_Slow_C_UAID_A85E45CD68D9EBC401_2091219534
 |- Actor Package: /Game/__ExternalActors__/ThirdPerson/Maps/ThirdPersonMap/2/VH/IGKDUH11YWAR9XQDTBFO79
 |- Actor Path: /Game/ThirdPerson/Maps/ThirdPersonMap.ThirdPersonMap:PersistentLevel.BP_Animation_Shift_Slow_C_UAID_A85E45CD68D9ECC401_1196661714
 |- Actor Package: /Game/__ExternalActors__/ThirdPerson/Maps/ThirdPersonMap/6/FX/TUOQ805UQ5RT1E1VMG5X14
 |- Actor Path: /Game/ThirdPerson/Maps/ThirdPersonMap.ThirdPersonMap:PersistentLevel.Brush_0
 |- Actor Package: /Game/ThirdPerson/Maps/ThirdPersonMap
 |- Actor Path: /Game/ThirdPerson/Maps/ThirdPersonMap.ThirdPersonMap:PersistentLevel.DefaultPhysicsVolume_0
 |- Actor Package: /Game/ThirdPerson/Maps/ThirdPersonMap
 |- Actor Path: /Game/ThirdPerson/Maps/ThirdPersonMap.ThirdPersonMap:PersistentLevel.DirectionalLight_0
 |- Actor Package: /Game/__ExternalActors__/ThirdPerson/Maps/ThirdPersonMap/5/R1/TS5OQ5CRUWFZYL1ZQ7I416
 |- Actor Path: /Game/ThirdPerson/Maps/ThirdPersonMap.ThirdPersonMap:PersistentLevel.ExponentialHeightFog_0
 |- Actor Package: /Game/__ExternalActors__/ThirdPerson/Maps/ThirdPersonMap/6/J7/N10XDC9G27EMLS5AGZ6AVV
 |- Actor Path: /Game/ThirdPerson/Maps/ThirdPersonMap.ThirdPersonMap:PersistentLevel.GameplayDebuggerPlayerManager_0
 |- Actor Package: /Game/ThirdPerson/Maps/ThirdPersonMap
 |- Actor Path: /Game/ThirdPerson/Maps/ThirdPersonMap.ThirdPersonMap:PersistentLevel.GroupActor_UAID_A85E45CD68D973C401_1554852380
 |- Actor Package: /Game/__ExternalActors__/ThirdPerson/Maps/ThirdPersonMap/D/XR/N3K88UDS4UHPAKL5IP1M7B
 |- Actor Path: /Game/ThirdPerson/Maps/ThirdPersonMap.ThirdPersonMap:PersistentLevel.GroupActor_UAID_A85E45CD68D9EBC401_1518947508
 |- Actor Package: /Game/__ExternalActors__/ThirdPerson/Maps/ThirdPersonMap/8/AE/49U0CASP9YIVXRPBIISA8R
 |- Actor Path: /Game/ThirdPerson/Maps/ThirdPersonMap.ThirdPersonMap:PersistentLevel.GroupActor_UAID_A85E45CD68D9EBC401_1524308510
 |- Actor Package: /Game/__ExternalActors__/ThirdPerson/Maps/ThirdPersonMap/8/SX/G4UF2BOW1A1HRU5H6X9OCR
 |- Actor Path: /Game/ThirdPerson/Maps/ThirdPersonMap.ThirdPersonMap:PersistentLevel.GroupActor_UAID_A85E45CD68D9EBC401_1834758520
 |- Actor Package: /Game/__ExternalActors__/ThirdPerson/Maps/ThirdPersonMap/9/RK/UDFQX08TO14793XKWPFKIC
 |- Actor Path: /Game/ThirdPerson/Maps/ThirdPersonMap.ThirdPersonMap:PersistentLevel.GroupActor_UAID_A85E45CD68D9EBC401_1850986522
 |- Actor Package: /Game/__ExternalActors__/ThirdPerson/Maps/ThirdPersonMap/5/IJ/WZC1MYRRGU01Z3D5BOSXZ3
 |- Actor Path: /Game/ThirdPerson/Maps/ThirdPersonMap.ThirdPersonMap:PersistentLevel.GroupActor_UAID_A85E45CD68D9EBC401_1854801525
 |- Actor Package: /Game/__ExternalActors__/ThirdPerson/Maps/ThirdPersonMap/7/D6/GBHPSQSHF9LGUGD7Y3UFUL
 |- Actor Path: /Game/ThirdPerson/Maps/ThirdPersonMap.ThirdPersonMap:PersistentLevel.PlayerStart_0
 |- Actor Package: /Game/__ExternalActors__/ThirdPerson/Maps/ThirdPersonMap/D/DE/SWSI13675DVYIZ0N4NF7Y3
 |- Actor Path: /Game/ThirdPerson/Maps/ThirdPersonMap.ThirdPersonMap:PersistentLevel.PostProcessVolume_0
 |- Actor Package: /Game/__ExternalActors__/ThirdPerson/Maps/ThirdPersonMap/1/AZ/A7GPT109Y6ZTTJD4A7TXER
 |- Actor Path: /Game/ThirdPerson/Maps/ThirdPersonMap.ThirdPersonMap:PersistentLevel.SkyAtmosphere_0
 |- Actor Package: /Game/__ExternalActors__/ThirdPerson/Maps/ThirdPersonMap/4/LN/30UBDLYFFA5ZR7U4W4L4GG
 |- Actor Path: /Game/ThirdPerson/Maps/ThirdPersonMap.ThirdPersonMap:PersistentLevel.SkyLight_1
 |- Actor Package: /Game/__ExternalActors__/ThirdPerson/Maps/ThirdPersonMap/8/S1/DXUWD12MD3HRWVVXX076BY
 |- Actor Path: /Game/ThirdPerson/Maps/ThirdPersonMap.ThirdPersonMap:PersistentLevel.StaticMeshActor_UAID_A85E45CD68D94DC401_1093585691
 |- Actor Package: /Game/__ExternalActors__/ThirdPerson/Maps/ThirdPersonMap/1/FR/V87ZTIZGSC8CXX0ALIN5Q0
 |- Actor Path: /Game/ThirdPerson/Maps/ThirdPersonMap.ThirdPersonMap:PersistentLevel.StaticMeshActor_UAID_A85E45CD68D94DC401_1112331692
 |- Actor Package: /Game/__ExternalActors__/ThirdPerson/Maps/ThirdPersonMap/6/OZ/7A3H5MO44B4Y4HIAY6APJD
 |- Actor Path: /Game/ThirdPerson/Maps/ThirdPersonMap.ThirdPersonMap:PersistentLevel.StaticMeshActor_UAID_A85E45CD68D94DC401_1242958695
 |- Actor Package: /Game/__ExternalActors__/ThirdPerson/Maps/ThirdPersonMap/5/QQ/DJJ95KN7ED988LS2AI4BRO
 |- Actor Path: /Game/ThirdPerson/Maps/ThirdPersonMap.ThirdPersonMap:PersistentLevel.StaticMeshActor_UAID_A85E45CD68D94DC401_1292510696
 |- Actor Package: /Game/__ExternalActors__/ThirdPerson/Maps/ThirdPersonMap/B/U5/7HCZNOU6LJAOA4URAA5UDM
 |- Actor Path: /Game/ThirdPerson/Maps/ThirdPersonMap.ThirdPersonMap:PersistentLevel.StaticMeshActor_UAID_A85E45CD68D94EC401_1640638874
 |- Actor Package: /Game/__ExternalActors__/ThirdPerson/Maps/ThirdPersonMap/9/2V/3HUM9VLH2D3RA7ZWGEFXSZ
 |- Actor Path: /Game/ThirdPerson/Maps/ThirdPersonMap.ThirdPersonMap:PersistentLevel.StaticMeshActor_UAID_A85E45CD68D94EC401_1719815875
 |- Actor Package: /Game/__ExternalActors__/ThirdPerson/Maps/ThirdPersonMap/8/K5/SNR276KQM5DQPMESHYQGBY
 |- Actor Path: /Game/ThirdPerson/Maps/ThirdPersonMap.ThirdPersonMap:PersistentLevel.StaticMeshActor_UAID_A85E45CD68D973C401_1568276381
 |- Actor Package: /Game/__ExternalActors__/ThirdPerson/Maps/ThirdPersonMap/D/1G/FJY9MHHN3WAFYVYDQRPBCE
 |- Actor Path: /Game/ThirdPerson/Maps/ThirdPersonMap.ThirdPersonMap:PersistentLevel.StaticMeshActor_UAID_A85E45CD68D9EAC401_1955258321
 |- Actor Package: /Game/__ExternalActors__/ThirdPerson/Maps/ThirdPersonMap/8/NI/M8SPPU4QR019QNYSECGUWE
 |- Actor Path: /Game/ThirdPerson/Maps/ThirdPersonMap.ThirdPersonMap:PersistentLevel.StaticMeshActor_UAID_A85E45CD68D9EAC401_1999629322
 |- Actor Package: /Game/__ExternalActors__/ThirdPerson/Maps/ThirdPersonMap/2/WJ/7C7Z1RA5N0C4L1X02LCUU6
 |- Actor Path: /Game/ThirdPerson/Maps/ThirdPersonMap.ThirdPersonMap:PersistentLevel.StaticMeshActor_UAID_A85E45CD68D9EAC401_2060938323
 |- Actor Package: /Game/__ExternalActors__/ThirdPerson/Maps/ThirdPersonMap/E/Q8/5H4BFI5XUT00GV9GUH6PT2
 |- Actor Path: /Game/ThirdPerson/Maps/ThirdPersonMap.ThirdPersonMap:PersistentLevel.StaticMeshActor_UAID_A85E45CD68D9EAC401_2063496324
 |- Actor Package: /Game/__ExternalActors__/ThirdPerson/Maps/ThirdPersonMap/7/IW/H23V4WYY7LFPEE4KS640M6
 |- Actor Path: /Game/ThirdPerson/Maps/ThirdPersonMap.ThirdPersonMap:PersistentLevel.StaticMeshActor_UAID_A85E45CD68D9EAC401_2086453325
 |- Actor Package: /Game/__ExternalActors__/ThirdPerson/Maps/ThirdPersonMap/1/HZ/N03QTQ18HLPTB76EGS6IIK
 |- Actor Path: /Game/ThirdPerson/Maps/ThirdPersonMap.ThirdPersonMap:PersistentLevel.StaticMeshActor_UAID_A85E45CD68D9EBC401_1992716533
 |- Actor Package: /Game/__ExternalActors__/ThirdPerson/Maps/ThirdPersonMap/6/1M/46CVOKC2PTGAN14ZEE7IVN
 |- Actor Path: /Game/ThirdPerson/Maps/ThirdPersonMap.ThirdPersonMap:PersistentLevel.ThirdPersonMap_C_1
 |- Actor Package: /Game/ThirdPerson/Maps/ThirdPersonMap
 |- Actor Path: /Game/ThirdPerson/Maps/ThirdPersonMap.ThirdPersonMap:PersistentLevel.VolumetricCloud_0
 |- Actor Package: /Game/__ExternalActors__/ThirdPerson/Maps/ThirdPersonMap/3/EY/87SHEJN5UBEAN2K5OV1G6R
 |- Actor Path: /Game/ThirdPerson/Maps/ThirdPersonMap.ThirdPersonMap:PersistentLevel.WorldDataLayers
 |- Actor Package: /Game/__ExternalActors__/ThirdPerson/Maps/ThirdPersonMap/0/43/HYQWORMY4JDQ5X3OKZXFLC
 |- Actor Path: /Game/ThirdPerson/Maps/ThirdPersonMap.ThirdPersonMap:PersistentLevel.WorldInfo_0
 |- Actor Package: /Game/ThirdPerson/Maps/ThirdPersonMap
 |- Actor Path: /Game/ThirdPerson/Maps/ThirdPersonMap.ThirdPersonMap:PersistentLevel.WorldPartitionMiniMap_0
 |- Actor Package: /Game/__ExternalActors__/ThirdPerson/Maps/ThirdPersonMap/E/FR/LBG6LPN5JCL3FMVSI2CK6R

----------------------------------------------------------------------------------------------------------------
ThirdPersonMap - Runtime Spatial Hash - Streaming Grid - MainGrid
----------------------------------------------------------------------------------------------------------------
            Origin: X=0.000 Y=0.000 Z=0.000
         Cell Size: 12800
      World Bounds: IsValid=false, Min=(X=0.000 Y=0.000 Z=0.000), Max=(X=0.000 Y=0.000 Z=0.000)
     Loading Range: 25600.00
Block Slow Loading: No
 ClientOnlyVisible: No
            Origin: X=0.000 Y=0.000 Z=0.000

[+] Grid Levels: 1
 |- Level  0: Cell Count    0 | Cell Size   12800 | Actor Count    0 (0.0%)

[+] Content of Grid Level 0

