[+] Containers:
 |- [+] Container: /Game/ThirdPerson/Maps/ThirdPersonMap
 |   |- [+] ActorDescs:
 |   |   |- Guid:0C1C21BB4F9D5A4E96534587D86C7435 BaseClass: NativeClass:/Script/Engine.BlockingVolume Name:BlockingVolume_UAID_A85E45CD68D92BC501_1170193759 Label:BlockingVolume SpatiallyLoaded:1 Bounds:IsValid=true, Min=(X=-2250.000 Y=1100.000 Z=0.000), Max=(X=2750.000 Y=1100.000 Z=5000.000) RuntimeGrid:None EditorOnly:0 RuntimeOnly:0 HLODRelevant:0 ListedInSceneOutliner:1 IsMainWorldOnly:0
 |   |   |- Guid:0E1C043D42B3CBFCB7E34A81E579A2C0 BaseClass: NativeClass:/Script/Engine.StaticMeshActor Name:StaticMeshActor_UAID_A85E45CD68D94DC401_1093585691 Label:Finish_Line_base SpatiallyLoaded:1 Bounds:IsValid=true, Min=(X=2478.240 Y=822.809 Z=4956.261), Max=(X=2703.240 Y=1672.809 Z=5006.261) RuntimeGrid:None EditorOnly:0 RuntimeOnly:0 HLODRelevant:0 ListedInSceneOutliner:1 IsMainWorldOnly:0 FolderPath:Playground/FinishLine FolderGuid:C0151C334B8D011FCFFB4CB56240D47D
 |   |   |- Guid:1D0D98CD47B14F39059378BC6EDBBD54 BaseClass: NativeClass:/Script/Engine.StaticMeshActor Name:StaticMeshActor_UAID_A85E45CD68D961C501_1534908268 Label:Shape_Cube SpatiallyLoaded:1 Bounds:IsValid=true, Min=(X=350.000 Y=770.000 Z=1530.000), Max=(X=450.000 Y=1270.000 Z=3005.000) RuntimeGrid:None EditorOnly:0 RuntimeOnly:0 HLODRelevant:1 ListedInSceneOutliner:1 IsMainWorldOnly:0
 |   |   |- Guid:1D21AB2548C08D6FD4D1A4BF7716174D BaseClass: NativeClass:/Script/Engine.BlockingVolume Name:BlockingVolume_UAID_A85E45CD68D92BC501_1204643760 Label:BlockingVolume2 SpatiallyLoaded:1 Bounds:IsValid=true, Min=(X=-2250.000 Y=1000.000 Z=0.000), Max=(X=2750.000 Y=1000.000 Z=5000.000) RuntimeGrid:None EditorOnly:0 RuntimeOnly:0 HLODRelevant:0 ListedInSceneOutliner:1 IsMainWorldOnly:0
 |   |   |- Guid:1E01196843BB7163F6FFC0AC52E88B25 BaseClass: NativeClass:/Script/Engine.StaticMeshActor Name:StaticMeshActor_UAID_A85E45CD68D94DC401_1242958695 Label:Finish_Line_Pole_R SpatiallyLoaded:1 Bounds:IsValid=true, Min=(X=2569.691 Y=1646.790 Z=5010.000), Max=(X=2594.691 Y=1671.790 Z=5610.000) RuntimeGrid:None EditorOnly:0 RuntimeOnly:0 HLODRelevant:0 ListedInSceneOutliner:1 IsMainWorldOnly:0 FolderPath:Playground/FinishLine FolderGuid:C0151C334B8D011FCFFB4CB56240D47D
 |   |   |- Guid:1E1DA25444EAC6E45369B3AE11B07D75 BaseClass: NativeClass:/Script/Engine.StaticMeshActor Name:StaticMeshActor_UAID_A85E45CD68D964C501_1953646822 Label:Shape_Pipe18 SpatiallyLoaded:1 Bounds:IsValid=true, Min=(X=1100.000 Y=750.000 Z=2180.000), Max=(X=1160.000 Y=1250.000 Z=2240.000) RuntimeGrid:None EditorOnly:0 RuntimeOnly:0 HLODRelevant:1 ListedInSceneOutliner:1 IsMainWorldOnly:0
 |   |   |- Guid:2517A3DA4B275818743972B9602EEF92 BaseClass: NativeClass:/Script/Engine.StaticMeshActor Name:StaticMeshActor_UAID_A85E45CD68D964C501_1222948817 Label:Shape_Pipe13 SpatiallyLoaded:1 Bounds:IsValid=true, Min=(X=-880.000 Y=750.000 Z=1300.000), Max=(X=-820.000 Y=1250.000 Z=1360.000) RuntimeGrid:None EditorOnly:0 RuntimeOnly:0 HLODRelevant:1 ListedInSceneOutliner:1 IsMainWorldOnly:0
 |   |   |- Guid:273DA7814C322A1C80A7178C7B1CB583 BaseClass: NativeClass:/Script/Engine.StaticMeshActor Name:StaticMeshActor_UAID_A85E45CD68D964C501_1104405807 Label:Shape_Pipe3 SpatiallyLoaded:1 Bounds:IsValid=true, Min=(X=-1560.000 Y=750.000 Z=1100.000), Max=(X=-1500.000 Y=1250.000 Z=1160.000) RuntimeGrid:None EditorOnly:0 RuntimeOnly:0 HLODRelevant:1 ListedInSceneOutliner:1 IsMainWorldOnly:0
 |   |   |- Guid:2AB99BEA408A310B87AD87B5C42995E0 BaseClass: NativeClass:/Script/Engine.StaticMeshActor Name:StaticMeshActor_UAID_A85E45CD68D964C501_1959495823 Label:Shape_Pipe19 SpatiallyLoaded:1 Bounds:IsValid=true, Min=(X=520.000 Y=750.000 Z=1790.000), Max=(X=580.000 Y=1250.000 Z=1850.000) RuntimeGrid:None EditorOnly:0 RuntimeOnly:0 HLODRelevant:1 ListedInSceneOutliner:1 IsMainWorldOnly:0
 |   |   |- Guid:2F10A1FB45126E452DB90C8897F8B650 BaseClass: NativeClass:/Script/Engine.StaticMeshActor Name:StaticMeshActor_UAID_A85E45CD68D964C501_1215615816 Label:Shape_Pipe12 SpatiallyLoaded:1 Bounds:IsValid=true, Min=(X=-1250.000 Y=750.000 Z=1300.000), Max=(X=-1190.000 Y=1250.000 Z=1360.000) RuntimeGrid:None EditorOnly:0 RuntimeOnly:0 HLODRelevant:1 ListedInSceneOutliner:1 IsMainWorldOnly:0
 |   |   |- Guid:2FB58999456391D349DC0F86DAC136ED BaseClass: NativeClass:/Script/Engine.SkyLight Name:SkyLight_1 Label:SkyLight SpatiallyLoaded:0 Bounds:IsValid=true, Min=(X=0.000 Y=0.000 Z=690.000), Max=(X=0.000 Y=0.000 Z=690.000) RuntimeGrid:None EditorOnly:0 RuntimeOnly:0 HLODRelevant:0 ListedInSceneOutliner:1 IsMainWorldOnly:0 FolderPath:Lighting FolderGuid:963EC3EB4002CCE9759E2EBA541A873A
 |   |   |- Guid:2FF248BF41EC0560292D6CA56CED801F BaseClass:/Game/LevelPrototyping/Animations/BP_Animations/Shift/BP_Animation_Shift_Very_Slow.BP_Animation_Shift_Very_Slow_C NativeClass:/Script/Engine.Actor Name:BP_Animation_Shift_Very_Slow_C_UAID_A85E45CD68D965C501_1102568002 Label:BP_Animation_Shift_Very_Slow2 SpatiallyLoaded:1 Bounds:IsValid=true, Min=(X=1600.000 Y=875.000 Z=2050.000), Max=(X=1800.000 Y=1125.000 Z=2060.000) RuntimeGrid:None EditorOnly:0 RuntimeOnly:0 HLODRelevant:0 ListedInSceneOutliner:1 IsMainWorldOnly:0
 |   |   |- Guid:316CF2A6494ACA4C0E4180A87D36AB8F BaseClass: NativeClass:/Script/Engine.ExponentialHeightFog Name:ExponentialHeightFog_0 Label:ExponentialHeightFog SpatiallyLoaded:0 Bounds:IsValid=true, Min=(X=-5600.000 Y=-50.000 Z=-6850.000), Max=(X=-5600.000 Y=-50.000 Z=-6850.000) RuntimeGrid:None EditorOnly:0 RuntimeOnly:0 HLODRelevant:0 ListedInSceneOutliner:1 IsMainWorldOnly:0 FolderPath:Lighting FolderGuid:963EC3EB4002CCE9759E2EBA541A873A
 |   |   |- Guid:3492005C48D697B39A32EAB198E77766 BaseClass: NativeClass:/Script/Engine.StaticMeshActor Name:StaticMeshActor_UAID_A85E45CD68D973C401_1568276381 Label:Start_Platform SpatiallyLoaded:1 Bounds:IsValid=true, Min=(X=-2000.000 Y=1000.000 Z=-400.000), Max=(X=2000.000 Y=1125.000 Z=-50.000) RuntimeGrid:None EditorOnly:0 RuntimeOnly:0 HLODRelevant:1 ListedInSceneOutliner:1 IsMainWorldOnly:0 FolderPath:Playground FolderGuid:C73F09FC4215536B1DCE2A9E0A830C70
 |   |   |- Guid:3683D16F4EC43B1E18A06BA856D2CD18 BaseClass: NativeClass:/Script/Engine.StaticMeshActor Name:StaticMeshActor_UAID_A85E45CD68D94EC401_1719815875 Label:Finish_Line_Banner SpatiallyLoaded:1 Bounds:IsValid=true, Min=(X=2562.191 Y=824.290 Z=5407.500), Max=(X=2562.191 Y=1674.290 Z=5632.500) RuntimeGrid:None EditorOnly:0 RuntimeOnly:0 HLODRelevant:1 ListedInSceneOutliner:1 IsMainWorldOnly:0 FolderPath:Playground/FinishLine FolderGuid:C0151C334B8D011FCFFB4CB56240D47D
 |   |   |- Guid:3A00AA1C422CE54C0BDB60BAF471BFBB BaseClass: NativeClass:/Script/Engine.PlayerStart Name:PlayerStart_0 Label:PlayerStart SpatiallyLoaded:0 Bounds:IsValid=true, Min=(X=-996.874 Y=968.634 Z=814.007), Max=(X=-836.874 Y=1128.634 Z=1182.007) RuntimeGrid:None EditorOnly:0 RuntimeOnly:0 HLODRelevant:0 ListedInSceneOutliner:1 IsMainWorldOnly:0 FolderPath:Playground/Game_Mechanics FolderGuid:3575484D48692121665E68B078F41F18
 |   |   |- Guid:3A62E409447BFECDF88ED8BB8969DD32 BaseClass: NativeClass:/Script/Engine.StaticMeshActor Name:StaticMeshActor_UAID_A85E45CD68D964C501_1161782808 Label:Shape_Pipe4 SpatiallyLoaded:1 Bounds:IsValid=true, Min=(X=-1340.000 Y=750.000 Z=790.000), Max=(X=-1280.000 Y=1250.000 Z=850.000) RuntimeGrid:None EditorOnly:0 RuntimeOnly:0 HLODRelevant:1 ListedInSceneOutliner:1 IsMainWorldOnly:0
 |   |   |- Guid:4D3BE93F4146AAAC8BBE79999D96D57F BaseClass: NativeClass:/Script/Engine.VolumetricCloud Name:VolumetricCloud_0 Label:VolumetricCloud SpatiallyLoaded:0 Bounds:IsValid=true, Min=(X=0.000 Y=0.000 Z=820.000), Max=(X=0.000 Y=0.000 Z=820.000) RuntimeGrid:None EditorOnly:0 RuntimeOnly:0 HLODRelevant:0 ListedInSceneOutliner:1 IsMainWorldOnly:0 FolderPath:Lighting FolderGuid:963EC3EB4002CCE9759E2EBA541A873A
 |   |   |- Guid:50F44AB349E060EAA75524967D8E7DAC BaseClass:/Game/LevelPrototyping/Animations/BP_Animations/Shift/BP_Animation_Shift_Slow_cylinder.BP_Animation_Shift_Slow_cylinder_C NativeClass:/Script/Engine.Actor Name:BP_Animation_Shift_Slow_cylinder_C_UAID_A85E45CD68D965C501_1752780010 Label:BP_Animation_Shift_Slow_cylinder4 SpatiallyLoaded:1 Bounds:IsValid=true, Min=(X=-230.000 Y=875.000 Z=1100.000), Max=(X=-30.000 Y=1125.000 Z=1110.000) RuntimeGrid:None EditorOnly:0 RuntimeOnly:0 HLODRelevant:0 ListedInSceneOutliner:1 IsMainWorldOnly:0
 |   |   |- Guid:5A03042E4069743B57C3A582B4ABBAD7 BaseClass: NativeClass:/Script/Engine.StaticMeshActor Name:StaticMeshActor_UAID_A85E45CD68D94EC401_1640638874 Label:Finish_Line_Floor SpatiallyLoaded:1 Bounds:IsValid=true, Min=(X=2479.691 Y=824.290 Z=5010.000), Max=(X=2704.691 Y=1674.290 Z=5010.000) RuntimeGrid:None EditorOnly:0 RuntimeOnly:0 HLODRelevant:1 ListedInSceneOutliner:1 IsMainWorldOnly:0 FolderPath:Playground/FinishLine FolderGuid:C0151C334B8D011FCFFB4CB56240D47D
 |   |   |- Guid:6430FA1B46487A3EFA2DA9803469042B BaseClass:/Game/LevelPrototyping/Animations/BP_Animations/Shift/BP_Animation_Shift_Very_Slow.BP_Animation_Shift_Very_Slow_C NativeClass:/Script/Engine.Actor Name:BP_Animation_Shift_Very_Slow_C_UAID_A85E45CD68D961C501_1289203267 Label:BP_Animation_Shift_Very_Slow SpatiallyLoaded:1 Bounds:IsValid=true, Min=(X=1600.000 Y=875.000 Z=1000.000), Max=(X=1800.000 Y=1125.000 Z=1010.000) RuntimeGrid:None EditorOnly:0 RuntimeOnly:0 HLODRelevant:0 ListedInSceneOutliner:1 IsMainWorldOnly:0
 |   |   |- Guid:6BAF4DDD444C60371492D3919DB42C97 BaseClass: NativeClass:/Script/Engine.WorldDataLayers Name:WorldDataLayers Label:WorldDataLayers SpatiallyLoaded:0 Bounds:IsValid=true, Min=(X=0.000 Y=0.000 Z=0.000), Max=(X=0.000 Y=0.000 Z=0.000) RuntimeGrid:None EditorOnly:0 RuntimeOnly:0 HLODRelevant:0 ListedInSceneOutliner:1 IsMainWorldOnly:1 FolderPath:World FolderGuid:8C3ED81C4036AB0E86233D92BA4F0FDD
 |   |   |- Guid:6D2B7933499D7D9778C4B094382D72C7 BaseClass: NativeClass:/Script/Engine.StaticMeshActor Name:StaticMeshActor_UAID_A85E45CD68D94DC401_1112331692 Label:Finish_Line_End SpatiallyLoaded:1 Bounds:IsValid=true, Min=(X=2478.240 Y=822.809 Z=4256.261), Max=(X=4228.240 Y=1672.809 Z=5006.261) RuntimeGrid:None EditorOnly:0 RuntimeOnly:0 HLODRelevant:0 ListedInSceneOutliner:1 IsMainWorldOnly:0 FolderPath:Playground/FinishLine FolderGuid:C0151C334B8D011FCFFB4CB56240D47D
 |   |   |- Guid:6DE123CE4A9262D10E31A9BD2EA29FDD BaseClass:/Game/LevelPrototyping/Animations/BP_Animations/Shift/BP_Animation_Shift_Very_Slow.BP_Animation_Shift_Very_Slow_C NativeClass:/Script/Engine.Actor Name:BP_Animation_Shift_Very_Slow_C_UAID_A85E45CD68D963C501_2055635630 Label:BP_Animation_Shift_Very_Slow5 SpatiallyLoaded:1 Bounds:IsValid=true, Min=(X=-100.000 Y=875.000 Z=200.000), Max=(X=100.000 Y=1125.000 Z=210.000) RuntimeGrid:None EditorOnly:0 RuntimeOnly:0 HLODRelevant:0 ListedInSceneOutliner:1 IsMainWorldOnly:0
 |   |   |- Guid:80932FD64934A64F845ECABFA8C899C4 BaseClass: NativeClass:/Script/Engine.StaticMeshActor Name:StaticMeshActor_UAID_A85E45CD68D94DC401_1292510696 Label:Finish_Line_Pole_L SpatiallyLoaded:1 Bounds:IsValid=true, Min=(X=2569.691 Y=826.790 Z=5010.000), Max=(X=2594.691 Y=851.790 Z=5610.000) RuntimeGrid:None EditorOnly:0 RuntimeOnly:0 HLODRelevant:0 ListedInSceneOutliner:1 IsMainWorldOnly:0 FolderPath:Playground/FinishLine FolderGuid:C0151C334B8D011FCFFB4CB56240D47D
 |   |   |- Guid:815869F64480EB9152A1F8922D588758 BaseClass: NativeClass:/Script/Engine.StaticMeshActor Name:StaticMeshActor_UAID_A85E45CD68D95EC501_1793093737 Label:Shape_Wedge_B SpatiallyLoaded:1 Bounds:IsValid=true, Min=(X=-2000.000 Y=750.000 Z=1950.000), Max=(X=0.000 Y=1250.000 Z=2050.000) RuntimeGrid:None EditorOnly:0 RuntimeOnly:0 HLODRelevant:1 ListedInSceneOutliner:1 IsMainWorldOnly:0
 |   |   |- Guid:857F496C4F10DD247D3AF0B69BCD1BC6 BaseClass: NativeClass:/Script/Engine.StaticMeshActor Name:StaticMeshActor_UAID_A85E45CD68D963C501_1768634628 Label:Shape_Wedge_B2 SpatiallyLoaded:1 Bounds:IsValid=true, Min=(X=0.000 Y=750.000 Z=3950.000), Max=(X=2000.000 Y=1250.000 Z=4050.000) RuntimeGrid:None EditorOnly:0 RuntimeOnly:0 HLODRelevant:1 ListedInSceneOutliner:1 IsMainWorldOnly:0
 |   |   |- Guid:85F654F0478E5773A7AB539ABB877B65 BaseClass:/Game/LevelPrototyping/Animations/BP_Animations/Shift/BP_Animation_Shift_Slow_cylinder.BP_Animation_Shift_Slow_cylinder_C NativeClass:/Script/Engine.Actor Name:BP_Animation_Shift_Slow_cylinder_C_UAID_A85E45CD68D95DC501_1759479560 Label:BP_Animation_Shift_Slow_cylinder SpatiallyLoaded:1 Bounds:IsValid=true, Min=(X=300.000 Y=875.000 Z=500.000), Max=(X=500.000 Y=1125.000 Z=510.000) RuntimeGrid:None EditorOnly:0 RuntimeOnly:0 HLODRelevant:0 ListedInSceneOutliner:1 IsMainWorldOnly:0
 |   |   |- Guid:8B79977F402A9D70547BA19E8B0282B1 BaseClass: NativeClass:/Script/Engine.StaticMeshActor Name:StaticMeshActor_UAID_A85E45CD68D934C501_2140293352 Label:Plane SpatiallyLoaded:1 Bounds:IsValid=true, Min=(X=-3962.500 Y=975.000 Z=-1875.000), Max=(X=3962.500 Y=975.000 Z=6875.000) RuntimeGrid:None EditorOnly:0 RuntimeOnly:0 HLODRelevant:1 ListedInSceneOutliner:1 IsMainWorldOnly:0
 |   |   |- Guid:8F42E8A449A1ED7F303AA2BC0660C476 BaseClass: NativeClass:/Script/Engine.StaticMeshActor Name:StaticMeshActor_UAID_A85E45CD68D964C501_1197760813 Label:Shape_Pipe9 SpatiallyLoaded:1 Bounds:IsValid=true, Min=(X=-1810.000 Y=750.000 Z=1300.000), Max=(X=-1750.000 Y=1250.000 Z=1360.000) RuntimeGrid:None EditorOnly:0 RuntimeOnly:0 HLODRelevant:1 ListedInSceneOutliner:1 IsMainWorldOnly:0
 |   |   |- Guid:925348E54E6B07CB209E73A7CABA1BF0 BaseClass: NativeClass:/Script/Engine.StaticMeshActor Name:StaticMeshActor_UAID_A85E45CD68D9EDC401_1144923903 Label:StaticMeshActor SpatiallyLoaded:1 Bounds:IsValid=true, Min=(X=8120.000 Y=1530.000 Z=910.000), Max=(X=8120.000 Y=1530.000 Z=910.000) RuntimeGrid:None EditorOnly:0 RuntimeOnly:0 HLODRelevant:0 ListedInSceneOutliner:1 IsMainWorldOnly:0
 |   |   |- Guid:942DE150412666839CAC2C8D5E39A572 BaseClass: NativeClass:/Script/Engine.StaticMeshActor Name:StaticMeshActor_UAID_A85E45CD68D964C501_1820411819 Label:Shape_Pipe15 SpatiallyLoaded:1 Bounds:IsValid=true, Min=(X=-350.000 Y=750.000 Z=1300.000), Max=(X=-290.000 Y=1250.000 Z=1360.000) RuntimeGrid:None EditorOnly:0 RuntimeOnly:0 HLODRelevant:1 ListedInSceneOutliner:1 IsMainWorldOnly:0
 |   |   |- Guid:9A0FB8D04EC1750D09BEEF8555C9039B BaseClass: NativeClass:/Script/Engine.StaticMeshActor Name:StaticMeshActor_UAID_A85E45CD68D964C501_1178868810 Label:Shape_Pipe6 SpatiallyLoaded:1 Bounds:IsValid=true, Min=(X=-1510.000 Y=750.000 Z=470.000), Max=(X=-1450.000 Y=1250.000 Z=530.000) RuntimeGrid:None EditorOnly:0 RuntimeOnly:0 HLODRelevant:1 ListedInSceneOutliner:1 IsMainWorldOnly:0
 |   |   |- Guid:9AAAC0BF4A9DF3FF07F8F89CA207852F BaseClass:/Game/LevelPrototyping/Animations/BP_Animations/Shift/BP_Animation_Shift_Slow_cylinder.BP_Animation_Shift_Slow_cylinder_C NativeClass:/Script/Engine.Actor Name:BP_Animation_Shift_Slow_cylinder_C_UAID_A85E45CD68D95FC501_1133678914 Label:BP_Animation_Shift_Slow_cylinder2 SpatiallyLoaded:1 Bounds:IsValid=true, Min=(X=900.000 Y=875.000 Z=700.000), Max=(X=1100.000 Y=1125.000 Z=710.000) RuntimeGrid:None EditorOnly:0 RuntimeOnly:0 HLODRelevant:0 ListedInSceneOutliner:1 IsMainWorldOnly:0
 |   |   |- Guid:9F66D2E944C7C0A4D746F4A445AD5F09 BaseClass: NativeClass:/Script/Engine.StaticMeshActor Name:StaticMeshActor_UAID_A85E45CD68D933C501_1901795172 Label:Shape_Pipe SpatiallyLoaded:1 Bounds:IsValid=true, Min=(X=-2090.000 Y=1010.000 Z=-457.500), Max=(X=-1910.000 Y=1190.000 Z=5017.500) RuntimeGrid:None EditorOnly:0 RuntimeOnly:0 HLODRelevant:1 ListedInSceneOutliner:1 IsMainWorldOnly:0
 |   |   |- Guid:9FB21DAA47992545B7BA7382641B3D42 BaseClass: NativeClass:/Script/Engine.StaticMeshActor Name:StaticMeshActor_UAID_A85E45CD68D964C501_1966858824 Label:Shape_Pipe20 SpatiallyLoaded:1 Bounds:IsValid=true, Min=(X=1120.000 Y=750.000 Z=1490.000), Max=(X=1180.000 Y=1250.000 Z=1550.000) RuntimeGrid:None EditorOnly:0 RuntimeOnly:0 HLODRelevant:1 ListedInSceneOutliner:1 IsMainWorldOnly:0
 |   |   |- Guid:A624A5334A19CAC5B98C0BA8E22E4790 BaseClass: NativeClass:/Script/Engine.StaticMeshActor Name:StaticMeshActor_UAID_A85E45CD68D964C501_1824957821 Label:Shape_Pipe17 SpatiallyLoaded:1 Bounds:IsValid=true, Min=(X=260.000 Y=750.000 Z=1900.000), Max=(X=320.000 Y=1250.000 Z=1960.000) RuntimeGrid:None EditorOnly:0 RuntimeOnly:0 HLODRelevant:1 ListedInSceneOutliner:1 IsMainWorldOnly:0
 |   |   |- Guid:A8F7733640293CA439E6F383E3840CCE BaseClass: NativeClass:/Script/Engine.StaticMeshActor Name:StaticMeshActor_UAID_A85E45CD68D964C501_1228218818 Label:Shape_Pipe14 SpatiallyLoaded:1 Bounds:IsValid=true, Min=(X=-1420.000 Y=750.000 Z=170.000), Max=(X=-1360.000 Y=1250.000 Z=230.000) RuntimeGrid:None EditorOnly:0 RuntimeOnly:0 HLODRelevant:1 ListedInSceneOutliner:1 IsMainWorldOnly:0
 |   |   |- Guid:B6074BFB4A0A84540866DA9EA4AD263C BaseClass: NativeClass:/Script/Engine.StaticMeshActor Name:StaticMeshActor_UAID_A85E45CD68D961C501_1576234269 Label:Shape_Cube2 SpatiallyLoaded:1 Bounds:IsValid=true, Min=(X=1215.000 Y=780.000 Z=1060.000), Max=(X=1265.000 Y=1280.000 Z=2360.000) RuntimeGrid:None EditorOnly:0 RuntimeOnly:0 HLODRelevant:1 ListedInSceneOutliner:1 IsMainWorldOnly:0
 |   |   |- Guid:B785ED2844B84CFB91E7F39FE661CD99 BaseClass: NativeClass:/Script/Engine.DirectionalLight Name:DirectionalLight_0 Label:DirectionalLight SpatiallyLoaded:0 Bounds:IsValid=true, Min=(X=-4398046511104.000 Y=-4398046511104.000 Z=-4398046511104.000), Max=(X=4398046511104.000 Y=4398046511104.000 Z=4398046511104.000) RuntimeGrid:None EditorOnly:0 RuntimeOnly:0 HLODRelevant:0 ListedInSceneOutliner:1 IsMainWorldOnly:0 FolderPath:Lighting FolderGuid:963EC3EB4002CCE9759E2EBA541A873A
 |   |   |- Guid:C699A19B488C5A2D7A5B4497534AABF9 BaseClass:/Game/LevelPrototyping/Animations/BP_Animations/Shift/BP_Animation_Shift_Slow_cylinder.BP_Animation_Shift_Slow_cylinder_C NativeClass:/Script/Engine.Actor Name:BP_Animation_Shift_Slow_cylinder_C_UAID_A85E45CD68D965C501_1677715009 Label:BP_Animation_Shift_Slow_cylinder3 SpatiallyLoaded:1 Bounds:IsValid=true, Min=(X=900.000 Y=875.000 Z=1100.000), Max=(X=1100.000 Y=1125.000 Z=1110.000) RuntimeGrid:None EditorOnly:0 RuntimeOnly:0 HLODRelevant:0 ListedInSceneOutliner:1 IsMainWorldOnly:0
 |   |   |- Guid:CCC217264D19735ABD6A4DA4DA4DE60C BaseClass: NativeClass:/Script/Engine.StaticMeshActor Name:StaticMeshActor_UAID_A85E45CD68D964C501_1169970809 Label:Shape_Pipe5 SpatiallyLoaded:1 Bounds:IsValid=true, Min=(X=-1050.000 Y=750.000 Z=510.000), Max=(X=-990.000 Y=1250.000 Z=570.000) RuntimeGrid:None EditorOnly:0 RuntimeOnly:0 HLODRelevant:1 ListedInSceneOutliner:1 IsMainWorldOnly:0
 |   |   |- Guid:CCFF262C46EEFFDF319E7F9539CE697E BaseClass: NativeClass:/Script/Engine.SkyAtmosphere Name:SkyAtmosphere_0 Label:SkyAtmosphere SpatiallyLoaded:0 Bounds:IsValid=true, Min=(X=0.000 Y=0.000 Z=1020.000), Max=(X=0.000 Y=0.000 Z=1020.000) RuntimeGrid:None EditorOnly:0 RuntimeOnly:0 HLODRelevant:0 ListedInSceneOutliner:1 IsMainWorldOnly:0 FolderPath:Lighting FolderGuid:963EC3EB4002CCE9759E2EBA541A873A
 |   |   |- Guid:DD68BD1649D688E87D9AA19B7408B258 BaseClass: NativeClass:/Script/Engine.StaticMeshActor Name:StaticMeshActor_UAID_A85E45CD68D964C501_1194198812 Label:Shape_Pipe8 SpatiallyLoaded:1 Bounds:IsValid=true, Min=(X=-1770.000 Y=750.000 Z=850.000), Max=(X=-1710.000 Y=1250.000 Z=910.000) RuntimeGrid:None EditorOnly:0 RuntimeOnly:0 HLODRelevant:1 ListedInSceneOutliner:1 IsMainWorldOnly:0
 |   |   |- Guid:E3C5CFD14DE548A4CDBE8B9375849124 BaseClass: NativeClass:/Script/Engine.StaticMeshActor Name:StaticMeshActor_UAID_A85E45CD68D964C501_2046829825 Label:Shape_Pipe21 SpatiallyLoaded:1 Bounds:IsValid=true, Min=(X=1390.000 Y=750.000 Z=1750.000), Max=(X=1450.000 Y=1250.000 Z=1810.000) RuntimeGrid:None EditorOnly:0 RuntimeOnly:0 HLODRelevant:1 ListedInSceneOutliner:1 IsMainWorldOnly:0
 |   |   |- Guid:F043BA8B478A06F20643F38C76D14317 BaseClass: NativeClass:/Script/Engine.StaticMeshActor Name:StaticMeshActor_UAID_A85E45CD68D933C501_1977354173 Label:Shape_Pipe2 SpatiallyLoaded:1 Bounds:IsValid=true, Min=(X=1910.000 Y=1010.000 Z=-457.500), Max=(X=2090.000 Y=1190.000 Z=5017.500) RuntimeGrid:None EditorOnly:0 RuntimeOnly:0 HLODRelevant:1 ListedInSceneOutliner:1 IsMainWorldOnly:0
 |   |   |- Guid:F5E3FEB3450C49844FD93DA8E083C8AD BaseClass: NativeClass:/Script/Engine.PostProcessVolume Name:PostProcessVolume_0 Label:PostProcessVolume SpatiallyLoaded:0 Bounds:IsValid=true, Min=(X=0.000 Y=0.000 Z=400.000), Max=(X=200.000 Y=200.000 Z=600.000) RuntimeGrid:None EditorOnly:0 RuntimeOnly:0 HLODRelevant:0 ListedInSceneOutliner:1 IsMainWorldOnly:0 FolderPath:Lighting FolderGuid:963EC3EB4002CCE9759E2EBA541A873A
 |   |   |- Guid:FBE0B1104C605020F659FF80261583BE BaseClass: NativeClass:/Script/Engine.StaticMeshActor Name:StaticMeshActor_UAID_A85E45CD68D964C501_1184521811 Label:Shape_Pipe7 SpatiallyLoaded:1 Bounds:IsValid=true, Min=(X=-960.000 Y=750.000 Z=850.000), Max=(X=-900.000 Y=1250.000 Z=910.000) RuntimeGrid:None EditorOnly:0 RuntimeOnly:0 HLODRelevant:1 ListedInSceneOutliner:1 IsMainWorldOnly:0
 |   |- [+] Clusters:
 |   |   |- [+] [  0]
 |   |   |   |- Guid:0C1C21BB4F9D5A4E96534587D86C7435 BaseClass: NativeClass:/Script/Engine.BlockingVolume Name:BlockingVolume_UAID_A85E45CD68D92BC501_1170193759 Label:BlockingVolume SpatiallyLoaded:1 Bounds:IsValid=true, Min=(X=-2250.000 Y=1100.000 Z=0.000), Max=(X=2750.000 Y=1100.000 Z=5000.000) RuntimeGrid:None EditorOnly:0 RuntimeOnly:0 HLODRelevant:0 ListedInSceneOutliner:1 IsMainWorldOnly:0
 |   |   |- [+] [  1]
 |   |   |   |- Guid:0E1C043D42B3CBFCB7E34A81E579A2C0 BaseClass: NativeClass:/Script/Engine.StaticMeshActor Name:StaticMeshActor_UAID_A85E45CD68D94DC401_1093585691 Label:Finish_Line_base SpatiallyLoaded:1 Bounds:IsValid=true, Min=(X=2478.240 Y=822.809 Z=4956.261), Max=(X=2703.240 Y=1672.809 Z=5006.261) RuntimeGrid:None EditorOnly:0 RuntimeOnly:0 HLODRelevant:0 ListedInSceneOutliner:1 IsMainWorldOnly:0 FolderPath:Playground/FinishLine FolderGuid:C0151C334B8D011FCFFB4CB56240D47D
 |   |   |- [+] [  2]
 |   |   |   |- Guid:1D0D98CD47B14F39059378BC6EDBBD54 BaseClass: NativeClass:/Script/Engine.StaticMeshActor Name:StaticMeshActor_UAID_A85E45CD68D961C501_1534908268 Label:Shape_Cube SpatiallyLoaded:1 Bounds:IsValid=true, Min=(X=350.000 Y=770.000 Z=1530.000), Max=(X=450.000 Y=1270.000 Z=3005.000) RuntimeGrid:None EditorOnly:0 RuntimeOnly:0 HLODRelevant:1 ListedInSceneOutliner:1 IsMainWorldOnly:0
 |   |   |- [+] [  3]
 |   |   |   |- Guid:1D21AB2548C08D6FD4D1A4BF7716174D BaseClass: NativeClass:/Script/Engine.BlockingVolume Name:BlockingVolume_UAID_A85E45CD68D92BC501_1204643760 Label:BlockingVolume2 SpatiallyLoaded:1 Bounds:IsValid=true, Min=(X=-2250.000 Y=1000.000 Z=0.000), Max=(X=2750.000 Y=1000.000 Z=5000.000) RuntimeGrid:None EditorOnly:0 RuntimeOnly:0 HLODRelevant:0 ListedInSceneOutliner:1 IsMainWorldOnly:0
 |   |   |- [+] [  4]
 |   |   |   |- Guid:1E01196843BB7163F6FFC0AC52E88B25 BaseClass: NativeClass:/Script/Engine.StaticMeshActor Name:StaticMeshActor_UAID_A85E45CD68D94DC401_1242958695 Label:Finish_Line_Pole_R SpatiallyLoaded:1 Bounds:IsValid=true, Min=(X=2569.691 Y=1646.790 Z=5010.000), Max=(X=2594.691 Y=1671.790 Z=5610.000) RuntimeGrid:None EditorOnly:0 RuntimeOnly:0 HLODRelevant:0 ListedInSceneOutliner:1 IsMainWorldOnly:0 FolderPath:Playground/FinishLine FolderGuid:C0151C334B8D011FCFFB4CB56240D47D
 |   |   |- [+] [  5]
 |   |   |   |- Guid:1E1DA25444EAC6E45369B3AE11B07D75 BaseClass: NativeClass:/Script/Engine.StaticMeshActor Name:StaticMeshActor_UAID_A85E45CD68D964C501_1953646822 Label:Shape_Pipe18 SpatiallyLoaded:1 Bounds:IsValid=true, Min=(X=1100.000 Y=750.000 Z=2180.000), Max=(X=1160.000 Y=1250.000 Z=2240.000) RuntimeGrid:None EditorOnly:0 RuntimeOnly:0 HLODRelevant:1 ListedInSceneOutliner:1 IsMainWorldOnly:0
 |   |   |- [+] [  6]
 |   |   |   |- Guid:2517A3DA4B275818743972B9602EEF92 BaseClass: NativeClass:/Script/Engine.StaticMeshActor Name:StaticMeshActor_UAID_A85E45CD68D964C501_1222948817 Label:Shape_Pipe13 SpatiallyLoaded:1 Bounds:IsValid=true, Min=(X=-880.000 Y=750.000 Z=1300.000), Max=(X=-820.000 Y=1250.000 Z=1360.000) RuntimeGrid:None EditorOnly:0 RuntimeOnly:0 HLODRelevant:1 ListedInSceneOutliner:1 IsMainWorldOnly:0
 |   |   |- [+] [  7]
 |   |   |   |- Guid:273DA7814C322A1C80A7178C7B1CB583 BaseClass: NativeClass:/Script/Engine.StaticMeshActor Name:StaticMeshActor_UAID_A85E45CD68D964C501_1104405807 Label:Shape_Pipe3 SpatiallyLoaded:1 Bounds:IsValid=true, Min=(X=-1560.000 Y=750.000 Z=1100.000), Max=(X=-1500.000 Y=1250.000 Z=1160.000) RuntimeGrid:None EditorOnly:0 RuntimeOnly:0 HLODRelevant:1 ListedInSceneOutliner:1 IsMainWorldOnly:0
 |   |   |- [+] [  8]
 |   |   |   |- Guid:2AB99BEA408A310B87AD87B5C42995E0 BaseClass: NativeClass:/Script/Engine.StaticMeshActor Name:StaticMeshActor_UAID_A85E45CD68D964C501_1959495823 Label:Shape_Pipe19 SpatiallyLoaded:1 Bounds:IsValid=true, Min=(X=520.000 Y=750.000 Z=1790.000), Max=(X=580.000 Y=1250.000 Z=1850.000) RuntimeGrid:None EditorOnly:0 RuntimeOnly:0 HLODRelevant:1 ListedInSceneOutliner:1 IsMainWorldOnly:0
 |   |   |- [+] [  9]
 |   |   |   |- Guid:2F10A1FB45126E452DB90C8897F8B650 BaseClass: NativeClass:/Script/Engine.StaticMeshActor Name:StaticMeshActor_UAID_A85E45CD68D964C501_1215615816 Label:Shape_Pipe12 SpatiallyLoaded:1 Bounds:IsValid=true, Min=(X=-1250.000 Y=750.000 Z=1300.000), Max=(X=-1190.000 Y=1250.000 Z=1360.000) RuntimeGrid:None EditorOnly:0 RuntimeOnly:0 HLODRelevant:1 ListedInSceneOutliner:1 IsMainWorldOnly:0
 |   |   |- [+] [ 10]
 |   |   |   |- Guid:2FB58999456391D349DC0F86DAC136ED BaseClass: NativeClass:/Script/Engine.SkyLight Name:SkyLight_1 Label:SkyLight SpatiallyLoaded:0 Bounds:IsValid=true, Min=(X=0.000 Y=0.000 Z=690.000), Max=(X=0.000 Y=0.000 Z=690.000) RuntimeGrid:None EditorOnly:0 RuntimeOnly:0 HLODRelevant:0 ListedInSceneOutliner:1 IsMainWorldOnly:0 FolderPath:Lighting FolderGuid:963EC3EB4002CCE9759E2EBA541A873A
 |   |   |- [+] [ 11]
 |   |   |   |- Guid:2FF248BF41EC0560292D6CA56CED801F BaseClass:/Game/LevelPrototyping/Animations/BP_Animations/Shift/BP_Animation_Shift_Very_Slow.BP_Animation_Shift_Very_Slow_C NativeClass:/Script/Engine.Actor Name:BP_Animation_Shift_Very_Slow_C_UAID_A85E45CD68D965C501_1102568002 Label:BP_Animation_Shift_Very_Slow2 SpatiallyLoaded:1 Bounds:IsValid=true, Min=(X=1600.000 Y=875.000 Z=2050.000), Max=(X=1800.000 Y=1125.000 Z=2060.000) RuntimeGrid:None EditorOnly:0 RuntimeOnly:0 HLODRelevant:0 ListedInSceneOutliner:1 IsMainWorldOnly:0
 |   |   |- [+] [ 12]
 |   |   |   |- Guid:316CF2A6494ACA4C0E4180A87D36AB8F BaseClass: NativeClass:/Script/Engine.ExponentialHeightFog Name:ExponentialHeightFog_0 Label:ExponentialHeightFog SpatiallyLoaded:0 Bounds:IsValid=true, Min=(X=-5600.000 Y=-50.000 Z=-6850.000), Max=(X=-5600.000 Y=-50.000 Z=-6850.000) RuntimeGrid:None EditorOnly:0 RuntimeOnly:0 HLODRelevant:0 ListedInSceneOutliner:1 IsMainWorldOnly:0 FolderPath:Lighting FolderGuid:963EC3EB4002CCE9759E2EBA541A873A
 |   |   |- [+] [ 13]
 |   |   |   |- Guid:3492005C48D697B39A32EAB198E77766 BaseClass: NativeClass:/Script/Engine.StaticMeshActor Name:StaticMeshActor_UAID_A85E45CD68D973C401_1568276381 Label:Start_Platform SpatiallyLoaded:1 Bounds:IsValid=true, Min=(X=-2000.000 Y=1000.000 Z=-400.000), Max=(X=2000.000 Y=1125.000 Z=-50.000) RuntimeGrid:None EditorOnly:0 RuntimeOnly:0 HLODRelevant:1 ListedInSceneOutliner:1 IsMainWorldOnly:0 FolderPath:Playground FolderGuid:C73F09FC4215536B1DCE2A9E0A830C70
 |   |   |- [+] [ 14]
 |   |   |   |- Guid:3683D16F4EC43B1E18A06BA856D2CD18 BaseClass: NativeClass:/Script/Engine.StaticMeshActor Name:StaticMeshActor_UAID_A85E45CD68D94EC401_1719815875 Label:Finish_Line_Banner SpatiallyLoaded:1 Bounds:IsValid=true, Min=(X=2562.191 Y=824.290 Z=5407.500), Max=(X=2562.191 Y=1674.290 Z=5632.500) RuntimeGrid:None EditorOnly:0 RuntimeOnly:0 HLODRelevant:1 ListedInSceneOutliner:1 IsMainWorldOnly:0 FolderPath:Playground/FinishLine FolderGuid:C0151C334B8D011FCFFB4CB56240D47D
 |   |   |- [+] [ 15]
 |   |   |   |- Guid:3A00AA1C422CE54C0BDB60BAF471BFBB BaseClass: NativeClass:/Script/Engine.PlayerStart Name:PlayerStart_0 Label:PlayerStart SpatiallyLoaded:0 Bounds:IsValid=true, Min=(X=-996.874 Y=968.634 Z=814.007), Max=(X=-836.874 Y=1128.634 Z=1182.007) RuntimeGrid:None EditorOnly:0 RuntimeOnly:0 HLODRelevant:0 ListedInSceneOutliner:1 IsMainWorldOnly:0 FolderPath:Playground/Game_Mechanics FolderGuid:3575484D48692121665E68B078F41F18
 |   |   |- [+] [ 16]
 |   |   |   |- Guid:3A62E409447BFECDF88ED8BB8969DD32 BaseClass: NativeClass:/Script/Engine.StaticMeshActor Name:StaticMeshActor_UAID_A85E45CD68D964C501_1161782808 Label:Shape_Pipe4 SpatiallyLoaded:1 Bounds:IsValid=true, Min=(X=-1340.000 Y=750.000 Z=790.000), Max=(X=-1280.000 Y=1250.000 Z=850.000) RuntimeGrid:None EditorOnly:0 RuntimeOnly:0 HLODRelevant:1 ListedInSceneOutliner:1 IsMainWorldOnly:0
 |   |   |- [+] [ 17]
 |   |   |   |- Guid:4D3BE93F4146AAAC8BBE79999D96D57F BaseClass: NativeClass:/Script/Engine.VolumetricCloud Name:VolumetricCloud_0 Label:VolumetricCloud SpatiallyLoaded:0 Bounds:IsValid=true, Min=(X=0.000 Y=0.000 Z=820.000), Max=(X=0.000 Y=0.000 Z=820.000) RuntimeGrid:None EditorOnly:0 RuntimeOnly:0 HLODRelevant:0 ListedInSceneOutliner:1 IsMainWorldOnly:0 FolderPath:Lighting FolderGuid:963EC3EB4002CCE9759E2EBA541A873A
 |   |   |- [+] [ 18]
 |   |   |   |- Guid:50F44AB349E060EAA75524967D8E7DAC BaseClass:/Game/LevelPrototyping/Animations/BP_Animations/Shift/BP_Animation_Shift_Slow_cylinder.BP_Animation_Shift_Slow_cylinder_C NativeClass:/Script/Engine.Actor Name:BP_Animation_Shift_Slow_cylinder_C_UAID_A85E45CD68D965C501_1752780010 Label:BP_Animation_Shift_Slow_cylinder4 SpatiallyLoaded:1 Bounds:IsValid=true, Min=(X=-230.000 Y=875.000 Z=1100.000), Max=(X=-30.000 Y=1125.000 Z=1110.000) RuntimeGrid:None EditorOnly:0 RuntimeOnly:0 HLODRelevant:0 ListedInSceneOutliner:1 IsMainWorldOnly:0
 |   |   |- [+] [ 19]
 |   |   |   |- Guid:5A03042E4069743B57C3A582B4ABBAD7 BaseClass: NativeClass:/Script/Engine.StaticMeshActor Name:StaticMeshActor_UAID_A85E45CD68D94EC401_1640638874 Label:Finish_Line_Floor SpatiallyLoaded:1 Bounds:IsValid=true, Min=(X=2479.691 Y=824.290 Z=5010.000), Max=(X=2704.691 Y=1674.290 Z=5010.000) RuntimeGrid:None EditorOnly:0 RuntimeOnly:0 HLODRelevant:1 ListedInSceneOutliner:1 IsMainWorldOnly:0 FolderPath:Playground/FinishLine FolderGuid:C0151C334B8D011FCFFB4CB56240D47D
 |   |   |- [+] [ 20]
 |   |   |   |- Guid:6430FA1B46487A3EFA2DA9803469042B BaseClass:/Game/LevelPrototyping/Animations/BP_Animations/Shift/BP_Animation_Shift_Very_Slow.BP_Animation_Shift_Very_Slow_C NativeClass:/Script/Engine.Actor Name:BP_Animation_Shift_Very_Slow_C_UAID_A85E45CD68D961C501_1289203267 Label:BP_Animation_Shift_Very_Slow SpatiallyLoaded:1 Bounds:IsValid=true, Min=(X=1600.000 Y=875.000 Z=1000.000), Max=(X=1800.000 Y=1125.000 Z=1010.000) RuntimeGrid:None EditorOnly:0 RuntimeOnly:0 HLODRelevant:0 ListedInSceneOutliner:1 IsMainWorldOnly:0
 |   |   |- [+] [ 21]
 |   |   |   |- Guid:6BAF4DDD444C60371492D3919DB42C97 BaseClass: NativeClass:/Script/Engine.WorldDataLayers Name:WorldDataLayers Label:WorldDataLayers SpatiallyLoaded:0 Bounds:IsValid=true, Min=(X=0.000 Y=0.000 Z=0.000), Max=(X=0.000 Y=0.000 Z=0.000) RuntimeGrid:None EditorOnly:0 RuntimeOnly:0 HLODRelevant:0 ListedInSceneOutliner:1 IsMainWorldOnly:1 FolderPath:World FolderGuid:8C3ED81C4036AB0E86233D92BA4F0FDD
 |   |   |- [+] [ 22]
 |   |   |   |- Guid:6D2B7933499D7D9778C4B094382D72C7 BaseClass: NativeClass:/Script/Engine.StaticMeshActor Name:StaticMeshActor_UAID_A85E45CD68D94DC401_1112331692 Label:Finish_Line_End SpatiallyLoaded:1 Bounds:IsValid=true, Min=(X=2478.240 Y=822.809 Z=4256.261), Max=(X=4228.240 Y=1672.809 Z=5006.261) RuntimeGrid:None EditorOnly:0 RuntimeOnly:0 HLODRelevant:0 ListedInSceneOutliner:1 IsMainWorldOnly:0 FolderPath:Playground/FinishLine FolderGuid:C0151C334B8D011FCFFB4CB56240D47D
 |   |   |- [+] [ 23]
 |   |   |   |- Guid:6DE123CE4A9262D10E31A9BD2EA29FDD BaseClass:/Game/LevelPrototyping/Animations/BP_Animations/Shift/BP_Animation_Shift_Very_Slow.BP_Animation_Shift_Very_Slow_C NativeClass:/Script/Engine.Actor Name:BP_Animation_Shift_Very_Slow_C_UAID_A85E45CD68D963C501_2055635630 Label:BP_Animation_Shift_Very_Slow5 SpatiallyLoaded:1 Bounds:IsValid=true, Min=(X=-100.000 Y=875.000 Z=200.000), Max=(X=100.000 Y=1125.000 Z=210.000) RuntimeGrid:None EditorOnly:0 RuntimeOnly:0 HLODRelevant:0 ListedInSceneOutliner:1 IsMainWorldOnly:0
 |   |   |- [+] [ 24]
 |   |   |   |- Guid:80932FD64934A64F845ECABFA8C899C4 BaseClass: NativeClass:/Script/Engine.StaticMeshActor Name:StaticMeshActor_UAID_A85E45CD68D94DC401_1292510696 Label:Finish_Line_Pole_L SpatiallyLoaded:1 Bounds:IsValid=true, Min=(X=2569.691 Y=826.790 Z=5010.000), Max=(X=2594.691 Y=851.790 Z=5610.000) RuntimeGrid:None EditorOnly:0 RuntimeOnly:0 HLODRelevant:0 ListedInSceneOutliner:1 IsMainWorldOnly:0 FolderPath:Playground/FinishLine FolderGuid:C0151C334B8D011FCFFB4CB56240D47D
 |   |   |- [+] [ 25]
 |   |   |   |- Guid:815869F64480EB9152A1F8922D588758 BaseClass: NativeClass:/Script/Engine.StaticMeshActor Name:StaticMeshActor_UAID_A85E45CD68D95EC501_1793093737 Label:Shape_Wedge_B SpatiallyLoaded:1 Bounds:IsValid=true, Min=(X=-2000.000 Y=750.000 Z=1950.000), Max=(X=0.000 Y=1250.000 Z=2050.000) RuntimeGrid:None EditorOnly:0 RuntimeOnly:0 HLODRelevant:1 ListedInSceneOutliner:1 IsMainWorldOnly:0
 |   |   |- [+] [ 26]
 |   |   |   |- Guid:857F496C4F10DD247D3AF0B69BCD1BC6 BaseClass: NativeClass:/Script/Engine.StaticMeshActor Name:StaticMeshActor_UAID_A85E45CD68D963C501_1768634628 Label:Shape_Wedge_B2 SpatiallyLoaded:1 Bounds:IsValid=true, Min=(X=0.000 Y=750.000 Z=3950.000), Max=(X=2000.000 Y=1250.000 Z=4050.000) RuntimeGrid:None EditorOnly:0 RuntimeOnly:0 HLODRelevant:1 ListedInSceneOutliner:1 IsMainWorldOnly:0
 |   |   |- [+] [ 27]
 |   |   |   |- Guid:85F654F0478E5773A7AB539ABB877B65 BaseClass:/Game/LevelPrototyping/Animations/BP_Animations/Shift/BP_Animation_Shift_Slow_cylinder.BP_Animation_Shift_Slow_cylinder_C NativeClass:/Script/Engine.Actor Name:BP_Animation_Shift_Slow_cylinder_C_UAID_A85E45CD68D95DC501_1759479560 Label:BP_Animation_Shift_Slow_cylinder SpatiallyLoaded:1 Bounds:IsValid=true, Min=(X=300.000 Y=875.000 Z=500.000), Max=(X=500.000 Y=1125.000 Z=510.000) RuntimeGrid:None EditorOnly:0 RuntimeOnly:0 HLODRelevant:0 ListedInSceneOutliner:1 IsMainWorldOnly:0
 |   |   |- [+] [ 28]
 |   |   |   |- Guid:8B79977F402A9D70547BA19E8B0282B1 BaseClass: NativeClass:/Script/Engine.StaticMeshActor Name:StaticMeshActor_UAID_A85E45CD68D934C501_2140293352 Label:Plane SpatiallyLoaded:1 Bounds:IsValid=true, Min=(X=-3962.500 Y=975.000 Z=-1875.000), Max=(X=3962.500 Y=975.000 Z=6875.000) RuntimeGrid:None EditorOnly:0 RuntimeOnly:0 HLODRelevant:1 ListedInSceneOutliner:1 IsMainWorldOnly:0
 |   |   |- [+] [ 29]
 |   |   |   |- Guid:8F42E8A449A1ED7F303AA2BC0660C476 BaseClass: NativeClass:/Script/Engine.StaticMeshActor Name:StaticMeshActor_UAID_A85E45CD68D964C501_1197760813 Label:Shape_Pipe9 SpatiallyLoaded:1 Bounds:IsValid=true, Min=(X=-1810.000 Y=750.000 Z=1300.000), Max=(X=-1750.000 Y=1250.000 Z=1360.000) RuntimeGrid:None EditorOnly:0 RuntimeOnly:0 HLODRelevant:1 ListedInSceneOutliner:1 IsMainWorldOnly:0
 |   |   |- [+] [ 30]
 |   |   |   |- Guid:925348E54E6B07CB209E73A7CABA1BF0 BaseClass: NativeClass:/Script/Engine.StaticMeshActor Name:StaticMeshActor_UAID_A85E45CD68D9EDC401_1144923903 Label:StaticMeshActor SpatiallyLoaded:1 Bounds:IsValid=true, Min=(X=8120.000 Y=1530.000 Z=910.000), Max=(X=8120.000 Y=1530.000 Z=910.000) RuntimeGrid:None EditorOnly:0 RuntimeOnly:0 HLODRelevant:0 ListedInSceneOutliner:1 IsMainWorldOnly:0
 |   |   |- [+] [ 31]
 |   |   |   |- Guid:942DE150412666839CAC2C8D5E39A572 BaseClass: NativeClass:/Script/Engine.StaticMeshActor Name:StaticMeshActor_UAID_A85E45CD68D964C501_1820411819 Label:Shape_Pipe15 SpatiallyLoaded:1 Bounds:IsValid=true, Min=(X=-350.000 Y=750.000 Z=1300.000), Max=(X=-290.000 Y=1250.000 Z=1360.000) RuntimeGrid:None EditorOnly:0 RuntimeOnly:0 HLODRelevant:1 ListedInSceneOutliner:1 IsMainWorldOnly:0
 |   |   |- [+] [ 32]
 |   |   |   |- Guid:9A0FB8D04EC1750D09BEEF8555C9039B BaseClass: NativeClass:/Script/Engine.StaticMeshActor Name:StaticMeshActor_UAID_A85E45CD68D964C501_1178868810 Label:Shape_Pipe6 SpatiallyLoaded:1 Bounds:IsValid=true, Min=(X=-1510.000 Y=750.000 Z=470.000), Max=(X=-1450.000 Y=1250.000 Z=530.000) RuntimeGrid:None EditorOnly:0 RuntimeOnly:0 HLODRelevant:1 ListedInSceneOutliner:1 IsMainWorldOnly:0
 |   |   |- [+] [ 33]
 |   |   |   |- Guid:9AAAC0BF4A9DF3FF07F8F89CA207852F BaseClass:/Game/LevelPrototyping/Animations/BP_Animations/Shift/BP_Animation_Shift_Slow_cylinder.BP_Animation_Shift_Slow_cylinder_C NativeClass:/Script/Engine.Actor Name:BP_Animation_Shift_Slow_cylinder_C_UAID_A85E45CD68D95FC501_1133678914 Label:BP_Animation_Shift_Slow_cylinder2 SpatiallyLoaded:1 Bounds:IsValid=true, Min=(X=900.000 Y=875.000 Z=700.000), Max=(X=1100.000 Y=1125.000 Z=710.000) RuntimeGrid:None EditorOnly:0 RuntimeOnly:0 HLODRelevant:0 ListedInSceneOutliner:1 IsMainWorldOnly:0
 |   |   |- [+] [ 34]
 |   |   |   |- Guid:9F66D2E944C7C0A4D746F4A445AD5F09 BaseClass: NativeClass:/Script/Engine.StaticMeshActor Name:StaticMeshActor_UAID_A85E45CD68D933C501_1901795172 Label:Shape_Pipe SpatiallyLoaded:1 Bounds:IsValid=true, Min=(X=-2090.000 Y=1010.000 Z=-457.500), Max=(X=-1910.000 Y=1190.000 Z=5017.500) RuntimeGrid:None EditorOnly:0 RuntimeOnly:0 HLODRelevant:1 ListedInSceneOutliner:1 IsMainWorldOnly:0
 |   |   |- [+] [ 35]
 |   |   |   |- Guid:9FB21DAA47992545B7BA7382641B3D42 BaseClass: NativeClass:/Script/Engine.StaticMeshActor Name:StaticMeshActor_UAID_A85E45CD68D964C501_1966858824 Label:Shape_Pipe20 SpatiallyLoaded:1 Bounds:IsValid=true, Min=(X=1120.000 Y=750.000 Z=1490.000), Max=(X=1180.000 Y=1250.000 Z=1550.000) RuntimeGrid:None EditorOnly:0 RuntimeOnly:0 HLODRelevant:1 ListedInSceneOutliner:1 IsMainWorldOnly:0
 |   |   |- [+] [ 36]
 |   |   |   |- Guid:A624A5334A19CAC5B98C0BA8E22E4790 BaseClass: NativeClass:/Script/Engine.StaticMeshActor Name:StaticMeshActor_UAID_A85E45CD68D964C501_1824957821 Label:Shape_Pipe17 SpatiallyLoaded:1 Bounds:IsValid=true, Min=(X=260.000 Y=750.000 Z=1900.000), Max=(X=320.000 Y=1250.000 Z=1960.000) RuntimeGrid:None EditorOnly:0 RuntimeOnly:0 HLODRelevant:1 ListedInSceneOutliner:1 IsMainWorldOnly:0
 |   |   |- [+] [ 37]
 |   |   |   |- Guid:A8F7733640293CA439E6F383E3840CCE BaseClass: NativeClass:/Script/Engine.StaticMeshActor Name:StaticMeshActor_UAID_A85E45CD68D964C501_1228218818 Label:Shape_Pipe14 SpatiallyLoaded:1 Bounds:IsValid=true, Min=(X=-1420.000 Y=750.000 Z=170.000), Max=(X=-1360.000 Y=1250.000 Z=230.000) RuntimeGrid:None EditorOnly:0 RuntimeOnly:0 HLODRelevant:1 ListedInSceneOutliner:1 IsMainWorldOnly:0
 |   |   |- [+] [ 38]
 |   |   |   |- Guid:B6074BFB4A0A84540866DA9EA4AD263C BaseClass: NativeClass:/Script/Engine.StaticMeshActor Name:StaticMeshActor_UAID_A85E45CD68D961C501_1576234269 Label:Shape_Cube2 SpatiallyLoaded:1 Bounds:IsValid=true, Min=(X=1215.000 Y=780.000 Z=1060.000), Max=(X=1265.000 Y=1280.000 Z=2360.000) RuntimeGrid:None EditorOnly:0 RuntimeOnly:0 HLODRelevant:1 ListedInSceneOutliner:1 IsMainWorldOnly:0
 |   |   |- [+] [ 39]
 |   |   |   |- Guid:B785ED2844B84CFB91E7F39FE661CD99 BaseClass: NativeClass:/Script/Engine.DirectionalLight Name:DirectionalLight_0 Label:DirectionalLight SpatiallyLoaded:0 Bounds:IsValid=true, Min=(X=-4398046511104.000 Y=-4398046511104.000 Z=-4398046511104.000), Max=(X=4398046511104.000 Y=4398046511104.000 Z=4398046511104.000) RuntimeGrid:None EditorOnly:0 RuntimeOnly:0 HLODRelevant:0 ListedInSceneOutliner:1 IsMainWorldOnly:0 FolderPath:Lighting FolderGuid:963EC3EB4002CCE9759E2EBA541A873A
 |   |   |- [+] [ 40]
 |   |   |   |- Guid:C699A19B488C5A2D7A5B4497534AABF9 BaseClass:/Game/LevelPrototyping/Animations/BP_Animations/Shift/BP_Animation_Shift_Slow_cylinder.BP_Animation_Shift_Slow_cylinder_C NativeClass:/Script/Engine.Actor Name:BP_Animation_Shift_Slow_cylinder_C_UAID_A85E45CD68D965C501_1677715009 Label:BP_Animation_Shift_Slow_cylinder3 SpatiallyLoaded:1 Bounds:IsValid=true, Min=(X=900.000 Y=875.000 Z=1100.000), Max=(X=1100.000 Y=1125.000 Z=1110.000) RuntimeGrid:None EditorOnly:0 RuntimeOnly:0 HLODRelevant:0 ListedInSceneOutliner:1 IsMainWorldOnly:0
 |   |   |- [+] [ 41]
 |   |   |   |- Guid:CCC217264D19735ABD6A4DA4DA4DE60C BaseClass: NativeClass:/Script/Engine.StaticMeshActor Name:StaticMeshActor_UAID_A85E45CD68D964C501_1169970809 Label:Shape_Pipe5 SpatiallyLoaded:1 Bounds:IsValid=true, Min=(X=-1050.000 Y=750.000 Z=510.000), Max=(X=-990.000 Y=1250.000 Z=570.000) RuntimeGrid:None EditorOnly:0 RuntimeOnly:0 HLODRelevant:1 ListedInSceneOutliner:1 IsMainWorldOnly:0
 |   |   |- [+] [ 42]
 |   |   |   |- Guid:CCFF262C46EEFFDF319E7F9539CE697E BaseClass: NativeClass:/Script/Engine.SkyAtmosphere Name:SkyAtmosphere_0 Label:SkyAtmosphere SpatiallyLoaded:0 Bounds:IsValid=true, Min=(X=0.000 Y=0.000 Z=1020.000), Max=(X=0.000 Y=0.000 Z=1020.000) RuntimeGrid:None EditorOnly:0 RuntimeOnly:0 HLODRelevant:0 ListedInSceneOutliner:1 IsMainWorldOnly:0 FolderPath:Lighting FolderGuid:963EC3EB4002CCE9759E2EBA541A873A
 |   |   |- [+] [ 43]
 |   |   |   |- Guid:DD68BD1649D688E87D9AA19B7408B258 BaseClass: NativeClass:/Script/Engine.StaticMeshActor Name:StaticMeshActor_UAID_A85E45CD68D964C501_1194198812 Label:Shape_Pipe8 SpatiallyLoaded:1 Bounds:IsValid=true, Min=(X=-1770.000 Y=750.000 Z=850.000), Max=(X=-1710.000 Y=1250.000 Z=910.000) RuntimeGrid:None EditorOnly:0 RuntimeOnly:0 HLODRelevant:1 ListedInSceneOutliner:1 IsMainWorldOnly:0
 |   |   |- [+] [ 44]
 |   |   |   |- Guid:E3C5CFD14DE548A4CDBE8B9375849124 BaseClass: NativeClass:/Script/Engine.StaticMeshActor Name:StaticMeshActor_UAID_A85E45CD68D964C501_2046829825 Label:Shape_Pipe21 SpatiallyLoaded:1 Bounds:IsValid=true, Min=(X=1390.000 Y=750.000 Z=1750.000), Max=(X=1450.000 Y=1250.000 Z=1810.000) RuntimeGrid:None EditorOnly:0 RuntimeOnly:0 HLODRelevant:1 ListedInSceneOutliner:1 IsMainWorldOnly:0
 |   |   |- [+] [ 45]
 |   |   |   |- Guid:F043BA8B478A06F20643F38C76D14317 BaseClass: NativeClass:/Script/Engine.StaticMeshActor Name:StaticMeshActor_UAID_A85E45CD68D933C501_1977354173 Label:Shape_Pipe2 SpatiallyLoaded:1 Bounds:IsValid=true, Min=(X=1910.000 Y=1010.000 Z=-457.500), Max=(X=2090.000 Y=1190.000 Z=5017.500) RuntimeGrid:None EditorOnly:0 RuntimeOnly:0 HLODRelevant:1 ListedInSceneOutliner:1 IsMainWorldOnly:0
 |   |   |- [+] [ 46]
 |   |   |   |- Guid:F5E3FEB3450C49844FD93DA8E083C8AD BaseClass: NativeClass:/Script/Engine.PostProcessVolume Name:PostProcessVolume_0 Label:PostProcessVolume SpatiallyLoaded:0 Bounds:IsValid=true, Min=(X=0.000 Y=0.000 Z=400.000), Max=(X=200.000 Y=200.000 Z=600.000) RuntimeGrid:None EditorOnly:0 RuntimeOnly:0 HLODRelevant:0 ListedInSceneOutliner:1 IsMainWorldOnly:0 FolderPath:Lighting FolderGuid:963EC3EB4002CCE9759E2EBA541A873A
 |   |   |- [+] [ 47]
 |   |   |   |- Guid:FBE0B1104C605020F659FF80261583BE BaseClass: NativeClass:/Script/Engine.StaticMeshActor Name:StaticMeshActor_UAID_A85E45CD68D964C501_1184521811 Label:Shape_Pipe7 SpatiallyLoaded:1 Bounds:IsValid=true, Min=(X=-960.000 Y=750.000 Z=850.000), Max=(X=-900.000 Y=1250.000 Z=910.000) RuntimeGrid:None EditorOnly:0 RuntimeOnly:0 HLODRelevant:1 ListedInSceneOutliner:1 IsMainWorldOnly:0
 |- ContainerInstances:
 |- [+] MainContainer:
 |   |-        ID: 00000000000000000000000000000000
 |   |-  ParentID: 00000000000000000000000000000000
 |   |-    Bounds: IsValid=false, Min=(X=0.000 Y=0.000 Z=0.000), Max=(X=0.000 Y=0.000 Z=0.000)
 |   |- Transform: 0.000000,0.000000,0.000000|0.000000,0.000000,-0.000000|1.000000,1.000000,1.000000
 |   |- Container: /Game/ThirdPerson/Maps/ThirdPersonMap
----------------------------------------------------------------------------------------------------------------
ThirdPersonMap - Persistent Level
----------------------------------------------------------------------------------------------------------------
[+] Content of ThirdPersonMap Persistent Level
 |- Always loaded Actor Count: 55 
 |- Actor Path: /Game/ThirdPerson/Maps/ThirdPersonMap.ThirdPersonMap:PersistentLevel.AbstractNavData-Default
 |- Actor Package: /Game/ThirdPerson/Maps/ThirdPersonMap
 |- Actor Path: /Game/ThirdPerson/Maps/ThirdPersonMap.ThirdPersonMap:PersistentLevel.BlockingVolume_UAID_A85E45CD68D92BC501_1170193759
 |- Actor Package: /Game/__ExternalActors__/ThirdPerson/Maps/ThirdPersonMap/3/41/E1U46YAR4Y6S15KR4YVLQH
 |- Actor Path: /Game/ThirdPerson/Maps/ThirdPersonMap.ThirdPersonMap:PersistentLevel.BlockingVolume_UAID_A85E45CD68D92BC501_1204643760
 |- Actor Package: /Game/__ExternalActors__/ThirdPerson/Maps/ThirdPersonMap/2/CQ/U82385TIHHSYXWKBOA1UJT
 |- Actor Path: /Game/ThirdPerson/Maps/ThirdPersonMap.ThirdPersonMap:PersistentLevel.BP_Animation_Shift_Slow_cylinder_C_UAID_A85E45CD68D95DC501_1759479560
 |- Actor Package: /Game/__ExternalActors__/ThirdPerson/Maps/ThirdPersonMap/E/J8/OX0Q8VSF3AGG33ZPMPMSK5
 |- Actor Path: /Game/ThirdPerson/Maps/ThirdPersonMap.ThirdPersonMap:PersistentLevel.BP_Animation_Shift_Slow_cylinder_C_UAID_A85E45CD68D95FC501_1133678914
 |- Actor Package: /Game/__ExternalActors__/ThirdPerson/Maps/ThirdPersonMap/5/I5/X41IQWBHRXUQC90SGRQM29
 |- Actor Path: /Game/ThirdPerson/Maps/ThirdPersonMap.ThirdPersonMap:PersistentLevel.BP_Animation_Shift_Slow_cylinder_C_UAID_A85E45CD68D965C501_1677715009
 |- Actor Package: /Game/__ExternalActors__/ThirdPerson/Maps/ThirdPersonMap/0/G4/GFDB35QKCIZPME2PM9UTHC
 |- Actor Path: /Game/ThirdPerson/Maps/ThirdPersonMap.ThirdPersonMap:PersistentLevel.BP_Animation_Shift_Slow_cylinder_C_UAID_A85E45CD68D965C501_1752780010
 |- Actor Package: /Game/__ExternalActors__/ThirdPerson/Maps/ThirdPersonMap/6/WN/S74XK074DL8ZY4WWU756HE
 |- Actor Path: /Game/ThirdPerson/Maps/ThirdPersonMap.ThirdPersonMap:PersistentLevel.BP_Animation_Shift_Very_Slow_C_UAID_A85E45CD68D961C501_1289203267
 |- Actor Package: /Game/__ExternalActors__/ThirdPerson/Maps/ThirdPersonMap/3/3Z/AVAL8SZBKPUWCFKP697MYT
 |- Actor Path: /Game/ThirdPerson/Maps/ThirdPersonMap.ThirdPersonMap:PersistentLevel.BP_Animation_Shift_Very_Slow_C_UAID_A85E45CD68D963C501_2055635630
 |- Actor Package: /Game/__ExternalActors__/ThirdPerson/Maps/ThirdPersonMap/3/I2/KNUP4HSCRGC73Y6V133ONQ
 |- Actor Path: /Game/ThirdPerson/Maps/ThirdPersonMap.ThirdPersonMap:PersistentLevel.BP_Animation_Shift_Very_Slow_C_UAID_A85E45CD68D965C501_1102568002
 |- Actor Package: /Game/__ExternalActors__/ThirdPerson/Maps/ThirdPersonMap/4/O8/TY21GO9SZCYVN6J01BIL2M
 |- Actor Path: /Game/ThirdPerson/Maps/ThirdPersonMap.ThirdPersonMap:PersistentLevel.Brush_0
 |- Actor Package: /Game/ThirdPerson/Maps/ThirdPersonMap
 |- Actor Path: /Game/ThirdPerson/Maps/ThirdPersonMap.ThirdPersonMap:PersistentLevel.DefaultPhysicsVolume_0
 |- Actor Package: /Game/ThirdPerson/Maps/ThirdPersonMap
 |- Actor Path: /Game/ThirdPerson/Maps/ThirdPersonMap.ThirdPersonMap:PersistentLevel.DirectionalLight_0
 |- Actor Package: /Game/__ExternalActors__/ThirdPerson/Maps/ThirdPersonMap/5/R1/TS5OQ5CRUWFZYL1ZQ7I416
 |- Actor Path: /Game/ThirdPerson/Maps/ThirdPersonMap.ThirdPersonMap:PersistentLevel.ExponentialHeightFog_0
 |- Actor Package: /Game/__ExternalActors__/ThirdPerson/Maps/ThirdPersonMap/6/J7/N10XDC9G27EMLS5AGZ6AVV
 |- Actor Path: /Game/ThirdPerson/Maps/ThirdPersonMap.ThirdPersonMap:PersistentLevel.GameplayDebuggerPlayerManager_0
 |- Actor Package: /Game/ThirdPerson/Maps/ThirdPersonMap
 |- Actor Path: /Game/ThirdPerson/Maps/ThirdPersonMap.ThirdPersonMap:PersistentLevel.PlayerStart_0
 |- Actor Package: /Game/__ExternalActors__/ThirdPerson/Maps/ThirdPersonMap/D/DE/SWSI13675DVYIZ0N4NF7Y3
 |- Actor Path: /Game/ThirdPerson/Maps/ThirdPersonMap.ThirdPersonMap:PersistentLevel.PostProcessVolume_0
 |- Actor Package: /Game/__ExternalActors__/ThirdPerson/Maps/ThirdPersonMap/1/AZ/A7GPT109Y6ZTTJD4A7TXER
 |- Actor Path: /Game/ThirdPerson/Maps/ThirdPersonMap.ThirdPersonMap:PersistentLevel.SkyAtmosphere_0
 |- Actor Package: /Game/__ExternalActors__/ThirdPerson/Maps/ThirdPersonMap/4/LN/30UBDLYFFA5ZR7U4W4L4GG
 |- Actor Path: /Game/ThirdPerson/Maps/ThirdPersonMap.ThirdPersonMap:PersistentLevel.SkyLight_1
 |- Actor Package: /Game/__ExternalActors__/ThirdPerson/Maps/ThirdPersonMap/8/S1/DXUWD12MD3HRWVVXX076BY
 |- Actor Path: /Game/ThirdPerson/Maps/ThirdPersonMap.ThirdPersonMap:PersistentLevel.StaticMeshActor_UAID_A85E45CD68D933C501_1901795172
 |- Actor Package: /Game/__ExternalActors__/ThirdPerson/Maps/ThirdPersonMap/3/N9/KJFEZ1B2TTLOGO4K19O3V3
 |- Actor Path: /Game/ThirdPerson/Maps/ThirdPersonMap.ThirdPersonMap:PersistentLevel.StaticMeshActor_UAID_A85E45CD68D933C501_1977354173
 |- Actor Package: /Game/__ExternalActors__/ThirdPerson/Maps/ThirdPersonMap/9/TA/6U8W1WNIX4D9AOROAQJN3N
 |- Actor Path: /Game/ThirdPerson/Maps/ThirdPersonMap.ThirdPersonMap:PersistentLevel.StaticMeshActor_UAID_A85E45CD68D934C501_2140293352
 |- Actor Package: /Game/__ExternalActors__/ThirdPerson/Maps/ThirdPersonMap/3/IY/1H6Z5VP012AZFEMRZ5LCL1
 |- Actor Path: /Game/ThirdPerson/Maps/ThirdPersonMap.ThirdPersonMap:PersistentLevel.StaticMeshActor_UAID_A85E45CD68D94DC401_1093585691
 |- Actor Package: /Game/__ExternalActors__/ThirdPerson/Maps/ThirdPersonMap/1/FR/V87ZTIZGSC8CXX0ALIN5Q0
 |- Actor Path: /Game/ThirdPerson/Maps/ThirdPersonMap.ThirdPersonMap:PersistentLevel.StaticMeshActor_UAID_A85E45CD68D94DC401_1112331692
 |- Actor Package: /Game/__ExternalActors__/ThirdPerson/Maps/ThirdPersonMap/6/OZ/7A3H5MO44B4Y4HIAY6APJD
 |- Actor Path: /Game/ThirdPerson/Maps/ThirdPersonMap.ThirdPersonMap:PersistentLevel.StaticMeshActor_UAID_A85E45CD68D94DC401_1242958695
 |- Actor Package: /Game/__ExternalActors__/ThirdPerson/Maps/ThirdPersonMap/5/QQ/DJJ95KN7ED988LS2AI4BRO
 |- Actor Path: /Game/ThirdPerson/Maps/ThirdPersonMap.ThirdPersonMap:PersistentLevel.StaticMeshActor_UAID_A85E45CD68D94DC401_1292510696
 |- Actor Package: /Game/__ExternalActors__/ThirdPerson/Maps/ThirdPersonMap/B/U5/7HCZNOU6LJAOA4URAA5UDM
 |- Actor Path: /Game/ThirdPerson/Maps/ThirdPersonMap.ThirdPersonMap:PersistentLevel.StaticMeshActor_UAID_A85E45CD68D94EC401_1640638874
 |- Actor Package: /Game/__ExternalActors__/ThirdPerson/Maps/ThirdPersonMap/9/2V/3HUM9VLH2D3RA7ZWGEFXSZ
 |- Actor Path: /Game/ThirdPerson/Maps/ThirdPersonMap.ThirdPersonMap:PersistentLevel.StaticMeshActor_UAID_A85E45CD68D94EC401_1719815875
 |- Actor Package: /Game/__ExternalActors__/ThirdPerson/Maps/ThirdPersonMap/8/K5/SNR276KQM5DQPMESHYQGBY
 |- Actor Path: /Game/ThirdPerson/Maps/ThirdPersonMap.ThirdPersonMap:PersistentLevel.StaticMeshActor_UAID_A85E45CD68D95EC501_1793093737
 |- Actor Package: /Game/__ExternalActors__/ThirdPerson/Maps/ThirdPersonMap/9/CS/WH02IYHUYYDALXRZWRG1BE
 |- Actor Path: /Game/ThirdPerson/Maps/ThirdPersonMap.ThirdPersonMap:PersistentLevel.StaticMeshActor_UAID_A85E45CD68D961C501_1534908268
 |- Actor Package: /Game/__ExternalActors__/ThirdPerson/Maps/ThirdPersonMap/9/1I/ONFLW3PT62GY6D4Z0RVH31
 |- Actor Path: /Game/ThirdPerson/Maps/ThirdPersonMap.ThirdPersonMap:PersistentLevel.StaticMeshActor_UAID_A85E45CD68D961C501_1576234269
 |- Actor Package: /Game/__ExternalActors__/ThirdPerson/Maps/ThirdPersonMap/7/6F/3XJSVA558S4R1JFZGJ6XDT
 |- Actor Path: /Game/ThirdPerson/Maps/ThirdPersonMap.ThirdPersonMap:PersistentLevel.StaticMeshActor_UAID_A85E45CD68D963C501_1768634628
 |- Actor Package: /Game/__ExternalActors__/ThirdPerson/Maps/ThirdPersonMap/6/ID/RAKWS0SRI8THMSYZ3SZ63Q
 |- Actor Path: /Game/ThirdPerson/Maps/ThirdPersonMap.ThirdPersonMap:PersistentLevel.StaticMeshActor_UAID_A85E45CD68D964C501_1104405807
 |- Actor Package: /Game/__ExternalActors__/ThirdPerson/Maps/ThirdPersonMap/3/HH/W1V1CT27WHEPZ43UOGKR62
 |- Actor Path: /Game/ThirdPerson/Maps/ThirdPersonMap.ThirdPersonMap:PersistentLevel.StaticMeshActor_UAID_A85E45CD68D964C501_1161782808
 |- Actor Package: /Game/__ExternalActors__/ThirdPerson/Maps/ThirdPersonMap/C/0H/NF0C4W92GWVHCMW9S630S9
 |- Actor Path: /Game/ThirdPerson/Maps/ThirdPersonMap.ThirdPersonMap:PersistentLevel.StaticMeshActor_UAID_A85E45CD68D964C501_1169970809
 |- Actor Package: /Game/__ExternalActors__/ThirdPerson/Maps/ThirdPersonMap/C/KK/UGNUXIZVVG02ULMEMOSQX2
 |- Actor Path: /Game/ThirdPerson/Maps/ThirdPersonMap.ThirdPersonMap:PersistentLevel.StaticMeshActor_UAID_A85E45CD68D964C501_1178868810
 |- Actor Package: /Game/__ExternalActors__/ThirdPerson/Maps/ThirdPersonMap/A/F6/8KUAMWOFAJNHKXN8XJ9UGK
 |- Actor Path: /Game/ThirdPerson/Maps/ThirdPersonMap.ThirdPersonMap:PersistentLevel.StaticMeshActor_UAID_A85E45CD68D964C501_1184521811
 |- Actor Package: /Game/__ExternalActors__/ThirdPerson/Maps/ThirdPersonMap/C/J3/OHGLRGGNQXADTUPDC0F5GA
 |- Actor Path: /Game/ThirdPerson/Maps/ThirdPersonMap.ThirdPersonMap:PersistentLevel.StaticMeshActor_UAID_A85E45CD68D964C501_1194198812
 |- Actor Package: /Game/__ExternalActors__/ThirdPerson/Maps/ThirdPersonMap/F/3M/3YON1E6919ORARGM75SBBQ
 |- Actor Path: /Game/ThirdPerson/Maps/ThirdPersonMap.ThirdPersonMap:PersistentLevel.StaticMeshActor_UAID_A85E45CD68D964C501_1197760813
 |- Actor Package: /Game/__ExternalActors__/ThirdPerson/Maps/ThirdPersonMap/4/L6/AFCUDCXCSSBV3ZUJMNTDLO
 |- Actor Path: /Game/ThirdPerson/Maps/ThirdPersonMap.ThirdPersonMap:PersistentLevel.StaticMeshActor_UAID_A85E45CD68D964C501_1215615816
 |- Actor Package: /Game/__ExternalActors__/ThirdPerson/Maps/ThirdPersonMap/7/7F/IOFHQNDSF6IEA4RIK3Y8MT
 |- Actor Path: /Game/ThirdPerson/Maps/ThirdPersonMap.ThirdPersonMap:PersistentLevel.StaticMeshActor_UAID_A85E45CD68D964C501_1222948817
 |- Actor Package: /Game/__ExternalActors__/ThirdPerson/Maps/ThirdPersonMap/1/P6/9FI8UI404QH3H04OT9ILNG
 |- Actor Path: /Game/ThirdPerson/Maps/ThirdPersonMap.ThirdPersonMap:PersistentLevel.StaticMeshActor_UAID_A85E45CD68D964C501_1228218818
 |- Actor Package: /Game/__ExternalActors__/ThirdPerson/Maps/ThirdPersonMap/2/2A/E2BJLBK1U19AFLT1NGB0J3
 |- Actor Path: /Game/ThirdPerson/Maps/ThirdPersonMap.ThirdPersonMap:PersistentLevel.StaticMeshActor_UAID_A85E45CD68D964C501_1820411819
 |- Actor Package: /Game/__ExternalActors__/ThirdPerson/Maps/ThirdPersonMap/C/IS/10JQ30ME5BGI7KJIDE0GHT
 |- Actor Path: /Game/ThirdPerson/Maps/ThirdPersonMap.ThirdPersonMap:PersistentLevel.StaticMeshActor_UAID_A85E45CD68D964C501_1824957821
 |- Actor Package: /Game/__ExternalActors__/ThirdPerson/Maps/ThirdPersonMap/A/FE/DXM3MM9RFTOYMRIGO02DG8
 |- Actor Path: /Game/ThirdPerson/Maps/ThirdPersonMap.ThirdPersonMap:PersistentLevel.StaticMeshActor_UAID_A85E45CD68D964C501_1953646822
 |- Actor Package: /Game/__ExternalActors__/ThirdPerson/Maps/ThirdPersonMap/8/HN/Q6MR764ZR63ZJQFFGFU929
 |- Actor Path: /Game/ThirdPerson/Maps/ThirdPersonMap.ThirdPersonMap:PersistentLevel.StaticMeshActor_UAID_A85E45CD68D964C501_1959495823
 |- Actor Package: /Game/__ExternalActors__/ThirdPerson/Maps/ThirdPersonMap/D/DS/2GADOSZTD0F5B9GR89R5XU
 |- Actor Path: /Game/ThirdPerson/Maps/ThirdPersonMap.ThirdPersonMap:PersistentLevel.StaticMeshActor_UAID_A85E45CD68D964C501_1966858824
 |- Actor Package: /Game/__ExternalActors__/ThirdPerson/Maps/ThirdPersonMap/E/C8/8URB2P5NC2A6Z2M5Z9CG7E
 |- Actor Path: /Game/ThirdPerson/Maps/ThirdPersonMap.ThirdPersonMap:PersistentLevel.StaticMeshActor_UAID_A85E45CD68D964C501_2046829825
 |- Actor Package: /Game/__ExternalActors__/ThirdPerson/Maps/ThirdPersonMap/3/8Z/F1PIAT6LKNILJNZXY15LBM
 |- Actor Path: /Game/ThirdPerson/Maps/ThirdPersonMap.ThirdPersonMap:PersistentLevel.StaticMeshActor_UAID_A85E45CD68D973C401_1568276381
 |- Actor Package: /Game/__ExternalActors__/ThirdPerson/Maps/ThirdPersonMap/D/1G/FJY9MHHN3WAFYVYDQRPBCE
 |- Actor Path: /Game/ThirdPerson/Maps/ThirdPersonMap.ThirdPersonMap:PersistentLevel.StaticMeshActor_UAID_A85E45CD68D9EDC401_1144923903
 |- Actor Package: /Game/__ExternalActors__/ThirdPerson/Maps/ThirdPersonMap/8/O3/Z9MOIB85N5097WQKSBXPUC
 |- Actor Path: /Game/ThirdPerson/Maps/ThirdPersonMap.ThirdPersonMap:PersistentLevel.ThirdPersonMap_C_1
 |- Actor Package: /Game/ThirdPerson/Maps/ThirdPersonMap
 |- Actor Path: /Game/ThirdPerson/Maps/ThirdPersonMap.ThirdPersonMap:PersistentLevel.VolumetricCloud_0
 |- Actor Package: /Game/__ExternalActors__/ThirdPerson/Maps/ThirdPersonMap/3/EY/87SHEJN5UBEAN2K5OV1G6R
 |- Actor Path: /Game/ThirdPerson/Maps/ThirdPersonMap.ThirdPersonMap:PersistentLevel.WorldDataLayers
 |- Actor Package: /Game/__ExternalActors__/ThirdPerson/Maps/ThirdPersonMap/0/43/HYQWORMY4JDQ5X3OKZXFLC
 |- Actor Path: /Game/ThirdPerson/Maps/ThirdPersonMap.ThirdPersonMap:PersistentLevel.WorldInfo_0
 |- Actor Package: /Game/ThirdPerson/Maps/ThirdPersonMap
 |- Actor Path: /Game/ThirdPerson/Maps/ThirdPersonMap.ThirdPersonMap:PersistentLevel.WorldPartitionMiniMap_0
 |- Actor Package: /Game/__ExternalActors__/ThirdPerson/Maps/ThirdPersonMap/E/FR/LBG6LPN5JCL3FMVSI2CK6R

----------------------------------------------------------------------------------------------------------------
ThirdPersonMap - Runtime Spatial Hash - Streaming Grid - MainGrid
----------------------------------------------------------------------------------------------------------------
            Origin: X=0.000 Y=0.000 Z=0.000
         Cell Size: 12800
      World Bounds: IsValid=false, Min=(X=0.000 Y=0.000 Z=0.000), Max=(X=0.000 Y=0.000 Z=0.000)
     Loading Range: 25600.00
Block Slow Loading: No
 ClientOnlyVisible: No
            Origin: X=0.000 Y=0.000 Z=0.000

[+] Grid Levels: 1
 |- Level  0: Cell Count    0 | Cell Size   12800 | Actor Count    0 (0.0%)

[+] Content of Grid Level 0

