[+] Containers:
 |- [+] Container: /Game/ThirdPerson/Maps/ThirdPersonMap
 |   |- [+] ActorDescs:
 |   |   |- Guid:0C1C21BB4F9D5A4E96534587D86C7435 BaseClass: NativeClass:/Script/Engine.BlockingVolume Name:BlockingVolume_UAID_A85E45CD68D92BC501_1170193759 Label:BlockingVolume SpatiallyLoaded:1 Bounds:IsValid=true, Min=(X=-2250.000 Y=1100.000 Z=0.000), Max=(X=2750.000 Y=1100.000 Z=5000.000) RuntimeGrid:None EditorOnly:0 RuntimeOnly:0 HLODRelevant:0 ListedInSceneOutliner:1 IsMainWorldOnly:0
 |   |   |- Guid:0E1C043D42B3CBFCB7E34A81E579A2C0 BaseClass: NativeClass:/Script/Engine.StaticMeshActor Name:StaticMeshActor_UAID_A85E45CD68D94DC401_1093585691 Label:Finish_Line_base SpatiallyLoaded:1 Bounds:IsValid=true, Min=(X=2478.240 Y=822.809 Z=4956.261), Max=(X=2703.240 Y=1672.809 Z=5006.261) RuntimeGrid:None EditorOnly:0 RuntimeOnly:0 HLODRelevant:0 ListedInSceneOutliner:1 IsMainWorldOnly:0 FolderPath:Playground/FinishLine FolderGuid:C0151C334B8D011FCFFB4CB56240D47D
 |   |   |- Guid:1D0D98CD47B14F39059378BC6EDBBD54 BaseClass: NativeClass:/Script/Engine.StaticMeshActor Name:StaticMeshActor_UAID_A85E45CD68D961C501_1534908268 Label:Shape_Cube SpatiallyLoaded:1 Bounds:IsValid=true, Min=(X=350.000 Y=770.000 Z=1600.000), Max=(X=450.000 Y=1270.000 Z=3075.000) RuntimeGrid:None EditorOnly:0 RuntimeOnly:0 HLODRelevant:1 ListedInSceneOutliner:1 IsMainWorldOnly:0
 |   |   |- Guid:1D21AB2548C08D6FD4D1A4BF7716174D BaseClass: NativeClass:/Script/Engine.BlockingVolume Name:BlockingVolume_UAID_A85E45CD68D92BC501_1204643760 Label:BlockingVolume2 SpatiallyLoaded:1 Bounds:IsValid=true, Min=(X=-2250.000 Y=1000.000 Z=0.000), Max=(X=2750.000 Y=1000.000 Z=5000.000) RuntimeGrid:None EditorOnly:0 RuntimeOnly:0 HLODRelevant:0 ListedInSceneOutliner:1 IsMainWorldOnly:0
 |   |   |- Guid:1E01196843BB7163F6FFC0AC52E88B25 BaseClass: NativeClass:/Script/Engine.StaticMeshActor Name:StaticMeshActor_UAID_A85E45CD68D94DC401_1242958695 Label:Finish_Line_Pole_R SpatiallyLoaded:1 Bounds:IsValid=true, Min=(X=2569.691 Y=1646.790 Z=5010.000), Max=(X=2594.691 Y=1671.790 Z=5610.000) RuntimeGrid:None EditorOnly:0 RuntimeOnly:0 HLODRelevant:0 ListedInSceneOutliner:1 IsMainWorldOnly:0 FolderPath:Playground/FinishLine FolderGuid:C0151C334B8D011FCFFB4CB56240D47D
 |   |   |- Guid:2FB58999456391D349DC0F86DAC136ED BaseClass: NativeClass:/Script/Engine.SkyLight Name:SkyLight_1 Label:SkyLight SpatiallyLoaded:0 Bounds:IsValid=true, Min=(X=0.000 Y=0.000 Z=690.000), Max=(X=0.000 Y=0.000 Z=690.000) RuntimeGrid:None EditorOnly:0 RuntimeOnly:0 HLODRelevant:0 ListedInSceneOutliner:1 IsMainWorldOnly:0 FolderPath:Lighting FolderGuid:963EC3EB4002CCE9759E2EBA541A873A
 |   |   |- Guid:316CF2A6494ACA4C0E4180A87D36AB8F BaseClass: NativeClass:/Script/Engine.ExponentialHeightFog Name:ExponentialHeightFog_0 Label:ExponentialHeightFog SpatiallyLoaded:0 Bounds:IsValid=true, Min=(X=-5600.000 Y=-50.000 Z=-6850.000), Max=(X=-5600.000 Y=-50.000 Z=-6850.000) RuntimeGrid:None EditorOnly:0 RuntimeOnly:0 HLODRelevant:0 ListedInSceneOutliner:1 IsMainWorldOnly:0 FolderPath:Lighting FolderGuid:963EC3EB4002CCE9759E2EBA541A873A
 |   |   |- Guid:3492005C48D697B39A32EAB198E77766 BaseClass: NativeClass:/Script/Engine.StaticMeshActor Name:StaticMeshActor_UAID_A85E45CD68D973C401_1568276381 Label:Start_Platform SpatiallyLoaded:1 Bounds:IsValid=true, Min=(X=-2000.000 Y=1000.000 Z=-400.000), Max=(X=2000.000 Y=1125.000 Z=-50.000) RuntimeGrid:None EditorOnly:0 RuntimeOnly:0 HLODRelevant:1 ListedInSceneOutliner:1 IsMainWorldOnly:0 FolderPath:Playground FolderGuid:C73F09FC4215536B1DCE2A9E0A830C70
 |   |   |- Guid:3683D16F4EC43B1E18A06BA856D2CD18 BaseClass: NativeClass:/Script/Engine.StaticMeshActor Name:StaticMeshActor_UAID_A85E45CD68D94EC401_1719815875 Label:Finish_Line_Banner SpatiallyLoaded:1 Bounds:IsValid=true, Min=(X=2562.191 Y=824.290 Z=5407.500), Max=(X=2562.191 Y=1674.290 Z=5632.500) RuntimeGrid:None EditorOnly:0 RuntimeOnly:0 HLODRelevant:1 ListedInSceneOutliner:1 IsMainWorldOnly:0 FolderPath:Playground/FinishLine FolderGuid:C0151C334B8D011FCFFB4CB56240D47D
 |   |   |- Guid:3A00AA1C422CE54C0BDB60BAF471BFBB BaseClass: NativeClass:/Script/Engine.PlayerStart Name:PlayerStart_0 Label:PlayerStart SpatiallyLoaded:0 Bounds:IsValid=true, Min=(X=1023.126 Y=968.634 Z=-165.993), Max=(X=1183.126 Y=1128.634 Z=202.007) RuntimeGrid:None EditorOnly:0 RuntimeOnly:0 HLODRelevant:0 ListedInSceneOutliner:1 IsMainWorldOnly:0 FolderPath:Playground/Game_Mechanics FolderGuid:3575484D48692121665E68B078F41F18
 |   |   |- Guid:4D3BE93F4146AAAC8BBE79999D96D57F BaseClass: NativeClass:/Script/Engine.VolumetricCloud Name:VolumetricCloud_0 Label:VolumetricCloud SpatiallyLoaded:0 Bounds:IsValid=true, Min=(X=0.000 Y=0.000 Z=820.000), Max=(X=0.000 Y=0.000 Z=820.000) RuntimeGrid:None EditorOnly:0 RuntimeOnly:0 HLODRelevant:0 ListedInSceneOutliner:1 IsMainWorldOnly:0 FolderPath:Lighting FolderGuid:963EC3EB4002CCE9759E2EBA541A873A
 |   |   |- Guid:569887F240E2A2B93312B994B9DD7CD0 BaseClass:/Game/LevelPrototyping/Animations/BP_Animations/Shift/BP_Animation_Shift_Slow_cylinder.BP_Animation_Shift_Slow_cylinder_C NativeClass:/Script/Engine.Actor Name:BP_Animation_Shift_Slow_cylinder_C_UAID_A85E45CD68D961C501_1675621272 Label:BP_Animation_Shift_Slow_cylinder3 SpatiallyLoaded:1 Bounds:IsValid=true, Min=(X=900.000 Y=875.000 Z=1300.000), Max=(X=1100.000 Y=1125.000 Z=1310.000) RuntimeGrid:None EditorOnly:0 RuntimeOnly:0 HLODRelevant:0 ListedInSceneOutliner:1 IsMainWorldOnly:0
 |   |   |- Guid:5A03042E4069743B57C3A582B4ABBAD7 BaseClass: NativeClass:/Script/Engine.StaticMeshActor Name:StaticMeshActor_UAID_A85E45CD68D94EC401_1640638874 Label:Finish_Line_Floor SpatiallyLoaded:1 Bounds:IsValid=true, Min=(X=2479.691 Y=824.290 Z=5010.000), Max=(X=2704.691 Y=1674.290 Z=5010.000) RuntimeGrid:None EditorOnly:0 RuntimeOnly:0 HLODRelevant:1 ListedInSceneOutliner:1 IsMainWorldOnly:0 FolderPath:Playground/FinishLine FolderGuid:C0151C334B8D011FCFFB4CB56240D47D
 |   |   |- Guid:6430FA1B46487A3EFA2DA9803469042B BaseClass:/Game/LevelPrototyping/Animations/BP_Animations/Shift/BP_Animation_Shift_Very_Slow.BP_Animation_Shift_Very_Slow_C NativeClass:/Script/Engine.Actor Name:BP_Animation_Shift_Very_Slow_C_UAID_A85E45CD68D961C501_1289203267 Label:BP_Animation_Shift_Very_Slow SpatiallyLoaded:1 Bounds:IsValid=true, Min=(X=1600.000 Y=875.000 Z=1000.000), Max=(X=1800.000 Y=1125.000 Z=1010.000) RuntimeGrid:None EditorOnly:0 RuntimeOnly:0 HLODRelevant:0 ListedInSceneOutliner:1 IsMainWorldOnly:0
 |   |   |- Guid:6BAF4DDD444C60371492D3919DB42C97 BaseClass: NativeClass:/Script/Engine.WorldDataLayers Name:WorldDataLayers Label:WorldDataLayers SpatiallyLoaded:0 Bounds:IsValid=true, Min=(X=0.000 Y=0.000 Z=0.000), Max=(X=0.000 Y=0.000 Z=0.000) RuntimeGrid:None EditorOnly:0 RuntimeOnly:0 HLODRelevant:0 ListedInSceneOutliner:1 IsMainWorldOnly:1 FolderPath:World FolderGuid:8C3ED81C4036AB0E86233D92BA4F0FDD
 |   |   |- Guid:6D2B7933499D7D9778C4B094382D72C7 BaseClass: NativeClass:/Script/Engine.StaticMeshActor Name:StaticMeshActor_UAID_A85E45CD68D94DC401_1112331692 Label:Finish_Line_End SpatiallyLoaded:1 Bounds:IsValid=true, Min=(X=2478.240 Y=822.809 Z=4256.261), Max=(X=4228.240 Y=1672.809 Z=5006.261) RuntimeGrid:None EditorOnly:0 RuntimeOnly:0 HLODRelevant:0 ListedInSceneOutliner:1 IsMainWorldOnly:0 FolderPath:Playground/FinishLine FolderGuid:C0151C334B8D011FCFFB4CB56240D47D
 |   |   |- Guid:80932FD64934A64F845ECABFA8C899C4 BaseClass: NativeClass:/Script/Engine.StaticMeshActor Name:StaticMeshActor_UAID_A85E45CD68D94DC401_1292510696 Label:Finish_Line_Pole_L SpatiallyLoaded:1 Bounds:IsValid=true, Min=(X=2569.691 Y=826.790 Z=5010.000), Max=(X=2594.691 Y=851.790 Z=5610.000) RuntimeGrid:None EditorOnly:0 RuntimeOnly:0 HLODRelevant:0 ListedInSceneOutliner:1 IsMainWorldOnly:0 FolderPath:Playground/FinishLine FolderGuid:C0151C334B8D011FCFFB4CB56240D47D
 |   |   |- Guid:815869F64480EB9152A1F8922D588758 BaseClass: NativeClass:/Script/Engine.StaticMeshActor Name:StaticMeshActor_UAID_A85E45CD68D95EC501_1793093737 Label:Shape_Wedge_B SpatiallyLoaded:1 Bounds:IsValid=true, Min=(X=-2000.000 Y=750.000 Z=1950.000), Max=(X=0.000 Y=1250.000 Z=2050.000) RuntimeGrid:None EditorOnly:0 RuntimeOnly:0 HLODRelevant:1 ListedInSceneOutliner:1 IsMainWorldOnly:0
 |   |   |- Guid:85F654F0478E5773A7AB539ABB877B65 BaseClass:/Game/LevelPrototyping/Animations/BP_Animations/Shift/BP_Animation_Shift_Slow_cylinder.BP_Animation_Shift_Slow_cylinder_C NativeClass:/Script/Engine.Actor Name:BP_Animation_Shift_Slow_cylinder_C_UAID_A85E45CD68D95DC501_1759479560 Label:BP_Animation_Shift_Slow_cylinder SpatiallyLoaded:1 Bounds:IsValid=true, Min=(X=300.000 Y=875.000 Z=500.000), Max=(X=500.000 Y=1125.000 Z=510.000) RuntimeGrid:None EditorOnly:0 RuntimeOnly:0 HLODRelevant:0 ListedInSceneOutliner:1 IsMainWorldOnly:0
 |   |   |- Guid:8B79977F402A9D70547BA19E8B0282B1 BaseClass: NativeClass:/Script/Engine.StaticMeshActor Name:StaticMeshActor_UAID_A85E45CD68D934C501_2140293352 Label:Plane SpatiallyLoaded:1 Bounds:IsValid=true, Min=(X=-3962.500 Y=975.000 Z=-1875.000), Max=(X=3962.500 Y=975.000 Z=6875.000) RuntimeGrid:None EditorOnly:0 RuntimeOnly:0 HLODRelevant:1 ListedInSceneOutliner:1 IsMainWorldOnly:0
 |   |   |- Guid:925348E54E6B07CB209E73A7CABA1BF0 BaseClass: NativeClass:/Script/Engine.StaticMeshActor Name:StaticMeshActor_UAID_A85E45CD68D9EDC401_1144923903 Label:StaticMeshActor SpatiallyLoaded:1 Bounds:IsValid=true, Min=(X=8120.000 Y=1530.000 Z=910.000), Max=(X=8120.000 Y=1530.000 Z=910.000) RuntimeGrid:None EditorOnly:0 RuntimeOnly:0 HLODRelevant:0 ListedInSceneOutliner:1 IsMainWorldOnly:0
 |   |   |- Guid:9AAAC0BF4A9DF3FF07F8F89CA207852F BaseClass:/Game/LevelPrototyping/Animations/BP_Animations/Shift/BP_Animation_Shift_Slow_cylinder.BP_Animation_Shift_Slow_cylinder_C NativeClass:/Script/Engine.Actor Name:BP_Animation_Shift_Slow_cylinder_C_UAID_A85E45CD68D95FC501_1133678914 Label:BP_Animation_Shift_Slow_cylinder2 SpatiallyLoaded:1 Bounds:IsValid=true, Min=(X=900.000 Y=875.000 Z=700.000), Max=(X=1100.000 Y=1125.000 Z=710.000) RuntimeGrid:None EditorOnly:0 RuntimeOnly:0 HLODRelevant:0 ListedInSceneOutliner:1 IsMainWorldOnly:0
 |   |   |- Guid:9ED042344F68B043B89B7DB2502B69DB BaseClass:/Game/LevelPrototyping/Animations/BP_Animations/Shift/BP_Animation_Shift_Very_Slow.BP_Animation_Shift_Very_Slow_C NativeClass:/Script/Engine.Actor Name:BP_Animation_Shift_Very_Slow_C_UAID_A85E45CD68D961C501_1631813270 Label:BP_Animation_Shift_Very_Slow2 SpatiallyLoaded:1 Bounds:IsValid=true, Min=(X=1320.000 Y=875.000 Z=1710.000), Max=(X=1520.000 Y=1125.000 Z=1720.000) RuntimeGrid:None EditorOnly:0 RuntimeOnly:0 HLODRelevant:0 ListedInSceneOutliner:1 IsMainWorldOnly:0
 |   |   |- Guid:9F66D2E944C7C0A4D746F4A445AD5F09 BaseClass: NativeClass:/Script/Engine.StaticMeshActor Name:StaticMeshActor_UAID_A85E45CD68D933C501_1901795172 Label:Shape_Pipe SpatiallyLoaded:1 Bounds:IsValid=true, Min=(X=-2090.000 Y=1010.000 Z=-457.500), Max=(X=-1910.000 Y=1190.000 Z=5017.500) RuntimeGrid:None EditorOnly:0 RuntimeOnly:0 HLODRelevant:1 ListedInSceneOutliner:1 IsMainWorldOnly:0
 |   |   |- Guid:A0FE898144DE103DFD64B7AF0E9A4655 BaseClass:/Game/LevelPrototyping/Animations/BP_Animations/Shift/BP_Animation_Shift_Fast_cylinder.BP_Animation_Shift_Fast_cylinder_C NativeClass:/Script/Engine.Actor Name:BP_Animation_Shift_Fast_cylinder_C_UAID_A85E45CD68D95DC501_1441955559 Label:BP_Animation_Shift_Fast_cylinder SpatiallyLoaded:1 Bounds:IsValid=true, Min=(X=-100.000 Y=875.000 Z=200.000), Max=(X=100.000 Y=1125.000 Z=210.000) RuntimeGrid:None EditorOnly:0 RuntimeOnly:0 HLODRelevant:0 ListedInSceneOutliner:1 IsMainWorldOnly:0
 |   |   |- Guid:B6074BFB4A0A84540866DA9EA4AD263C BaseClass: NativeClass:/Script/Engine.StaticMeshActor Name:StaticMeshActor_UAID_A85E45CD68D961C501_1576234269 Label:Shape_Cube2 SpatiallyLoaded:1 Bounds:IsValid=true, Min=(X=1215.000 Y=780.000 Z=1500.000), Max=(X=1265.000 Y=1280.000 Z=2325.000) RuntimeGrid:None EditorOnly:0 RuntimeOnly:0 HLODRelevant:1 ListedInSceneOutliner:1 IsMainWorldOnly:0
 |   |   |- Guid:B785ED2844B84CFB91E7F39FE661CD99 BaseClass: NativeClass:/Script/Engine.DirectionalLight Name:DirectionalLight_0 Label:DirectionalLight SpatiallyLoaded:0 Bounds:IsValid=true, Min=(X=-4398046511104.000 Y=-4398046511104.000 Z=-4398046511104.000), Max=(X=4398046511104.000 Y=4398046511104.000 Z=4398046511104.000) RuntimeGrid:None EditorOnly:0 RuntimeOnly:0 HLODRelevant:0 ListedInSceneOutliner:1 IsMainWorldOnly:0 FolderPath:Lighting FolderGuid:963EC3EB4002CCE9759E2EBA541A873A
 |   |   |- Guid:CCFF262C46EEFFDF319E7F9539CE697E BaseClass: NativeClass:/Script/Engine.SkyAtmosphere Name:SkyAtmosphere_0 Label:SkyAtmosphere SpatiallyLoaded:0 Bounds:IsValid=true, Min=(X=0.000 Y=0.000 Z=1020.000), Max=(X=0.000 Y=0.000 Z=1020.000) RuntimeGrid:None EditorOnly:0 RuntimeOnly:0 HLODRelevant:0 ListedInSceneOutliner:1 IsMainWorldOnly:0 FolderPath:Lighting FolderGuid:963EC3EB4002CCE9759E2EBA541A873A
 |   |   |- Guid:CFD636F041B837BB47C53397F55A3E93 BaseClass:/Game/LevelPrototyping/Animations/BP_Animations/Shift/BP_Animation_Shift_Very_Slow.BP_Animation_Shift_Very_Slow_C NativeClass:/Script/Engine.Actor Name:BP_Animation_Shift_Very_Slow_C_UAID_A85E45CD68D961C501_1660866271 Label:BP_Animation_Shift_Very_Slow3 SpatiallyLoaded:1 Bounds:IsValid=true, Min=(X=480.000 Y=875.000 Z=1710.000), Max=(X=680.000 Y=1125.000 Z=1720.000) RuntimeGrid:None EditorOnly:0 RuntimeOnly:0 HLODRelevant:0 ListedInSceneOutliner:1 IsMainWorldOnly:0
 |   |   |- Guid:DE2E754A4B98F44AE5E5AE98CC45CC9B BaseClass:/Game/LevelPrototyping/Animations/BP_Animations/Shift/BP_Animation_Shift_Slow_cylinder.BP_Animation_Shift_Slow_cylinder_C NativeClass:/Script/Engine.Actor Name:BP_Animation_Shift_Slow_cylinder_C_UAID_A85E45CD68D961C501_1773741274 Label:BP_Animation_Shift_Slow_cylinder4 SpatiallyLoaded:1 Bounds:IsValid=true, Min=(X=-450.000 Y=875.000 Z=1760.000), Max=(X=-250.000 Y=1125.000 Z=1770.000) RuntimeGrid:None EditorOnly:0 RuntimeOnly:0 HLODRelevant:0 ListedInSceneOutliner:1 IsMainWorldOnly:0
 |   |   |- Guid:F043BA8B478A06F20643F38C76D14317 BaseClass: NativeClass:/Script/Engine.StaticMeshActor Name:StaticMeshActor_UAID_A85E45CD68D933C501_1977354173 Label:Shape_Pipe2 SpatiallyLoaded:1 Bounds:IsValid=true, Min=(X=1910.000 Y=1010.000 Z=-457.500), Max=(X=2090.000 Y=1190.000 Z=5017.500) RuntimeGrid:None EditorOnly:0 RuntimeOnly:0 HLODRelevant:1 ListedInSceneOutliner:1 IsMainWorldOnly:0
 |   |   |- Guid:F5E3FEB3450C49844FD93DA8E083C8AD BaseClass: NativeClass:/Script/Engine.PostProcessVolume Name:PostProcessVolume_0 Label:PostProcessVolume SpatiallyLoaded:0 Bounds:IsValid=true, Min=(X=0.000 Y=0.000 Z=400.000), Max=(X=200.000 Y=200.000 Z=600.000) RuntimeGrid:None EditorOnly:0 RuntimeOnly:0 HLODRelevant:0 ListedInSceneOutliner:1 IsMainWorldOnly:0 FolderPath:Lighting FolderGuid:963EC3EB4002CCE9759E2EBA541A873A
 |   |   |- Guid:FCA212204FF5F02D38ED9E9A4A02433B BaseClass:/Game/LevelPrototyping/Animations/BP_Animations/Shift/BP_Animation_Shift_Very_Slow.BP_Animation_Shift_Very_Slow_C NativeClass:/Script/Engine.Actor Name:BP_Animation_Shift_Very_Slow_C_UAID_A85E45CD68D961C501_1756274273 Label:BP_Animation_Shift_Very_Slow4 SpatiallyLoaded:1 Bounds:IsValid=true, Min=(X=990.000 Y=875.000 Z=2120.000), Max=(X=1190.000 Y=1125.000 Z=2130.000) RuntimeGrid:None EditorOnly:0 RuntimeOnly:0 HLODRelevant:0 ListedInSceneOutliner:1 IsMainWorldOnly:0
 |   |- [+] Clusters:
 |   |   |- [+] [  0]
 |   |   |   |- Guid:0C1C21BB4F9D5A4E96534587D86C7435 BaseClass: NativeClass:/Script/Engine.BlockingVolume Name:BlockingVolume_UAID_A85E45CD68D92BC501_1170193759 Label:BlockingVolume SpatiallyLoaded:1 Bounds:IsValid=true, Min=(X=-2250.000 Y=1100.000 Z=0.000), Max=(X=2750.000 Y=1100.000 Z=5000.000) RuntimeGrid:None EditorOnly:0 RuntimeOnly:0 HLODRelevant:0 ListedInSceneOutliner:1 IsMainWorldOnly:0
 |   |   |- [+] [  1]
 |   |   |   |- Guid:0E1C043D42B3CBFCB7E34A81E579A2C0 BaseClass: NativeClass:/Script/Engine.StaticMeshActor Name:StaticMeshActor_UAID_A85E45CD68D94DC401_1093585691 Label:Finish_Line_base SpatiallyLoaded:1 Bounds:IsValid=true, Min=(X=2478.240 Y=822.809 Z=4956.261), Max=(X=2703.240 Y=1672.809 Z=5006.261) RuntimeGrid:None EditorOnly:0 RuntimeOnly:0 HLODRelevant:0 ListedInSceneOutliner:1 IsMainWorldOnly:0 FolderPath:Playground/FinishLine FolderGuid:C0151C334B8D011FCFFB4CB56240D47D
 |   |   |- [+] [  2]
 |   |   |   |- Guid:1D0D98CD47B14F39059378BC6EDBBD54 BaseClass: NativeClass:/Script/Engine.StaticMeshActor Name:StaticMeshActor_UAID_A85E45CD68D961C501_1534908268 Label:Shape_Cube SpatiallyLoaded:1 Bounds:IsValid=true, Min=(X=350.000 Y=770.000 Z=1600.000), Max=(X=450.000 Y=1270.000 Z=3075.000) RuntimeGrid:None EditorOnly:0 RuntimeOnly:0 HLODRelevant:1 ListedInSceneOutliner:1 IsMainWorldOnly:0
 |   |   |- [+] [  3]
 |   |   |   |- Guid:1D21AB2548C08D6FD4D1A4BF7716174D BaseClass: NativeClass:/Script/Engine.BlockingVolume Name:BlockingVolume_UAID_A85E45CD68D92BC501_1204643760 Label:BlockingVolume2 SpatiallyLoaded:1 Bounds:IsValid=true, Min=(X=-2250.000 Y=1000.000 Z=0.000), Max=(X=2750.000 Y=1000.000 Z=5000.000) RuntimeGrid:None EditorOnly:0 RuntimeOnly:0 HLODRelevant:0 ListedInSceneOutliner:1 IsMainWorldOnly:0
 |   |   |- [+] [  4]
 |   |   |   |- Guid:1E01196843BB7163F6FFC0AC52E88B25 BaseClass: NativeClass:/Script/Engine.StaticMeshActor Name:StaticMeshActor_UAID_A85E45CD68D94DC401_1242958695 Label:Finish_Line_Pole_R SpatiallyLoaded:1 Bounds:IsValid=true, Min=(X=2569.691 Y=1646.790 Z=5010.000), Max=(X=2594.691 Y=1671.790 Z=5610.000) RuntimeGrid:None EditorOnly:0 RuntimeOnly:0 HLODRelevant:0 ListedInSceneOutliner:1 IsMainWorldOnly:0 FolderPath:Playground/FinishLine FolderGuid:C0151C334B8D011FCFFB4CB56240D47D
 |   |   |- [+] [  5]
 |   |   |   |- Guid:2FB58999456391D349DC0F86DAC136ED BaseClass: NativeClass:/Script/Engine.SkyLight Name:SkyLight_1 Label:SkyLight SpatiallyLoaded:0 Bounds:IsValid=true, Min=(X=0.000 Y=0.000 Z=690.000), Max=(X=0.000 Y=0.000 Z=690.000) RuntimeGrid:None EditorOnly:0 RuntimeOnly:0 HLODRelevant:0 ListedInSceneOutliner:1 IsMainWorldOnly:0 FolderPath:Lighting FolderGuid:963EC3EB4002CCE9759E2EBA541A873A
 |   |   |- [+] [  6]
 |   |   |   |- Guid:316CF2A6494ACA4C0E4180A87D36AB8F BaseClass: NativeClass:/Script/Engine.ExponentialHeightFog Name:ExponentialHeightFog_0 Label:ExponentialHeightFog SpatiallyLoaded:0 Bounds:IsValid=true, Min=(X=-5600.000 Y=-50.000 Z=-6850.000), Max=(X=-5600.000 Y=-50.000 Z=-6850.000) RuntimeGrid:None EditorOnly:0 RuntimeOnly:0 HLODRelevant:0 ListedInSceneOutliner:1 IsMainWorldOnly:0 FolderPath:Lighting FolderGuid:963EC3EB4002CCE9759E2EBA541A873A
 |   |   |- [+] [  7]
 |   |   |   |- Guid:3492005C48D697B39A32EAB198E77766 BaseClass: NativeClass:/Script/Engine.StaticMeshActor Name:StaticMeshActor_UAID_A85E45CD68D973C401_1568276381 Label:Start_Platform SpatiallyLoaded:1 Bounds:IsValid=true, Min=(X=-2000.000 Y=1000.000 Z=-400.000), Max=(X=2000.000 Y=1125.000 Z=-50.000) RuntimeGrid:None EditorOnly:0 RuntimeOnly:0 HLODRelevant:1 ListedInSceneOutliner:1 IsMainWorldOnly:0 FolderPath:Playground FolderGuid:C73F09FC4215536B1DCE2A9E0A830C70
 |   |   |- [+] [  8]
 |   |   |   |- Guid:3683D16F4EC43B1E18A06BA856D2CD18 BaseClass: NativeClass:/Script/Engine.StaticMeshActor Name:StaticMeshActor_UAID_A85E45CD68D94EC401_1719815875 Label:Finish_Line_Banner SpatiallyLoaded:1 Bounds:IsValid=true, Min=(X=2562.191 Y=824.290 Z=5407.500), Max=(X=2562.191 Y=1674.290 Z=5632.500) RuntimeGrid:None EditorOnly:0 RuntimeOnly:0 HLODRelevant:1 ListedInSceneOutliner:1 IsMainWorldOnly:0 FolderPath:Playground/FinishLine FolderGuid:C0151C334B8D011FCFFB4CB56240D47D
 |   |   |- [+] [  9]
 |   |   |   |- Guid:3A00AA1C422CE54C0BDB60BAF471BFBB BaseClass: NativeClass:/Script/Engine.PlayerStart Name:PlayerStart_0 Label:PlayerStart SpatiallyLoaded:0 Bounds:IsValid=true, Min=(X=1023.126 Y=968.634 Z=-165.993), Max=(X=1183.126 Y=1128.634 Z=202.007) RuntimeGrid:None EditorOnly:0 RuntimeOnly:0 HLODRelevant:0 ListedInSceneOutliner:1 IsMainWorldOnly:0 FolderPath:Playground/Game_Mechanics FolderGuid:3575484D48692121665E68B078F41F18
 |   |   |- [+] [ 10]
 |   |   |   |- Guid:4D3BE93F4146AAAC8BBE79999D96D57F BaseClass: NativeClass:/Script/Engine.VolumetricCloud Name:VolumetricCloud_0 Label:VolumetricCloud SpatiallyLoaded:0 Bounds:IsValid=true, Min=(X=0.000 Y=0.000 Z=820.000), Max=(X=0.000 Y=0.000 Z=820.000) RuntimeGrid:None EditorOnly:0 RuntimeOnly:0 HLODRelevant:0 ListedInSceneOutliner:1 IsMainWorldOnly:0 FolderPath:Lighting FolderGuid:963EC3EB4002CCE9759E2EBA541A873A
 |   |   |- [+] [ 11]
 |   |   |   |- Guid:569887F240E2A2B93312B994B9DD7CD0 BaseClass:/Game/LevelPrototyping/Animations/BP_Animations/Shift/BP_Animation_Shift_Slow_cylinder.BP_Animation_Shift_Slow_cylinder_C NativeClass:/Script/Engine.Actor Name:BP_Animation_Shift_Slow_cylinder_C_UAID_A85E45CD68D961C501_1675621272 Label:BP_Animation_Shift_Slow_cylinder3 SpatiallyLoaded:1 Bounds:IsValid=true, Min=(X=900.000 Y=875.000 Z=1300.000), Max=(X=1100.000 Y=1125.000 Z=1310.000) RuntimeGrid:None EditorOnly:0 RuntimeOnly:0 HLODRelevant:0 ListedInSceneOutliner:1 IsMainWorldOnly:0
 |   |   |- [+] [ 12]
 |   |   |   |- Guid:5A03042E4069743B57C3A582B4ABBAD7 BaseClass: NativeClass:/Script/Engine.StaticMeshActor Name:StaticMeshActor_UAID_A85E45CD68D94EC401_1640638874 Label:Finish_Line_Floor SpatiallyLoaded:1 Bounds:IsValid=true, Min=(X=2479.691 Y=824.290 Z=5010.000), Max=(X=2704.691 Y=1674.290 Z=5010.000) RuntimeGrid:None EditorOnly:0 RuntimeOnly:0 HLODRelevant:1 ListedInSceneOutliner:1 IsMainWorldOnly:0 FolderPath:Playground/FinishLine FolderGuid:C0151C334B8D011FCFFB4CB56240D47D
 |   |   |- [+] [ 13]
 |   |   |   |- Guid:6430FA1B46487A3EFA2DA9803469042B BaseClass:/Game/LevelPrototyping/Animations/BP_Animations/Shift/BP_Animation_Shift_Very_Slow.BP_Animation_Shift_Very_Slow_C NativeClass:/Script/Engine.Actor Name:BP_Animation_Shift_Very_Slow_C_UAID_A85E45CD68D961C501_1289203267 Label:BP_Animation_Shift_Very_Slow SpatiallyLoaded:1 Bounds:IsValid=true, Min=(X=1600.000 Y=875.000 Z=1000.000), Max=(X=1800.000 Y=1125.000 Z=1010.000) RuntimeGrid:None EditorOnly:0 RuntimeOnly:0 HLODRelevant:0 ListedInSceneOutliner:1 IsMainWorldOnly:0
 |   |   |- [+] [ 14]
 |   |   |   |- Guid:6BAF4DDD444C60371492D3919DB42C97 BaseClass: NativeClass:/Script/Engine.WorldDataLayers Name:WorldDataLayers Label:WorldDataLayers SpatiallyLoaded:0 Bounds:IsValid=true, Min=(X=0.000 Y=0.000 Z=0.000), Max=(X=0.000 Y=0.000 Z=0.000) RuntimeGrid:None EditorOnly:0 RuntimeOnly:0 HLODRelevant:0 ListedInSceneOutliner:1 IsMainWorldOnly:1 FolderPath:World FolderGuid:8C3ED81C4036AB0E86233D92BA4F0FDD
 |   |   |- [+] [ 15]
 |   |   |   |- Guid:6D2B7933499D7D9778C4B094382D72C7 BaseClass: NativeClass:/Script/Engine.StaticMeshActor Name:StaticMeshActor_UAID_A85E45CD68D94DC401_1112331692 Label:Finish_Line_End SpatiallyLoaded:1 Bounds:IsValid=true, Min=(X=2478.240 Y=822.809 Z=4256.261), Max=(X=4228.240 Y=1672.809 Z=5006.261) RuntimeGrid:None EditorOnly:0 RuntimeOnly:0 HLODRelevant:0 ListedInSceneOutliner:1 IsMainWorldOnly:0 FolderPath:Playground/FinishLine FolderGuid:C0151C334B8D011FCFFB4CB56240D47D
 |   |   |- [+] [ 16]
 |   |   |   |- Guid:80932FD64934A64F845ECABFA8C899C4 BaseClass: NativeClass:/Script/Engine.StaticMeshActor Name:StaticMeshActor_UAID_A85E45CD68D94DC401_1292510696 Label:Finish_Line_Pole_L SpatiallyLoaded:1 Bounds:IsValid=true, Min=(X=2569.691 Y=826.790 Z=5010.000), Max=(X=2594.691 Y=851.790 Z=5610.000) RuntimeGrid:None EditorOnly:0 RuntimeOnly:0 HLODRelevant:0 ListedInSceneOutliner:1 IsMainWorldOnly:0 FolderPath:Playground/FinishLine FolderGuid:C0151C334B8D011FCFFB4CB56240D47D
 |   |   |- [+] [ 17]
 |   |   |   |- Guid:815869F64480EB9152A1F8922D588758 BaseClass: NativeClass:/Script/Engine.StaticMeshActor Name:StaticMeshActor_UAID_A85E45CD68D95EC501_1793093737 Label:Shape_Wedge_B SpatiallyLoaded:1 Bounds:IsValid=true, Min=(X=-2000.000 Y=750.000 Z=1950.000), Max=(X=0.000 Y=1250.000 Z=2050.000) RuntimeGrid:None EditorOnly:0 RuntimeOnly:0 HLODRelevant:1 ListedInSceneOutliner:1 IsMainWorldOnly:0
 |   |   |- [+] [ 18]
 |   |   |   |- Guid:85F654F0478E5773A7AB539ABB877B65 BaseClass:/Game/LevelPrototyping/Animations/BP_Animations/Shift/BP_Animation_Shift_Slow_cylinder.BP_Animation_Shift_Slow_cylinder_C NativeClass:/Script/Engine.Actor Name:BP_Animation_Shift_Slow_cylinder_C_UAID_A85E45CD68D95DC501_1759479560 Label:BP_Animation_Shift_Slow_cylinder SpatiallyLoaded:1 Bounds:IsValid=true, Min=(X=300.000 Y=875.000 Z=500.000), Max=(X=500.000 Y=1125.000 Z=510.000) RuntimeGrid:None EditorOnly:0 RuntimeOnly:0 HLODRelevant:0 ListedInSceneOutliner:1 IsMainWorldOnly:0
 |   |   |- [+] [ 19]
 |   |   |   |- Guid:8B79977F402A9D70547BA19E8B0282B1 BaseClass: NativeClass:/Script/Engine.StaticMeshActor Name:StaticMeshActor_UAID_A85E45CD68D934C501_2140293352 Label:Plane SpatiallyLoaded:1 Bounds:IsValid=true, Min=(X=-3962.500 Y=975.000 Z=-1875.000), Max=(X=3962.500 Y=975.000 Z=6875.000) RuntimeGrid:None EditorOnly:0 RuntimeOnly:0 HLODRelevant:1 ListedInSceneOutliner:1 IsMainWorldOnly:0
 |   |   |- [+] [ 20]
 |   |   |   |- Guid:925348E54E6B07CB209E73A7CABA1BF0 BaseClass: NativeClass:/Script/Engine.StaticMeshActor Name:StaticMeshActor_UAID_A85E45CD68D9EDC401_1144923903 Label:StaticMeshActor SpatiallyLoaded:1 Bounds:IsValid=true, Min=(X=8120.000 Y=1530.000 Z=910.000), Max=(X=8120.000 Y=1530.000 Z=910.000) RuntimeGrid:None EditorOnly:0 RuntimeOnly:0 HLODRelevant:0 ListedInSceneOutliner:1 IsMainWorldOnly:0
 |   |   |- [+] [ 21]
 |   |   |   |- Guid:9AAAC0BF4A9DF3FF07F8F89CA207852F BaseClass:/Game/LevelPrototyping/Animations/BP_Animations/Shift/BP_Animation_Shift_Slow_cylinder.BP_Animation_Shift_Slow_cylinder_C NativeClass:/Script/Engine.Actor Name:BP_Animation_Shift_Slow_cylinder_C_UAID_A85E45CD68D95FC501_1133678914 Label:BP_Animation_Shift_Slow_cylinder2 SpatiallyLoaded:1 Bounds:IsValid=true, Min=(X=900.000 Y=875.000 Z=700.000), Max=(X=1100.000 Y=1125.000 Z=710.000) RuntimeGrid:None EditorOnly:0 RuntimeOnly:0 HLODRelevant:0 ListedInSceneOutliner:1 IsMainWorldOnly:0
 |   |   |- [+] [ 22]
 |   |   |   |- Guid:9ED042344F68B043B89B7DB2502B69DB BaseClass:/Game/LevelPrototyping/Animations/BP_Animations/Shift/BP_Animation_Shift_Very_Slow.BP_Animation_Shift_Very_Slow_C NativeClass:/Script/Engine.Actor Name:BP_Animation_Shift_Very_Slow_C_UAID_A85E45CD68D961C501_1631813270 Label:BP_Animation_Shift_Very_Slow2 SpatiallyLoaded:1 Bounds:IsValid=true, Min=(X=1320.000 Y=875.000 Z=1710.000), Max=(X=1520.000 Y=1125.000 Z=1720.000) RuntimeGrid:None EditorOnly:0 RuntimeOnly:0 HLODRelevant:0 ListedInSceneOutliner:1 IsMainWorldOnly:0
 |   |   |- [+] [ 23]
 |   |   |   |- Guid:9F66D2E944C7C0A4D746F4A445AD5F09 BaseClass: NativeClass:/Script/Engine.StaticMeshActor Name:StaticMeshActor_UAID_A85E45CD68D933C501_1901795172 Label:Shape_Pipe SpatiallyLoaded:1 Bounds:IsValid=true, Min=(X=-2090.000 Y=1010.000 Z=-457.500), Max=(X=-1910.000 Y=1190.000 Z=5017.500) RuntimeGrid:None EditorOnly:0 RuntimeOnly:0 HLODRelevant:1 ListedInSceneOutliner:1 IsMainWorldOnly:0
 |   |   |- [+] [ 24]
 |   |   |   |- Guid:A0FE898144DE103DFD64B7AF0E9A4655 BaseClass:/Game/LevelPrototyping/Animations/BP_Animations/Shift/BP_Animation_Shift_Fast_cylinder.BP_Animation_Shift_Fast_cylinder_C NativeClass:/Script/Engine.Actor Name:BP_Animation_Shift_Fast_cylinder_C_UAID_A85E45CD68D95DC501_1441955559 Label:BP_Animation_Shift_Fast_cylinder SpatiallyLoaded:1 Bounds:IsValid=true, Min=(X=-100.000 Y=875.000 Z=200.000), Max=(X=100.000 Y=1125.000 Z=210.000) RuntimeGrid:None EditorOnly:0 RuntimeOnly:0 HLODRelevant:0 ListedInSceneOutliner:1 IsMainWorldOnly:0
 |   |   |- [+] [ 25]
 |   |   |   |- Guid:B6074BFB4A0A84540866DA9EA4AD263C BaseClass: NativeClass:/Script/Engine.StaticMeshActor Name:StaticMeshActor_UAID_A85E45CD68D961C501_1576234269 Label:Shape_Cube2 SpatiallyLoaded:1 Bounds:IsValid=true, Min=(X=1215.000 Y=780.000 Z=1500.000), Max=(X=1265.000 Y=1280.000 Z=2325.000) RuntimeGrid:None EditorOnly:0 RuntimeOnly:0 HLODRelevant:1 ListedInSceneOutliner:1 IsMainWorldOnly:0
 |   |   |- [+] [ 26]
 |   |   |   |- Guid:B785ED2844B84CFB91E7F39FE661CD99 BaseClass: NativeClass:/Script/Engine.DirectionalLight Name:DirectionalLight_0 Label:DirectionalLight SpatiallyLoaded:0 Bounds:IsValid=true, Min=(X=-4398046511104.000 Y=-4398046511104.000 Z=-4398046511104.000), Max=(X=4398046511104.000 Y=4398046511104.000 Z=4398046511104.000) RuntimeGrid:None EditorOnly:0 RuntimeOnly:0 HLODRelevant:0 ListedInSceneOutliner:1 IsMainWorldOnly:0 FolderPath:Lighting FolderGuid:963EC3EB4002CCE9759E2EBA541A873A
 |   |   |- [+] [ 27]
 |   |   |   |- Guid:CCFF262C46EEFFDF319E7F9539CE697E BaseClass: NativeClass:/Script/Engine.SkyAtmosphere Name:SkyAtmosphere_0 Label:SkyAtmosphere SpatiallyLoaded:0 Bounds:IsValid=true, Min=(X=0.000 Y=0.000 Z=1020.000), Max=(X=0.000 Y=0.000 Z=1020.000) RuntimeGrid:None EditorOnly:0 RuntimeOnly:0 HLODRelevant:0 ListedInSceneOutliner:1 IsMainWorldOnly:0 FolderPath:Lighting FolderGuid:963EC3EB4002CCE9759E2EBA541A873A
 |   |   |- [+] [ 28]
 |   |   |   |- Guid:CFD636F041B837BB47C53397F55A3E93 BaseClass:/Game/LevelPrototyping/Animations/BP_Animations/Shift/BP_Animation_Shift_Very_Slow.BP_Animation_Shift_Very_Slow_C NativeClass:/Script/Engine.Actor Name:BP_Animation_Shift_Very_Slow_C_UAID_A85E45CD68D961C501_1660866271 Label:BP_Animation_Shift_Very_Slow3 SpatiallyLoaded:1 Bounds:IsValid=true, Min=(X=480.000 Y=875.000 Z=1710.000), Max=(X=680.000 Y=1125.000 Z=1720.000) RuntimeGrid:None EditorOnly:0 RuntimeOnly:0 HLODRelevant:0 ListedInSceneOutliner:1 IsMainWorldOnly:0
 |   |   |- [+] [ 29]
 |   |   |   |- Guid:DE2E754A4B98F44AE5E5AE98CC45CC9B BaseClass:/Game/LevelPrototyping/Animations/BP_Animations/Shift/BP_Animation_Shift_Slow_cylinder.BP_Animation_Shift_Slow_cylinder_C NativeClass:/Script/Engine.Actor Name:BP_Animation_Shift_Slow_cylinder_C_UAID_A85E45CD68D961C501_1773741274 Label:BP_Animation_Shift_Slow_cylinder4 SpatiallyLoaded:1 Bounds:IsValid=true, Min=(X=-450.000 Y=875.000 Z=1760.000), Max=(X=-250.000 Y=1125.000 Z=1770.000) RuntimeGrid:None EditorOnly:0 RuntimeOnly:0 HLODRelevant:0 ListedInSceneOutliner:1 IsMainWorldOnly:0
 |   |   |- [+] [ 30]
 |   |   |   |- Guid:F043BA8B478A06F20643F38C76D14317 BaseClass: NativeClass:/Script/Engine.StaticMeshActor Name:StaticMeshActor_UAID_A85E45CD68D933C501_1977354173 Label:Shape_Pipe2 SpatiallyLoaded:1 Bounds:IsValid=true, Min=(X=1910.000 Y=1010.000 Z=-457.500), Max=(X=2090.000 Y=1190.000 Z=5017.500) RuntimeGrid:None EditorOnly:0 RuntimeOnly:0 HLODRelevant:1 ListedInSceneOutliner:1 IsMainWorldOnly:0
 |   |   |- [+] [ 31]
 |   |   |   |- Guid:F5E3FEB3450C49844FD93DA8E083C8AD BaseClass: NativeClass:/Script/Engine.PostProcessVolume Name:PostProcessVolume_0 Label:PostProcessVolume SpatiallyLoaded:0 Bounds:IsValid=true, Min=(X=0.000 Y=0.000 Z=400.000), Max=(X=200.000 Y=200.000 Z=600.000) RuntimeGrid:None EditorOnly:0 RuntimeOnly:0 HLODRelevant:0 ListedInSceneOutliner:1 IsMainWorldOnly:0 FolderPath:Lighting FolderGuid:963EC3EB4002CCE9759E2EBA541A873A
 |   |   |- [+] [ 32]
 |   |   |   |- Guid:FCA212204FF5F02D38ED9E9A4A02433B BaseClass:/Game/LevelPrototyping/Animations/BP_Animations/Shift/BP_Animation_Shift_Very_Slow.BP_Animation_Shift_Very_Slow_C NativeClass:/Script/Engine.Actor Name:BP_Animation_Shift_Very_Slow_C_UAID_A85E45CD68D961C501_1756274273 Label:BP_Animation_Shift_Very_Slow4 SpatiallyLoaded:1 Bounds:IsValid=true, Min=(X=990.000 Y=875.000 Z=2120.000), Max=(X=1190.000 Y=1125.000 Z=2130.000) RuntimeGrid:None EditorOnly:0 RuntimeOnly:0 HLODRelevant:0 ListedInSceneOutliner:1 IsMainWorldOnly:0
 |- ContainerInstances:
 |- [+] MainContainer:
 |   |-        ID: 00000000000000000000000000000000
 |   |-  ParentID: 00000000000000000000000000000000
 |   |-    Bounds: IsValid=false, Min=(X=0.000 Y=0.000 Z=0.000), Max=(X=0.000 Y=0.000 Z=0.000)
 |   |- Transform: 0.000000,0.000000,0.000000|0.000000,0.000000,-0.000000|1.000000,1.000000,1.000000
 |   |- Container: /Game/ThirdPerson/Maps/ThirdPersonMap
----------------------------------------------------------------------------------------------------------------
ThirdPersonMap - Persistent Level
----------------------------------------------------------------------------------------------------------------
[+] Content of ThirdPersonMap Persistent Level
 |- Always loaded Actor Count: 40 
 |- Actor Path: /Game/ThirdPerson/Maps/ThirdPersonMap.ThirdPersonMap:PersistentLevel.AbstractNavData-Default
 |- Actor Package: /Game/ThirdPerson/Maps/ThirdPersonMap
 |- Actor Path: /Game/ThirdPerson/Maps/ThirdPersonMap.ThirdPersonMap:PersistentLevel.BlockingVolume_UAID_A85E45CD68D92BC501_1170193759
 |- Actor Package: /Game/__ExternalActors__/ThirdPerson/Maps/ThirdPersonMap/3/41/E1U46YAR4Y6S15KR4YVLQH
 |- Actor Path: /Game/ThirdPerson/Maps/ThirdPersonMap.ThirdPersonMap:PersistentLevel.BlockingVolume_UAID_A85E45CD68D92BC501_1204643760
 |- Actor Package: /Game/__ExternalActors__/ThirdPerson/Maps/ThirdPersonMap/2/CQ/U82385TIHHSYXWKBOA1UJT
 |- Actor Path: /Game/ThirdPerson/Maps/ThirdPersonMap.ThirdPersonMap:PersistentLevel.BP_Animation_Shift_Fast_cylinder_C_UAID_A85E45CD68D95DC501_1441955559
 |- Actor Package: /Game/__ExternalActors__/ThirdPerson/Maps/ThirdPersonMap/0/9C/9DZG0X0Q2H7I0TJZ5FZFSP
 |- Actor Path: /Game/ThirdPerson/Maps/ThirdPersonMap.ThirdPersonMap:PersistentLevel.BP_Animation_Shift_Slow_cylinder_C_UAID_A85E45CD68D95DC501_1759479560
 |- Actor Package: /Game/__ExternalActors__/ThirdPerson/Maps/ThirdPersonMap/E/J8/OX0Q8VSF3AGG33ZPMPMSK5
 |- Actor Path: /Game/ThirdPerson/Maps/ThirdPersonMap.ThirdPersonMap:PersistentLevel.BP_Animation_Shift_Slow_cylinder_C_UAID_A85E45CD68D95FC501_1133678914
 |- Actor Package: /Game/__ExternalActors__/ThirdPerson/Maps/ThirdPersonMap/5/I5/X41IQWBHRXUQC90SGRQM29
 |- Actor Path: /Game/ThirdPerson/Maps/ThirdPersonMap.ThirdPersonMap:PersistentLevel.BP_Animation_Shift_Slow_cylinder_C_UAID_A85E45CD68D961C501_1675621272
 |- Actor Package: /Game/__ExternalActors__/ThirdPerson/Maps/ThirdPersonMap/8/LQ/7YJRMK9H1M1PBMXX60ZT4O
 |- Actor Path: /Game/ThirdPerson/Maps/ThirdPersonMap.ThirdPersonMap:PersistentLevel.BP_Animation_Shift_Slow_cylinder_C_UAID_A85E45CD68D961C501_1773741274
 |- Actor Package: /Game/__ExternalActors__/ThirdPerson/Maps/ThirdPersonMap/5/AU/CV3RU2Q8372IIY1PIBH493
 |- Actor Path: /Game/ThirdPerson/Maps/ThirdPersonMap.ThirdPersonMap:PersistentLevel.BP_Animation_Shift_Very_Slow_C_UAID_A85E45CD68D961C501_1289203267
 |- Actor Package: /Game/__ExternalActors__/ThirdPerson/Maps/ThirdPersonMap/3/3Z/AVAL8SZBKPUWCFKP697MYT
 |- Actor Path: /Game/ThirdPerson/Maps/ThirdPersonMap.ThirdPersonMap:PersistentLevel.BP_Animation_Shift_Very_Slow_C_UAID_A85E45CD68D961C501_1631813270
 |- Actor Package: /Game/__ExternalActors__/ThirdPerson/Maps/ThirdPersonMap/E/BT/B3V4BZCR4MVSKREW6JZ85J
 |- Actor Path: /Game/ThirdPerson/Maps/ThirdPersonMap.ThirdPersonMap:PersistentLevel.BP_Animation_Shift_Very_Slow_C_UAID_A85E45CD68D961C501_1660866271
 |- Actor Package: /Game/__ExternalActors__/ThirdPerson/Maps/ThirdPersonMap/C/WQ/PZU6TODHBE60LXMXZJQQHT
 |- Actor Path: /Game/ThirdPerson/Maps/ThirdPersonMap.ThirdPersonMap:PersistentLevel.BP_Animation_Shift_Very_Slow_C_UAID_A85E45CD68D961C501_1756274273
 |- Actor Package: /Game/__ExternalActors__/ThirdPerson/Maps/ThirdPersonMap/5/NK/OJNPW4PPV0TI8O7N5VO86W
 |- Actor Path: /Game/ThirdPerson/Maps/ThirdPersonMap.ThirdPersonMap:PersistentLevel.Brush_0
 |- Actor Package: /Game/ThirdPerson/Maps/ThirdPersonMap
 |- Actor Path: /Game/ThirdPerson/Maps/ThirdPersonMap.ThirdPersonMap:PersistentLevel.DefaultPhysicsVolume_0
 |- Actor Package: /Game/ThirdPerson/Maps/ThirdPersonMap
 |- Actor Path: /Game/ThirdPerson/Maps/ThirdPersonMap.ThirdPersonMap:PersistentLevel.DirectionalLight_0
 |- Actor Package: /Game/__ExternalActors__/ThirdPerson/Maps/ThirdPersonMap/5/R1/TS5OQ5CRUWFZYL1ZQ7I416
 |- Actor Path: /Game/ThirdPerson/Maps/ThirdPersonMap.ThirdPersonMap:PersistentLevel.ExponentialHeightFog_0
 |- Actor Package: /Game/__ExternalActors__/ThirdPerson/Maps/ThirdPersonMap/6/J7/N10XDC9G27EMLS5AGZ6AVV
 |- Actor Path: /Game/ThirdPerson/Maps/ThirdPersonMap.ThirdPersonMap:PersistentLevel.GameplayDebuggerPlayerManager_0
 |- Actor Package: /Game/ThirdPerson/Maps/ThirdPersonMap
 |- Actor Path: /Game/ThirdPerson/Maps/ThirdPersonMap.ThirdPersonMap:PersistentLevel.PlayerStart_0
 |- Actor Package: /Game/__ExternalActors__/ThirdPerson/Maps/ThirdPersonMap/D/DE/SWSI13675DVYIZ0N4NF7Y3
 |- Actor Path: /Game/ThirdPerson/Maps/ThirdPersonMap.ThirdPersonMap:PersistentLevel.PostProcessVolume_0
 |- Actor Package: /Game/__ExternalActors__/ThirdPerson/Maps/ThirdPersonMap/1/AZ/A7GPT109Y6ZTTJD4A7TXER
 |- Actor Path: /Game/ThirdPerson/Maps/ThirdPersonMap.ThirdPersonMap:PersistentLevel.SkyAtmosphere_0
 |- Actor Package: /Game/__ExternalActors__/ThirdPerson/Maps/ThirdPersonMap/4/LN/30UBDLYFFA5ZR7U4W4L4GG
 |- Actor Path: /Game/ThirdPerson/Maps/ThirdPersonMap.ThirdPersonMap:PersistentLevel.SkyLight_1
 |- Actor Package: /Game/__ExternalActors__/ThirdPerson/Maps/ThirdPersonMap/8/S1/DXUWD12MD3HRWVVXX076BY
 |- Actor Path: /Game/ThirdPerson/Maps/ThirdPersonMap.ThirdPersonMap:PersistentLevel.StaticMeshActor_UAID_A85E45CD68D933C501_1901795172
 |- Actor Package: /Game/__ExternalActors__/ThirdPerson/Maps/ThirdPersonMap/3/N9/KJFEZ1B2TTLOGO4K19O3V3
 |- Actor Path: /Game/ThirdPerson/Maps/ThirdPersonMap.ThirdPersonMap:PersistentLevel.StaticMeshActor_UAID_A85E45CD68D933C501_1977354173
 |- Actor Package: /Game/__ExternalActors__/ThirdPerson/Maps/ThirdPersonMap/9/TA/6U8W1WNIX4D9AOROAQJN3N
 |- Actor Path: /Game/ThirdPerson/Maps/ThirdPersonMap.ThirdPersonMap:PersistentLevel.StaticMeshActor_UAID_A85E45CD68D934C501_2140293352
 |- Actor Package: /Game/__ExternalActors__/ThirdPerson/Maps/ThirdPersonMap/3/IY/1H6Z5VP012AZFEMRZ5LCL1
 |- Actor Path: /Game/ThirdPerson/Maps/ThirdPersonMap.ThirdPersonMap:PersistentLevel.StaticMeshActor_UAID_A85E45CD68D94DC401_1093585691
 |- Actor Package: /Game/__ExternalActors__/ThirdPerson/Maps/ThirdPersonMap/1/FR/V87ZTIZGSC8CXX0ALIN5Q0
 |- Actor Path: /Game/ThirdPerson/Maps/ThirdPersonMap.ThirdPersonMap:PersistentLevel.StaticMeshActor_UAID_A85E45CD68D94DC401_1112331692
 |- Actor Package: /Game/__ExternalActors__/ThirdPerson/Maps/ThirdPersonMap/6/OZ/7A3H5MO44B4Y4HIAY6APJD
 |- Actor Path: /Game/ThirdPerson/Maps/ThirdPersonMap.ThirdPersonMap:PersistentLevel.StaticMeshActor_UAID_A85E45CD68D94DC401_1242958695
 |- Actor Package: /Game/__ExternalActors__/ThirdPerson/Maps/ThirdPersonMap/5/QQ/DJJ95KN7ED988LS2AI4BRO
 |- Actor Path: /Game/ThirdPerson/Maps/ThirdPersonMap.ThirdPersonMap:PersistentLevel.StaticMeshActor_UAID_A85E45CD68D94DC401_1292510696
 |- Actor Package: /Game/__ExternalActors__/ThirdPerson/Maps/ThirdPersonMap/B/U5/7HCZNOU6LJAOA4URAA5UDM
 |- Actor Path: /Game/ThirdPerson/Maps/ThirdPersonMap.ThirdPersonMap:PersistentLevel.StaticMeshActor_UAID_A85E45CD68D94EC401_1640638874
 |- Actor Package: /Game/__ExternalActors__/ThirdPerson/Maps/ThirdPersonMap/9/2V/3HUM9VLH2D3RA7ZWGEFXSZ
 |- Actor Path: /Game/ThirdPerson/Maps/ThirdPersonMap.ThirdPersonMap:PersistentLevel.StaticMeshActor_UAID_A85E45CD68D94EC401_1719815875
 |- Actor Package: /Game/__ExternalActors__/ThirdPerson/Maps/ThirdPersonMap/8/K5/SNR276KQM5DQPMESHYQGBY
 |- Actor Path: /Game/ThirdPerson/Maps/ThirdPersonMap.ThirdPersonMap:PersistentLevel.StaticMeshActor_UAID_A85E45CD68D95EC501_1793093737
 |- Actor Package: /Game/__ExternalActors__/ThirdPerson/Maps/ThirdPersonMap/9/CS/WH02IYHUYYDALXRZWRG1BE
 |- Actor Path: /Game/ThirdPerson/Maps/ThirdPersonMap.ThirdPersonMap:PersistentLevel.StaticMeshActor_UAID_A85E45CD68D961C501_1534908268
 |- Actor Package: /Game/__ExternalActors__/ThirdPerson/Maps/ThirdPersonMap/9/1I/ONFLW3PT62GY6D4Z0RVH31
 |- Actor Path: /Game/ThirdPerson/Maps/ThirdPersonMap.ThirdPersonMap:PersistentLevel.StaticMeshActor_UAID_A85E45CD68D961C501_1576234269
 |- Actor Package: /Game/__ExternalActors__/ThirdPerson/Maps/ThirdPersonMap/7/6F/3XJSVA558S4R1JFZGJ6XDT
 |- Actor Path: /Game/ThirdPerson/Maps/ThirdPersonMap.ThirdPersonMap:PersistentLevel.StaticMeshActor_UAID_A85E45CD68D973C401_1568276381
 |- Actor Package: /Game/__ExternalActors__/ThirdPerson/Maps/ThirdPersonMap/D/1G/FJY9MHHN3WAFYVYDQRPBCE
 |- Actor Path: /Game/ThirdPerson/Maps/ThirdPersonMap.ThirdPersonMap:PersistentLevel.StaticMeshActor_UAID_A85E45CD68D9EDC401_1144923903
 |- Actor Package: /Game/__ExternalActors__/ThirdPerson/Maps/ThirdPersonMap/8/O3/Z9MOIB85N5097WQKSBXPUC
 |- Actor Path: /Game/ThirdPerson/Maps/ThirdPersonMap.ThirdPersonMap:PersistentLevel.ThirdPersonMap_C_1
 |- Actor Package: /Game/ThirdPerson/Maps/ThirdPersonMap
 |- Actor Path: /Game/ThirdPerson/Maps/ThirdPersonMap.ThirdPersonMap:PersistentLevel.VolumetricCloud_0
 |- Actor Package: /Game/__ExternalActors__/ThirdPerson/Maps/ThirdPersonMap/3/EY/87SHEJN5UBEAN2K5OV1G6R
 |- Actor Path: /Game/ThirdPerson/Maps/ThirdPersonMap.ThirdPersonMap:PersistentLevel.WorldDataLayers
 |- Actor Package: /Game/__ExternalActors__/ThirdPerson/Maps/ThirdPersonMap/0/43/HYQWORMY4JDQ5X3OKZXFLC
 |- Actor Path: /Game/ThirdPerson/Maps/ThirdPersonMap.ThirdPersonMap:PersistentLevel.WorldInfo_0
 |- Actor Package: /Game/ThirdPerson/Maps/ThirdPersonMap
 |- Actor Path: /Game/ThirdPerson/Maps/ThirdPersonMap.ThirdPersonMap:PersistentLevel.WorldPartitionMiniMap_0
 |- Actor Package: /Game/__ExternalActors__/ThirdPerson/Maps/ThirdPersonMap/E/FR/LBG6LPN5JCL3FMVSI2CK6R

----------------------------------------------------------------------------------------------------------------
ThirdPersonMap - Runtime Spatial Hash - Streaming Grid - MainGrid
----------------------------------------------------------------------------------------------------------------
            Origin: X=0.000 Y=0.000 Z=0.000
         Cell Size: 12800
      World Bounds: IsValid=false, Min=(X=0.000 Y=0.000 Z=0.000), Max=(X=0.000 Y=0.000 Z=0.000)
     Loading Range: 25600.00
Block Slow Loading: No
 ClientOnlyVisible: No
            Origin: X=0.000 Y=0.000 Z=0.000

[+] Grid Levels: 1
 |- Level  0: Cell Count    0 | Cell Size   12800 | Actor Count    0 (0.0%)

[+] Content of Grid Level 0

