[+] Containers:
 |- [+] Container: /Game/ThirdPerson/Maps/ThirdPersonMap
 |   |- [+] ActorDescs:
 |   |   |- Guid:02819727494E5048937755B457E627B6 BaseClass: NativeClass:/Script/Engine.StaticMeshActor Name:StaticMeshActor_UAID_A85E45CD68D946C401_1298775472 Label:Wheel_Wall SpatiallyLoaded:1 Bounds:IsValid=true, Min=(X=3660.000 Y=-270.000 Z=830.000), Max=(X=3685.000 Y=330.000 Z=1205.000) RuntimeGrid:None EditorOnly:0 RuntimeOnly:0 HLODRelevant:1 FolderPath:Playground FolderGuid:C73F09FC4215536B1DCE2A9E0A830C70
 |   |   |- Guid:04DADD284EC228E5C3F5D082328EA9D7 BaseClass: NativeClass:/Script/Engine.StaticMeshActor Name:StaticMeshActor_UAID_A85E45CD68D944C401_1795947107 Label:SM_Ramp2 SpatiallyLoaded:1 Bounds:IsValid=true, Min=(X=1400.000 Y=10.000 Z=420.000), Max=(X=1500.000 Y=1660.000 Z=845.000) RuntimeGrid:None EditorOnly:0 RuntimeOnly:0 HLODRelevant:1 FolderPath:Playground FolderGuid:C73F09FC4215536B1DCE2A9E0A830C70
 |   |   |- Guid:07568B424F70513DF8DE78B781335BFF BaseClass: NativeClass:/Script/Engine.StaticMeshActor Name:StaticMeshActor_UAID_A85E45CD68D948C401_2047855811 Label:Platform_Checker_2 SpatiallyLoaded:1 Bounds:IsValid=true, Min=(X=4856.481 Y=316.050 Z=826.261), Max=(X=5181.481 Y=616.050 Z=876.261) RuntimeGrid:None EditorOnly:0 RuntimeOnly:0 HLODRelevant:0 FolderPath:Playground FolderGuid:C73F09FC4215536B1DCE2A9E0A830C70
 |   |   |- Guid:0E1C043D42B3CBFCB7E34A81E579A2C0 BaseClass: NativeClass:/Script/Engine.StaticMeshActor Name:StaticMeshActor_UAID_A85E45CD68D94DC401_1093585691 Label:Pusher_Base2 SpatiallyLoaded:1 Bounds:IsValid=true, Min=(X=3846.481 Y=4546.050 Z=2626.261), Max=(X=4696.481 Y=4771.050 Z=2676.261) RuntimeGrid:None EditorOnly:0 RuntimeOnly:0 HLODRelevant:0 FolderPath:Playground FolderGuid:C73F09FC4215536B1DCE2A9E0A830C70
 |   |   |- Guid:12E9EFFC4472D90E8E23EF84CF7F40DC BaseClass: NativeClass:/Script/Engine.StaticMeshActor Name:StaticMeshActor_UAID_A85E45CD68D949C401_1291721993 Label:stairs_3 SpatiallyLoaded:1 Bounds:IsValid=true, Min=(X=4161.481 Y=2196.050 Z=1766.261), Max=(X=4836.481 Y=2271.050 Z=1816.261) RuntimeGrid:None EditorOnly:0 RuntimeOnly:0 HLODRelevant:0 FolderPath:Playground FolderGuid:C73F09FC4215536B1DCE2A9E0A830C70
 |   |   |- Guid:13849E2C4A9987EA1D1A6AA34EFB4075 BaseClass: NativeClass:/Script/Engine.StaticMeshActor Name:StaticMeshActor_UAID_A85E45CD68D948C401_2064491812 Label:Platform_Checker_3 SpatiallyLoaded:1 Bounds:IsValid=true, Min=(X=5326.481 Y=786.050 Z=736.261), Max=(X=5651.481 Y=1086.050 Z=786.261) RuntimeGrid:None EditorOnly:0 RuntimeOnly:0 HLODRelevant:0 FolderPath:Playground FolderGuid:C73F09FC4215536B1DCE2A9E0A830C70
 |   |   |- Guid:1E01196843BB7163F6FFC0AC52E88B25 BaseClass: NativeClass:/Script/Engine.StaticMeshActor Name:StaticMeshActor_UAID_A85E45CD68D94DC401_1242958695 Label:Finish_Pole_1 SpatiallyLoaded:1 Bounds:IsValid=true, Min=(X=3847.500 Y=4637.500 Z=2680.000), Max=(X=3872.500 Y=4662.500 Z=3280.000) RuntimeGrid:None EditorOnly:0 RuntimeOnly:0 HLODRelevant:0
 |   |   |- Guid:2386A6964998E76E0CF3728E2A0B0C14 BaseClass: NativeClass:/Script/Engine.StaticMeshActor Name:StaticMeshActor_UAID_A85E45CD68D946C401_1207011469 Label:Wheel_Arm_2 SpatiallyLoaded:1 Bounds:IsValid=true, Min=(X=3645.000 Y=330.000 Z=830.000), Max=(X=3670.000 Y=930.000 Z=930.000) RuntimeGrid:None EditorOnly:0 RuntimeOnly:0 HLODRelevant:1 FolderPath:Playground FolderGuid:C73F09FC4215536B1DCE2A9E0A830C70
 |   |   |- Guid:2D7C1C674ED4A98480EBF8B8C2925F28 BaseClass: NativeClass:/Script/Engine.StaticMeshActor Name:StaticMeshActor_UAID_A85E45CD68D944C401_1964399109 Label:Flating_platform_1 SpatiallyLoaded:1 Bounds:IsValid=true, Min=(X=1605.000 Y=75.000 Z=770.000), Max=(X=1955.000 Y=425.000 Z=795.000) RuntimeGrid:None EditorOnly:0 RuntimeOnly:0 HLODRelevant:1 FolderPath:Playground FolderGuid:C73F09FC4215536B1DCE2A9E0A830C70
 |   |   |- Guid:2FB58999456391D349DC0F86DAC136ED BaseClass: NativeClass:/Script/Engine.SkyLight Name:SkyLight_1 Label:SkyLight SpatiallyLoaded:0 Bounds:IsValid=true, Min=(X=0.000 Y=0.000 Z=690.000), Max=(X=0.000 Y=0.000 Z=690.000) RuntimeGrid:None EditorOnly:0 RuntimeOnly:0 HLODRelevant:0 FolderPath:Lighting FolderGuid:963EC3EB4002CCE9759E2EBA541A873A
 |   |   |- Guid:316CF2A6494ACA4C0E4180A87D36AB8F BaseClass: NativeClass:/Script/Engine.ExponentialHeightFog Name:ExponentialHeightFog_0 Label:ExponentialHeightFog SpatiallyLoaded:0 Bounds:IsValid=true, Min=(X=-5600.000 Y=-50.000 Z=-6850.000), Max=(X=-5600.000 Y=-50.000 Z=-6850.000) RuntimeGrid:None EditorOnly:0 RuntimeOnly:0 HLODRelevant:0 FolderPath:Lighting FolderGuid:963EC3EB4002CCE9759E2EBA541A873A
 |   |   |- Guid:353D25DE417E6E5CD1A2D0B6792EA916 BaseClass: NativeClass:/Script/Engine.StaticMeshActor Name:StaticMeshActor_UAID_A85E45CD68D946C401_1217427470 Label:Wheel_Arm_3 SpatiallyLoaded:1 Bounds:IsValid=true, Min=(X=3090.000 Y=325.000 Z=830.000), Max=(X=3690.000 Y=350.000 Z=930.000) RuntimeGrid:None EditorOnly:0 RuntimeOnly:0 HLODRelevant:1 FolderPath:Playground FolderGuid:C73F09FC4215536B1DCE2A9E0A830C70
 |   |   |- Guid:3683D16F4EC43B1E18A06BA856D2CD18 BaseClass: NativeClass:/Script/Engine.StaticMeshActor Name:StaticMeshActor_UAID_A85E45CD68D94EC401_1719815875 Label:Plane2 SpatiallyLoaded:1 Bounds:IsValid=true, Min=(X=3845.000 Y=4630.000 Z=3077.500), Max=(X=4695.000 Y=4630.000 Z=3302.500) RuntimeGrid:None EditorOnly:0 RuntimeOnly:0 HLODRelevant:1
 |   |   |- Guid:3A00AA1C422CE54C0BDB60BAF471BFBB BaseClass: NativeClass:/Script/Engine.PlayerStart Name:PlayerStart_0 Label:PlayerStart SpatiallyLoaded:0 Bounds:IsValid=true, Min=(X=68.741 Y=1179.789 Z=-0.716), Max=(X=228.741 Y=1339.789 Z=367.284) RuntimeGrid:None EditorOnly:0 RuntimeOnly:0 HLODRelevant:0 FolderPath:Playground FolderGuid:C73F09FC4215536B1DCE2A9E0A830C70
 |   |   |- Guid:4313E4D34CE7B1153B733AA2886CEF3B BaseClass: NativeClass:/Script/Engine.StaticMeshActor Name:StaticMeshActor_UAID_A85E45CD68D949C401_1233463992 Label:stairs_2 SpatiallyLoaded:1 Bounds:IsValid=true, Min=(X=4939.401 Y=2196.050 Z=1236.261), Max=(X=5488.620 Y=2271.050 Z=1708.445) RuntimeGrid:None EditorOnly:0 RuntimeOnly:0 HLODRelevant:0 FolderPath:Playground FolderGuid:C73F09FC4215536B1DCE2A9E0A830C70
 |   |   |- Guid:4D3BE93F4146AAAC8BBE79999D96D57F BaseClass: NativeClass:/Script/Engine.VolumetricCloud Name:VolumetricCloud_0 Label:VolumetricCloud SpatiallyLoaded:0 Bounds:IsValid=true, Min=(X=0.000 Y=0.000 Z=820.000), Max=(X=0.000 Y=0.000 Z=820.000) RuntimeGrid:None EditorOnly:0 RuntimeOnly:0 HLODRelevant:0 FolderPath:Lighting FolderGuid:963EC3EB4002CCE9759E2EBA541A873A
 |   |   |- Guid:5A03042E4069743B57C3A582B4ABBAD7 BaseClass: NativeClass:/Script/Engine.StaticMeshActor Name:StaticMeshActor_UAID_A85E45CD68D94EC401_1640638874 Label:Plane SpatiallyLoaded:1 Bounds:IsValid=true, Min=(X=3845.000 Y=4547.500 Z=2680.000), Max=(X=4695.000 Y=4772.500 Z=2680.000) RuntimeGrid:None EditorOnly:0 RuntimeOnly:0 HLODRelevant:1
 |   |   |- Guid:5A9A45C449F77B76826B47A9CDF1F4E1 BaseClass:/Game/LevelPrototyping/Animations/Blueprint_testing/Test_Animation_BP_5.Test_Animation_BP_5_C NativeClass:/Script/Engine.Actor Name:Test_Animation_BP_5_C_UAID_A85E45CD68D953C401_2124758755 Label:Test_Animation_BP_5 SpatiallyLoaded:1 Bounds:IsValid=true, Min=(X=190.000 Y=860.000 Z=0.000), Max=(X=290.000 Y=960.000 Z=100.000) RuntimeGrid:None EditorOnly:0 RuntimeOnly:0 HLODRelevant:0
 |   |   |- Guid:65FA61B34DFE08F8AD5A7A95FE5406EA BaseClass: NativeClass:/Script/Engine.StaticMeshActor Name:StaticMeshActor_UAID_A85E45CD68D945C401_1236440288 Label:Wheel_Pole SpatiallyLoaded:1 Bounds:IsValid=true, Min=(X=3620.000 Y=290.000 Z=830.000), Max=(X=3720.000 Y=390.000 Z=1480.000) RuntimeGrid:None EditorOnly:0 RuntimeOnly:0 HLODRelevant:1 FolderPath:Playground FolderGuid:C73F09FC4215536B1DCE2A9E0A830C70
 |   |   |- Guid:681ECAE042A14952247C0DA2749F2B2D BaseClass: NativeClass:/Script/Engine.StaticMeshActor Name:StaticMeshActor_UAID_A85E45CD68D949C401_1304231994 Label:stairs_4 SpatiallyLoaded:1 Bounds:IsValid=true, Min=(X=4276.481 Y=2313.910 Z=2226.261), Max=(X=4351.481 Y=2863.130 Z=2698.445) RuntimeGrid:None EditorOnly:0 RuntimeOnly:0 HLODRelevant:0 FolderPath:Playground FolderGuid:C73F09FC4215536B1DCE2A9E0A830C70
 |   |   |- Guid:6A880FC1474EF609A73BB8915CFCA375 BaseClass: NativeClass:/Script/Engine.StaticMeshActor Name:StaticMeshActor_UAID_A85E45CD68D948C401_2075936813 Label:Platform_Checker_4 SpatiallyLoaded:1 Bounds:IsValid=true, Min=(X=5456.481 Y=1306.050 Z=806.261), Max=(X=5781.481 Y=1606.050 Z=856.261) RuntimeGrid:None EditorOnly:0 RuntimeOnly:0 HLODRelevant:0 FolderPath:Playground FolderGuid:C73F09FC4215536B1DCE2A9E0A830C70
 |   |   |- Guid:6BAF4DDD444C60371492D3919DB42C97 BaseClass: NativeClass:/Script/Engine.WorldDataLayers Name:WorldDataLayers Label:WorldDataLayers SpatiallyLoaded:0 Bounds:IsValid=true, Min=(X=0.000 Y=0.000 Z=0.000), Max=(X=0.000 Y=0.000 Z=0.000) RuntimeGrid:None EditorOnly:0 RuntimeOnly:0 HLODRelevant:0
 |   |   |- Guid:6D2B7933499D7D9778C4B094382D72C7 BaseClass: NativeClass:/Script/Engine.StaticMeshActor Name:StaticMeshActor_UAID_A85E45CD68D94DC401_1112331692 Label:Pusher_Base3 SpatiallyLoaded:1 Bounds:IsValid=true, Min=(X=3846.481 Y=4766.050 Z=2626.261), Max=(X=4696.481 Y=6091.050 Z=2676.261) RuntimeGrid:None EditorOnly:0 RuntimeOnly:0 HLODRelevant:0 FolderPath:Playground FolderGuid:C73F09FC4215536B1DCE2A9E0A830C70
 |   |   |- Guid:7087DD3C4F5EC471A19BDC9DA6F1D414 BaseClass: NativeClass:/Script/LevelSequence.LevelSequenceActor Name:LevelSequenceActor_UAID_A85E45CD68D942C401_1849954751 Label:Test_1 SpatiallyLoaded:0 Bounds:IsValid=true, Min=(X=130.000 Y=290.000 Z=20.000), Max=(X=130.000 Y=290.000 Z=20.000) RuntimeGrid:None EditorOnly:0 RuntimeOnly:0 HLODRelevant:0
 |   |   |- Guid:798E57DE49682B5643836F8937F4E1B2 BaseClass: NativeClass:/Script/Engine.StaticMeshActor Name:StaticMeshActor_UAID_A85E45CD68D945C401_1267580289 Label:Wheel_Arm_1 SpatiallyLoaded:1 Bounds:IsValid=true, Min=(X=3690.000 Y=320.000 Z=830.000), Max=(X=4290.000 Y=345.000 Z=930.000) RuntimeGrid:None EditorOnly:0 RuntimeOnly:0 HLODRelevant:1 FolderPath:Playground FolderGuid:C73F09FC4215536B1DCE2A9E0A830C70
 |   |   |- Guid:7BD9C10D4847CBFC47B52283FD6C71FD BaseClass: NativeClass:/Script/Engine.StaticMeshActor Name:StaticMeshActor_UAID_A85E45CD68D944C401_1819545108 Label:SM_RampWall SpatiallyLoaded:1 Bounds:IsValid=true, Min=(X=1400.000 Y=0.000 Z=0.000), Max=(X=1500.000 Y=1650.000 Z=425.000) RuntimeGrid:None EditorOnly:0 RuntimeOnly:0 HLODRelevant:1 FolderPath:Playground FolderGuid:C73F09FC4215536B1DCE2A9E0A830C70
 |   |   |- Guid:7C172A0740B33B6D38EEF38A63E0B945 BaseClass: NativeClass:/Script/Engine.StaticMeshActor Name:StaticMeshActor_3 Label:SM_Ramp SpatiallyLoaded:1 Bounds:IsValid=true, Min=(X=1200.000 Y=85.000 Z=0.000), Max=(X=1400.000 Y=1660.000 Z=425.000) RuntimeGrid:None EditorOnly:0 RuntimeOnly:0 HLODRelevant:1 FolderPath:Playground FolderGuid:C73F09FC4215536B1DCE2A9E0A830C70
 |   |   |- Guid:80932FD64934A64F845ECABFA8C899C4 BaseClass: NativeClass:/Script/Engine.StaticMeshActor Name:StaticMeshActor_UAID_A85E45CD68D94DC401_1292510696 Label:Finish_Pole_2 SpatiallyLoaded:1 Bounds:IsValid=true, Min=(X=4667.500 Y=4637.500 Z=2680.000), Max=(X=4692.500 Y=4662.500 Z=3280.000) RuntimeGrid:None EditorOnly:0 RuntimeOnly:0 HLODRelevant:0
 |   |   |- Guid:A15141A545C76BC18E28C38E7E66F1D8 BaseClass: NativeClass:/Script/Engine.StaticMeshActor Name:StaticMeshActor_UAID_A85E45CD68D949C401_1851976985 Label:Pusher_Wall_2 SpatiallyLoaded:1 Bounds:IsValid=true, Min=(X=3846.481 Y=4016.050 Z=2676.261), Max=(X=3871.481 Y=4541.050 Z=2976.261) RuntimeGrid:None EditorOnly:0 RuntimeOnly:0 HLODRelevant:0 FolderPath:Playground FolderGuid:C73F09FC4215536B1DCE2A9E0A830C70
 |   |   |- Guid:B785ED2844B84CFB91E7F39FE661CD99 BaseClass: NativeClass:/Script/Engine.DirectionalLight Name:DirectionalLight_0 Label:DirectionalLight SpatiallyLoaded:0 Bounds:IsValid=true, Min=(X=-1048576.000 Y=-1048576.000 Z=-1048576.000), Max=(X=1048576.000 Y=1048576.000 Z=1048576.000) RuntimeGrid:None EditorOnly:0 RuntimeOnly:0 HLODRelevant:0 FolderPath:Lighting FolderGuid:963EC3EB4002CCE9759E2EBA541A873A
 |   |   |- Guid:C2996A9F48BF97E9E891CCB2F031FD9F BaseClass: NativeClass:/Script/Engine.StaticMeshActor Name:StaticMeshActor_UAID_A85E45CD68D953C401_1884150751 Label:SM_Cube_Test SpatiallyLoaded:1 Bounds:IsValid=true, Min=(X=800.000 Y=1140.000 Z=0.000), Max=(X=900.000 Y=1240.000 Z=100.000) RuntimeGrid:None EditorOnly:0 RuntimeOnly:0 HLODRelevant:1
 |   |   |- Guid:CCFF262C46EEFFDF319E7F9539CE697E BaseClass: NativeClass:/Script/Engine.SkyAtmosphere Name:SkyAtmosphere_0 Label:SkyAtmosphere SpatiallyLoaded:0 Bounds:IsValid=true, Min=(X=0.000 Y=0.000 Z=1020.000), Max=(X=0.000 Y=0.000 Z=1020.000) RuntimeGrid:None EditorOnly:0 RuntimeOnly:0 HLODRelevant:0 FolderPath:Lighting FolderGuid:963EC3EB4002CCE9759E2EBA541A873A
 |   |   |- Guid:D8005D3A4C438CA4B810CAB5AF34B3FB BaseClass: NativeClass:/Script/Engine.StaticMeshActor Name:StaticMeshActor_UAID_A85E45CD68D948C401_1131123807 Label:Platform_Checker_1 SpatiallyLoaded:1 Bounds:IsValid=true, Min=(X=4456.481 Y=-133.950 Z=826.261), Max=(X=4781.481 Y=166.050 Z=876.261) RuntimeGrid:None EditorOnly:0 RuntimeOnly:0 HLODRelevant:1 FolderPath:Playground FolderGuid:C73F09FC4215536B1DCE2A9E0A830C70
 |   |   |- Guid:EA03813342BD330904BD11A8ED27BA8E BaseClass: NativeClass:/Script/Engine.StaticMeshActor Name:StaticMeshActor_UAID_A85E45CD68D949C401_1139053990 Label:stairs_1 SpatiallyLoaded:1 Bounds:IsValid=true, Min=(X=5576.481 Y=1723.910 Z=806.261), Max=(X=5651.481 Y=2273.130 Z=1278.445) RuntimeGrid:None EditorOnly:0 RuntimeOnly:0 HLODRelevant:0 FolderPath:Playground FolderGuid:C73F09FC4215536B1DCE2A9E0A830C70
 |   |   |- Guid:EC4E0C944CE6AC6E784BC6BB2916EA13 BaseClass: NativeClass:/Script/Engine.StaticMeshActor Name:StaticMeshActor_UAID_A4AE111137DC5EFB00_1110535423 Label:SM_SkySphere SpatiallyLoaded:0 Bounds:IsValid=true, Min=(X=-1638400.000 Y=-1638400.000 Z=-1638400.000), Max=(X=1638400.000 Y=1638400.000 Z=1638400.000) RuntimeGrid:None EditorOnly:0 RuntimeOnly:0 HLODRelevant:1 FolderPath:Lighting FolderGuid:963EC3EB4002CCE9759E2EBA541A873A
 |   |   |- Guid:ED09468943200E567EFE5390937D6673 BaseClass: NativeClass:/Script/Engine.StaticMeshActor Name:StaticMeshActor_UAID_A85E45CD68D949C401_1685295983 Label:Pusher_Base SpatiallyLoaded:1 Bounds:IsValid=true, Min=(X=3846.481 Y=2896.050 Z=2626.261), Max=(X=4696.481 Y=4546.050 Z=2676.261) RuntimeGrid:None EditorOnly:0 RuntimeOnly:0 HLODRelevant:0 FolderPath:Playground FolderGuid:C73F09FC4215536B1DCE2A9E0A830C70
 |   |   |- Guid:F05AEAB74F862982E81EDF82497795A2 BaseClass: NativeClass:/Script/Engine.StaticMeshActor Name:StaticMeshActor_UAID_A85E45CD68D949C401_1764765984 Label:Pusher_Wall_1 SpatiallyLoaded:1 Bounds:IsValid=true, Min=(X=3846.481 Y=2896.050 Z=2676.261), Max=(X=3871.481 Y=3421.050 Z=2726.261) RuntimeGrid:None EditorOnly:0 RuntimeOnly:0 HLODRelevant:0 FolderPath:Playground FolderGuid:C73F09FC4215536B1DCE2A9E0A830C70
 |   |   |- Guid:F1924B8D48954B30891B2DB6A694F9CC BaseClass: NativeClass:/Script/Engine.StaticMeshActor Name:StaticMeshActor_1 Label:Spawn_Platform SpatiallyLoaded:1 Bounds:IsValid=true, Min=(X=0.000 Y=0.000 Z=-50.000), Max=(X=1500.000 Y=1675.000 Z=0.000) RuntimeGrid:None EditorOnly:0 RuntimeOnly:0 HLODRelevant:0 FolderPath:Playground FolderGuid:C73F09FC4215536B1DCE2A9E0A830C70
 |   |   |- Guid:F5E3FEB3450C49844FD93DA8E083C8AD BaseClass: NativeClass:/Script/Engine.PostProcessVolume Name:PostProcessVolume_0 Label:PostProcessVolume SpatiallyLoaded:0 Bounds:IsValid=true, Min=(X=0.000 Y=0.000 Z=400.000), Max=(X=200.000 Y=200.000 Z=600.000) RuntimeGrid:None EditorOnly:0 RuntimeOnly:0 HLODRelevant:0 FolderPath:Lighting FolderGuid:963EC3EB4002CCE9759E2EBA541A873A
 |   |   |- Guid:F6E4F2444C2BAF6B62506DA3A527F609 BaseClass: NativeClass:/Script/Engine.StaticMeshActor Name:StaticMeshActor_UAID_A85E45CD68D949C401_1866704986 Label:Pusher_Wall_3 SpatiallyLoaded:1 Bounds:IsValid=true, Min=(X=4651.481 Y=3491.050 Z=2676.261), Max=(X=4676.481 Y=4016.050 Z=2976.261) RuntimeGrid:None EditorOnly:0 RuntimeOnly:0 HLODRelevant:0 FolderPath:Playground FolderGuid:C73F09FC4215536B1DCE2A9E0A830C70
 |   |   |- Guid:F82E37FD43B45F8F449EEDA4F5AC92FA BaseClass: NativeClass:/Script/Engine.StaticMeshActor Name:StaticMeshActor_UAID_A85E45CD68D945C401_1386085291 Label:Wheel_Base SpatiallyLoaded:1 Bounds:IsValid=true, Min=(X=3045.000 Y=-284.999 Z=830.000), Max=(X=4295.000 Y=965.000 Z=855.000) RuntimeGrid:None EditorOnly:0 RuntimeOnly:0 HLODRelevant:1 FolderPath:Playground FolderGuid:C73F09FC4215536B1DCE2A9E0A830C70
 |   |- [+] Clusters:
 |   |   |- [+] [  0]
 |   |   |   |- Guid:6BAF4DDD444C60371492D3919DB42C97 BaseClass: NativeClass:/Script/Engine.WorldDataLayers Name:WorldDataLayers Label:WorldDataLayers SpatiallyLoaded:0 Bounds:IsValid=true, Min=(X=0.000 Y=0.000 Z=0.000), Max=(X=0.000 Y=0.000 Z=0.000) RuntimeGrid:None EditorOnly:0 RuntimeOnly:0 HLODRelevant:0
 |   |   |- [+] [  1]
 |   |   |   |- Guid:353D25DE417E6E5CD1A2D0B6792EA916 BaseClass: NativeClass:/Script/Engine.StaticMeshActor Name:StaticMeshActor_UAID_A85E45CD68D946C401_1217427470 Label:Wheel_Arm_3 SpatiallyLoaded:1 Bounds:IsValid=true, Min=(X=3090.000 Y=325.000 Z=830.000), Max=(X=3690.000 Y=350.000 Z=930.000) RuntimeGrid:None EditorOnly:0 RuntimeOnly:0 HLODRelevant:1 FolderPath:Playground FolderGuid:C73F09FC4215536B1DCE2A9E0A830C70
 |   |   |- [+] [  2]
 |   |   |   |- Guid:F5E3FEB3450C49844FD93DA8E083C8AD BaseClass: NativeClass:/Script/Engine.PostProcessVolume Name:PostProcessVolume_0 Label:PostProcessVolume SpatiallyLoaded:0 Bounds:IsValid=true, Min=(X=0.000 Y=0.000 Z=400.000), Max=(X=200.000 Y=200.000 Z=600.000) RuntimeGrid:None EditorOnly:0 RuntimeOnly:0 HLODRelevant:0 FolderPath:Lighting FolderGuid:963EC3EB4002CCE9759E2EBA541A873A
 |   |   |- [+] [  3]
 |   |   |   |- Guid:0E1C043D42B3CBFCB7E34A81E579A2C0 BaseClass: NativeClass:/Script/Engine.StaticMeshActor Name:StaticMeshActor_UAID_A85E45CD68D94DC401_1093585691 Label:Pusher_Base2 SpatiallyLoaded:1 Bounds:IsValid=true, Min=(X=3846.481 Y=4546.050 Z=2626.261), Max=(X=4696.481 Y=4771.050 Z=2676.261) RuntimeGrid:None EditorOnly:0 RuntimeOnly:0 HLODRelevant:0 FolderPath:Playground FolderGuid:C73F09FC4215536B1DCE2A9E0A830C70
 |   |   |- [+] [  4]
 |   |   |   |- Guid:02819727494E5048937755B457E627B6 BaseClass: NativeClass:/Script/Engine.StaticMeshActor Name:StaticMeshActor_UAID_A85E45CD68D946C401_1298775472 Label:Wheel_Wall SpatiallyLoaded:1 Bounds:IsValid=true, Min=(X=3660.000 Y=-270.000 Z=830.000), Max=(X=3685.000 Y=330.000 Z=1205.000) RuntimeGrid:None EditorOnly:0 RuntimeOnly:0 HLODRelevant:1 FolderPath:Playground FolderGuid:C73F09FC4215536B1DCE2A9E0A830C70
 |   |   |- [+] [  5]
 |   |   |   |- Guid:5A9A45C449F77B76826B47A9CDF1F4E1 BaseClass:/Game/LevelPrototyping/Animations/Blueprint_testing/Test_Animation_BP_5.Test_Animation_BP_5_C NativeClass:/Script/Engine.Actor Name:Test_Animation_BP_5_C_UAID_A85E45CD68D953C401_2124758755 Label:Test_Animation_BP_5 SpatiallyLoaded:1 Bounds:IsValid=true, Min=(X=190.000 Y=860.000 Z=0.000), Max=(X=290.000 Y=960.000 Z=100.000) RuntimeGrid:None EditorOnly:0 RuntimeOnly:0 HLODRelevant:0
 |   |   |- [+] [  6]
 |   |   |   |- Guid:ED09468943200E567EFE5390937D6673 BaseClass: NativeClass:/Script/Engine.StaticMeshActor Name:StaticMeshActor_UAID_A85E45CD68D949C401_1685295983 Label:Pusher_Base SpatiallyLoaded:1 Bounds:IsValid=true, Min=(X=3846.481 Y=2896.050 Z=2626.261), Max=(X=4696.481 Y=4546.050 Z=2676.261) RuntimeGrid:None EditorOnly:0 RuntimeOnly:0 HLODRelevant:0 FolderPath:Playground FolderGuid:C73F09FC4215536B1DCE2A9E0A830C70
 |   |   |- [+] [  7]
 |   |   |   |- Guid:07568B424F70513DF8DE78B781335BFF BaseClass: NativeClass:/Script/Engine.StaticMeshActor Name:StaticMeshActor_UAID_A85E45CD68D948C401_2047855811 Label:Platform_Checker_2 SpatiallyLoaded:1 Bounds:IsValid=true, Min=(X=4856.481 Y=316.050 Z=826.261), Max=(X=5181.481 Y=616.050 Z=876.261) RuntimeGrid:None EditorOnly:0 RuntimeOnly:0 HLODRelevant:0 FolderPath:Playground FolderGuid:C73F09FC4215536B1DCE2A9E0A830C70
 |   |   |- [+] [  8]
 |   |   |   |- Guid:04DADD284EC228E5C3F5D082328EA9D7 BaseClass: NativeClass:/Script/Engine.StaticMeshActor Name:StaticMeshActor_UAID_A85E45CD68D944C401_1795947107 Label:SM_Ramp2 SpatiallyLoaded:1 Bounds:IsValid=true, Min=(X=1400.000 Y=10.000 Z=420.000), Max=(X=1500.000 Y=1660.000 Z=845.000) RuntimeGrid:None EditorOnly:0 RuntimeOnly:0 HLODRelevant:1 FolderPath:Playground FolderGuid:C73F09FC4215536B1DCE2A9E0A830C70
 |   |   |- [+] [  9]
 |   |   |   |- Guid:4D3BE93F4146AAAC8BBE79999D96D57F BaseClass: NativeClass:/Script/Engine.VolumetricCloud Name:VolumetricCloud_0 Label:VolumetricCloud SpatiallyLoaded:0 Bounds:IsValid=true, Min=(X=0.000 Y=0.000 Z=820.000), Max=(X=0.000 Y=0.000 Z=820.000) RuntimeGrid:None EditorOnly:0 RuntimeOnly:0 HLODRelevant:0 FolderPath:Lighting FolderGuid:963EC3EB4002CCE9759E2EBA541A873A
 |   |   |- [+] [ 10]
 |   |   |   |- Guid:2386A6964998E76E0CF3728E2A0B0C14 BaseClass: NativeClass:/Script/Engine.StaticMeshActor Name:StaticMeshActor_UAID_A85E45CD68D946C401_1207011469 Label:Wheel_Arm_2 SpatiallyLoaded:1 Bounds:IsValid=true, Min=(X=3645.000 Y=330.000 Z=830.000), Max=(X=3670.000 Y=930.000 Z=930.000) RuntimeGrid:None EditorOnly:0 RuntimeOnly:0 HLODRelevant:1 FolderPath:Playground FolderGuid:C73F09FC4215536B1DCE2A9E0A830C70
 |   |   |- [+] [ 11]
 |   |   |   |- Guid:12E9EFFC4472D90E8E23EF84CF7F40DC BaseClass: NativeClass:/Script/Engine.StaticMeshActor Name:StaticMeshActor_UAID_A85E45CD68D949C401_1291721993 Label:stairs_3 SpatiallyLoaded:1 Bounds:IsValid=true, Min=(X=4161.481 Y=2196.050 Z=1766.261), Max=(X=4836.481 Y=2271.050 Z=1816.261) RuntimeGrid:None EditorOnly:0 RuntimeOnly:0 HLODRelevant:0 FolderPath:Playground FolderGuid:C73F09FC4215536B1DCE2A9E0A830C70
 |   |   |- [+] [ 12]
 |   |   |   |- Guid:F05AEAB74F862982E81EDF82497795A2 BaseClass: NativeClass:/Script/Engine.StaticMeshActor Name:StaticMeshActor_UAID_A85E45CD68D949C401_1764765984 Label:Pusher_Wall_1 SpatiallyLoaded:1 Bounds:IsValid=true, Min=(X=3846.481 Y=2896.050 Z=2676.261), Max=(X=3871.481 Y=3421.050 Z=2726.261) RuntimeGrid:None EditorOnly:0 RuntimeOnly:0 HLODRelevant:0 FolderPath:Playground FolderGuid:C73F09FC4215536B1DCE2A9E0A830C70
 |   |   |- [+] [ 13]
 |   |   |   |- Guid:CCFF262C46EEFFDF319E7F9539CE697E BaseClass: NativeClass:/Script/Engine.SkyAtmosphere Name:SkyAtmosphere_0 Label:SkyAtmosphere SpatiallyLoaded:0 Bounds:IsValid=true, Min=(X=0.000 Y=0.000 Z=1020.000), Max=(X=0.000 Y=0.000 Z=1020.000) RuntimeGrid:None EditorOnly:0 RuntimeOnly:0 HLODRelevant:0 FolderPath:Lighting FolderGuid:963EC3EB4002CCE9759E2EBA541A873A
 |   |   |- [+] [ 14]
 |   |   |   |- Guid:EC4E0C944CE6AC6E784BC6BB2916EA13 BaseClass: NativeClass:/Script/Engine.StaticMeshActor Name:StaticMeshActor_UAID_A4AE111137DC5EFB00_1110535423 Label:SM_SkySphere SpatiallyLoaded:0 Bounds:IsValid=true, Min=(X=-1638400.000 Y=-1638400.000 Z=-1638400.000), Max=(X=1638400.000 Y=1638400.000 Z=1638400.000) RuntimeGrid:None EditorOnly:0 RuntimeOnly:0 HLODRelevant:1 FolderPath:Lighting FolderGuid:963EC3EB4002CCE9759E2EBA541A873A
 |   |   |- [+] [ 15]
 |   |   |   |- Guid:EA03813342BD330904BD11A8ED27BA8E BaseClass: NativeClass:/Script/Engine.StaticMeshActor Name:StaticMeshActor_UAID_A85E45CD68D949C401_1139053990 Label:stairs_1 SpatiallyLoaded:1 Bounds:IsValid=true, Min=(X=5576.481 Y=1723.910 Z=806.261), Max=(X=5651.481 Y=2273.130 Z=1278.445) RuntimeGrid:None EditorOnly:0 RuntimeOnly:0 HLODRelevant:0 FolderPath:Playground FolderGuid:C73F09FC4215536B1DCE2A9E0A830C70
 |   |   |- [+] [ 16]
 |   |   |   |- Guid:1E01196843BB7163F6FFC0AC52E88B25 BaseClass: NativeClass:/Script/Engine.StaticMeshActor Name:StaticMeshActor_UAID_A85E45CD68D94DC401_1242958695 Label:Finish_Pole_1 SpatiallyLoaded:1 Bounds:IsValid=true, Min=(X=3847.500 Y=4637.500 Z=2680.000), Max=(X=3872.500 Y=4662.500 Z=3280.000) RuntimeGrid:None EditorOnly:0 RuntimeOnly:0 HLODRelevant:0
 |   |   |- [+] [ 17]
 |   |   |   |- Guid:B785ED2844B84CFB91E7F39FE661CD99 BaseClass: NativeClass:/Script/Engine.DirectionalLight Name:DirectionalLight_0 Label:DirectionalLight SpatiallyLoaded:0 Bounds:IsValid=true, Min=(X=-1048576.000 Y=-1048576.000 Z=-1048576.000), Max=(X=1048576.000 Y=1048576.000 Z=1048576.000) RuntimeGrid:None EditorOnly:0 RuntimeOnly:0 HLODRelevant:0 FolderPath:Lighting FolderGuid:963EC3EB4002CCE9759E2EBA541A873A
 |   |   |- [+] [ 18]
 |   |   |   |- Guid:F82E37FD43B45F8F449EEDA4F5AC92FA BaseClass: NativeClass:/Script/Engine.StaticMeshActor Name:StaticMeshActor_UAID_A85E45CD68D945C401_1386085291 Label:Wheel_Base SpatiallyLoaded:1 Bounds:IsValid=true, Min=(X=3045.000 Y=-284.999 Z=830.000), Max=(X=4295.000 Y=965.000 Z=855.000) RuntimeGrid:None EditorOnly:0 RuntimeOnly:0 HLODRelevant:1 FolderPath:Playground FolderGuid:C73F09FC4215536B1DCE2A9E0A830C70
 |   |   |- [+] [ 19]
 |   |   |   |- Guid:A15141A545C76BC18E28C38E7E66F1D8 BaseClass: NativeClass:/Script/Engine.StaticMeshActor Name:StaticMeshActor_UAID_A85E45CD68D949C401_1851976985 Label:Pusher_Wall_2 SpatiallyLoaded:1 Bounds:IsValid=true, Min=(X=3846.481 Y=4016.050 Z=2676.261), Max=(X=3871.481 Y=4541.050 Z=2976.261) RuntimeGrid:None EditorOnly:0 RuntimeOnly:0 HLODRelevant:0 FolderPath:Playground FolderGuid:C73F09FC4215536B1DCE2A9E0A830C70
 |   |   |- [+] [ 20]
 |   |   |   |- Guid:D8005D3A4C438CA4B810CAB5AF34B3FB BaseClass: NativeClass:/Script/Engine.StaticMeshActor Name:StaticMeshActor_UAID_A85E45CD68D948C401_1131123807 Label:Platform_Checker_1 SpatiallyLoaded:1 Bounds:IsValid=true, Min=(X=4456.481 Y=-133.950 Z=826.261), Max=(X=4781.481 Y=166.050 Z=876.261) RuntimeGrid:None EditorOnly:0 RuntimeOnly:0 HLODRelevant:1 FolderPath:Playground FolderGuid:C73F09FC4215536B1DCE2A9E0A830C70
 |   |   |- [+] [ 21]
 |   |   |   |- Guid:2D7C1C674ED4A98480EBF8B8C2925F28 BaseClass: NativeClass:/Script/Engine.StaticMeshActor Name:StaticMeshActor_UAID_A85E45CD68D944C401_1964399109 Label:Flating_platform_1 SpatiallyLoaded:1 Bounds:IsValid=true, Min=(X=1605.000 Y=75.000 Z=770.000), Max=(X=1955.000 Y=425.000 Z=795.000) RuntimeGrid:None EditorOnly:0 RuntimeOnly:0 HLODRelevant:1 FolderPath:Playground FolderGuid:C73F09FC4215536B1DCE2A9E0A830C70
 |   |   |- [+] [ 22]
 |   |   |   |- Guid:7C172A0740B33B6D38EEF38A63E0B945 BaseClass: NativeClass:/Script/Engine.StaticMeshActor Name:StaticMeshActor_3 Label:SM_Ramp SpatiallyLoaded:1 Bounds:IsValid=true, Min=(X=1200.000 Y=85.000 Z=0.000), Max=(X=1400.000 Y=1660.000 Z=425.000) RuntimeGrid:None EditorOnly:0 RuntimeOnly:0 HLODRelevant:1 FolderPath:Playground FolderGuid:C73F09FC4215536B1DCE2A9E0A830C70
 |   |   |- [+] [ 23]
 |   |   |   |- Guid:316CF2A6494ACA4C0E4180A87D36AB8F BaseClass: NativeClass:/Script/Engine.ExponentialHeightFog Name:ExponentialHeightFog_0 Label:ExponentialHeightFog SpatiallyLoaded:0 Bounds:IsValid=true, Min=(X=-5600.000 Y=-50.000 Z=-6850.000), Max=(X=-5600.000 Y=-50.000 Z=-6850.000) RuntimeGrid:None EditorOnly:0 RuntimeOnly:0 HLODRelevant:0 FolderPath:Lighting FolderGuid:963EC3EB4002CCE9759E2EBA541A873A
 |   |   |- [+] [ 24]
 |   |   |   |- Guid:6D2B7933499D7D9778C4B094382D72C7 BaseClass: NativeClass:/Script/Engine.StaticMeshActor Name:StaticMeshActor_UAID_A85E45CD68D94DC401_1112331692 Label:Pusher_Base3 SpatiallyLoaded:1 Bounds:IsValid=true, Min=(X=3846.481 Y=4766.050 Z=2626.261), Max=(X=4696.481 Y=6091.050 Z=2676.261) RuntimeGrid:None EditorOnly:0 RuntimeOnly:0 HLODRelevant:0 FolderPath:Playground FolderGuid:C73F09FC4215536B1DCE2A9E0A830C70
 |   |   |- [+] [ 25]
 |   |   |   |- Guid:7BD9C10D4847CBFC47B52283FD6C71FD BaseClass: NativeClass:/Script/Engine.StaticMeshActor Name:StaticMeshActor_UAID_A85E45CD68D944C401_1819545108 Label:SM_RampWall SpatiallyLoaded:1 Bounds:IsValid=true, Min=(X=1400.000 Y=0.000 Z=0.000), Max=(X=1500.000 Y=1650.000 Z=425.000) RuntimeGrid:None EditorOnly:0 RuntimeOnly:0 HLODRelevant:1 FolderPath:Playground FolderGuid:C73F09FC4215536B1DCE2A9E0A830C70
 |   |   |- [+] [ 26]
 |   |   |   |- Guid:F1924B8D48954B30891B2DB6A694F9CC BaseClass: NativeClass:/Script/Engine.StaticMeshActor Name:StaticMeshActor_1 Label:Spawn_Platform SpatiallyLoaded:1 Bounds:IsValid=true, Min=(X=0.000 Y=0.000 Z=-50.000), Max=(X=1500.000 Y=1675.000 Z=0.000) RuntimeGrid:None EditorOnly:0 RuntimeOnly:0 HLODRelevant:0 FolderPath:Playground FolderGuid:C73F09FC4215536B1DCE2A9E0A830C70
 |   |   |- [+] [ 27]
 |   |   |   |- Guid:13849E2C4A9987EA1D1A6AA34EFB4075 BaseClass: NativeClass:/Script/Engine.StaticMeshActor Name:StaticMeshActor_UAID_A85E45CD68D948C401_2064491812 Label:Platform_Checker_3 SpatiallyLoaded:1 Bounds:IsValid=true, Min=(X=5326.481 Y=786.050 Z=736.261), Max=(X=5651.481 Y=1086.050 Z=786.261) RuntimeGrid:None EditorOnly:0 RuntimeOnly:0 HLODRelevant:0 FolderPath:Playground FolderGuid:C73F09FC4215536B1DCE2A9E0A830C70
 |   |   |- [+] [ 28]
 |   |   |   |- Guid:3683D16F4EC43B1E18A06BA856D2CD18 BaseClass: NativeClass:/Script/Engine.StaticMeshActor Name:StaticMeshActor_UAID_A85E45CD68D94EC401_1719815875 Label:Plane2 SpatiallyLoaded:1 Bounds:IsValid=true, Min=(X=3845.000 Y=4630.000 Z=3077.500), Max=(X=4695.000 Y=4630.000 Z=3302.500) RuntimeGrid:None EditorOnly:0 RuntimeOnly:0 HLODRelevant:1
 |   |   |- [+] [ 29]
 |   |   |   |- Guid:2FB58999456391D349DC0F86DAC136ED BaseClass: NativeClass:/Script/Engine.SkyLight Name:SkyLight_1 Label:SkyLight SpatiallyLoaded:0 Bounds:IsValid=true, Min=(X=0.000 Y=0.000 Z=690.000), Max=(X=0.000 Y=0.000 Z=690.000) RuntimeGrid:None EditorOnly:0 RuntimeOnly:0 HLODRelevant:0 FolderPath:Lighting FolderGuid:963EC3EB4002CCE9759E2EBA541A873A
 |   |   |- [+] [ 30]
 |   |   |   |- Guid:798E57DE49682B5643836F8937F4E1B2 BaseClass: NativeClass:/Script/Engine.StaticMeshActor Name:StaticMeshActor_UAID_A85E45CD68D945C401_1267580289 Label:Wheel_Arm_1 SpatiallyLoaded:1 Bounds:IsValid=true, Min=(X=3690.000 Y=320.000 Z=830.000), Max=(X=4290.000 Y=345.000 Z=930.000) RuntimeGrid:None EditorOnly:0 RuntimeOnly:0 HLODRelevant:1 FolderPath:Playground FolderGuid:C73F09FC4215536B1DCE2A9E0A830C70
 |   |   |- [+] [ 31]
 |   |   |   |- Guid:5A03042E4069743B57C3A582B4ABBAD7 BaseClass: NativeClass:/Script/Engine.StaticMeshActor Name:StaticMeshActor_UAID_A85E45CD68D94EC401_1640638874 Label:Plane SpatiallyLoaded:1 Bounds:IsValid=true, Min=(X=3845.000 Y=4547.500 Z=2680.000), Max=(X=4695.000 Y=4772.500 Z=2680.000) RuntimeGrid:None EditorOnly:0 RuntimeOnly:0 HLODRelevant:1
 |   |   |- [+] [ 32]
 |   |   |   |- Guid:7087DD3C4F5EC471A19BDC9DA6F1D414 BaseClass: NativeClass:/Script/LevelSequence.LevelSequenceActor Name:LevelSequenceActor_UAID_A85E45CD68D942C401_1849954751 Label:Test_1 SpatiallyLoaded:0 Bounds:IsValid=true, Min=(X=130.000 Y=290.000 Z=20.000), Max=(X=130.000 Y=290.000 Z=20.000) RuntimeGrid:None EditorOnly:0 RuntimeOnly:0 HLODRelevant:0
 |   |   |- [+] [ 33]
 |   |   |   |- Guid:80932FD64934A64F845ECABFA8C899C4 BaseClass: NativeClass:/Script/Engine.StaticMeshActor Name:StaticMeshActor_UAID_A85E45CD68D94DC401_1292510696 Label:Finish_Pole_2 SpatiallyLoaded:1 Bounds:IsValid=true, Min=(X=4667.500 Y=4637.500 Z=2680.000), Max=(X=4692.500 Y=4662.500 Z=3280.000) RuntimeGrid:None EditorOnly:0 RuntimeOnly:0 HLODRelevant:0
 |   |   |- [+] [ 34]
 |   |   |   |- Guid:F6E4F2444C2BAF6B62506DA3A527F609 BaseClass: NativeClass:/Script/Engine.StaticMeshActor Name:StaticMeshActor_UAID_A85E45CD68D949C401_1866704986 Label:Pusher_Wall_3 SpatiallyLoaded:1 Bounds:IsValid=true, Min=(X=4651.481 Y=3491.050 Z=2676.261), Max=(X=4676.481 Y=4016.050 Z=2976.261) RuntimeGrid:None EditorOnly:0 RuntimeOnly:0 HLODRelevant:0 FolderPath:Playground FolderGuid:C73F09FC4215536B1DCE2A9E0A830C70
 |   |   |- [+] [ 35]
 |   |   |   |- Guid:C2996A9F48BF97E9E891CCB2F031FD9F BaseClass: NativeClass:/Script/Engine.StaticMeshActor Name:StaticMeshActor_UAID_A85E45CD68D953C401_1884150751 Label:SM_Cube_Test SpatiallyLoaded:1 Bounds:IsValid=true, Min=(X=800.000 Y=1140.000 Z=0.000), Max=(X=900.000 Y=1240.000 Z=100.000) RuntimeGrid:None EditorOnly:0 RuntimeOnly:0 HLODRelevant:1
 |   |   |- [+] [ 36]
 |   |   |   |- Guid:6A880FC1474EF609A73BB8915CFCA375 BaseClass: NativeClass:/Script/Engine.StaticMeshActor Name:StaticMeshActor_UAID_A85E45CD68D948C401_2075936813 Label:Platform_Checker_4 SpatiallyLoaded:1 Bounds:IsValid=true, Min=(X=5456.481 Y=1306.050 Z=806.261), Max=(X=5781.481 Y=1606.050 Z=856.261) RuntimeGrid:None EditorOnly:0 RuntimeOnly:0 HLODRelevant:0 FolderPath:Playground FolderGuid:C73F09FC4215536B1DCE2A9E0A830C70
 |   |   |- [+] [ 37]
 |   |   |   |- Guid:4313E4D34CE7B1153B733AA2886CEF3B BaseClass: NativeClass:/Script/Engine.StaticMeshActor Name:StaticMeshActor_UAID_A85E45CD68D949C401_1233463992 Label:stairs_2 SpatiallyLoaded:1 Bounds:IsValid=true, Min=(X=4939.401 Y=2196.050 Z=1236.261), Max=(X=5488.620 Y=2271.050 Z=1708.445) RuntimeGrid:None EditorOnly:0 RuntimeOnly:0 HLODRelevant:0 FolderPath:Playground FolderGuid:C73F09FC4215536B1DCE2A9E0A830C70
 |   |   |- [+] [ 38]
 |   |   |   |- Guid:3A00AA1C422CE54C0BDB60BAF471BFBB BaseClass: NativeClass:/Script/Engine.PlayerStart Name:PlayerStart_0 Label:PlayerStart SpatiallyLoaded:0 Bounds:IsValid=true, Min=(X=68.741 Y=1179.789 Z=-0.716), Max=(X=228.741 Y=1339.789 Z=367.284) RuntimeGrid:None EditorOnly:0 RuntimeOnly:0 HLODRelevant:0 FolderPath:Playground FolderGuid:C73F09FC4215536B1DCE2A9E0A830C70
 |   |   |- [+] [ 39]
 |   |   |   |- Guid:65FA61B34DFE08F8AD5A7A95FE5406EA BaseClass: NativeClass:/Script/Engine.StaticMeshActor Name:StaticMeshActor_UAID_A85E45CD68D945C401_1236440288 Label:Wheel_Pole SpatiallyLoaded:1 Bounds:IsValid=true, Min=(X=3620.000 Y=290.000 Z=830.000), Max=(X=3720.000 Y=390.000 Z=1480.000) RuntimeGrid:None EditorOnly:0 RuntimeOnly:0 HLODRelevant:1 FolderPath:Playground FolderGuid:C73F09FC4215536B1DCE2A9E0A830C70
 |   |   |- [+] [ 40]
 |   |   |   |- Guid:681ECAE042A14952247C0DA2749F2B2D BaseClass: NativeClass:/Script/Engine.StaticMeshActor Name:StaticMeshActor_UAID_A85E45CD68D949C401_1304231994 Label:stairs_4 SpatiallyLoaded:1 Bounds:IsValid=true, Min=(X=4276.481 Y=2313.910 Z=2226.261), Max=(X=4351.481 Y=2863.130 Z=2698.445) RuntimeGrid:None EditorOnly:0 RuntimeOnly:0 HLODRelevant:0 FolderPath:Playground FolderGuid:C73F09FC4215536B1DCE2A9E0A830C70
 |- ContainerInstances:
 |- [+] MainContainer:
 |   |-        ID: 0x0000000000000000
 |   |-    Bounds: IsValid=false, Min=(X=0.000 Y=0.000 Z=0.000), Max=(X=0.000 Y=0.000 Z=0.000)
 |   |- Transform: 0.000000,0.000000,0.000000|0.000000,0.000000,-0.000000|1.000000,1.000000,1.000000
 |   |- Container: /Game/ThirdPerson/Maps/ThirdPersonMap
----------------------------------------------------------------------------------------------------------------
ThirdPersonMap - Persistent Level
----------------------------------------------------------------------------------------------------------------
Always loaded Actor Count: 48 

----------------------------------------------------------------------------------------------------------------
ThirdPersonMap - Runtime Spatial Hash - Streaming Grid - MainGrid
----------------------------------------------------------------------------------------------------------------
            Origin: X=0.000 Y=0.000 Z=0.000
         Cell Size: 12800
      World Bounds: IsValid=false, Min=(X=0.000 Y=0.000 Z=0.000), Max=(X=0.000 Y=0.000 Z=0.000)
     Loading Range: 25600.00
Block Slow Loading: No
 ClientOnlyVisible: No

[+] Grid Levels: 1
 |- Level  0: Cell Count    0 | Cell Size   12800 | Actor Count    0 (0.0%)

[+] Content of Grid Level 0

