[+] Containers:
 |- [+] Container: /Game/ThirdPerson/Maps/ThirdPersonMap
 |   |- [+] ActorDescs:
 |   |   |- Guid:0858DBDA48B605A1B2DBF398AD5E91CA BaseClass:/Game/LevelPrototyping/Animations/Blueprint_testing/BP_Animation_Fan.BP_Animation_Fan_C NativeClass:/Script/Engine.Actor Name:BP_Animation_Rotate1_C_UAID_A85E45CD68D98DC401_2126434970 Label:BP_Animation_Rotate2 SpatiallyLoaded:1 Bounds:IsValid=true, Min=(X=460.000 Y=-1375.000 Z=-395.000), Max=(X=766.250 Y=375.000 Z=1355.000) RuntimeGrid:None EditorOnly:0 RuntimeOnly:0 HLODRelevant:0 ListedInSceneOutliner:1 IsMainWorldOnly:0
 |   |   |- Guid:08ED3EB247019E8C8F0A1A92A478D8D6 BaseClass:/Game/LevelPrototyping/Animations/Blueprint_testing/BP_Animation_Rotate_2.BP_Animation_Rotate_2_C NativeClass:/Script/Engine.Actor Name:BP_Animation_Rotate_2_C_UAID_A85E45CD68D974C401_1368183569 Label:BP_Animation_Rotate_2 SpatiallyLoaded:1 Bounds:IsValid=true, Min=(X=320.000 Y=320.000 Z=-30.000), Max=(X=420.000 Y=420.000 Z=70.000) RuntimeGrid:None EditorOnly:0 RuntimeOnly:0 HLODRelevant:0 ListedInSceneOutliner:1 IsMainWorldOnly:0
 |   |   |- Guid:0C17CB434A0E3448A9C1F4BFFB8FB492 BaseClass:/Game/LevelPrototyping/Animations/Blueprint_testing/BP_Animation_Shift.BP_Animation_Shift_C NativeClass:/Script/Engine.Actor Name:BP_Animation_Shift_2_C_UAID_A85E45CD68D985C401_1905053555 Label:BP_Animation_Shift_2 SpatiallyLoaded:1 Bounds:IsValid=true, Min=(X=50.000 Y=1140.000 Z=-70.000), Max=(X=150.000 Y=1240.000 Z=30.000) RuntimeGrid:None EditorOnly:0 RuntimeOnly:0 HLODRelevant:0 ListedInSceneOutliner:1 IsMainWorldOnly:0
 |   |   |- Guid:0E1C043D42B3CBFCB7E34A81E579A2C0 BaseClass: NativeClass:/Script/Engine.StaticMeshActor Name:StaticMeshActor_UAID_A85E45CD68D94DC401_1093585691 Label:Finish_Line_base SpatiallyLoaded:1 Bounds:IsValid=true, Min=(X=3846.481 Y=4546.050 Z=2626.261), Max=(X=4696.481 Y=4771.050 Z=2676.261) RuntimeGrid:None EditorOnly:0 RuntimeOnly:0 HLODRelevant:0 ListedInSceneOutliner:1 IsMainWorldOnly:0 FolderPath:Playground/FinishLine FolderGuid:C0151C334B8D011FCFFB4CB56240D47D
 |   |   |- Guid:1E01196843BB7163F6FFC0AC52E88B25 BaseClass: NativeClass:/Script/Engine.StaticMeshActor Name:StaticMeshActor_UAID_A85E45CD68D94DC401_1242958695 Label:Finish_Line_Pole_R SpatiallyLoaded:1 Bounds:IsValid=true, Min=(X=3847.500 Y=4637.500 Z=2680.000), Max=(X=3872.500 Y=4662.500 Z=3280.000) RuntimeGrid:None EditorOnly:0 RuntimeOnly:0 HLODRelevant:0 ListedInSceneOutliner:1 IsMainWorldOnly:0 FolderPath:Playground/FinishLine FolderGuid:C0151C334B8D011FCFFB4CB56240D47D
 |   |   |- Guid:1FD89EFA45834BB752C328820558B9AA BaseClass: NativeClass:/Script/Engine.StaticMeshActor Name:StaticMeshActor_UAID_A85E45CD68D98EC401_2087414149 Label:Shape_Wedge_B2 SpatiallyLoaded:1 Bounds:IsValid=true, Min=(X=790.000 Y=1027.500 Z=310.000), Max=(X=890.000 Y=1952.500 Z=660.000) RuntimeGrid:None EditorOnly:0 RuntimeOnly:0 HLODRelevant:1 ListedInSceneOutliner:1 IsMainWorldOnly:0
 |   |   |- Guid:2FB58999456391D349DC0F86DAC136ED BaseClass: NativeClass:/Script/Engine.SkyLight Name:SkyLight_1 Label:SkyLight SpatiallyLoaded:0 Bounds:IsValid=true, Min=(X=0.000 Y=0.000 Z=690.000), Max=(X=0.000 Y=0.000 Z=690.000) RuntimeGrid:None EditorOnly:0 RuntimeOnly:0 HLODRelevant:0 ListedInSceneOutliner:1 IsMainWorldOnly:0 FolderPath:Lighting FolderGuid:963EC3EB4002CCE9759E2EBA541A873A
 |   |   |- Guid:316CF2A6494ACA4C0E4180A87D36AB8F BaseClass: NativeClass:/Script/Engine.ExponentialHeightFog Name:ExponentialHeightFog_0 Label:ExponentialHeightFog SpatiallyLoaded:0 Bounds:IsValid=true, Min=(X=-5600.000 Y=-50.000 Z=-6850.000), Max=(X=-5600.000 Y=-50.000 Z=-6850.000) RuntimeGrid:None EditorOnly:0 RuntimeOnly:0 HLODRelevant:0 ListedInSceneOutliner:1 IsMainWorldOnly:0 FolderPath:Lighting FolderGuid:963EC3EB4002CCE9759E2EBA541A873A
 |   |   |- Guid:3492005C48D697B39A32EAB198E77766 BaseClass: NativeClass:/Script/Engine.StaticMeshActor Name:StaticMeshActor_UAID_A85E45CD68D973C401_1568276381 Label:Start_Platform SpatiallyLoaded:1 Bounds:IsValid=true, Min=(X=-55.122 Y=1019.457 Z=-58.406), Max=(X=894.878 Y=1969.457 Z=-33.406) RuntimeGrid:None EditorOnly:0 RuntimeOnly:0 HLODRelevant:1 ListedInSceneOutliner:1 IsMainWorldOnly:0 FolderPath:Playground FolderGuid:C73F09FC4215536B1DCE2A9E0A830C70
 |   |   |- Guid:3683D16F4EC43B1E18A06BA856D2CD18 BaseClass: NativeClass:/Script/Engine.StaticMeshActor Name:StaticMeshActor_UAID_A85E45CD68D94EC401_1719815875 Label:Finish_Line_Banner SpatiallyLoaded:1 Bounds:IsValid=true, Min=(X=3845.000 Y=4630.000 Z=3077.500), Max=(X=4695.000 Y=4630.000 Z=3302.500) RuntimeGrid:None EditorOnly:0 RuntimeOnly:0 HLODRelevant:1 ListedInSceneOutliner:1 IsMainWorldOnly:0 FolderPath:Playground/FinishLine FolderGuid:C0151C334B8D011FCFFB4CB56240D47D
 |   |   |- Guid:3863D045461013A1D558D7B462C7C6F5 BaseClass: NativeClass:/Script/Engine.StaticMeshActor Name:StaticMeshActor_UAID_A85E45CD68D98EC401_2110249150 Label:Shape_Cube SpatiallyLoaded:1 Bounds:IsValid=true, Min=(X=790.000 Y=1027.500 Z=-30.000), Max=(X=890.000 Y=1952.500 Z=320.000) RuntimeGrid:None EditorOnly:0 RuntimeOnly:0 HLODRelevant:1 ListedInSceneOutliner:1 IsMainWorldOnly:0
 |   |   |- Guid:3A00AA1C422CE54C0BDB60BAF471BFBB BaseClass: NativeClass:/Script/Engine.PlayerStart Name:PlayerStart_0 Label:PlayerStart SpatiallyLoaded:0 Bounds:IsValid=true, Min=(X=68.741 Y=1179.789 Z=-0.716), Max=(X=228.741 Y=1339.789 Z=367.284) RuntimeGrid:None EditorOnly:0 RuntimeOnly:0 HLODRelevant:0 ListedInSceneOutliner:1 IsMainWorldOnly:0 FolderPath:Playground/Game_Mechanics FolderGuid:3575484D48692121665E68B078F41F18
 |   |   |- Guid:4D3BE93F4146AAAC8BBE79999D96D57F BaseClass: NativeClass:/Script/Engine.VolumetricCloud Name:VolumetricCloud_0 Label:VolumetricCloud SpatiallyLoaded:0 Bounds:IsValid=true, Min=(X=0.000 Y=0.000 Z=820.000), Max=(X=0.000 Y=0.000 Z=820.000) RuntimeGrid:None EditorOnly:0 RuntimeOnly:0 HLODRelevant:0 ListedInSceneOutliner:1 IsMainWorldOnly:0 FolderPath:Lighting FolderGuid:963EC3EB4002CCE9759E2EBA541A873A
 |   |   |- Guid:5A03042E4069743B57C3A582B4ABBAD7 BaseClass: NativeClass:/Script/Engine.StaticMeshActor Name:StaticMeshActor_UAID_A85E45CD68D94EC401_1640638874 Label:Finish_Line_Floor SpatiallyLoaded:1 Bounds:IsValid=true, Min=(X=3845.000 Y=4547.500 Z=2680.000), Max=(X=4695.000 Y=4772.500 Z=2680.000) RuntimeGrid:None EditorOnly:0 RuntimeOnly:0 HLODRelevant:1 ListedInSceneOutliner:1 IsMainWorldOnly:0 FolderPath:Playground/FinishLine FolderGuid:C0151C334B8D011FCFFB4CB56240D47D
 |   |   |- Guid:689D14C548DDEB9C0BFBF5965881644D BaseClass:/Game/LevelPrototyping/Animations/Blueprint_testing/BP_Animation_Shift.BP_Animation_Shift_C NativeClass:/Script/Engine.Actor Name:BP_Animation_Shift_C_UAID_A85E45CD68D98FC401_1231067327 Label:BP_Animation_Shift SpatiallyLoaded:1 Bounds:IsValid=true, Min=(X=967.500 Y=1027.500 Z=517.500), Max=(X=1192.500 Y=1252.500 Z=642.500) RuntimeGrid:None EditorOnly:0 RuntimeOnly:0 HLODRelevant:0 ListedInSceneOutliner:1 IsMainWorldOnly:0
 |   |   |- Guid:6BAF4DDD444C60371492D3919DB42C97 BaseClass: NativeClass:/Script/Engine.WorldDataLayers Name:WorldDataLayers Label:WorldDataLayers SpatiallyLoaded:0 Bounds:IsValid=true, Min=(X=0.000 Y=0.000 Z=0.000), Max=(X=0.000 Y=0.000 Z=0.000) RuntimeGrid:None EditorOnly:0 RuntimeOnly:0 HLODRelevant:0 ListedInSceneOutliner:1 IsMainWorldOnly:1 FolderPath:World FolderGuid:8C3ED81C4036AB0E86233D92BA4F0FDD
 |   |   |- Guid:6D2B7933499D7D9778C4B094382D72C7 BaseClass: NativeClass:/Script/Engine.StaticMeshActor Name:StaticMeshActor_UAID_A85E45CD68D94DC401_1112331692 Label:Finish_Line_End SpatiallyLoaded:1 Bounds:IsValid=true, Min=(X=3846.481 Y=4766.050 Z=2626.261), Max=(X=4696.481 Y=6091.050 Z=2676.261) RuntimeGrid:None EditorOnly:0 RuntimeOnly:0 HLODRelevant:0 ListedInSceneOutliner:1 IsMainWorldOnly:0 FolderPath:Playground/FinishLine FolderGuid:C0151C334B8D011FCFFB4CB56240D47D
 |   |   |- Guid:72152BAF429213AC8C894E9B4B6AD37A BaseClass:/Game/LevelPrototyping/Animations/Blueprint_testing/BP_Animation_Fan.BP_Animation_Fan_C NativeClass:/Script/Engine.Actor Name:BP_Animation_Rotate1_C_UAID_A85E45CD68D989C401_1966447265 Label:BP_Animation_Rotate1 SpatiallyLoaded:1 Bounds:IsValid=true, Min=(X=460.000 Y=2315.000 Z=-395.000), Max=(X=766.250 Y=4065.000 Z=1355.000) RuntimeGrid:None EditorOnly:0 RuntimeOnly:0 HLODRelevant:0 ListedInSceneOutliner:1 IsMainWorldOnly:0
 |   |   |- Guid:80932FD64934A64F845ECABFA8C899C4 BaseClass: NativeClass:/Script/Engine.StaticMeshActor Name:StaticMeshActor_UAID_A85E45CD68D94DC401_1292510696 Label:Finish_Line_Pole_L SpatiallyLoaded:1 Bounds:IsValid=true, Min=(X=4667.500 Y=4637.500 Z=2680.000), Max=(X=4692.500 Y=4662.500 Z=3280.000) RuntimeGrid:None EditorOnly:0 RuntimeOnly:0 HLODRelevant:0 ListedInSceneOutliner:1 IsMainWorldOnly:0 FolderPath:Playground/FinishLine FolderGuid:C0151C334B8D011FCFFB4CB56240D47D
 |   |   |- Guid:84CB7B0A4845E28F5EA975B361DBB2EE BaseClass:/Game/LevelPrototyping/Animations/Blueprint_testing/BP_Animation_Sliding_Gate.BP_Animation_Sliding_Gate_C NativeClass:/Script/Engine.Actor Name:BP_Animation_Sliding_Gate_C_UAID_A85E45CD68D98FC401_1343754329 Label:BP_Animation_Sliding_Gate2 SpatiallyLoaded:1 Bounds:IsValid=true, Min=(X=3516.875 Y=1627.500 Z=307.500), Max=(X=3923.125 Y=1652.500 Z=632.500) RuntimeGrid:None EditorOnly:0 RuntimeOnly:0 HLODRelevant:0 ListedInSceneOutliner:1 IsMainWorldOnly:0
 |   |   |- Guid:B2455F2441A1B451D54096926D61DB97 BaseClass:/Game/LevelPrototyping/Animations/Blueprint_testing/BP_Animation_Rotate.BP_Animation_Rotate_C NativeClass:/Script/Engine.Actor Name:Test_Animation_BP_5_C_UAID_A85E45CD68D973C401_1718939382 Label:Test_Animation_BP_5 SpatiallyLoaded:1 Bounds:IsValid=true, Min=(X=330.000 Y=70.000 Z=-30.000), Max=(X=430.000 Y=170.000 Z=70.000) RuntimeGrid:None EditorOnly:0 RuntimeOnly:0 HLODRelevant:0 ListedInSceneOutliner:1 IsMainWorldOnly:0
 |   |   |- Guid:B785ED2844B84CFB91E7F39FE661CD99 BaseClass: NativeClass:/Script/Engine.DirectionalLight Name:DirectionalLight_0 Label:DirectionalLight SpatiallyLoaded:0 Bounds:IsValid=true, Min=(X=-1048576.000 Y=-1048576.000 Z=-1048576.000), Max=(X=1048576.000 Y=1048576.000 Z=1048576.000) RuntimeGrid:None EditorOnly:0 RuntimeOnly:0 HLODRelevant:0 ListedInSceneOutliner:1 IsMainWorldOnly:0 FolderPath:Lighting FolderGuid:963EC3EB4002CCE9759E2EBA541A873A
 |   |   |- Guid:C34FD27B427A374D82443D9A8B85A193 BaseClass: NativeClass:/Script/Engine.StaticMeshActor Name:StaticMeshActor_UAID_A85E45CD68D98FC401_1309151328 Label:Start_Platform2 SpatiallyLoaded:1 Bounds:IsValid=true, Min=(X=2984.878 Y=1029.457 Z=11.594), Max=(X=3984.878 Y=3579.457 Z=636.594) RuntimeGrid:None EditorOnly:0 RuntimeOnly:0 HLODRelevant:1 ListedInSceneOutliner:1 IsMainWorldOnly:0 FolderPath:Playground FolderGuid:C73F09FC4215536B1DCE2A9E0A830C70
 |   |   |- Guid:CCFF262C46EEFFDF319E7F9539CE697E BaseClass: NativeClass:/Script/Engine.SkyAtmosphere Name:SkyAtmosphere_0 Label:SkyAtmosphere SpatiallyLoaded:0 Bounds:IsValid=true, Min=(X=0.000 Y=0.000 Z=1020.000), Max=(X=0.000 Y=0.000 Z=1020.000) RuntimeGrid:None EditorOnly:0 RuntimeOnly:0 HLODRelevant:0 ListedInSceneOutliner:1 IsMainWorldOnly:0 FolderPath:Lighting FolderGuid:963EC3EB4002CCE9759E2EBA541A873A
 |   |   |- Guid:D62D38E7435E5A238BB68FA247356D9A BaseClass:/Game/LevelPrototyping/Animations/Blueprint_testing/BP_Animation_Sliding_Gate.BP_Animation_Sliding_Gate_C NativeClass:/Script/Engine.Actor Name:BP_Animation_Sliding_Gate_C_UAID_A85E45CD68D98FC401_1424510330 Label:BP_Animation_Sliding_Gate3 SpatiallyLoaded:1 Bounds:IsValid=true, Min=(X=3046.875 Y=1637.500 Z=97.500), Max=(X=3453.125 Y=1662.500 Z=422.500) RuntimeGrid:None EditorOnly:0 RuntimeOnly:0 HLODRelevant:0 ListedInSceneOutliner:1 IsMainWorldOnly:0
 |   |   |- Guid:DA2B4B1849E8B9CFAD73DCA4A1B95697 BaseClass: NativeClass:/Script/Engine.StaticMeshActor Name:StaticMeshActor_UAID_A85E45CD68D98EC401_2039468148 Label:Shape_Wedge_B SpatiallyLoaded:1 Bounds:IsValid=true, Min=(X=690.000 Y=1027.500 Z=-30.000), Max=(X=790.000 Y=1952.500 Z=320.000) RuntimeGrid:None EditorOnly:0 RuntimeOnly:0 HLODRelevant:1 ListedInSceneOutliner:1 IsMainWorldOnly:0
 |   |   |- Guid:DB8BC19D48B1C3A3DC12C5961D503434 BaseClass:/Game/LevelPrototyping/Animations/Blueprint_testing/BP_Conveyor_Test_2.BP_Conveyor_Test_2_C NativeClass:/Script/Engine.Actor Name:BP_Conveyor_Test_2_C_UAID_A85E45CD68D987C401_1712385911 Label:BP_Conveyor_Test_2 SpatiallyLoaded:1 Bounds:IsValid=true, Min=(X=-98.000 Y=1660.000 Z=-80.000), Max=(X=478.000 Y=1820.000 Z=80.000) RuntimeGrid:None EditorOnly:0 RuntimeOnly:0 HLODRelevant:0 ListedInSceneOutliner:1 IsMainWorldOnly:0
 |   |   |- Guid:EC4E0C944CE6AC6E784BC6BB2916EA13 BaseClass: NativeClass:/Script/Engine.StaticMeshActor Name:StaticMeshActor_UAID_A4AE111137DC5EFB00_1110535423 Label:SM_SkySphere SpatiallyLoaded:0 Bounds:IsValid=true, Min=(X=-1638400.000 Y=-1638400.000 Z=-1638400.000), Max=(X=1638400.000 Y=1638400.000 Z=1638400.000) RuntimeGrid:None EditorOnly:0 RuntimeOnly:0 HLODRelevant:1 ListedInSceneOutliner:1 IsMainWorldOnly:0 FolderPath:Lighting FolderGuid:963EC3EB4002CCE9759E2EBA541A873A
 |   |   |- Guid:F5E3FEB3450C49844FD93DA8E083C8AD BaseClass: NativeClass:/Script/Engine.PostProcessVolume Name:PostProcessVolume_0 Label:PostProcessVolume SpatiallyLoaded:0 Bounds:IsValid=true, Min=(X=0.000 Y=0.000 Z=400.000), Max=(X=200.000 Y=200.000 Z=600.000) RuntimeGrid:None EditorOnly:0 RuntimeOnly:0 HLODRelevant:0 ListedInSceneOutliner:1 IsMainWorldOnly:0 FolderPath:Lighting FolderGuid:963EC3EB4002CCE9759E2EBA541A873A
 |   |   |- Guid:FB3E5BA847975761F5D03183D74ACE6D BaseClass:/Game/LevelPrototyping/Animations/Blueprint_testing/BP_Animation_Sliding_Gate.BP_Animation_Sliding_Gate_C NativeClass:/Script/Engine.Actor Name:BP_Animation_Sliding_Gate_C_UAID_A85E45CD68D98EC401_1149799147 Label:BP_Animation_Sliding_Gate SpatiallyLoaded:1 Bounds:IsValid=true, Min=(X=337.500 Y=877.500 Z=-362.500), Max=(X=362.500 Y=1202.500 Z=-37.500) RuntimeGrid:None EditorOnly:0 RuntimeOnly:0 HLODRelevant:0 ListedInSceneOutliner:1 IsMainWorldOnly:0
 |   |- [+] Clusters:
 |   |   |- [+] [  0]
 |   |   |   |- Guid:0858DBDA48B605A1B2DBF398AD5E91CA BaseClass:/Game/LevelPrototyping/Animations/Blueprint_testing/BP_Animation_Fan.BP_Animation_Fan_C NativeClass:/Script/Engine.Actor Name:BP_Animation_Rotate1_C_UAID_A85E45CD68D98DC401_2126434970 Label:BP_Animation_Rotate2 SpatiallyLoaded:1 Bounds:IsValid=true, Min=(X=460.000 Y=-1375.000 Z=-395.000), Max=(X=766.250 Y=375.000 Z=1355.000) RuntimeGrid:None EditorOnly:0 RuntimeOnly:0 HLODRelevant:0 ListedInSceneOutliner:1 IsMainWorldOnly:0
 |   |   |- [+] [  1]
 |   |   |   |- Guid:08ED3EB247019E8C8F0A1A92A478D8D6 BaseClass:/Game/LevelPrototyping/Animations/Blueprint_testing/BP_Animation_Rotate_2.BP_Animation_Rotate_2_C NativeClass:/Script/Engine.Actor Name:BP_Animation_Rotate_2_C_UAID_A85E45CD68D974C401_1368183569 Label:BP_Animation_Rotate_2 SpatiallyLoaded:1 Bounds:IsValid=true, Min=(X=320.000 Y=320.000 Z=-30.000), Max=(X=420.000 Y=420.000 Z=70.000) RuntimeGrid:None EditorOnly:0 RuntimeOnly:0 HLODRelevant:0 ListedInSceneOutliner:1 IsMainWorldOnly:0
 |   |   |- [+] [  2]
 |   |   |   |- Guid:0C17CB434A0E3448A9C1F4BFFB8FB492 BaseClass:/Game/LevelPrototyping/Animations/Blueprint_testing/BP_Animation_Shift.BP_Animation_Shift_C NativeClass:/Script/Engine.Actor Name:BP_Animation_Shift_2_C_UAID_A85E45CD68D985C401_1905053555 Label:BP_Animation_Shift_2 SpatiallyLoaded:1 Bounds:IsValid=true, Min=(X=50.000 Y=1140.000 Z=-70.000), Max=(X=150.000 Y=1240.000 Z=30.000) RuntimeGrid:None EditorOnly:0 RuntimeOnly:0 HLODRelevant:0 ListedInSceneOutliner:1 IsMainWorldOnly:0
 |   |   |- [+] [  3]
 |   |   |   |- Guid:0E1C043D42B3CBFCB7E34A81E579A2C0 BaseClass: NativeClass:/Script/Engine.StaticMeshActor Name:StaticMeshActor_UAID_A85E45CD68D94DC401_1093585691 Label:Finish_Line_base SpatiallyLoaded:1 Bounds:IsValid=true, Min=(X=3846.481 Y=4546.050 Z=2626.261), Max=(X=4696.481 Y=4771.050 Z=2676.261) RuntimeGrid:None EditorOnly:0 RuntimeOnly:0 HLODRelevant:0 ListedInSceneOutliner:1 IsMainWorldOnly:0 FolderPath:Playground/FinishLine FolderGuid:C0151C334B8D011FCFFB4CB56240D47D
 |   |   |- [+] [  4]
 |   |   |   |- Guid:1E01196843BB7163F6FFC0AC52E88B25 BaseClass: NativeClass:/Script/Engine.StaticMeshActor Name:StaticMeshActor_UAID_A85E45CD68D94DC401_1242958695 Label:Finish_Line_Pole_R SpatiallyLoaded:1 Bounds:IsValid=true, Min=(X=3847.500 Y=4637.500 Z=2680.000), Max=(X=3872.500 Y=4662.500 Z=3280.000) RuntimeGrid:None EditorOnly:0 RuntimeOnly:0 HLODRelevant:0 ListedInSceneOutliner:1 IsMainWorldOnly:0 FolderPath:Playground/FinishLine FolderGuid:C0151C334B8D011FCFFB4CB56240D47D
 |   |   |- [+] [  5]
 |   |   |   |- Guid:1FD89EFA45834BB752C328820558B9AA BaseClass: NativeClass:/Script/Engine.StaticMeshActor Name:StaticMeshActor_UAID_A85E45CD68D98EC401_2087414149 Label:Shape_Wedge_B2 SpatiallyLoaded:1 Bounds:IsValid=true, Min=(X=790.000 Y=1027.500 Z=310.000), Max=(X=890.000 Y=1952.500 Z=660.000) RuntimeGrid:None EditorOnly:0 RuntimeOnly:0 HLODRelevant:1 ListedInSceneOutliner:1 IsMainWorldOnly:0
 |   |   |- [+] [  6]
 |   |   |   |- Guid:2FB58999456391D349DC0F86DAC136ED BaseClass: NativeClass:/Script/Engine.SkyLight Name:SkyLight_1 Label:SkyLight SpatiallyLoaded:0 Bounds:IsValid=true, Min=(X=0.000 Y=0.000 Z=690.000), Max=(X=0.000 Y=0.000 Z=690.000) RuntimeGrid:None EditorOnly:0 RuntimeOnly:0 HLODRelevant:0 ListedInSceneOutliner:1 IsMainWorldOnly:0 FolderPath:Lighting FolderGuid:963EC3EB4002CCE9759E2EBA541A873A
 |   |   |- [+] [  7]
 |   |   |   |- Guid:316CF2A6494ACA4C0E4180A87D36AB8F BaseClass: NativeClass:/Script/Engine.ExponentialHeightFog Name:ExponentialHeightFog_0 Label:ExponentialHeightFog SpatiallyLoaded:0 Bounds:IsValid=true, Min=(X=-5600.000 Y=-50.000 Z=-6850.000), Max=(X=-5600.000 Y=-50.000 Z=-6850.000) RuntimeGrid:None EditorOnly:0 RuntimeOnly:0 HLODRelevant:0 ListedInSceneOutliner:1 IsMainWorldOnly:0 FolderPath:Lighting FolderGuid:963EC3EB4002CCE9759E2EBA541A873A
 |   |   |- [+] [  8]
 |   |   |   |- Guid:3492005C48D697B39A32EAB198E77766 BaseClass: NativeClass:/Script/Engine.StaticMeshActor Name:StaticMeshActor_UAID_A85E45CD68D973C401_1568276381 Label:Start_Platform SpatiallyLoaded:1 Bounds:IsValid=true, Min=(X=-55.122 Y=1019.457 Z=-58.406), Max=(X=894.878 Y=1969.457 Z=-33.406) RuntimeGrid:None EditorOnly:0 RuntimeOnly:0 HLODRelevant:1 ListedInSceneOutliner:1 IsMainWorldOnly:0 FolderPath:Playground FolderGuid:C73F09FC4215536B1DCE2A9E0A830C70
 |   |   |- [+] [  9]
 |   |   |   |- Guid:3683D16F4EC43B1E18A06BA856D2CD18 BaseClass: NativeClass:/Script/Engine.StaticMeshActor Name:StaticMeshActor_UAID_A85E45CD68D94EC401_1719815875 Label:Finish_Line_Banner SpatiallyLoaded:1 Bounds:IsValid=true, Min=(X=3845.000 Y=4630.000 Z=3077.500), Max=(X=4695.000 Y=4630.000 Z=3302.500) RuntimeGrid:None EditorOnly:0 RuntimeOnly:0 HLODRelevant:1 ListedInSceneOutliner:1 IsMainWorldOnly:0 FolderPath:Playground/FinishLine FolderGuid:C0151C334B8D011FCFFB4CB56240D47D
 |   |   |- [+] [ 10]
 |   |   |   |- Guid:3863D045461013A1D558D7B462C7C6F5 BaseClass: NativeClass:/Script/Engine.StaticMeshActor Name:StaticMeshActor_UAID_A85E45CD68D98EC401_2110249150 Label:Shape_Cube SpatiallyLoaded:1 Bounds:IsValid=true, Min=(X=790.000 Y=1027.500 Z=-30.000), Max=(X=890.000 Y=1952.500 Z=320.000) RuntimeGrid:None EditorOnly:0 RuntimeOnly:0 HLODRelevant:1 ListedInSceneOutliner:1 IsMainWorldOnly:0
 |   |   |- [+] [ 11]
 |   |   |   |- Guid:3A00AA1C422CE54C0BDB60BAF471BFBB BaseClass: NativeClass:/Script/Engine.PlayerStart Name:PlayerStart_0 Label:PlayerStart SpatiallyLoaded:0 Bounds:IsValid=true, Min=(X=68.741 Y=1179.789 Z=-0.716), Max=(X=228.741 Y=1339.789 Z=367.284) RuntimeGrid:None EditorOnly:0 RuntimeOnly:0 HLODRelevant:0 ListedInSceneOutliner:1 IsMainWorldOnly:0 FolderPath:Playground/Game_Mechanics FolderGuid:3575484D48692121665E68B078F41F18
 |   |   |- [+] [ 12]
 |   |   |   |- Guid:4D3BE93F4146AAAC8BBE79999D96D57F BaseClass: NativeClass:/Script/Engine.VolumetricCloud Name:VolumetricCloud_0 Label:VolumetricCloud SpatiallyLoaded:0 Bounds:IsValid=true, Min=(X=0.000 Y=0.000 Z=820.000), Max=(X=0.000 Y=0.000 Z=820.000) RuntimeGrid:None EditorOnly:0 RuntimeOnly:0 HLODRelevant:0 ListedInSceneOutliner:1 IsMainWorldOnly:0 FolderPath:Lighting FolderGuid:963EC3EB4002CCE9759E2EBA541A873A
 |   |   |- [+] [ 13]
 |   |   |   |- Guid:5A03042E4069743B57C3A582B4ABBAD7 BaseClass: NativeClass:/Script/Engine.StaticMeshActor Name:StaticMeshActor_UAID_A85E45CD68D94EC401_1640638874 Label:Finish_Line_Floor SpatiallyLoaded:1 Bounds:IsValid=true, Min=(X=3845.000 Y=4547.500 Z=2680.000), Max=(X=4695.000 Y=4772.500 Z=2680.000) RuntimeGrid:None EditorOnly:0 RuntimeOnly:0 HLODRelevant:1 ListedInSceneOutliner:1 IsMainWorldOnly:0 FolderPath:Playground/FinishLine FolderGuid:C0151C334B8D011FCFFB4CB56240D47D
 |   |   |- [+] [ 14]
 |   |   |   |- Guid:689D14C548DDEB9C0BFBF5965881644D BaseClass:/Game/LevelPrototyping/Animations/Blueprint_testing/BP_Animation_Shift.BP_Animation_Shift_C NativeClass:/Script/Engine.Actor Name:BP_Animation_Shift_C_UAID_A85E45CD68D98FC401_1231067327 Label:BP_Animation_Shift SpatiallyLoaded:1 Bounds:IsValid=true, Min=(X=967.500 Y=1027.500 Z=517.500), Max=(X=1192.500 Y=1252.500 Z=642.500) RuntimeGrid:None EditorOnly:0 RuntimeOnly:0 HLODRelevant:0 ListedInSceneOutliner:1 IsMainWorldOnly:0
 |   |   |- [+] [ 15]
 |   |   |   |- Guid:6BAF4DDD444C60371492D3919DB42C97 BaseClass: NativeClass:/Script/Engine.WorldDataLayers Name:WorldDataLayers Label:WorldDataLayers SpatiallyLoaded:0 Bounds:IsValid=true, Min=(X=0.000 Y=0.000 Z=0.000), Max=(X=0.000 Y=0.000 Z=0.000) RuntimeGrid:None EditorOnly:0 RuntimeOnly:0 HLODRelevant:0 ListedInSceneOutliner:1 IsMainWorldOnly:1 FolderPath:World FolderGuid:8C3ED81C4036AB0E86233D92BA4F0FDD
 |   |   |- [+] [ 16]
 |   |   |   |- Guid:6D2B7933499D7D9778C4B094382D72C7 BaseClass: NativeClass:/Script/Engine.StaticMeshActor Name:StaticMeshActor_UAID_A85E45CD68D94DC401_1112331692 Label:Finish_Line_End SpatiallyLoaded:1 Bounds:IsValid=true, Min=(X=3846.481 Y=4766.050 Z=2626.261), Max=(X=4696.481 Y=6091.050 Z=2676.261) RuntimeGrid:None EditorOnly:0 RuntimeOnly:0 HLODRelevant:0 ListedInSceneOutliner:1 IsMainWorldOnly:0 FolderPath:Playground/FinishLine FolderGuid:C0151C334B8D011FCFFB4CB56240D47D
 |   |   |- [+] [ 17]
 |   |   |   |- Guid:72152BAF429213AC8C894E9B4B6AD37A BaseClass:/Game/LevelPrototyping/Animations/Blueprint_testing/BP_Animation_Fan.BP_Animation_Fan_C NativeClass:/Script/Engine.Actor Name:BP_Animation_Rotate1_C_UAID_A85E45CD68D989C401_1966447265 Label:BP_Animation_Rotate1 SpatiallyLoaded:1 Bounds:IsValid=true, Min=(X=460.000 Y=2315.000 Z=-395.000), Max=(X=766.250 Y=4065.000 Z=1355.000) RuntimeGrid:None EditorOnly:0 RuntimeOnly:0 HLODRelevant:0 ListedInSceneOutliner:1 IsMainWorldOnly:0
 |   |   |- [+] [ 18]
 |   |   |   |- Guid:80932FD64934A64F845ECABFA8C899C4 BaseClass: NativeClass:/Script/Engine.StaticMeshActor Name:StaticMeshActor_UAID_A85E45CD68D94DC401_1292510696 Label:Finish_Line_Pole_L SpatiallyLoaded:1 Bounds:IsValid=true, Min=(X=4667.500 Y=4637.500 Z=2680.000), Max=(X=4692.500 Y=4662.500 Z=3280.000) RuntimeGrid:None EditorOnly:0 RuntimeOnly:0 HLODRelevant:0 ListedInSceneOutliner:1 IsMainWorldOnly:0 FolderPath:Playground/FinishLine FolderGuid:C0151C334B8D011FCFFB4CB56240D47D
 |   |   |- [+] [ 19]
 |   |   |   |- Guid:84CB7B0A4845E28F5EA975B361DBB2EE BaseClass:/Game/LevelPrototyping/Animations/Blueprint_testing/BP_Animation_Sliding_Gate.BP_Animation_Sliding_Gate_C NativeClass:/Script/Engine.Actor Name:BP_Animation_Sliding_Gate_C_UAID_A85E45CD68D98FC401_1343754329 Label:BP_Animation_Sliding_Gate2 SpatiallyLoaded:1 Bounds:IsValid=true, Min=(X=3516.875 Y=1627.500 Z=307.500), Max=(X=3923.125 Y=1652.500 Z=632.500) RuntimeGrid:None EditorOnly:0 RuntimeOnly:0 HLODRelevant:0 ListedInSceneOutliner:1 IsMainWorldOnly:0
 |   |   |- [+] [ 20]
 |   |   |   |- Guid:B2455F2441A1B451D54096926D61DB97 BaseClass:/Game/LevelPrototyping/Animations/Blueprint_testing/BP_Animation_Rotate.BP_Animation_Rotate_C NativeClass:/Script/Engine.Actor Name:Test_Animation_BP_5_C_UAID_A85E45CD68D973C401_1718939382 Label:Test_Animation_BP_5 SpatiallyLoaded:1 Bounds:IsValid=true, Min=(X=330.000 Y=70.000 Z=-30.000), Max=(X=430.000 Y=170.000 Z=70.000) RuntimeGrid:None EditorOnly:0 RuntimeOnly:0 HLODRelevant:0 ListedInSceneOutliner:1 IsMainWorldOnly:0
 |   |   |- [+] [ 21]
 |   |   |   |- Guid:B785ED2844B84CFB91E7F39FE661CD99 BaseClass: NativeClass:/Script/Engine.DirectionalLight Name:DirectionalLight_0 Label:DirectionalLight SpatiallyLoaded:0 Bounds:IsValid=true, Min=(X=-1048576.000 Y=-1048576.000 Z=-1048576.000), Max=(X=1048576.000 Y=1048576.000 Z=1048576.000) RuntimeGrid:None EditorOnly:0 RuntimeOnly:0 HLODRelevant:0 ListedInSceneOutliner:1 IsMainWorldOnly:0 FolderPath:Lighting FolderGuid:963EC3EB4002CCE9759E2EBA541A873A
 |   |   |- [+] [ 22]
 |   |   |   |- Guid:C34FD27B427A374D82443D9A8B85A193 BaseClass: NativeClass:/Script/Engine.StaticMeshActor Name:StaticMeshActor_UAID_A85E45CD68D98FC401_1309151328 Label:Start_Platform2 SpatiallyLoaded:1 Bounds:IsValid=true, Min=(X=2984.878 Y=1029.457 Z=11.594), Max=(X=3984.878 Y=3579.457 Z=636.594) RuntimeGrid:None EditorOnly:0 RuntimeOnly:0 HLODRelevant:1 ListedInSceneOutliner:1 IsMainWorldOnly:0 FolderPath:Playground FolderGuid:C73F09FC4215536B1DCE2A9E0A830C70
 |   |   |- [+] [ 23]
 |   |   |   |- Guid:CCFF262C46EEFFDF319E7F9539CE697E BaseClass: NativeClass:/Script/Engine.SkyAtmosphere Name:SkyAtmosphere_0 Label:SkyAtmosphere SpatiallyLoaded:0 Bounds:IsValid=true, Min=(X=0.000 Y=0.000 Z=1020.000), Max=(X=0.000 Y=0.000 Z=1020.000) RuntimeGrid:None EditorOnly:0 RuntimeOnly:0 HLODRelevant:0 ListedInSceneOutliner:1 IsMainWorldOnly:0 FolderPath:Lighting FolderGuid:963EC3EB4002CCE9759E2EBA541A873A
 |   |   |- [+] [ 24]
 |   |   |   |- Guid:D62D38E7435E5A238BB68FA247356D9A BaseClass:/Game/LevelPrototyping/Animations/Blueprint_testing/BP_Animation_Sliding_Gate.BP_Animation_Sliding_Gate_C NativeClass:/Script/Engine.Actor Name:BP_Animation_Sliding_Gate_C_UAID_A85E45CD68D98FC401_1424510330 Label:BP_Animation_Sliding_Gate3 SpatiallyLoaded:1 Bounds:IsValid=true, Min=(X=3046.875 Y=1637.500 Z=97.500), Max=(X=3453.125 Y=1662.500 Z=422.500) RuntimeGrid:None EditorOnly:0 RuntimeOnly:0 HLODRelevant:0 ListedInSceneOutliner:1 IsMainWorldOnly:0
 |   |   |- [+] [ 25]
 |   |   |   |- Guid:DA2B4B1849E8B9CFAD73DCA4A1B95697 BaseClass: NativeClass:/Script/Engine.StaticMeshActor Name:StaticMeshActor_UAID_A85E45CD68D98EC401_2039468148 Label:Shape_Wedge_B SpatiallyLoaded:1 Bounds:IsValid=true, Min=(X=690.000 Y=1027.500 Z=-30.000), Max=(X=790.000 Y=1952.500 Z=320.000) RuntimeGrid:None EditorOnly:0 RuntimeOnly:0 HLODRelevant:1 ListedInSceneOutliner:1 IsMainWorldOnly:0
 |   |   |- [+] [ 26]
 |   |   |   |- Guid:DB8BC19D48B1C3A3DC12C5961D503434 BaseClass:/Game/LevelPrototyping/Animations/Blueprint_testing/BP_Conveyor_Test_2.BP_Conveyor_Test_2_C NativeClass:/Script/Engine.Actor Name:BP_Conveyor_Test_2_C_UAID_A85E45CD68D987C401_1712385911 Label:BP_Conveyor_Test_2 SpatiallyLoaded:1 Bounds:IsValid=true, Min=(X=-98.000 Y=1660.000 Z=-80.000), Max=(X=478.000 Y=1820.000 Z=80.000) RuntimeGrid:None EditorOnly:0 RuntimeOnly:0 HLODRelevant:0 ListedInSceneOutliner:1 IsMainWorldOnly:0
 |   |   |- [+] [ 27]
 |   |   |   |- Guid:EC4E0C944CE6AC6E784BC6BB2916EA13 BaseClass: NativeClass:/Script/Engine.StaticMeshActor Name:StaticMeshActor_UAID_A4AE111137DC5EFB00_1110535423 Label:SM_SkySphere SpatiallyLoaded:0 Bounds:IsValid=true, Min=(X=-1638400.000 Y=-1638400.000 Z=-1638400.000), Max=(X=1638400.000 Y=1638400.000 Z=1638400.000) RuntimeGrid:None EditorOnly:0 RuntimeOnly:0 HLODRelevant:1 ListedInSceneOutliner:1 IsMainWorldOnly:0 FolderPath:Lighting FolderGuid:963EC3EB4002CCE9759E2EBA541A873A
 |   |   |- [+] [ 28]
 |   |   |   |- Guid:F5E3FEB3450C49844FD93DA8E083C8AD BaseClass: NativeClass:/Script/Engine.PostProcessVolume Name:PostProcessVolume_0 Label:PostProcessVolume SpatiallyLoaded:0 Bounds:IsValid=true, Min=(X=0.000 Y=0.000 Z=400.000), Max=(X=200.000 Y=200.000 Z=600.000) RuntimeGrid:None EditorOnly:0 RuntimeOnly:0 HLODRelevant:0 ListedInSceneOutliner:1 IsMainWorldOnly:0 FolderPath:Lighting FolderGuid:963EC3EB4002CCE9759E2EBA541A873A
 |   |   |- [+] [ 29]
 |   |   |   |- Guid:FB3E5BA847975761F5D03183D74ACE6D BaseClass:/Game/LevelPrototyping/Animations/Blueprint_testing/BP_Animation_Sliding_Gate.BP_Animation_Sliding_Gate_C NativeClass:/Script/Engine.Actor Name:BP_Animation_Sliding_Gate_C_UAID_A85E45CD68D98EC401_1149799147 Label:BP_Animation_Sliding_Gate SpatiallyLoaded:1 Bounds:IsValid=true, Min=(X=337.500 Y=877.500 Z=-362.500), Max=(X=362.500 Y=1202.500 Z=-37.500) RuntimeGrid:None EditorOnly:0 RuntimeOnly:0 HLODRelevant:0 ListedInSceneOutliner:1 IsMainWorldOnly:0
 |- ContainerInstances:
 |- [+] MainContainer:
 |   |-        ID: 00000000000000000000000000000000
 |   |-  ParentID: 00000000000000000000000000000000
 |   |-    Bounds: IsValid=false, Min=(X=0.000 Y=0.000 Z=0.000), Max=(X=0.000 Y=0.000 Z=0.000)
 |   |- Transform: 0.000000,0.000000,0.000000|0.000000,0.000000,-0.000000|1.000000,1.000000,1.000000
 |   |- Container: /Game/ThirdPerson/Maps/ThirdPersonMap
----------------------------------------------------------------------------------------------------------------
ThirdPersonMap - Persistent Level
----------------------------------------------------------------------------------------------------------------
[+] Content of ThirdPersonMap Persistent Level
 |- Always loaded Actor Count: 38 
 |- Actor Path: /Game/ThirdPerson/Maps/ThirdPersonMap.ThirdPersonMap:PersistentLevel.AbstractNavData-Default
 |- Actor Package: /Game/ThirdPerson/Maps/ThirdPersonMap
 |- Actor Path: /Game/ThirdPerson/Maps/ThirdPersonMap.ThirdPersonMap:PersistentLevel.BP_Animation_Rotate1_C_UAID_A85E45CD68D989C401_1966447265
 |- Actor Package: /Game/__ExternalActors__/ThirdPerson/Maps/ThirdPersonMap/2/BI/7AK5ASBRTMSU64KLGJ346F
 |- Actor Path: /Game/ThirdPerson/Maps/ThirdPersonMap.ThirdPersonMap:PersistentLevel.BP_Animation_Rotate1_C_UAID_A85E45CD68D98DC401_2126434970
 |- Actor Package: /Game/__ExternalActors__/ThirdPerson/Maps/ThirdPersonMap/9/UU/AOS09XRVKWDSUHPOL3C3WU
 |- Actor Path: /Game/ThirdPerson/Maps/ThirdPersonMap.ThirdPersonMap:PersistentLevel.BP_Animation_Rotate_2_C_UAID_A85E45CD68D974C401_1368183569
 |- Actor Package: /Game/__ExternalActors__/ThirdPerson/Maps/ThirdPersonMap/5/M6/KULJSZFNH57JSPYC46VJT9
 |- Actor Path: /Game/ThirdPerson/Maps/ThirdPersonMap.ThirdPersonMap:PersistentLevel.BP_Animation_Shift_2_C_UAID_A85E45CD68D985C401_1905053555
 |- Actor Package: /Game/__ExternalActors__/ThirdPerson/Maps/ThirdPersonMap/D/WR/92SBS8BZVPX8VP5BUSURN2
 |- Actor Path: /Game/ThirdPerson/Maps/ThirdPersonMap.ThirdPersonMap:PersistentLevel.BP_Animation_Shift_C_UAID_A85E45CD68D98FC401_1231067327
 |- Actor Package: /Game/__ExternalActors__/ThirdPerson/Maps/ThirdPersonMap/6/J4/9KZXJ32VOE9MRYPV2I50YW
 |- Actor Path: /Game/ThirdPerson/Maps/ThirdPersonMap.ThirdPersonMap:PersistentLevel.BP_Animation_Sliding_Gate_C_UAID_A85E45CD68D98EC401_1149799147
 |- Actor Package: /Game/__ExternalActors__/ThirdPerson/Maps/ThirdPersonMap/E/EH/OQTVUY6SIALSZR4IGJJPVZ
 |- Actor Path: /Game/ThirdPerson/Maps/ThirdPersonMap.ThirdPersonMap:PersistentLevel.BP_Animation_Sliding_Gate_C_UAID_A85E45CD68D98FC401_1343754329
 |- Actor Package: /Game/__ExternalActors__/ThirdPerson/Maps/ThirdPersonMap/C/YL/XEH4YH50VT3BWOI5PBBX5X
 |- Actor Path: /Game/ThirdPerson/Maps/ThirdPersonMap.ThirdPersonMap:PersistentLevel.BP_Animation_Sliding_Gate_C_UAID_A85E45CD68D98FC401_1424510330
 |- Actor Package: /Game/__ExternalActors__/ThirdPerson/Maps/ThirdPersonMap/5/YL/CE91ADM3C8PNQLQ4ZVATZV
 |- Actor Path: /Game/ThirdPerson/Maps/ThirdPersonMap.ThirdPersonMap:PersistentLevel.BP_Conveyor_Test_2_C_UAID_A85E45CD68D987C401_1712385911
 |- Actor Package: /Game/__ExternalActors__/ThirdPerson/Maps/ThirdPersonMap/3/FU/CYELTVWTM5LNC5Z8K9Z9LD
 |- Actor Path: /Game/ThirdPerson/Maps/ThirdPersonMap.ThirdPersonMap:PersistentLevel.Brush_0
 |- Actor Package: /Game/ThirdPerson/Maps/ThirdPersonMap
 |- Actor Path: /Game/ThirdPerson/Maps/ThirdPersonMap.ThirdPersonMap:PersistentLevel.DefaultPhysicsVolume_0
 |- Actor Package: /Game/ThirdPerson/Maps/ThirdPersonMap
 |- Actor Path: /Game/ThirdPerson/Maps/ThirdPersonMap.ThirdPersonMap:PersistentLevel.DirectionalLight_0
 |- Actor Package: /Game/__ExternalActors__/ThirdPerson/Maps/ThirdPersonMap/5/R1/TS5OQ5CRUWFZYL1ZQ7I416
 |- Actor Path: /Game/ThirdPerson/Maps/ThirdPersonMap.ThirdPersonMap:PersistentLevel.ExponentialHeightFog_0
 |- Actor Package: /Game/__ExternalActors__/ThirdPerson/Maps/ThirdPersonMap/6/J7/N10XDC9G27EMLS5AGZ6AVV
 |- Actor Path: /Game/ThirdPerson/Maps/ThirdPersonMap.ThirdPersonMap:PersistentLevel.GameplayDebuggerPlayerManager_0
 |- Actor Package: /Game/ThirdPerson/Maps/ThirdPersonMap
 |- Actor Path: /Game/ThirdPerson/Maps/ThirdPersonMap.ThirdPersonMap:PersistentLevel.GroupActor_UAID_A85E45CD68D973C401_1554852380
 |- Actor Package: /Game/__ExternalActors__/ThirdPerson/Maps/ThirdPersonMap/D/XR/N3K88UDS4UHPAKL5IP1M7B
 |- Actor Path: /Game/ThirdPerson/Maps/ThirdPersonMap.ThirdPersonMap:PersistentLevel.PlayerStart_0
 |- Actor Package: /Game/__ExternalActors__/ThirdPerson/Maps/ThirdPersonMap/D/DE/SWSI13675DVYIZ0N4NF7Y3
 |- Actor Path: /Game/ThirdPerson/Maps/ThirdPersonMap.ThirdPersonMap:PersistentLevel.PostProcessVolume_0
 |- Actor Package: /Game/__ExternalActors__/ThirdPerson/Maps/ThirdPersonMap/1/AZ/A7GPT109Y6ZTTJD4A7TXER
 |- Actor Path: /Game/ThirdPerson/Maps/ThirdPersonMap.ThirdPersonMap:PersistentLevel.SkyAtmosphere_0
 |- Actor Package: /Game/__ExternalActors__/ThirdPerson/Maps/ThirdPersonMap/4/LN/30UBDLYFFA5ZR7U4W4L4GG
 |- Actor Path: /Game/ThirdPerson/Maps/ThirdPersonMap.ThirdPersonMap:PersistentLevel.SkyLight_1
 |- Actor Package: /Game/__ExternalActors__/ThirdPerson/Maps/ThirdPersonMap/8/S1/DXUWD12MD3HRWVVXX076BY
 |- Actor Path: /Game/ThirdPerson/Maps/ThirdPersonMap.ThirdPersonMap:PersistentLevel.StaticMeshActor_UAID_A4AE111137DC5EFB00_1110535423
 |- Actor Package: /Game/__ExternalActors__/ThirdPerson/Maps/ThirdPersonMap/4/PN/2QISIGK5DJNQ05US8O8FXW
 |- Actor Path: /Game/ThirdPerson/Maps/ThirdPersonMap.ThirdPersonMap:PersistentLevel.StaticMeshActor_UAID_A85E45CD68D94DC401_1093585691
 |- Actor Package: /Game/__ExternalActors__/ThirdPerson/Maps/ThirdPersonMap/1/FR/V87ZTIZGSC8CXX0ALIN5Q0
 |- Actor Path: /Game/ThirdPerson/Maps/ThirdPersonMap.ThirdPersonMap:PersistentLevel.StaticMeshActor_UAID_A85E45CD68D94DC401_1112331692
 |- Actor Package: /Game/__ExternalActors__/ThirdPerson/Maps/ThirdPersonMap/6/OZ/7A3H5MO44B4Y4HIAY6APJD
 |- Actor Path: /Game/ThirdPerson/Maps/ThirdPersonMap.ThirdPersonMap:PersistentLevel.StaticMeshActor_UAID_A85E45CD68D94DC401_1242958695
 |- Actor Package: /Game/__ExternalActors__/ThirdPerson/Maps/ThirdPersonMap/5/QQ/DJJ95KN7ED988LS2AI4BRO
 |- Actor Path: /Game/ThirdPerson/Maps/ThirdPersonMap.ThirdPersonMap:PersistentLevel.StaticMeshActor_UAID_A85E45CD68D94DC401_1292510696
 |- Actor Package: /Game/__ExternalActors__/ThirdPerson/Maps/ThirdPersonMap/B/U5/7HCZNOU6LJAOA4URAA5UDM
 |- Actor Path: /Game/ThirdPerson/Maps/ThirdPersonMap.ThirdPersonMap:PersistentLevel.StaticMeshActor_UAID_A85E45CD68D94EC401_1640638874
 |- Actor Package: /Game/__ExternalActors__/ThirdPerson/Maps/ThirdPersonMap/9/2V/3HUM9VLH2D3RA7ZWGEFXSZ
 |- Actor Path: /Game/ThirdPerson/Maps/ThirdPersonMap.ThirdPersonMap:PersistentLevel.StaticMeshActor_UAID_A85E45CD68D94EC401_1719815875
 |- Actor Package: /Game/__ExternalActors__/ThirdPerson/Maps/ThirdPersonMap/8/K5/SNR276KQM5DQPMESHYQGBY
 |- Actor Path: /Game/ThirdPerson/Maps/ThirdPersonMap.ThirdPersonMap:PersistentLevel.StaticMeshActor_UAID_A85E45CD68D973C401_1568276381
 |- Actor Package: /Game/__ExternalActors__/ThirdPerson/Maps/ThirdPersonMap/D/1G/FJY9MHHN3WAFYVYDQRPBCE
 |- Actor Path: /Game/ThirdPerson/Maps/ThirdPersonMap.ThirdPersonMap:PersistentLevel.StaticMeshActor_UAID_A85E45CD68D98EC401_2039468148
 |- Actor Package: /Game/__ExternalActors__/ThirdPerson/Maps/ThirdPersonMap/5/HH/MJPNLX3C6O6MX5UCFMX7SW
 |- Actor Path: /Game/ThirdPerson/Maps/ThirdPersonMap.ThirdPersonMap:PersistentLevel.StaticMeshActor_UAID_A85E45CD68D98EC401_2087414149
 |- Actor Package: /Game/__ExternalActors__/ThirdPerson/Maps/ThirdPersonMap/D/NK/ZM5O8SWCJRM7JO97TAAJNE
 |- Actor Path: /Game/ThirdPerson/Maps/ThirdPersonMap.ThirdPersonMap:PersistentLevel.StaticMeshActor_UAID_A85E45CD68D98EC401_2110249150
 |- Actor Package: /Game/__ExternalActors__/ThirdPerson/Maps/ThirdPersonMap/5/A7/MSC0K7UUCYFOVVYWR17L1V
 |- Actor Path: /Game/ThirdPerson/Maps/ThirdPersonMap.ThirdPersonMap:PersistentLevel.StaticMeshActor_UAID_A85E45CD68D98FC401_1309151328
 |- Actor Package: /Game/__ExternalActors__/ThirdPerson/Maps/ThirdPersonMap/C/Q0/3V0ZN41O6SCPPFFTZVVP75
 |- Actor Path: /Game/ThirdPerson/Maps/ThirdPersonMap.ThirdPersonMap:PersistentLevel.Test_Animation_BP_5_C_UAID_A85E45CD68D973C401_1718939382
 |- Actor Package: /Game/__ExternalActors__/ThirdPerson/Maps/ThirdPersonMap/D/U1/EUERU2IS7RV2AMLI7LZNCO
 |- Actor Path: /Game/ThirdPerson/Maps/ThirdPersonMap.ThirdPersonMap:PersistentLevel.ThirdPersonMap_C_1
 |- Actor Package: /Game/ThirdPerson/Maps/ThirdPersonMap
 |- Actor Path: /Game/ThirdPerson/Maps/ThirdPersonMap.ThirdPersonMap:PersistentLevel.VolumetricCloud_0
 |- Actor Package: /Game/__ExternalActors__/ThirdPerson/Maps/ThirdPersonMap/3/EY/87SHEJN5UBEAN2K5OV1G6R
 |- Actor Path: /Game/ThirdPerson/Maps/ThirdPersonMap.ThirdPersonMap:PersistentLevel.WorldDataLayers
 |- Actor Package: /Game/__ExternalActors__/ThirdPerson/Maps/ThirdPersonMap/0/43/HYQWORMY4JDQ5X3OKZXFLC
 |- Actor Path: /Game/ThirdPerson/Maps/ThirdPersonMap.ThirdPersonMap:PersistentLevel.WorldInfo_0
 |- Actor Package: /Game/ThirdPerson/Maps/ThirdPersonMap
 |- Actor Path: /Game/ThirdPerson/Maps/ThirdPersonMap.ThirdPersonMap:PersistentLevel.WorldPartitionMiniMap_0
 |- Actor Package: /Game/__ExternalActors__/ThirdPerson/Maps/ThirdPersonMap/E/FR/LBG6LPN5JCL3FMVSI2CK6R

----------------------------------------------------------------------------------------------------------------
ThirdPersonMap - Runtime Spatial Hash - Streaming Grid - MainGrid
----------------------------------------------------------------------------------------------------------------
            Origin: X=0.000 Y=0.000 Z=0.000
         Cell Size: 12800
      World Bounds: IsValid=false, Min=(X=0.000 Y=0.000 Z=0.000), Max=(X=0.000 Y=0.000 Z=0.000)
     Loading Range: 25600.00
Block Slow Loading: No
 ClientOnlyVisible: No
            Origin: X=0.000 Y=0.000 Z=0.000

[+] Grid Levels: 1
 |- Level  0: Cell Count    0 | Cell Size   12800 | Actor Count    0 (0.0%)

[+] Content of Grid Level 0

